INFO 2025-09-27 08:41:11 models remove_inactive_users Ù‡ÛŒÚ† Ú©Ø§Ø±Ø¨Ø± ØºÛŒØ±ÙØ¹Ø§Ù„ÛŒ Ø¨Ø±Ø§ÛŒ Ø­Ø°Ù ÛŒØ§ÙØª Ù†Ø´Ø¯.
INFO 2025-09-27 08:41:11 middleware __call__ Ø¯Ø±Ø®ÙˆØ§Ø³Øª Ø¨Ù‡: /workflow-management/post-assignments/, Ú©Ø§Ø±Ø¨Ø±: admin
INFO 2025-09-27 08:41:11 PermissionBase_Optimized has_required_permissions [PERM_CHECK] User admin is superuser â†’ full access granted.
INFO 2025-09-27 08:41:11 PermissionBase_Optimized dispatch [PERM_CHECK] User admin passed permission check for /workflow-management/post-assignments/
INFO 2025-09-27 08:41:12 middleware __call__ Ù¾Ø§Ø³Ø® Ø¨Ø±Ø§ÛŒ /workflow-management/post-assignments/ - Ú©Ø¯ ÙˆØ¶Ø¹ÛŒØª: 200
INFO 2025-09-27 08:41:12 models remove_inactive_users Ù‡ÛŒÚ† Ú©Ø§Ø±Ø¨Ø± ØºÛŒØ±ÙØ¹Ø§Ù„ÛŒ Ø¨Ø±Ø§ÛŒ Ø­Ø°Ù ÛŒØ§ÙØª Ù†Ø´Ø¯.
INFO 2025-09-27 08:41:12 models remove_inactive_users Ù‡ÛŒÚ† Ú©Ø§Ø±Ø¨Ø± ØºÛŒØ±ÙØ¹Ø§Ù„ÛŒ Ø¨Ø±Ø§ÛŒ Ø­Ø°Ù ÛŒØ§ÙØª Ù†Ø´Ø¯.
INFO 2025-09-27 08:41:12 middleware __call__ Ø¯Ø±Ø®ÙˆØ§Ø³Øª Ø¨Ù‡: /workflow-management/api/organizations/, Ú©Ø§Ø±Ø¨Ø±: admin
INFO 2025-09-27 08:41:12 middleware __call__ Ø¯Ø±Ø®ÙˆØ§Ø³Øª Ø¨Ù‡: /workflow-management/api/actions/, Ú©Ø§Ø±Ø¨Ø±: admin
INFO 2025-09-27 08:41:12 middleware __call__ Ù¾Ø§Ø³Ø® Ø¨Ø±Ø§ÛŒ /workflow-management/api/organizations/ - Ú©Ø¯ ÙˆØ¶Ø¹ÛŒØª: 200
INFO 2025-09-27 08:41:12 middleware __call__ Ù¾Ø§Ø³Ø® Ø¨Ø±Ø§ÛŒ /workflow-management/api/actions/ - Ú©Ø¯ ÙˆØ¶Ø¹ÛŒØª: 200
INFO 2025-09-27 08:41:12 models remove_inactive_users Ù‡ÛŒÚ† Ú©Ø§Ø±Ø¨Ø± ØºÛŒØ±ÙØ¹Ø§Ù„ÛŒ Ø¨Ø±Ø§ÛŒ Ø­Ø°Ù ÛŒØ§ÙØª Ù†Ø´Ø¯.
INFO 2025-09-27 08:41:12 middleware __call__ Ø¯Ø±Ø®ÙˆØ§Ø³Øª Ø¨Ù‡: /workflow-management/api/organizations/7/posts/, Ú©Ø§Ø±Ø¨Ø±: admin
INFO 2025-09-27 08:41:12 middleware __call__ Ù¾Ø§Ø³Ø® Ø¨Ø±Ø§ÛŒ /workflow-management/api/organizations/7/posts/ - Ú©Ø¯ ÙˆØ¶Ø¹ÛŒØª: 200
INFO 2025-09-27 08:42:09 models remove_inactive_users Ù‡ÛŒÚ† Ú©Ø§Ø±Ø¨Ø± ØºÛŒØ±ÙØ¹Ø§Ù„ÛŒ Ø¨Ø±Ø§ÛŒ Ø­Ø°Ù ÛŒØ§ÙØª Ù†Ø´Ø¯.
INFO 2025-09-27 08:42:09 middleware __call__ Ø¯Ø±Ø®ÙˆØ§Ø³Øª Ø¨Ù‡: /workflow-management/post-assignments/, Ú©Ø§Ø±Ø¨Ø±: admin
INFO 2025-09-27 08:42:09 middleware __call__ Ù¾Ø§Ø³Ø® Ø¨Ø±Ø§ÛŒ /workflow-management/post-assignments/ - Ú©Ø¯ ÙˆØ¶Ø¹ÛŒØª: 200
INFO 2025-09-27 08:42:10 models remove_inactive_users Ù‡ÛŒÚ† Ú©Ø§Ø±Ø¨Ø± ØºÛŒØ±ÙØ¹Ø§Ù„ÛŒ Ø¨Ø±Ø§ÛŒ Ø­Ø°Ù ÛŒØ§ÙØª Ù†Ø´Ø¯.
INFO 2025-09-27 08:42:10 middleware __call__ Ø¯Ø±Ø®ÙˆØ§Ø³Øª Ø¨Ù‡: /workflow-management/api/organizations/, Ú©Ø§Ø±Ø¨Ø±: admin
INFO 2025-09-27 08:42:10 models remove_inactive_users Ù‡ÛŒÚ† Ú©Ø§Ø±Ø¨Ø± ØºÛŒØ±ÙØ¹Ø§Ù„ÛŒ Ø¨Ø±Ø§ÛŒ Ø­Ø°Ù ÛŒØ§ÙØª Ù†Ø´Ø¯.
INFO 2025-09-27 08:42:10 middleware __call__ Ø¯Ø±Ø®ÙˆØ§Ø³Øª Ø¨Ù‡: /workflow-management/api/actions/, Ú©Ø§Ø±Ø¨Ø±: admin
INFO 2025-09-27 08:42:10 middleware __call__ Ù¾Ø§Ø³Ø® Ø¨Ø±Ø§ÛŒ /workflow-management/api/organizations/ - Ú©Ø¯ ÙˆØ¶Ø¹ÛŒØª: 200
INFO 2025-09-27 08:42:10 middleware __call__ Ù¾Ø§Ø³Ø® Ø¨Ø±Ø§ÛŒ /workflow-management/api/actions/ - Ú©Ø¯ ÙˆØ¶Ø¹ÛŒØª: 200
INFO 2025-09-27 08:42:11 models remove_inactive_users Ù‡ÛŒÚ† Ú©Ø§Ø±Ø¨Ø± ØºÛŒØ±ÙØ¹Ø§Ù„ÛŒ Ø¨Ø±Ø§ÛŒ Ø­Ø°Ù ÛŒØ§ÙØª Ù†Ø´Ø¯.
INFO 2025-09-27 08:42:11 middleware __call__ Ø¯Ø±Ø®ÙˆØ§Ø³Øª Ø¨Ù‡: /workflow-management/api/organizations/7/posts/, Ú©Ø§Ø±Ø¨Ø±: admin
INFO 2025-09-27 08:42:11 middleware __call__ Ù¾Ø§Ø³Ø® Ø¨Ø±Ø§ÛŒ /workflow-management/api/organizations/7/posts/ - Ú©Ø¯ ÙˆØ¶Ø¹ÛŒØª: 200
INFO 2025-09-27 08:44:10 models remove_inactive_users Ù‡ÛŒÚ† Ú©Ø§Ø±Ø¨Ø± ØºÛŒØ±ÙØ¹Ø§Ù„ÛŒ Ø¨Ø±Ø§ÛŒ Ø­Ø°Ù ÛŒØ§ÙØª Ù†Ø´Ø¯.
INFO 2025-09-27 08:44:10 models remove_inactive_users Ù‡ÛŒÚ† Ú©Ø§Ø±Ø¨Ø± ØºÛŒØ±ÙØ¹Ø§Ù„ÛŒ Ø¨Ø±Ø§ÛŒ Ø­Ø°Ù ÛŒØ§ÙØª Ù†Ø´Ø¯.
INFO 2025-09-27 08:44:10 middleware __call__ Ø¯Ø±Ø®ÙˆØ§Ø³Øª Ø¨Ù‡: /workflow-management/post-assignments/, Ú©Ø§Ø±Ø¨Ø±: admin
INFO 2025-09-27 08:44:10 middleware __call__ Ø¯Ø±Ø®ÙˆØ§Ø³Øª Ø¨Ù‡: /workflow-management/api/organizations/1/posts/, Ú©Ø§Ø±Ø¨Ø±: admin
INFO 2025-09-27 08:44:10 middleware __call__ Ù¾Ø§Ø³Ø® Ø¨Ø±Ø§ÛŒ /workflow-management/api/organizations/1/posts/ - Ú©Ø¯ ÙˆØ¶Ø¹ÛŒØª: 200
INFO 2025-09-27 08:44:10 middleware __call__ Ù¾Ø§Ø³Ø® Ø¨Ø±Ø§ÛŒ /workflow-management/post-assignments/ - Ú©Ø¯ ÙˆØ¶Ø¹ÛŒØª: 200
INFO 2025-09-27 08:44:10 models remove_inactive_users Ù‡ÛŒÚ† Ú©Ø§Ø±Ø¨Ø± ØºÛŒØ±ÙØ¹Ø§Ù„ÛŒ Ø¨Ø±Ø§ÛŒ Ø­Ø°Ù ÛŒØ§ÙØª Ù†Ø´Ø¯.
INFO 2025-09-27 08:44:10 middleware __call__ Ø¯Ø±Ø®ÙˆØ§Ø³Øª Ø¨Ù‡: /workflow-management/post-assignments/, Ú©Ø§Ø±Ø¨Ø±: admin
INFO 2025-09-27 08:44:10 middleware __call__ Ù¾Ø§Ø³Ø® Ø¨Ø±Ø§ÛŒ /workflow-management/post-assignments/ - Ú©Ø¯ ÙˆØ¶Ø¹ÛŒØª: 200
INFO 2025-09-27 08:44:10 models remove_inactive_users Ù‡ÛŒÚ† Ú©Ø§Ø±Ø¨Ø± ØºÛŒØ±ÙØ¹Ø§Ù„ÛŒ Ø¨Ø±Ø§ÛŒ Ø­Ø°Ù ÛŒØ§ÙØª Ù†Ø´Ø¯.
INFO 2025-09-27 08:44:10 middleware __call__ Ø¯Ø±Ø®ÙˆØ§Ø³Øª Ø¨Ù‡: /workflow-management/api/organizations/, Ú©Ø§Ø±Ø¨Ø±: admin
INFO 2025-09-27 08:44:10 models remove_inactive_users Ù‡ÛŒÚ† Ú©Ø§Ø±Ø¨Ø± ØºÛŒØ±ÙØ¹Ø§Ù„ÛŒ Ø¨Ø±Ø§ÛŒ Ø­Ø°Ù ÛŒØ§ÙØª Ù†Ø´Ø¯.
INFO 2025-09-27 08:44:10 middleware __call__ Ù¾Ø§Ø³Ø® Ø¨Ø±Ø§ÛŒ /workflow-management/api/organizations/ - Ú©Ø¯ ÙˆØ¶Ø¹ÛŒØª: 200
INFO 2025-09-27 08:44:10 middleware __call__ Ø¯Ø±Ø®ÙˆØ§Ø³Øª Ø¨Ù‡: /workflow-management/api/actions/, Ú©Ø§Ø±Ø¨Ø±: admin
INFO 2025-09-27 08:44:10 middleware __call__ Ù¾Ø§Ø³Ø® Ø¨Ø±Ø§ÛŒ /workflow-management/api/actions/ - Ú©Ø¯ ÙˆØ¶Ø¹ÛŒØª: 200
INFO 2025-09-27 08:44:10 models remove_inactive_users Ù‡ÛŒÚ† Ú©Ø§Ø±Ø¨Ø± ØºÛŒØ±ÙØ¹Ø§Ù„ÛŒ Ø¨Ø±Ø§ÛŒ Ø­Ø°Ù ÛŒØ§ÙØª Ù†Ø´Ø¯.
INFO 2025-09-27 08:44:10 middleware __call__ Ø¯Ø±Ø®ÙˆØ§Ø³Øª Ø¨Ù‡: /workflow-management/api/organizations/1/posts/, Ú©Ø§Ø±Ø¨Ø±: admin
INFO 2025-09-27 08:44:10 middleware __call__ Ù¾Ø§Ø³Ø® Ø¨Ø±Ø§ÛŒ /workflow-management/api/organizations/1/posts/ - Ú©Ø¯ ÙˆØ¶Ø¹ÛŒØª: 200
INFO 2025-09-27 08:44:16 models remove_inactive_users Ù‡ÛŒÚ† Ú©Ø§Ø±Ø¨Ø± ØºÛŒØ±ÙØ¹Ø§Ù„ÛŒ Ø¨Ø±Ø§ÛŒ Ø­Ø°Ù ÛŒØ§ÙØª Ù†Ø´Ø¯.
INFO 2025-09-27 08:44:16 models remove_inactive_users Ù‡ÛŒÚ† Ú©Ø§Ø±Ø¨Ø± ØºÛŒØ±ÙØ¹Ø§Ù„ÛŒ Ø¨Ø±Ø§ÛŒ Ø­Ø°Ù ÛŒØ§ÙØª Ù†Ø´Ø¯.
INFO 2025-09-27 08:44:16 middleware __call__ Ø¯Ø±Ø®ÙˆØ§Ø³Øª Ø¨Ù‡: /workflow-management/post-assignments/, Ú©Ø§Ø±Ø¨Ø±: admin
INFO 2025-09-27 08:44:16 middleware __call__ Ø¯Ø±Ø®ÙˆØ§Ø³Øª Ø¨Ù‡: /workflow-management/api/organizations/7/posts/, Ú©Ø§Ø±Ø¨Ø±: admin
INFO 2025-09-27 08:44:16 middleware __call__ Ù¾Ø§Ø³Ø® Ø¨Ø±Ø§ÛŒ /workflow-management/api/organizations/7/posts/ - Ú©Ø¯ ÙˆØ¶Ø¹ÛŒØª: 200
INFO 2025-09-27 08:44:16 middleware __call__ Ù¾Ø§Ø³Ø® Ø¨Ø±Ø§ÛŒ /workflow-management/post-assignments/ - Ú©Ø¯ ÙˆØ¶Ø¹ÛŒØª: 200
INFO 2025-09-27 08:44:16 models remove_inactive_users Ù‡ÛŒÚ† Ú©Ø§Ø±Ø¨Ø± ØºÛŒØ±ÙØ¹Ø§Ù„ÛŒ Ø¨Ø±Ø§ÛŒ Ø­Ø°Ù ÛŒØ§ÙØª Ù†Ø´Ø¯.
INFO 2025-09-27 08:44:16 middleware __call__ Ø¯Ø±Ø®ÙˆØ§Ø³Øª Ø¨Ù‡: /workflow-management/post-assignments/, Ú©Ø§Ø±Ø¨Ø±: admin
INFO 2025-09-27 08:44:16 middleware __call__ Ù¾Ø§Ø³Ø® Ø¨Ø±Ø§ÛŒ /workflow-management/post-assignments/ - Ú©Ø¯ ÙˆØ¶Ø¹ÛŒØª: 200
INFO 2025-09-27 08:44:16 models remove_inactive_users Ù‡ÛŒÚ† Ú©Ø§Ø±Ø¨Ø± ØºÛŒØ±ÙØ¹Ø§Ù„ÛŒ Ø¨Ø±Ø§ÛŒ Ø­Ø°Ù ÛŒØ§ÙØª Ù†Ø´Ø¯.
INFO 2025-09-27 08:44:16 models remove_inactive_users Ù‡ÛŒÚ† Ú©Ø§Ø±Ø¨Ø± ØºÛŒØ±ÙØ¹Ø§Ù„ÛŒ Ø¨Ø±Ø§ÛŒ Ø­Ø°Ù ÛŒØ§ÙØª Ù†Ø´Ø¯.
INFO 2025-09-27 08:44:16 middleware __call__ Ø¯Ø±Ø®ÙˆØ§Ø³Øª Ø¨Ù‡: /workflow-management/api/organizations/, Ú©Ø§Ø±Ø¨Ø±: admin
INFO 2025-09-27 08:44:16 middleware __call__ Ø¯Ø±Ø®ÙˆØ§Ø³Øª Ø¨Ù‡: /workflow-management/api/actions/, Ú©Ø§Ø±Ø¨Ø±: admin
INFO 2025-09-27 08:44:16 middleware __call__ Ù¾Ø§Ø³Ø® Ø¨Ø±Ø§ÛŒ /workflow-management/api/organizations/ - Ú©Ø¯ ÙˆØ¶Ø¹ÛŒØª: 200
INFO 2025-09-27 08:44:16 middleware __call__ Ù¾Ø§Ø³Ø® Ø¨Ø±Ø§ÛŒ /workflow-management/api/actions/ - Ú©Ø¯ ÙˆØ¶Ø¹ÛŒØª: 200
INFO 2025-09-27 08:44:16 models remove_inactive_users Ù‡ÛŒÚ† Ú©Ø§Ø±Ø¨Ø± ØºÛŒØ±ÙØ¹Ø§Ù„ÛŒ Ø¨Ø±Ø§ÛŒ Ø­Ø°Ù ÛŒØ§ÙØª Ù†Ø´Ø¯.
INFO 2025-09-27 08:44:16 middleware __call__ Ø¯Ø±Ø®ÙˆØ§Ø³Øª Ø¨Ù‡: /workflow-management/api/organizations/7/posts/, Ú©Ø§Ø±Ø¨Ø±: admin
INFO 2025-09-27 08:44:16 middleware __call__ Ù¾Ø§Ø³Ø® Ø¨Ø±Ø§ÛŒ /workflow-management/api/organizations/7/posts/ - Ú©Ø¯ ÙˆØ¶Ø¹ÛŒØª: 200
INFO 2025-09-27 08:44:18 models remove_inactive_users Ù‡ÛŒÚ† Ú©Ø§Ø±Ø¨Ø± ØºÛŒØ±ÙØ¹Ø§Ù„ÛŒ Ø¨Ø±Ø§ÛŒ Ø­Ø°Ù ÛŒØ§ÙØª Ù†Ø´Ø¯.
INFO 2025-09-27 08:44:18 middleware __call__ Ø¯Ø±Ø®ÙˆØ§Ø³Øª Ø¨Ù‡: /workflow-management/post-assignments/, Ú©Ø§Ø±Ø¨Ø±: admin
INFO 2025-09-27 08:44:18 middleware __call__ Ù¾Ø§Ø³Ø® Ø¨Ø±Ø§ÛŒ /workflow-management/post-assignments/ - Ú©Ø¯ ÙˆØ¶Ø¹ÛŒØª: 200
INFO 2025-09-27 08:44:19 models remove_inactive_users Ù‡ÛŒÚ† Ú©Ø§Ø±Ø¨Ø± ØºÛŒØ±ÙØ¹Ø§Ù„ÛŒ Ø¨Ø±Ø§ÛŒ Ø­Ø°Ù ÛŒØ§ÙØª Ù†Ø´Ø¯.
INFO 2025-09-27 08:44:19 models remove_inactive_users Ù‡ÛŒÚ† Ú©Ø§Ø±Ø¨Ø± ØºÛŒØ±ÙØ¹Ø§Ù„ÛŒ Ø¨Ø±Ø§ÛŒ Ø­Ø°Ù ÛŒØ§ÙØª Ù†Ø´Ø¯.
INFO 2025-09-27 08:44:19 middleware __call__ Ø¯Ø±Ø®ÙˆØ§Ø³Øª Ø¨Ù‡: /workflow-management/api/actions/, Ú©Ø§Ø±Ø¨Ø±: admin
INFO 2025-09-27 08:44:19 middleware __call__ Ø¯Ø±Ø®ÙˆØ§Ø³Øª Ø¨Ù‡: /workflow-management/api/organizations/, Ú©Ø§Ø±Ø¨Ø±: admin
INFO 2025-09-27 08:44:19 middleware __call__ Ù¾Ø§Ø³Ø® Ø¨Ø±Ø§ÛŒ /workflow-management/api/actions/ - Ú©Ø¯ ÙˆØ¶Ø¹ÛŒØª: 200
INFO 2025-09-27 08:44:19 middleware __call__ Ù¾Ø§Ø³Ø® Ø¨Ø±Ø§ÛŒ /workflow-management/api/organizations/ - Ú©Ø¯ ÙˆØ¶Ø¹ÛŒØª: 200
INFO 2025-09-27 08:44:19 models remove_inactive_users Ù‡ÛŒÚ† Ú©Ø§Ø±Ø¨Ø± ØºÛŒØ±ÙØ¹Ø§Ù„ÛŒ Ø¨Ø±Ø§ÛŒ Ø­Ø°Ù ÛŒØ§ÙØª Ù†Ø´Ø¯.
INFO 2025-09-27 08:44:19 middleware __call__ Ø¯Ø±Ø®ÙˆØ§Ø³Øª Ø¨Ù‡: /workflow-management/api/organizations/7/posts/, Ú©Ø§Ø±Ø¨Ø±: admin
INFO 2025-09-27 08:44:19 middleware __call__ Ù¾Ø§Ø³Ø® Ø¨Ø±Ø§ÛŒ /workflow-management/api/organizations/7/posts/ - Ú©Ø¯ ÙˆØ¶Ø¹ÛŒØª: 200
INFO 2025-09-27 08:44:25 models remove_inactive_users Ù‡ÛŒÚ† Ú©Ø§Ø±Ø¨Ø± ØºÛŒØ±ÙØ¹Ø§Ù„ÛŒ Ø¨Ø±Ø§ÛŒ Ø­Ø°Ù ÛŒØ§ÙØª Ù†Ø´Ø¯.
INFO 2025-09-27 08:44:25 middleware __call__ Ø¯Ø±Ø®ÙˆØ§Ø³Øª Ø¨Ù‡: /workflow-management/post-assignments/, Ú©Ø§Ø±Ø¨Ø±: admin
INFO 2025-09-27 08:44:25 middleware __call__ Ù¾Ø§Ø³Ø® Ø¨Ø±Ø§ÛŒ /workflow-management/post-assignments/ - Ú©Ø¯ ÙˆØ¶Ø¹ÛŒØª: 200
INFO 2025-09-27 08:44:25 models remove_inactive_users Ù‡ÛŒÚ† Ú©Ø§Ø±Ø¨Ø± ØºÛŒØ±ÙØ¹Ø§Ù„ÛŒ Ø¨Ø±Ø§ÛŒ Ø­Ø°Ù ÛŒØ§ÙØª Ù†Ø´Ø¯.
INFO 2025-09-27 08:44:25 middleware __call__ Ø¯Ø±Ø®ÙˆØ§Ø³Øª Ø¨Ù‡: /workflow-management/api/organizations/, Ú©Ø§Ø±Ø¨Ø±: admin
INFO 2025-09-27 08:44:25 middleware __call__ Ù¾Ø§Ø³Ø® Ø¨Ø±Ø§ÛŒ /workflow-management/api/organizations/ - Ú©Ø¯ ÙˆØ¶Ø¹ÛŒØª: 200
INFO 2025-09-27 08:44:25 models remove_inactive_users Ù‡ÛŒÚ† Ú©Ø§Ø±Ø¨Ø± ØºÛŒØ±ÙØ¹Ø§Ù„ÛŒ Ø¨Ø±Ø§ÛŒ Ø­Ø°Ù ÛŒØ§ÙØª Ù†Ø´Ø¯.
INFO 2025-09-27 08:44:25 middleware __call__ Ø¯Ø±Ø®ÙˆØ§Ø³Øª Ø¨Ù‡: /workflow-management/api/actions/, Ú©Ø§Ø±Ø¨Ø±: admin
INFO 2025-09-27 08:44:25 middleware __call__ Ù¾Ø§Ø³Ø® Ø¨Ø±Ø§ÛŒ /workflow-management/api/actions/ - Ú©Ø¯ ÙˆØ¶Ø¹ÛŒØª: 200
INFO 2025-09-27 08:44:26 models remove_inactive_users Ù‡ÛŒÚ† Ú©Ø§Ø±Ø¨Ø± ØºÛŒØ±ÙØ¹Ø§Ù„ÛŒ Ø¨Ø±Ø§ÛŒ Ø­Ø°Ù ÛŒØ§ÙØª Ù†Ø´Ø¯.
INFO 2025-09-27 08:44:26 middleware __call__ Ø¯Ø±Ø®ÙˆØ§Ø³Øª Ø¨Ù‡: /workflow-management/api/organizations/7/posts/, Ú©Ø§Ø±Ø¨Ø±: admin
INFO 2025-09-27 08:44:26 middleware __call__ Ù¾Ø§Ø³Ø® Ø¨Ø±Ø§ÛŒ /workflow-management/api/organizations/7/posts/ - Ú©Ø¯ ÙˆØ¶Ø¹ÛŒØª: 200
INFO 2025-09-27 08:44:44 models remove_inactive_users Ù‡ÛŒÚ† Ú©Ø§Ø±Ø¨Ø± ØºÛŒØ±ÙØ¹Ø§Ù„ÛŒ Ø¨Ø±Ø§ÛŒ Ø­Ø°Ù ÛŒØ§ÙØª Ù†Ø´Ø¯.
INFO 2025-09-27 08:44:44 middleware __call__ Ø¯Ø±Ø®ÙˆØ§Ø³Øª Ø¨Ù‡: /workflow-management/post-assignments/, Ú©Ø§Ø±Ø¨Ø±: admin
INFO 2025-09-27 08:44:44 middleware __call__ Ù¾Ø§Ø³Ø® Ø¨Ø±Ø§ÛŒ /workflow-management/post-assignments/ - Ú©Ø¯ ÙˆØ¶Ø¹ÛŒØª: 200
INFO 2025-09-27 08:44:45 models remove_inactive_users Ù‡ÛŒÚ† Ú©Ø§Ø±Ø¨Ø± ØºÛŒØ±ÙØ¹Ø§Ù„ÛŒ Ø¨Ø±Ø§ÛŒ Ø­Ø°Ù ÛŒØ§ÙØª Ù†Ø´Ø¯.
INFO 2025-09-27 08:44:45 middleware __call__ Ø¯Ø±Ø®ÙˆØ§Ø³Øª Ø¨Ù‡: /workflow-management/api/organizations/, Ú©Ø§Ø±Ø¨Ø±: admin
INFO 2025-09-27 08:44:45 models remove_inactive_users Ù‡ÛŒÚ† Ú©Ø§Ø±Ø¨Ø± ØºÛŒØ±ÙØ¹Ø§Ù„ÛŒ Ø¨Ø±Ø§ÛŒ Ø­Ø°Ù ÛŒØ§ÙØª Ù†Ø´Ø¯.
INFO 2025-09-27 08:44:45 middleware __call__ Ø¯Ø±Ø®ÙˆØ§Ø³Øª Ø¨Ù‡: /workflow-management/api/actions/, Ú©Ø§Ø±Ø¨Ø±: admin
INFO 2025-09-27 08:44:45 middleware __call__ Ù¾Ø§Ø³Ø® Ø¨Ø±Ø§ÛŒ /workflow-management/api/organizations/ - Ú©Ø¯ ÙˆØ¶Ø¹ÛŒØª: 200
INFO 2025-09-27 08:44:45 middleware __call__ Ù¾Ø§Ø³Ø® Ø¨Ø±Ø§ÛŒ /workflow-management/api/actions/ - Ú©Ø¯ ÙˆØ¶Ø¹ÛŒØª: 200
INFO 2025-09-27 08:44:45 models remove_inactive_users Ù‡ÛŒÚ† Ú©Ø§Ø±Ø¨Ø± ØºÛŒØ±ÙØ¹Ø§Ù„ÛŒ Ø¨Ø±Ø§ÛŒ Ø­Ø°Ù ÛŒØ§ÙØª Ù†Ø´Ø¯.
INFO 2025-09-27 08:44:45 middleware __call__ Ø¯Ø±Ø®ÙˆØ§Ø³Øª Ø¨Ù‡: /workflow-management/api/organizations/7/posts/, Ú©Ø§Ø±Ø¨Ø±: admin
INFO 2025-09-27 08:44:45 middleware __call__ Ù¾Ø§Ø³Ø® Ø¨Ø±Ø§ÛŒ /workflow-management/api/organizations/7/posts/ - Ú©Ø¯ ÙˆØ¶Ø¹ÛŒØª: 200
INFO 2025-09-27 08:44:50 models remove_inactive_users Ù‡ÛŒÚ† Ú©Ø§Ø±Ø¨Ø± ØºÛŒØ±ÙØ¹Ø§Ù„ÛŒ Ø¨Ø±Ø§ÛŒ Ø­Ø°Ù ÛŒØ§ÙØª Ù†Ø´Ø¯.
INFO 2025-09-27 08:44:50 models remove_inactive_users Ù‡ÛŒÚ† Ú©Ø§Ø±Ø¨Ø± ØºÛŒØ±ÙØ¹Ø§Ù„ÛŒ Ø¨Ø±Ø§ÛŒ Ø­Ø°Ù ÛŒØ§ÙØª Ù†Ø´Ø¯.
INFO 2025-09-27 08:44:50 middleware __call__ Ø¯Ø±Ø®ÙˆØ§Ø³Øª Ø¨Ù‡: /workflow-management/api/organizations/1/posts/, Ú©Ø§Ø±Ø¨Ø±: admin
INFO 2025-09-27 08:44:50 middleware __call__ Ø¯Ø±Ø®ÙˆØ§Ø³Øª Ø¨Ù‡: /workflow-management/post-assignments/, Ú©Ø§Ø±Ø¨Ø±: admin
INFO 2025-09-27 08:44:50 middleware __call__ Ù¾Ø§Ø³Ø® Ø¨Ø±Ø§ÛŒ /workflow-management/api/organizations/1/posts/ - Ú©Ø¯ ÙˆØ¶Ø¹ÛŒØª: 200
INFO 2025-09-27 08:44:50 middleware __call__ Ù¾Ø§Ø³Ø® Ø¨Ø±Ø§ÛŒ /workflow-management/post-assignments/ - Ú©Ø¯ ÙˆØ¶Ø¹ÛŒØª: 200
INFO 2025-09-27 08:44:50 models remove_inactive_users Ù‡ÛŒÚ† Ú©Ø§Ø±Ø¨Ø± ØºÛŒØ±ÙØ¹Ø§Ù„ÛŒ Ø¨Ø±Ø§ÛŒ Ø­Ø°Ù ÛŒØ§ÙØª Ù†Ø´Ø¯.
INFO 2025-09-27 08:44:50 middleware __call__ Ø¯Ø±Ø®ÙˆØ§Ø³Øª Ø¨Ù‡: /workflow-management/post-assignments/, Ú©Ø§Ø±Ø¨Ø±: admin
INFO 2025-09-27 08:44:50 middleware __call__ Ù¾Ø§Ø³Ø® Ø¨Ø±Ø§ÛŒ /workflow-management/post-assignments/ - Ú©Ø¯ ÙˆØ¶Ø¹ÛŒØª: 200
INFO 2025-09-27 08:44:50 models remove_inactive_users Ù‡ÛŒÚ† Ú©Ø§Ø±Ø¨Ø± ØºÛŒØ±ÙØ¹Ø§Ù„ÛŒ Ø¨Ø±Ø§ÛŒ Ø­Ø°Ù ÛŒØ§ÙØª Ù†Ø´Ø¯.
INFO 2025-09-27 08:44:50 middleware __call__ Ø¯Ø±Ø®ÙˆØ§Ø³Øª Ø¨Ù‡: /workflow-management/api/organizations/, Ú©Ø§Ø±Ø¨Ø±: admin
INFO 2025-09-27 08:44:50 models remove_inactive_users Ù‡ÛŒÚ† Ú©Ø§Ø±Ø¨Ø± ØºÛŒØ±ÙØ¹Ø§Ù„ÛŒ Ø¨Ø±Ø§ÛŒ Ø­Ø°Ù ÛŒØ§ÙØª Ù†Ø´Ø¯.
INFO 2025-09-27 08:44:50 middleware __call__ Ù¾Ø§Ø³Ø® Ø¨Ø±Ø§ÛŒ /workflow-management/api/organizations/ - Ú©Ø¯ ÙˆØ¶Ø¹ÛŒØª: 200
INFO 2025-09-27 08:44:50 middleware __call__ Ø¯Ø±Ø®ÙˆØ§Ø³Øª Ø¨Ù‡: /workflow-management/api/actions/, Ú©Ø§Ø±Ø¨Ø±: admin
INFO 2025-09-27 08:44:50 middleware __call__ Ù¾Ø§Ø³Ø® Ø¨Ø±Ø§ÛŒ /workflow-management/api/actions/ - Ú©Ø¯ ÙˆØ¶Ø¹ÛŒØª: 200
INFO 2025-09-27 08:44:50 models remove_inactive_users Ù‡ÛŒÚ† Ú©Ø§Ø±Ø¨Ø± ØºÛŒØ±ÙØ¹Ø§Ù„ÛŒ Ø¨Ø±Ø§ÛŒ Ø­Ø°Ù ÛŒØ§ÙØª Ù†Ø´Ø¯.
INFO 2025-09-27 08:44:50 middleware __call__ Ø¯Ø±Ø®ÙˆØ§Ø³Øª Ø¨Ù‡: /workflow-management/api/organizations/1/posts/, Ú©Ø§Ø±Ø¨Ø±: admin
INFO 2025-09-27 08:44:50 middleware __call__ Ù¾Ø§Ø³Ø® Ø¨Ø±Ø§ÛŒ /workflow-management/api/organizations/1/posts/ - Ú©Ø¯ ÙˆØ¶Ø¹ÛŒØª: 200
INFO 2025-09-27 08:47:42 models remove_inactive_users Ù‡ÛŒÚ† Ú©Ø§Ø±Ø¨Ø± ØºÛŒØ±ÙØ¹Ø§Ù„ÛŒ Ø¨Ø±Ø§ÛŒ Ø­Ø°Ù ÛŒØ§ÙØª Ù†Ø´Ø¯.
INFO 2025-09-27 08:47:42 middleware __call__ Ø¯Ø±Ø®ÙˆØ§Ø³Øª Ø¨Ù‡: /tankhah/factor/80/perform-action/, Ú©Ø§Ø±Ø¨Ø±: AnonymousUser
INFO 2025-09-27 08:47:42 middleware __call__ Ú©Ø§Ø±Ø¨Ø± Ù„Ø§Ú¯ÛŒÙ† Ù†Ú©Ø±Ø¯Ù‡ - Ø±ÛŒØ¯Ø§ÛŒØ±Ú©Øª Ø¨Ù‡ accounts:login
INFO 2025-09-27 08:47:42 models remove_inactive_users Ù‡ÛŒÚ† Ú©Ø§Ø±Ø¨Ø± ØºÛŒØ±ÙØ¹Ø§Ù„ÛŒ Ø¨Ø±Ø§ÛŒ Ø­Ø°Ù ÛŒØ§ÙØª Ù†Ø´Ø¯.
INFO 2025-09-27 08:47:42 middleware __call__ Ø¯Ø±Ø®ÙˆØ§Ø³Øª Ø¨Ù‡: /accounts/login/, Ú©Ø§Ø±Ø¨Ø±: AnonymousUser
INFO 2025-09-27 08:47:42 middleware __call__ Ù¾Ø§Ø³Ø® Ø¨Ø±Ø§ÛŒ /accounts/login/ - Ú©Ø¯ ÙˆØ¶Ø¹ÛŒØª: 200
INFO 2025-09-27 08:47:52 models remove_inactive_users Ù‡ÛŒÚ† Ú©Ø§Ø±Ø¨Ø± ØºÛŒØ±ÙØ¹Ø§Ù„ÛŒ Ø¨Ø±Ø§ÛŒ Ø­Ø°Ù ÛŒØ§ÙØª Ù†Ø´Ø¯.
INFO 2025-09-27 08:47:52 middleware __call__ Ø¯Ø±Ø®ÙˆØ§Ø³Øª Ø¨Ù‡: /accounts/login/, Ú©Ø§Ø±Ø¨Ø±: AnonymousUser
INFO 2025-09-27 08:47:53 middleware __call__ Ù¾Ø§Ø³Ø® Ø¨Ø±Ø§ÛŒ /accounts/login/ - Ú©Ø¯ ÙˆØ¶Ø¹ÛŒØª: 302
INFO 2025-09-27 08:47:53 models remove_inactive_users Ù‡ÛŒÚ† Ú©Ø§Ø±Ø¨Ø± ØºÛŒØ±ÙØ¹Ø§Ù„ÛŒ Ø¨Ø±Ø§ÛŒ Ø­Ø°Ù ÛŒØ§ÙØª Ù†Ø´Ø¯.
INFO 2025-09-27 08:47:54 middleware __call__ Ø¯Ø±Ø®ÙˆØ§Ø³Øª Ø¨Ù‡: /, Ú©Ø§Ø±Ø¨Ø±: foad
INFO 2025-09-27 08:47:54 middleware __call__ Ù¾Ø§Ø³Ø® Ø¨Ø±Ø§ÛŒ / - Ú©Ø¯ ÙˆØ¶Ø¹ÛŒØª: 200
INFO 2025-09-27 08:47:58 models remove_inactive_users Ù‡ÛŒÚ† Ú©Ø§Ø±Ø¨Ø± ØºÛŒØ±ÙØ¹Ø§Ù„ÛŒ Ø¨Ø±Ø§ÛŒ Ø­Ø°Ù ÛŒØ§ÙØª Ù†Ø´Ø¯.
INFO 2025-09-27 08:47:58 middleware __call__ Ø¯Ø±Ø®ÙˆØ§Ø³Øª Ø¨Ù‡: /accounts/login/, Ú©Ø§Ø±Ø¨Ø±: foad
INFO 2025-09-27 08:47:58 middleware __call__ Ù¾Ø§Ø³Ø® Ø¨Ø±Ø§ÛŒ /accounts/login/ - Ú©Ø¯ ÙˆØ¶Ø¹ÛŒØª: 200
INFO 2025-09-27 08:47:59 models remove_inactive_users Ù‡ÛŒÚ† Ú©Ø§Ø±Ø¨Ø± ØºÛŒØ±ÙØ¹Ø§Ù„ÛŒ Ø¨Ø±Ø§ÛŒ Ø­Ø°Ù ÛŒØ§ÙØª Ù†Ø´Ø¯.
INFO 2025-09-27 08:47:59 middleware __call__ Ø¯Ø±Ø®ÙˆØ§Ø³Øª Ø¨Ù‡: /tankhah/factors/, Ú©Ø§Ø±Ø¨Ø±: foad
INFO 2025-09-27 08:47:59 PermissionBase has_required_permissions [PERM_CHECK] User foad has core organization â†’ full access granted.
INFO 2025-09-27 08:47:59 PermissionBase dispatch [PERM_CHECK] User foad passed base permission check for /tankhah/factors/
INFO 2025-09-27 08:47:59 PermissionBase get_user_active_organizations [PERM_CHECK] User foad active orgs: [1, 2, 3, 4, 5, 6, 7] (has_core: True)
INFO 2025-09-27 08:47:59 PermissionBase dispatch [PERM_ORG] User foad has access to organizations [1, 2, 3, 4, 5, 6, 7]
INFO 2025-09-27 08:47:59 View_Factor_list get_queryset [FACTOR_LIST] Ø´Ø±ÙˆØ¹ Ø¯Ø±ÛŒØ§ÙØª Ù„ÛŒØ³Øª ÙØ§Ú©ØªÙˆØ±Ù‡Ø§ Ø¨Ø±Ø§ÛŒ Ú©Ø§Ø±Ø¨Ø±: foad
INFO 2025-09-27 08:47:59 View_Factor_list get_queryset [FACTOR_LIST] Ú©Ø§Ø±Ø¨Ø± foad Ø¯Ø³ØªØ±Ø³ÛŒ Ù…Ø­Ø¯ÙˆØ¯ Ø¯Ø§Ø±Ø¯. Ø§Ø¹Ù…Ø§Ù„ ÙÛŒÙ„ØªØ± Ø³Ø§Ø²Ù…Ø§Ù†ÛŒ.
INFO 2025-09-27 08:47:59 PermissionBase get_queryset [PERM_CHECK] User foad has core organization â†’ full queryset access.
INFO 2025-09-27 08:47:59 View_Factor_list get_queryset [FACTOR_LIST] ØªØ¹Ø¯Ø§Ø¯ Ø§ÙˆÙ„ÛŒÙ‡ ÙØ§Ú©ØªÙˆØ±Ù‡Ø§: 15
INFO 2025-09-27 08:47:59 View_Factor_list get_context_data [FACTOR_LIST_CONTEXT] Ø´Ø±ÙˆØ¹ Ø§ÛŒØ¬Ø§Ø¯ context Ø¨Ø±Ø§ÛŒ Ú©Ø§Ø±Ø¨Ø±: foad
INFO 2025-09-27 08:47:59 View_Factor_list get_context_data [FACTOR_LIST_CONTEXT] Ù¾Ø±Ø¯Ø§Ø²Ø´ 15 ÙØ§Ú©ØªÙˆØ± Ø¨Ø±Ø§ÛŒ Ú¯Ø±ÙˆÙ‡â€ŒØ¨Ù†Ø¯ÛŒ
ERROR 2025-09-27 08:47:59 check_user_access check_user_factor_access Ø®Ø·Ø§ Ø¯Ø± Ø¨Ø±Ø±Ø³ÛŒ Ø¯Ø³ØªØ±Ø³ÛŒ Ú©Ø§Ø±Ø¨Ø± foad: name 'AccessRule' is not defined
ERROR 2025-09-27 08:47:59 check_user_access check_user_factor_access Ø®Ø·Ø§ Ø¯Ø± Ø¨Ø±Ø±Ø³ÛŒ Ø¯Ø³ØªØ±Ø³ÛŒ Ú©Ø§Ø±Ø¨Ø± foad: name 'AccessRule' is not defined
ERROR 2025-09-27 08:47:59 check_user_access check_user_factor_access Ø®Ø·Ø§ Ø¯Ø± Ø¨Ø±Ø±Ø³ÛŒ Ø¯Ø³ØªØ±Ø³ÛŒ Ú©Ø§Ø±Ø¨Ø± foad: name 'AccessRule' is not defined
ERROR 2025-09-27 08:47:59 check_user_access check_user_factor_access Ø®Ø·Ø§ Ø¯Ø± Ø¨Ø±Ø±Ø³ÛŒ Ø¯Ø³ØªØ±Ø³ÛŒ Ú©Ø§Ø±Ø¨Ø± foad: name 'AccessRule' is not defined
ERROR 2025-09-27 08:47:59 check_user_access check_user_factor_access Ø®Ø·Ø§ Ø¯Ø± Ø¨Ø±Ø±Ø³ÛŒ Ø¯Ø³ØªØ±Ø³ÛŒ Ú©Ø§Ø±Ø¨Ø± foad: name 'AccessRule' is not defined
ERROR 2025-09-27 08:47:59 check_user_access check_user_factor_access Ø®Ø·Ø§ Ø¯Ø± Ø¨Ø±Ø±Ø³ÛŒ Ø¯Ø³ØªØ±Ø³ÛŒ Ú©Ø§Ø±Ø¨Ø± foad: name 'AccessRule' is not defined
ERROR 2025-09-27 08:47:59 check_user_access check_user_factor_access Ø®Ø·Ø§ Ø¯Ø± Ø¨Ø±Ø±Ø³ÛŒ Ø¯Ø³ØªØ±Ø³ÛŒ Ú©Ø§Ø±Ø¨Ø± foad: name 'AccessRule' is not defined
ERROR 2025-09-27 08:47:59 check_user_access check_user_factor_access Ø®Ø·Ø§ Ø¯Ø± Ø¨Ø±Ø±Ø³ÛŒ Ø¯Ø³ØªØ±Ø³ÛŒ Ú©Ø§Ø±Ø¨Ø± foad: name 'AccessRule' is not defined
ERROR 2025-09-27 08:47:59 check_user_access check_user_factor_access Ø®Ø·Ø§ Ø¯Ø± Ø¨Ø±Ø±Ø³ÛŒ Ø¯Ø³ØªØ±Ø³ÛŒ Ú©Ø§Ø±Ø¨Ø± foad: name 'AccessRule' is not defined
ERROR 2025-09-27 08:47:59 check_user_access check_user_factor_access Ø®Ø·Ø§ Ø¯Ø± Ø¨Ø±Ø±Ø³ÛŒ Ø¯Ø³ØªØ±Ø³ÛŒ Ú©Ø§Ø±Ø¨Ø± foad: name 'AccessRule' is not defined
ERROR 2025-09-27 08:48:00 check_user_access check_user_factor_access Ø®Ø·Ø§ Ø¯Ø± Ø¨Ø±Ø±Ø³ÛŒ Ø¯Ø³ØªØ±Ø³ÛŒ Ú©Ø§Ø±Ø¨Ø± foad: name 'AccessRule' is not defined
ERROR 2025-09-27 08:48:00 check_user_access check_user_factor_access Ø®Ø·Ø§ Ø¯Ø± Ø¨Ø±Ø±Ø³ÛŒ Ø¯Ø³ØªØ±Ø³ÛŒ Ú©Ø§Ø±Ø¨Ø± foad: name 'AccessRule' is not defined
ERROR 2025-09-27 08:48:00 View_Factor_list get_context_data [FACTOR_LIST_CONTEXT] Ø®Ø·Ø§ Ø¯Ø± Ù¾Ø±Ø¯Ø§Ø²Ø´ ÙØ§Ú©ØªÙˆØ± FAC-TNKH-14040518-HSarein-HSAR-Flor3-001-14040605-HSarein-0001: Payee matching query does not exist.
Traceback (most recent call last):
  File "D:\Design & Source Code\Source Coding\BudgetsSystem\venv\Lib\site-packages\django\db\models\fields\related_descriptors.py", line 239, in __get__
    rel_obj = self.field.get_cached_value(instance)
  File "D:\Design & Source Code\Source Coding\BudgetsSystem\venv\Lib\site-packages\django\db\models\fields\mixins.py", line 37, in get_cached_value
    return instance._state.fields_cache[self.cache_name]
           ~~~~~~~~~~~~~~~~~~~~~~~~~~~~^^^^^^^^^^^^^^^^^
KeyError: 'payee'

During handling of the above exception, another exception occurred:

Traceback (most recent call last):
  File "D:\Design & Source Code\Source Coding\BudgetsSystem\tankhah\Factor\View_Factor_list.py", line 249, in get_context_data
    payee = getattr(factor, 'payee', None)
  File "D:\Design & Source Code\Source Coding\BudgetsSystem\venv\Lib\site-packages\django\db\models\fields\related_descriptors.py", line 257, in __get__
    rel_obj = self.get_object(instance)
  File "D:\Design & Source Code\Source Coding\BudgetsSystem\venv\Lib\site-packages\django\db\models\fields\related_descriptors.py", line 220, in get_object
    return qs.get(self.field.get_reverse_related_filter(instance))
           ~~~~~~^^^^^^^^^^^^^^^^^^^^^^^^^^^^^^^^^^^^^^^^^^^^^^^^^
  File "D:\Design & Source Code\Source Coding\BudgetsSystem\venv\Lib\site-packages\django\db\models\query.py", line 649, in get
    raise self.model.DoesNotExist(
        "%s matching query does not exist." % self.model._meta.object_name
    )
budgets.models.Payee.DoesNotExist: Payee matching query does not exist.
ERROR 2025-09-27 08:48:00 check_user_access check_user_factor_access Ø®Ø·Ø§ Ø¯Ø± Ø¨Ø±Ø±Ø³ÛŒ Ø¯Ø³ØªØ±Ø³ÛŒ Ú©Ø§Ø±Ø¨Ø± foad: name 'AccessRule' is not defined
ERROR 2025-09-27 08:48:00 View_Factor_list get_context_data [FACTOR_LIST_CONTEXT] Ø®Ø·Ø§ Ø¯Ø± Ù¾Ø±Ø¯Ø§Ø²Ø´ ÙØ§Ú©ØªÙˆØ± FAC-TNKH-14040518-HSarein-HSAR-Flor3-001-14040604-HSarein-0001: Payee matching query does not exist.
Traceback (most recent call last):
  File "D:\Design & Source Code\Source Coding\BudgetsSystem\venv\Lib\site-packages\django\db\models\fields\related_descriptors.py", line 239, in __get__
    rel_obj = self.field.get_cached_value(instance)
  File "D:\Design & Source Code\Source Coding\BudgetsSystem\venv\Lib\site-packages\django\db\models\fields\mixins.py", line 37, in get_cached_value
    return instance._state.fields_cache[self.cache_name]
           ~~~~~~~~~~~~~~~~~~~~~~~~~~~~^^^^^^^^^^^^^^^^^
KeyError: 'payee'

During handling of the above exception, another exception occurred:

Traceback (most recent call last):
  File "D:\Design & Source Code\Source Coding\BudgetsSystem\tankhah\Factor\View_Factor_list.py", line 249, in get_context_data
    payee = getattr(factor, 'payee', None)
  File "D:\Design & Source Code\Source Coding\BudgetsSystem\venv\Lib\site-packages\django\db\models\fields\related_descriptors.py", line 257, in __get__
    rel_obj = self.get_object(instance)
  File "D:\Design & Source Code\Source Coding\BudgetsSystem\venv\Lib\site-packages\django\db\models\fields\related_descriptors.py", line 220, in get_object
    return qs.get(self.field.get_reverse_related_filter(instance))
           ~~~~~~^^^^^^^^^^^^^^^^^^^^^^^^^^^^^^^^^^^^^^^^^^^^^^^^^
  File "D:\Design & Source Code\Source Coding\BudgetsSystem\venv\Lib\site-packages\django\db\models\query.py", line 649, in get
    raise self.model.DoesNotExist(
        "%s matching query does not exist." % self.model._meta.object_name
    )
budgets.models.Payee.DoesNotExist: Payee matching query does not exist.
ERROR 2025-09-27 08:48:00 check_user_access check_user_factor_access Ø®Ø·Ø§ Ø¯Ø± Ø¨Ø±Ø±Ø³ÛŒ Ø¯Ø³ØªØ±Ø³ÛŒ Ú©Ø§Ø±Ø¨Ø± foad: name 'AccessRule' is not defined
ERROR 2025-09-27 08:48:00 check_user_access check_user_factor_access Ø®Ø·Ø§ Ø¯Ø± Ø¨Ø±Ø±Ø³ÛŒ Ø¯Ø³ØªØ±Ø³ÛŒ Ú©Ø§Ø±Ø¨Ø± foad: name 'AccessRule' is not defined
INFO 2025-09-27 08:48:00 View_Factor_list get_context_data [FACTOR_LIST_CONTEXT] Ú¯Ø±ÙˆÙ‡â€ŒØ¨Ù†Ø¯ÛŒ ØªÚ©Ù…ÛŒÙ„ Ø´Ø¯. 1 Ø³Ø§Ø²Ù…Ø§Ù†ØŒ 15 ÙØ§Ú©ØªÙˆØ±ØŒ Ù…Ø¨Ù„Øº Ú©Ù„: 13321949.00
ERROR 2025-09-27 08:48:00 rcms_custom_filters format_negative Error formatting number Ø¨Ø¯ÙˆÙ† Ú©Ø¯ Ù…Ù„ÛŒ: could not convert string to float: 'Ø¨Ø¯ÙˆÙ† Ú©Ø¯ Ù…Ù„ÛŒ'
ERROR 2025-09-27 08:48:00 rcms_custom_filters format_negative Error formatting number Ø¨Ø¯ÙˆÙ† Ú©Ø¯ Ù…Ù„ÛŒ: could not convert string to float: 'Ø¨Ø¯ÙˆÙ† Ú©Ø¯ Ù…Ù„ÛŒ'
INFO 2025-09-27 08:48:00 middleware __call__ Ù¾Ø§Ø³Ø® Ø¨Ø±Ø§ÛŒ /tankhah/factors/ - Ú©Ø¯ ÙˆØ¶Ø¹ÛŒØª: 200
INFO 2025-09-27 08:48:07 models remove_inactive_users Ù‡ÛŒÚ† Ú©Ø§Ø±Ø¨Ø± ØºÛŒØ±ÙØ¹Ø§Ù„ÛŒ Ø¨Ø±Ø§ÛŒ Ø­Ø°Ù ÛŒØ§ÙØª Ù†Ø´Ø¯.
INFO 2025-09-27 08:48:07 middleware __call__ Ø¯Ø±Ø®ÙˆØ§Ø³Øª Ø¨Ù‡: /tankhah/factor/80/perform-action/, Ú©Ø§Ø±Ø¨Ø±: foad
INFO 2025-09-27 08:48:07 PermissionBase has_required_permissions [PERM_CHECK] User foad has core organization â†’ full access granted.
INFO 2025-09-27 08:48:07 PermissionBase dispatch [PERM_CHECK] User foad passed base permission check for /tankhah/factor/80/perform-action/
INFO 2025-09-27 08:48:07 PermissionBase get_user_active_organizations [PERM_CHECK] User foad active orgs: [1, 2, 3, 4, 5, 6, 7] (has_core: True)
INFO 2025-09-27 08:48:07 PermissionBase dispatch [PERM_ORG] User foad has access to organizations [1, 2, 3, 4, 5, 6, 7]
INFO 2025-09-27 08:48:07 budget_calculations get_committed_budget Calculated COMMITTED budget for Tankhah PK 20: 12000000.00
INFO 2025-09-27 08:48:07 budget_calculations get_committed_budget Calculated COMMITTED budget for Tankhah PK 20: 12000000.00
INFO 2025-09-27 08:48:07 budget_calculations get_available_budget Available budget for Tankhah PK 20: Initial(75000000.00) - Paid(0.00) - Committed(12000000.00) = 63000000.00
INFO 2025-09-27 08:48:07 PermissionBase get_user_active_organizations [PERM_CHECK] User foad active orgs: [1, 2, 3, 4, 5, 6, 7] (has_core: True)
INFO 2025-09-27 08:48:07 views_FactorDetail get_user_allowed_transitions User foad allowed transitions: ['Ø±Ø¯', 'ØªØ£ÛŒÛŒØ¯']
INFO 2025-09-27 08:48:07 views_FactorDetail get_context_data [FACTOR_DETAIL] factor=80 status=APPROVED org=1 path_len=1 allowed_len=2 next_users_steps=1
ERROR 2025-09-27 08:48:07 rcms_custom_filters format_negative Error formatting number : could not convert string to float: ''
ERROR 2025-09-27 08:48:07 rcms_custom_filters format_negative Error formatting number : could not convert string to float: ''
ERROR 2025-09-27 08:48:07 rcms_custom_filters format_negative Error formatting number : could not convert string to float: ''
ERROR 2025-09-27 08:48:07 rcms_custom_filters format_negative Error formatting number : could not convert string to float: ''
ERROR 2025-09-27 08:48:07 rcms_custom_filters format_negative Error formatting number : could not convert string to float: ''
ERROR 2025-09-27 08:48:07 rcms_custom_filters format_negative Error formatting number : could not convert string to float: ''
ERROR 2025-09-27 08:48:07 rcms_custom_filters format_negative Error formatting number : could not convert string to float: ''
ERROR 2025-09-27 08:48:07 rcms_custom_filters format_negative Error formatting number : could not convert string to float: ''
ERROR 2025-09-27 08:48:07 rcms_custom_filters format_negative Error formatting number : could not convert string to float: ''
ERROR 2025-09-27 08:48:07 rcms_custom_filters format_negative Error formatting number : could not convert string to float: ''
INFO 2025-09-27 08:48:07 middleware __call__ Ù¾Ø§Ø³Ø® Ø¨Ø±Ø§ÛŒ /tankhah/factor/80/perform-action/ - Ú©Ø¯ ÙˆØ¶Ø¹ÛŒØª: 200
INFO 2025-09-27 08:48:17 models remove_inactive_users Ù‡ÛŒÚ† Ú©Ø§Ø±Ø¨Ø± ØºÛŒØ±ÙØ¹Ø§Ù„ÛŒ Ø¨Ø±Ø§ÛŒ Ø­Ø°Ù ÛŒØ§ÙØª Ù†Ø´Ø¯.
INFO 2025-09-27 08:48:17 middleware __call__ Ø¯Ø±Ø®ÙˆØ§Ø³Øª Ø¨Ù‡: /tankhah/api/factor/80/transition/406/, Ú©Ø§Ø±Ø¨Ø±: foad
INFO 2025-09-27 08:48:17 views_FactorDetail post API: Attempting transition '' on Factor 80 by user foad
ERROR 2025-09-27 08:48:17 models save Ø§Ø±Ø³Ø§Ù„ Ø§Ø¹Ù„Ø§Ù† ÙØ§Ú©ØªÙˆØ± FAC-TNKH-14040701-HSarein-IPTV_Sarein-001-14040702-HSarein-0001 Ø¨Ø§ send_notification Ù†Ø§Ù…ÙˆÙÙ‚ Ø¨ÙˆØ¯: 'function' object has no attribute 'all'
INFO 2025-09-27 08:48:17 views_FactorDetail post Factor 80 status changed from 'ØªØ£ÛŒÛŒØ¯ Ø´Ø¯Ù‡' to 'ØªØ£ÛŒÛŒØ¯ Ø´Ø¯Ù‡'.
INFO 2025-09-27 08:48:17 models save ApprovalLog PK=327 for Ù…Ø¯ÛŒØ±ÛŒØª Ù‚Ø³Ù…Øª ØªÙ†Ø®ÙˆØ§Ù‡ Ùˆ ÙØ§Ú©ØªÙˆØ± | ÙØ§Ú©ØªÙˆØ± ID=80 saved successfully.
INFO 2025-09-27 08:48:17 middleware __call__ Ù¾Ø§Ø³Ø® Ø¨Ø±Ø§ÛŒ /tankhah/api/factor/80/transition/406/ - Ú©Ø¯ ÙˆØ¶Ø¹ÛŒØª: 200
INFO 2025-09-27 08:48:19 models remove_inactive_users Ù‡ÛŒÚ† Ú©Ø§Ø±Ø¨Ø± ØºÛŒØ±ÙØ¹Ø§Ù„ÛŒ Ø¨Ø±Ø§ÛŒ Ø­Ø°Ù ÛŒØ§ÙØª Ù†Ø´Ø¯.
INFO 2025-09-27 08:48:19 middleware __call__ Ø¯Ø±Ø®ÙˆØ§Ø³Øª Ø¨Ù‡: /tankhah/factor/80/perform-action/, Ú©Ø§Ø±Ø¨Ø±: foad
INFO 2025-09-27 08:48:19 PermissionBase has_required_permissions [PERM_CHECK] User foad has core organization â†’ full access granted.
INFO 2025-09-27 08:48:19 PermissionBase dispatch [PERM_CHECK] User foad passed base permission check for /tankhah/factor/80/perform-action/
INFO 2025-09-27 08:48:19 PermissionBase get_user_active_organizations [PERM_CHECK] User foad active orgs: [1, 2, 3, 4, 5, 6, 7] (has_core: True)
INFO 2025-09-27 08:48:19 PermissionBase dispatch [PERM_ORG] User foad has access to organizations [1, 2, 3, 4, 5, 6, 7]
INFO 2025-09-27 08:48:19 budget_calculations get_committed_budget Calculated COMMITTED budget for Tankhah PK 20: 12000000.00
INFO 2025-09-27 08:48:19 budget_calculations get_committed_budget Calculated COMMITTED budget for Tankhah PK 20: 12000000.00
INFO 2025-09-27 08:48:19 budget_calculations get_available_budget Available budget for Tankhah PK 20: Initial(75000000.00) - Paid(0.00) - Committed(12000000.00) = 63000000.00
INFO 2025-09-27 08:48:19 PermissionBase get_user_active_organizations [PERM_CHECK] User foad active orgs: [1, 2, 3, 4, 5, 6, 7] (has_core: True)
INFO 2025-09-27 08:48:19 views_FactorDetail get_user_allowed_transitions User foad allowed transitions: ['Ø±Ø¯', 'ØªØ£ÛŒÛŒØ¯']
INFO 2025-09-27 08:48:19 views_FactorDetail get_context_data [FACTOR_DETAIL] factor=80 status=APPROVED org=1 path_len=1 allowed_len=2 next_users_steps=1
ERROR 2025-09-27 08:48:19 rcms_custom_filters format_negative Error formatting number : could not convert string to float: ''
ERROR 2025-09-27 08:48:19 rcms_custom_filters format_negative Error formatting number : could not convert string to float: ''
ERROR 2025-09-27 08:48:19 rcms_custom_filters format_negative Error formatting number : could not convert string to float: ''
ERROR 2025-09-27 08:48:19 rcms_custom_filters format_negative Error formatting number : could not convert string to float: ''
ERROR 2025-09-27 08:48:19 rcms_custom_filters format_negative Error formatting number : could not convert string to float: ''
ERROR 2025-09-27 08:48:19 rcms_custom_filters format_negative Error formatting number : could not convert string to float: ''
ERROR 2025-09-27 08:48:19 rcms_custom_filters format_negative Error formatting number : could not convert string to float: ''
ERROR 2025-09-27 08:48:19 rcms_custom_filters format_negative Error formatting number : could not convert string to float: ''
ERROR 2025-09-27 08:48:19 rcms_custom_filters format_negative Error formatting number : could not convert string to float: ''
ERROR 2025-09-27 08:48:19 rcms_custom_filters format_negative Error formatting number : could not convert string to float: ''
INFO 2025-09-27 08:48:19 middleware __call__ Ù¾Ø§Ø³Ø® Ø¨Ø±Ø§ÛŒ /tankhah/factor/80/perform-action/ - Ú©Ø¯ ÙˆØ¶Ø¹ÛŒØª: 200
INFO 2025-09-27 08:48:24 models remove_inactive_users Ù‡ÛŒÚ† Ú©Ø§Ø±Ø¨Ø± ØºÛŒØ±ÙØ¹Ø§Ù„ÛŒ Ø¨Ø±Ø§ÛŒ Ø­Ø°Ù ÛŒØ§ÙØª Ù†Ø´Ø¯.
INFO 2025-09-27 08:48:24 middleware __call__ Ø¯Ø±Ø®ÙˆØ§Ø³Øª Ø¨Ù‡: /accounts/logout/, Ú©Ø§Ø±Ø¨Ø±: foad
INFO 2025-09-27 08:48:24 middleware __call__ Ú©Ø§Ø±Ø¨Ø±  Ø®Ø§Ø±Ø¬ Ø´Ø¯
INFO 2025-09-27 08:48:24 models remove_inactive_users Ù‡ÛŒÚ† Ú©Ø§Ø±Ø¨Ø± ØºÛŒØ±ÙØ¹Ø§Ù„ÛŒ Ø¨Ø±Ø§ÛŒ Ø­Ø°Ù ÛŒØ§ÙØª Ù†Ø´Ø¯.
INFO 2025-09-27 08:48:24 middleware __call__ Ø¯Ø±Ø®ÙˆØ§Ø³Øª Ø¨Ù‡: /accounts/login/, Ú©Ø§Ø±Ø¨Ø±: AnonymousUser
INFO 2025-09-27 08:48:24 middleware __call__ Ù¾Ø§Ø³Ø® Ø¨Ø±Ø§ÛŒ /accounts/login/ - Ú©Ø¯ ÙˆØ¶Ø¹ÛŒØª: 200
INFO 2025-09-27 08:48:34 models remove_inactive_users Ù‡ÛŒÚ† Ú©Ø§Ø±Ø¨Ø± ØºÛŒØ±ÙØ¹Ø§Ù„ÛŒ Ø¨Ø±Ø§ÛŒ Ø­Ø°Ù ÛŒØ§ÙØª Ù†Ø´Ø¯.
INFO 2025-09-27 08:48:34 middleware __call__ Ø¯Ø±Ø®ÙˆØ§Ø³Øª Ø¨Ù‡: /accounts/login/, Ú©Ø§Ø±Ø¨Ø±: AnonymousUser
INFO 2025-09-27 08:48:35 middleware __call__ Ù¾Ø§Ø³Ø® Ø¨Ø±Ø§ÛŒ /accounts/login/ - Ú©Ø¯ ÙˆØ¶Ø¹ÛŒØª: 200
INFO 2025-09-27 08:48:48 models remove_inactive_users Ù‡ÛŒÚ† Ú©Ø§Ø±Ø¨Ø± ØºÛŒØ±ÙØ¹Ø§Ù„ÛŒ Ø¨Ø±Ø§ÛŒ Ø­Ø°Ù ÛŒØ§ÙØª Ù†Ø´Ø¯.
INFO 2025-09-27 08:48:48 middleware __call__ Ø¯Ø±Ø®ÙˆØ§Ø³Øª Ø¨Ù‡: /, Ú©Ø§Ø±Ø¨Ø±: admin
INFO 2025-09-27 08:48:49 middleware __call__ Ù¾Ø§Ø³Ø® Ø¨Ø±Ø§ÛŒ / - Ú©Ø¯ ÙˆØ¶Ø¹ÛŒØª: 200
INFO 2025-09-27 08:48:53 models remove_inactive_users Ù‡ÛŒÚ† Ú©Ø§Ø±Ø¨Ø± ØºÛŒØ±ÙØ¹Ø§Ù„ÛŒ Ø¨Ø±Ø§ÛŒ Ø­Ø°Ù ÛŒØ§ÙØª Ù†Ø´Ø¯.
INFO 2025-09-27 08:48:53 middleware __call__ Ø¯Ø±Ø®ÙˆØ§Ø³Øª Ø¨Ù‡: /accounts/admin_dashboard/, Ú©Ø§Ø±Ø¨Ø±: admin
INFO 2025-09-27 08:48:54 middleware __call__ Ù¾Ø§Ø³Ø® Ø¨Ø±Ø§ÛŒ /accounts/admin_dashboard/ - Ú©Ø¯ ÙˆØ¶Ø¹ÛŒØª: 200
INFO 2025-09-27 08:48:56 models remove_inactive_users Ù‡ÛŒÚ† Ú©Ø§Ø±Ø¨Ø± ØºÛŒØ±ÙØ¹Ø§Ù„ÛŒ Ø¨Ø±Ø§ÛŒ Ø­Ø°Ù ÛŒØ§ÙØª Ù†Ø´Ø¯.
INFO 2025-09-27 08:48:56 middleware __call__ Ø¯Ø±Ø®ÙˆØ§Ø³Øª Ø¨Ù‡: /accounts/users/, Ú©Ø§Ø±Ø¨Ø±: admin
INFO 2025-09-27 08:48:56 has_role_permission _wrapped_view Ú©Ø§Ø±Ø¨Ø± Ø³ÙˆÙ¾Ø±ÛŒÙˆØ²Ø± Ø§Ø³ØªØŒ Ø¯Ø³ØªØ±Ø³ÛŒ Ú©Ø§Ù…Ù„ ğŸ‘
INFO 2025-09-27 08:48:56 middleware __call__ Ù¾Ø§Ø³Ø® Ø¨Ø±Ø§ÛŒ /accounts/users/ - Ú©Ø¯ ÙˆØ¶Ø¹ÛŒØª: 200
INFO 2025-09-27 08:49:21 models remove_inactive_users Ù‡ÛŒÚ† Ú©Ø§Ø±Ø¨Ø± ØºÛŒØ±ÙØ¹Ø§Ù„ÛŒ Ø¨Ø±Ø§ÛŒ Ø­Ø°Ù ÛŒØ§ÙØª Ù†Ø´Ø¯.
INFO 2025-09-27 08:49:21 middleware __call__ Ø¯Ø±Ø®ÙˆØ§Ø³Øª Ø¨Ù‡: /accounts/logout/, Ú©Ø§Ø±Ø¨Ø±: AnonymousUser
INFO 2025-09-27 08:49:21 middleware __call__ Ú©Ø§Ø±Ø¨Ø± Ù„Ø§Ú¯ÛŒÙ† Ù†Ú©Ø±Ø¯Ù‡ - Ø±ÛŒØ¯Ø§ÛŒØ±Ú©Øª Ø¨Ù‡ accounts:login
INFO 2025-09-27 08:49:21 models remove_inactive_users Ù‡ÛŒÚ† Ú©Ø§Ø±Ø¨Ø± ØºÛŒØ±ÙØ¹Ø§Ù„ÛŒ Ø¨Ø±Ø§ÛŒ Ø­Ø°Ù ÛŒØ§ÙØª Ù†Ø´Ø¯.
INFO 2025-09-27 08:49:21 middleware __call__ Ø¯Ø±Ø®ÙˆØ§Ø³Øª Ø¨Ù‡: /accounts/login/, Ú©Ø§Ø±Ø¨Ø±: AnonymousUser
INFO 2025-09-27 08:49:21 middleware __call__ Ù¾Ø§Ø³Ø® Ø¨Ø±Ø§ÛŒ /accounts/login/ - Ú©Ø¯ ÙˆØ¶Ø¹ÛŒØª: 200
INFO 2025-09-27 08:49:24 models remove_inactive_users Ù‡ÛŒÚ† Ú©Ø§Ø±Ø¨Ø± ØºÛŒØ±ÙØ¹Ø§Ù„ÛŒ Ø¨Ø±Ø§ÛŒ Ø­Ø°Ù ÛŒØ§ÙØª Ù†Ø´Ø¯.
INFO 2025-09-27 08:49:24 middleware __call__ Ø¯Ø±Ø®ÙˆØ§Ø³Øª Ø¨Ù‡: /accounts/login/, Ú©Ø§Ø±Ø¨Ø±: AnonymousUser
INFO 2025-09-27 08:49:25 middleware __call__ Ù¾Ø§Ø³Ø® Ø¨Ø±Ø§ÛŒ /accounts/login/ - Ú©Ø¯ ÙˆØ¶Ø¹ÛŒØª: 302
INFO 2025-09-27 08:49:25 models remove_inactive_users Ù‡ÛŒÚ† Ú©Ø§Ø±Ø¨Ø± ØºÛŒØ±ÙØ¹Ø§Ù„ÛŒ Ø¨Ø±Ø§ÛŒ Ø­Ø°Ù ÛŒØ§ÙØª Ù†Ø´Ø¯.
INFO 2025-09-27 08:49:25 middleware __call__ Ø¯Ø±Ø®ÙˆØ§Ø³Øª Ø¨Ù‡: /, Ú©Ø§Ø±Ø¨Ø±: p.bighash
INFO 2025-09-27 08:49:26 middleware __call__ Ù¾Ø§Ø³Ø® Ø¨Ø±Ø§ÛŒ / - Ú©Ø¯ ÙˆØ¶Ø¹ÛŒØª: 200
INFO 2025-09-27 08:49:30 models remove_inactive_users Ù‡ÛŒÚ† Ú©Ø§Ø±Ø¨Ø± ØºÛŒØ±ÙØ¹Ø§Ù„ÛŒ Ø¨Ø±Ø§ÛŒ Ø­Ø°Ù ÛŒØ§ÙØª Ù†Ø´Ø¯.
INFO 2025-09-27 08:49:30 middleware __call__ Ø¯Ø±Ø®ÙˆØ§Ø³Øª Ø¨Ù‡: /tankhah/factor/80/perform-action/, Ú©Ø§Ø±Ø¨Ø±: p.bighash
INFO 2025-09-27 08:49:30 PermissionBase has_required_permissions [PERM_CHECK] User p.bighash has core organization â†’ full access granted.
INFO 2025-09-27 08:49:30 PermissionBase dispatch [PERM_CHECK] User p.bighash passed base permission check for /tankhah/factor/80/perform-action/
INFO 2025-09-27 08:49:30 PermissionBase get_user_active_organizations [PERM_CHECK] User p.bighash active orgs: [1, 2, 3, 4, 5, 6, 7] (has_core: True)
INFO 2025-09-27 08:49:30 PermissionBase dispatch [PERM_ORG] User p.bighash has access to organizations [1, 2, 3, 4, 5, 6, 7]
INFO 2025-09-27 08:49:30 budget_calculations get_committed_budget Calculated COMMITTED budget for Tankhah PK 20: 12000000.00
INFO 2025-09-27 08:49:30 budget_calculations get_committed_budget Calculated COMMITTED budget for Tankhah PK 20: 12000000.00
INFO 2025-09-27 08:49:30 budget_calculations get_available_budget Available budget for Tankhah PK 20: Initial(75000000.00) - Paid(0.00) - Committed(12000000.00) = 63000000.00
INFO 2025-09-27 08:49:30 PermissionBase get_user_active_organizations [PERM_CHECK] User p.bighash active orgs: [1, 2, 3, 4, 5, 6, 7] (has_core: True)
INFO 2025-09-27 08:49:30 views_FactorDetail get_user_allowed_transitions User p.bighash allowed transitions: ['Ø±Ø¯', 'ØªØ£ÛŒÛŒØ¯']
INFO 2025-09-27 08:49:30 views_FactorDetail get_context_data [FACTOR_DETAIL] factor=80 status=APPROVED org=1 path_len=1 allowed_len=2 next_users_steps=1
ERROR 2025-09-27 08:49:30 rcms_custom_filters format_negative Error formatting number : could not convert string to float: ''
ERROR 2025-09-27 08:49:30 rcms_custom_filters format_negative Error formatting number : could not convert string to float: ''
ERROR 2025-09-27 08:49:30 rcms_custom_filters format_negative Error formatting number : could not convert string to float: ''
ERROR 2025-09-27 08:49:30 rcms_custom_filters format_negative Error formatting number : could not convert string to float: ''
ERROR 2025-09-27 08:49:30 rcms_custom_filters format_negative Error formatting number : could not convert string to float: ''
ERROR 2025-09-27 08:49:30 rcms_custom_filters format_negative Error formatting number : could not convert string to float: ''
ERROR 2025-09-27 08:49:30 rcms_custom_filters format_negative Error formatting number : could not convert string to float: ''
ERROR 2025-09-27 08:49:30 rcms_custom_filters format_negative Error formatting number : could not convert string to float: ''
ERROR 2025-09-27 08:49:30 rcms_custom_filters format_negative Error formatting number : could not convert string to float: ''
ERROR 2025-09-27 08:49:30 rcms_custom_filters format_negative Error formatting number : could not convert string to float: ''
INFO 2025-09-27 08:49:30 middleware __call__ Ù¾Ø§Ø³Ø® Ø¨Ø±Ø§ÛŒ /tankhah/factor/80/perform-action/ - Ú©Ø¯ ÙˆØ¶Ø¹ÛŒØª: 200
INFO 2025-09-27 08:49:35 models remove_inactive_users Ù‡ÛŒÚ† Ú©Ø§Ø±Ø¨Ø± ØºÛŒØ±ÙØ¹Ø§Ù„ÛŒ Ø¨Ø±Ø§ÛŒ Ø­Ø°Ù ÛŒØ§ÙØª Ù†Ø´Ø¯.
INFO 2025-09-27 08:49:35 middleware __call__ Ø¯Ø±Ø®ÙˆØ§Ø³Øª Ø¨Ù‡: /tankhah/api/factor/80/transition/406/, Ú©Ø§Ø±Ø¨Ø±: p.bighash
INFO 2025-09-27 08:49:35 views_FactorDetail post API: Attempting transition '' on Factor 80 by user p.bighash
ERROR 2025-09-27 08:49:35 models save Ø§Ø±Ø³Ø§Ù„ Ø§Ø¹Ù„Ø§Ù† ÙØ§Ú©ØªÙˆØ± FAC-TNKH-14040701-HSarein-IPTV_Sarein-001-14040702-HSarein-0001 Ø¨Ø§ send_notification Ù†Ø§Ù…ÙˆÙÙ‚ Ø¨ÙˆØ¯: 'function' object has no attribute 'all'
INFO 2025-09-27 08:49:35 views_FactorDetail post Factor 80 status changed from 'ØªØ£ÛŒÛŒØ¯ Ø´Ø¯Ù‡' to 'ØªØ£ÛŒÛŒØ¯ Ø´Ø¯Ù‡'.
INFO 2025-09-27 08:49:35 models save ApprovalLog PK=328 for Ù…Ø¯ÛŒØ±ÛŒØª Ù‚Ø³Ù…Øª ØªÙ†Ø®ÙˆØ§Ù‡ Ùˆ ÙØ§Ú©ØªÙˆØ± | ÙØ§Ú©ØªÙˆØ± ID=80 saved successfully.
INFO 2025-09-27 08:49:35 middleware __call__ Ù¾Ø§Ø³Ø® Ø¨Ø±Ø§ÛŒ /tankhah/api/factor/80/transition/406/ - Ú©Ø¯ ÙˆØ¶Ø¹ÛŒØª: 200
INFO 2025-09-27 08:49:36 models remove_inactive_users Ù‡ÛŒÚ† Ú©Ø§Ø±Ø¨Ø± ØºÛŒØ±ÙØ¹Ø§Ù„ÛŒ Ø¨Ø±Ø§ÛŒ Ø­Ø°Ù ÛŒØ§ÙØª Ù†Ø´Ø¯.
INFO 2025-09-27 08:49:36 middleware __call__ Ø¯Ø±Ø®ÙˆØ§Ø³Øª Ø¨Ù‡: /tankhah/factor/80/perform-action/, Ú©Ø§Ø±Ø¨Ø±: p.bighash
INFO 2025-09-27 08:49:36 PermissionBase has_required_permissions [PERM_CHECK] User p.bighash has core organization â†’ full access granted.
INFO 2025-09-27 08:49:36 PermissionBase dispatch [PERM_CHECK] User p.bighash passed base permission check for /tankhah/factor/80/perform-action/
INFO 2025-09-27 08:49:36 PermissionBase get_user_active_organizations [PERM_CHECK] User p.bighash active orgs: [1, 2, 3, 4, 5, 6, 7] (has_core: True)
INFO 2025-09-27 08:49:36 PermissionBase dispatch [PERM_ORG] User p.bighash has access to organizations [1, 2, 3, 4, 5, 6, 7]
INFO 2025-09-27 08:49:36 budget_calculations get_committed_budget Calculated COMMITTED budget for Tankhah PK 20: 12000000.00
INFO 2025-09-27 08:49:36 budget_calculations get_committed_budget Calculated COMMITTED budget for Tankhah PK 20: 12000000.00
INFO 2025-09-27 08:49:36 budget_calculations get_available_budget Available budget for Tankhah PK 20: Initial(75000000.00) - Paid(0.00) - Committed(12000000.00) = 63000000.00
INFO 2025-09-27 08:49:37 PermissionBase get_user_active_organizations [PERM_CHECK] User p.bighash active orgs: [1, 2, 3, 4, 5, 6, 7] (has_core: True)
INFO 2025-09-27 08:49:37 views_FactorDetail get_user_allowed_transitions User p.bighash allowed transitions: ['Ø±Ø¯', 'ØªØ£ÛŒÛŒØ¯']
INFO 2025-09-27 08:49:37 views_FactorDetail get_context_data [FACTOR_DETAIL] factor=80 status=APPROVED org=1 path_len=1 allowed_len=2 next_users_steps=1
ERROR 2025-09-27 08:49:37 rcms_custom_filters format_negative Error formatting number : could not convert string to float: ''
ERROR 2025-09-27 08:49:37 rcms_custom_filters format_negative Error formatting number : could not convert string to float: ''
ERROR 2025-09-27 08:49:37 rcms_custom_filters format_negative Error formatting number : could not convert string to float: ''
ERROR 2025-09-27 08:49:37 rcms_custom_filters format_negative Error formatting number : could not convert string to float: ''
ERROR 2025-09-27 08:49:37 rcms_custom_filters format_negative Error formatting number : could not convert string to float: ''
ERROR 2025-09-27 08:49:37 rcms_custom_filters format_negative Error formatting number : could not convert string to float: ''
ERROR 2025-09-27 08:49:37 rcms_custom_filters format_negative Error formatting number : could not convert string to float: ''
ERROR 2025-09-27 08:49:37 rcms_custom_filters format_negative Error formatting number : could not convert string to float: ''
ERROR 2025-09-27 08:49:37 rcms_custom_filters format_negative Error formatting number : could not convert string to float: ''
ERROR 2025-09-27 08:49:37 rcms_custom_filters format_negative Error formatting number : could not convert string to float: ''
INFO 2025-09-27 08:49:37 middleware __call__ Ù¾Ø§Ø³Ø® Ø¨Ø±Ø§ÛŒ /tankhah/factor/80/perform-action/ - Ú©Ø¯ ÙˆØ¶Ø¹ÛŒØª: 200
INFO 2025-09-27 08:50:05 models remove_inactive_users Ù‡ÛŒÚ† Ú©Ø§Ø±Ø¨Ø± ØºÛŒØ±ÙØ¹Ø§Ù„ÛŒ Ø¨Ø±Ø§ÛŒ Ø­Ø°Ù ÛŒØ§ÙØª Ù†Ø´Ø¯.
INFO 2025-09-27 08:50:05 middleware __call__ Ø¯Ø±Ø®ÙˆØ§Ø³Øª Ø¨Ù‡: /accounts/logout/, Ú©Ø§Ø±Ø¨Ø±: p.bighash
INFO 2025-09-27 08:50:05 middleware __call__ Ú©Ø§Ø±Ø¨Ø±  Ø®Ø§Ø±Ø¬ Ø´Ø¯
INFO 2025-09-27 08:50:05 models remove_inactive_users Ù‡ÛŒÚ† Ú©Ø§Ø±Ø¨Ø± ØºÛŒØ±ÙØ¹Ø§Ù„ÛŒ Ø¨Ø±Ø§ÛŒ Ø­Ø°Ù ÛŒØ§ÙØª Ù†Ø´Ø¯.
INFO 2025-09-27 08:50:05 middleware __call__ Ø¯Ø±Ø®ÙˆØ§Ø³Øª Ø¨Ù‡: /accounts/login/, Ú©Ø§Ø±Ø¨Ø±: AnonymousUser
INFO 2025-09-27 08:50:05 middleware __call__ Ù¾Ø§Ø³Ø® Ø¨Ø±Ø§ÛŒ /accounts/login/ - Ú©Ø¯ ÙˆØ¶Ø¹ÛŒØª: 200
INFO 2025-09-27 08:50:11 models remove_inactive_users Ù‡ÛŒÚ† Ú©Ø§Ø±Ø¨Ø± ØºÛŒØ±ÙØ¹Ø§Ù„ÛŒ Ø¨Ø±Ø§ÛŒ Ø­Ø°Ù ÛŒØ§ÙØª Ù†Ø´Ø¯.
INFO 2025-09-27 08:50:11 middleware __call__ Ø¯Ø±Ø®ÙˆØ§Ø³Øª Ø¨Ù‡: /accounts/login/, Ú©Ø§Ø±Ø¨Ø±: AnonymousUser
INFO 2025-09-27 08:50:12 middleware __call__ Ù¾Ø§Ø³Ø® Ø¨Ø±Ø§ÛŒ /accounts/login/ - Ú©Ø¯ ÙˆØ¶Ø¹ÛŒØª: 302
INFO 2025-09-27 08:50:12 models remove_inactive_users Ù‡ÛŒÚ† Ú©Ø§Ø±Ø¨Ø± ØºÛŒØ±ÙØ¹Ø§Ù„ÛŒ Ø¨Ø±Ø§ÛŒ Ø­Ø°Ù ÛŒØ§ÙØª Ù†Ø´Ø¯.
INFO 2025-09-27 08:50:12 middleware __call__ Ø¯Ø±Ø®ÙˆØ§Ø³Øª Ø¨Ù‡: /, Ú©Ø§Ø±Ø¨Ø±: Ù…Ø¯ÛŒØ±Ø­Ø³Ø§Ø¨Ø¯Ø§Ø±ÛŒ
INFO 2025-09-27 08:50:12 middleware __call__ Ù¾Ø§Ø³Ø® Ø¨Ø±Ø§ÛŒ / - Ú©Ø¯ ÙˆØ¶Ø¹ÛŒØª: 200
INFO 2025-09-27 08:50:14 models remove_inactive_users Ù‡ÛŒÚ† Ú©Ø§Ø±Ø¨Ø± ØºÛŒØ±ÙØ¹Ø§Ù„ÛŒ Ø¨Ø±Ø§ÛŒ Ø­Ø°Ù ÛŒØ§ÙØª Ù†Ø´Ø¯.
INFO 2025-09-27 08:50:14 middleware __call__ Ø¯Ø±Ø®ÙˆØ§Ø³Øª Ø¨Ù‡: /tankhah/factors/, Ú©Ø§Ø±Ø¨Ø±: Ù…Ø¯ÛŒØ±Ø­Ø³Ø§Ø¨Ø¯Ø§Ø±ÛŒ
INFO 2025-09-27 08:50:14 PermissionBase has_required_permissions [PERM_CHECK] User Ù…Ø¯ÛŒØ±Ø­Ø³Ø§Ø¨Ø¯Ø§Ø±ÛŒ has core organization â†’ full access granted.
INFO 2025-09-27 08:50:14 PermissionBase dispatch [PERM_CHECK] User Ù…Ø¯ÛŒØ±Ø­Ø³Ø§Ø¨Ø¯Ø§Ø±ÛŒ passed base permission check for /tankhah/factors/
INFO 2025-09-27 08:50:14 PermissionBase get_user_active_organizations [PERM_CHECK] User Ù…Ø¯ÛŒØ±Ø­Ø³Ø§Ø¨Ø¯Ø§Ø±ÛŒ active orgs: [1, 2, 3, 4, 5, 6, 7] (has_core: True)
INFO 2025-09-27 08:50:14 PermissionBase dispatch [PERM_ORG] User Ù…Ø¯ÛŒØ±Ø­Ø³Ø§Ø¨Ø¯Ø§Ø±ÛŒ has access to organizations [1, 2, 3, 4, 5, 6, 7]
INFO 2025-09-27 08:50:14 View_Factor_list get_queryset [FACTOR_LIST] Ø´Ø±ÙˆØ¹ Ø¯Ø±ÛŒØ§ÙØª Ù„ÛŒØ³Øª ÙØ§Ú©ØªÙˆØ±Ù‡Ø§ Ø¨Ø±Ø§ÛŒ Ú©Ø§Ø±Ø¨Ø±: Ù…Ø¯ÛŒØ±Ø­Ø³Ø§Ø¨Ø¯Ø§Ø±ÛŒ
INFO 2025-09-27 08:50:14 View_Factor_list get_queryset [FACTOR_LIST] Ú©Ø§Ø±Ø¨Ø± Ù…Ø¯ÛŒØ±Ø­Ø³Ø§Ø¨Ø¯Ø§Ø±ÛŒ Ø¯Ø³ØªØ±Ø³ÛŒ Ù…Ø­Ø¯ÙˆØ¯ Ø¯Ø§Ø±Ø¯. Ø§Ø¹Ù…Ø§Ù„ ÙÛŒÙ„ØªØ± Ø³Ø§Ø²Ù…Ø§Ù†ÛŒ.
INFO 2025-09-27 08:50:14 PermissionBase get_queryset [PERM_CHECK] User Ù…Ø¯ÛŒØ±Ø­Ø³Ø§Ø¨Ø¯Ø§Ø±ÛŒ has core organization â†’ full queryset access.
INFO 2025-09-27 08:50:14 View_Factor_list get_queryset [FACTOR_LIST] ØªØ¹Ø¯Ø§Ø¯ Ø§ÙˆÙ„ÛŒÙ‡ ÙØ§Ú©ØªÙˆØ±Ù‡Ø§: 15
INFO 2025-09-27 08:50:14 View_Factor_list get_context_data [FACTOR_LIST_CONTEXT] Ø´Ø±ÙˆØ¹ Ø§ÛŒØ¬Ø§Ø¯ context Ø¨Ø±Ø§ÛŒ Ú©Ø§Ø±Ø¨Ø±: Ù…Ø¯ÛŒØ±Ø­Ø³Ø§Ø¨Ø¯Ø§Ø±ÛŒ
INFO 2025-09-27 08:50:14 View_Factor_list get_context_data [FACTOR_LIST_CONTEXT] Ù¾Ø±Ø¯Ø§Ø²Ø´ 15 ÙØ§Ú©ØªÙˆØ± Ø¨Ø±Ø§ÛŒ Ú¯Ø±ÙˆÙ‡â€ŒØ¨Ù†Ø¯ÛŒ
INFO 2025-09-27 08:50:14 check_user_access check_user_factor_access Ú©Ø§Ø±Ø¨Ø± Ù…Ø¯ÛŒØ±Ø­Ø³Ø§Ø¨Ø¯Ø§Ø±ÛŒ Ø¯Ø³ØªØ±Ø³ÛŒ Ú©Ø§Ù…Ù„ Ø¯Ø§Ø±Ø¯.
ERROR 2025-09-27 08:50:14 check_user_access check_user_factor_access Ø®Ø·Ø§ Ø¯Ø± Ø¨Ø±Ø±Ø³ÛŒ Ø¯Ø³ØªØ±Ø³ÛŒ Ú©Ø§Ø±Ø¨Ø± Ù…Ø¯ÛŒØ±Ø­Ø³Ø§Ø¨Ø¯Ø§Ø±ÛŒ: name 'AccessRule' is not defined
INFO 2025-09-27 08:50:14 check_user_access check_user_factor_access Ú©Ø§Ø±Ø¨Ø± Ù…Ø¯ÛŒØ±Ø­Ø³Ø§Ø¨Ø¯Ø§Ø±ÛŒ Ø¯Ø³ØªØ±Ø³ÛŒ Ú©Ø§Ù…Ù„ Ø¯Ø§Ø±Ø¯.
ERROR 2025-09-27 08:50:14 check_user_access check_user_factor_access Ø®Ø·Ø§ Ø¯Ø± Ø¨Ø±Ø±Ø³ÛŒ Ø¯Ø³ØªØ±Ø³ÛŒ Ú©Ø§Ø±Ø¨Ø± Ù…Ø¯ÛŒØ±Ø­Ø³Ø§Ø¨Ø¯Ø§Ø±ÛŒ: name 'AccessRule' is not defined
INFO 2025-09-27 08:50:14 check_user_access check_user_factor_access Ú©Ø§Ø±Ø¨Ø± Ù…Ø¯ÛŒØ±Ø­Ø³Ø§Ø¨Ø¯Ø§Ø±ÛŒ Ø¯Ø³ØªØ±Ø³ÛŒ Ú©Ø§Ù…Ù„ Ø¯Ø§Ø±Ø¯.
ERROR 2025-09-27 08:50:14 check_user_access check_user_factor_access Ø®Ø·Ø§ Ø¯Ø± Ø¨Ø±Ø±Ø³ÛŒ Ø¯Ø³ØªØ±Ø³ÛŒ Ú©Ø§Ø±Ø¨Ø± Ù…Ø¯ÛŒØ±Ø­Ø³Ø§Ø¨Ø¯Ø§Ø±ÛŒ: name 'AccessRule' is not defined
INFO 2025-09-27 08:50:15 check_user_access check_user_factor_access Ú©Ø§Ø±Ø¨Ø± Ù…Ø¯ÛŒØ±Ø­Ø³Ø§Ø¨Ø¯Ø§Ø±ÛŒ Ø¯Ø³ØªØ±Ø³ÛŒ Ú©Ø§Ù…Ù„ Ø¯Ø§Ø±Ø¯.
ERROR 2025-09-27 08:50:15 check_user_access check_user_factor_access Ø®Ø·Ø§ Ø¯Ø± Ø¨Ø±Ø±Ø³ÛŒ Ø¯Ø³ØªØ±Ø³ÛŒ Ú©Ø§Ø±Ø¨Ø± Ù…Ø¯ÛŒØ±Ø­Ø³Ø§Ø¨Ø¯Ø§Ø±ÛŒ: name 'AccessRule' is not defined
INFO 2025-09-27 08:50:15 check_user_access check_user_factor_access Ú©Ø§Ø±Ø¨Ø± Ù…Ø¯ÛŒØ±Ø­Ø³Ø§Ø¨Ø¯Ø§Ø±ÛŒ Ø¯Ø³ØªØ±Ø³ÛŒ Ú©Ø§Ù…Ù„ Ø¯Ø§Ø±Ø¯.
ERROR 2025-09-27 08:50:15 check_user_access check_user_factor_access Ø®Ø·Ø§ Ø¯Ø± Ø¨Ø±Ø±Ø³ÛŒ Ø¯Ø³ØªØ±Ø³ÛŒ Ú©Ø§Ø±Ø¨Ø± Ù…Ø¯ÛŒØ±Ø­Ø³Ø§Ø¨Ø¯Ø§Ø±ÛŒ: name 'AccessRule' is not defined
INFO 2025-09-27 08:50:15 check_user_access check_user_factor_access Ú©Ø§Ø±Ø¨Ø± Ù…Ø¯ÛŒØ±Ø­Ø³Ø§Ø¨Ø¯Ø§Ø±ÛŒ Ø¯Ø³ØªØ±Ø³ÛŒ Ú©Ø§Ù…Ù„ Ø¯Ø§Ø±Ø¯.
ERROR 2025-09-27 08:50:15 check_user_access check_user_factor_access Ø®Ø·Ø§ Ø¯Ø± Ø¨Ø±Ø±Ø³ÛŒ Ø¯Ø³ØªØ±Ø³ÛŒ Ú©Ø§Ø±Ø¨Ø± Ù…Ø¯ÛŒØ±Ø­Ø³Ø§Ø¨Ø¯Ø§Ø±ÛŒ: name 'AccessRule' is not defined
INFO 2025-09-27 08:50:15 check_user_access check_user_factor_access Ú©Ø§Ø±Ø¨Ø± Ù…Ø¯ÛŒØ±Ø­Ø³Ø§Ø¨Ø¯Ø§Ø±ÛŒ Ø¯Ø³ØªØ±Ø³ÛŒ Ú©Ø§Ù…Ù„ Ø¯Ø§Ø±Ø¯.
ERROR 2025-09-27 08:50:15 check_user_access check_user_factor_access Ø®Ø·Ø§ Ø¯Ø± Ø¨Ø±Ø±Ø³ÛŒ Ø¯Ø³ØªØ±Ø³ÛŒ Ú©Ø§Ø±Ø¨Ø± Ù…Ø¯ÛŒØ±Ø­Ø³Ø§Ø¨Ø¯Ø§Ø±ÛŒ: name 'AccessRule' is not defined
INFO 2025-09-27 08:50:15 check_user_access check_user_factor_access Ú©Ø§Ø±Ø¨Ø± Ù…Ø¯ÛŒØ±Ø­Ø³Ø§Ø¨Ø¯Ø§Ø±ÛŒ Ø¯Ø³ØªØ±Ø³ÛŒ Ú©Ø§Ù…Ù„ Ø¯Ø§Ø±Ø¯.
ERROR 2025-09-27 08:50:15 check_user_access check_user_factor_access Ø®Ø·Ø§ Ø¯Ø± Ø¨Ø±Ø±Ø³ÛŒ Ø¯Ø³ØªØ±Ø³ÛŒ Ú©Ø§Ø±Ø¨Ø± Ù…Ø¯ÛŒØ±Ø­Ø³Ø§Ø¨Ø¯Ø§Ø±ÛŒ: name 'AccessRule' is not defined
INFO 2025-09-27 08:50:15 check_user_access check_user_factor_access Ú©Ø§Ø±Ø¨Ø± Ù…Ø¯ÛŒØ±Ø­Ø³Ø§Ø¨Ø¯Ø§Ø±ÛŒ Ø¯Ø³ØªØ±Ø³ÛŒ Ú©Ø§Ù…Ù„ Ø¯Ø§Ø±Ø¯.
ERROR 2025-09-27 08:50:15 check_user_access check_user_factor_access Ø®Ø·Ø§ Ø¯Ø± Ø¨Ø±Ø±Ø³ÛŒ Ø¯Ø³ØªØ±Ø³ÛŒ Ú©Ø§Ø±Ø¨Ø± Ù…Ø¯ÛŒØ±Ø­Ø³Ø§Ø¨Ø¯Ø§Ø±ÛŒ: name 'AccessRule' is not defined
INFO 2025-09-27 08:50:15 check_user_access check_user_factor_access Ú©Ø§Ø±Ø¨Ø± Ù…Ø¯ÛŒØ±Ø­Ø³Ø§Ø¨Ø¯Ø§Ø±ÛŒ Ø¯Ø³ØªØ±Ø³ÛŒ Ú©Ø§Ù…Ù„ Ø¯Ø§Ø±Ø¯.
ERROR 2025-09-27 08:50:15 check_user_access check_user_factor_access Ø®Ø·Ø§ Ø¯Ø± Ø¨Ø±Ø±Ø³ÛŒ Ø¯Ø³ØªØ±Ø³ÛŒ Ú©Ø§Ø±Ø¨Ø± Ù…Ø¯ÛŒØ±Ø­Ø³Ø§Ø¨Ø¯Ø§Ø±ÛŒ: name 'AccessRule' is not defined
INFO 2025-09-27 08:50:15 check_user_access check_user_factor_access Ú©Ø§Ø±Ø¨Ø± Ù…Ø¯ÛŒØ±Ø­Ø³Ø§Ø¨Ø¯Ø§Ø±ÛŒ Ø¯Ø³ØªØ±Ø³ÛŒ Ú©Ø§Ù…Ù„ Ø¯Ø§Ø±Ø¯.
ERROR 2025-09-27 08:50:15 check_user_access check_user_factor_access Ø®Ø·Ø§ Ø¯Ø± Ø¨Ø±Ø±Ø³ÛŒ Ø¯Ø³ØªØ±Ø³ÛŒ Ú©Ø§Ø±Ø¨Ø± Ù…Ø¯ÛŒØ±Ø­Ø³Ø§Ø¨Ø¯Ø§Ø±ÛŒ: name 'AccessRule' is not defined
INFO 2025-09-27 08:50:15 check_user_access check_user_factor_access Ú©Ø§Ø±Ø¨Ø± Ù…Ø¯ÛŒØ±Ø­Ø³Ø§Ø¨Ø¯Ø§Ø±ÛŒ Ø¯Ø³ØªØ±Ø³ÛŒ Ú©Ø§Ù…Ù„ Ø¯Ø§Ø±Ø¯.
ERROR 2025-09-27 08:50:15 check_user_access check_user_factor_access Ø®Ø·Ø§ Ø¯Ø± Ø¨Ø±Ø±Ø³ÛŒ Ø¯Ø³ØªØ±Ø³ÛŒ Ú©Ø§Ø±Ø¨Ø± Ù…Ø¯ÛŒØ±Ø­Ø³Ø§Ø¨Ø¯Ø§Ø±ÛŒ: name 'AccessRule' is not defined
ERROR 2025-09-27 08:50:15 View_Factor_list get_context_data [FACTOR_LIST_CONTEXT] Ø®Ø·Ø§ Ø¯Ø± Ù¾Ø±Ø¯Ø§Ø²Ø´ ÙØ§Ú©ØªÙˆØ± FAC-TNKH-14040518-HSarein-HSAR-Flor3-001-14040605-HSarein-0001: Payee matching query does not exist.
Traceback (most recent call last):
  File "D:\Design & Source Code\Source Coding\BudgetsSystem\venv\Lib\site-packages\django\db\models\fields\related_descriptors.py", line 239, in __get__
    rel_obj = self.field.get_cached_value(instance)
  File "D:\Design & Source Code\Source Coding\BudgetsSystem\venv\Lib\site-packages\django\db\models\fields\mixins.py", line 37, in get_cached_value
    return instance._state.fields_cache[self.cache_name]
           ~~~~~~~~~~~~~~~~~~~~~~~~~~~~^^^^^^^^^^^^^^^^^
KeyError: 'payee'

During handling of the above exception, another exception occurred:

Traceback (most recent call last):
  File "D:\Design & Source Code\Source Coding\BudgetsSystem\tankhah\Factor\View_Factor_list.py", line 249, in get_context_data
    payee = getattr(factor, 'payee', None)
  File "D:\Design & Source Code\Source Coding\BudgetsSystem\venv\Lib\site-packages\django\db\models\fields\related_descriptors.py", line 257, in __get__
    rel_obj = self.get_object(instance)
  File "D:\Design & Source Code\Source Coding\BudgetsSystem\venv\Lib\site-packages\django\db\models\fields\related_descriptors.py", line 220, in get_object
    return qs.get(self.field.get_reverse_related_filter(instance))
           ~~~~~~^^^^^^^^^^^^^^^^^^^^^^^^^^^^^^^^^^^^^^^^^^^^^^^^^
  File "D:\Design & Source Code\Source Coding\BudgetsSystem\venv\Lib\site-packages\django\db\models\query.py", line 649, in get
    raise self.model.DoesNotExist(
        "%s matching query does not exist." % self.model._meta.object_name
    )
budgets.models.Payee.DoesNotExist: Payee matching query does not exist.
INFO 2025-09-27 08:50:15 check_user_access check_user_factor_access Ú©Ø§Ø±Ø¨Ø± Ù…Ø¯ÛŒØ±Ø­Ø³Ø§Ø¨Ø¯Ø§Ø±ÛŒ Ø¯Ø³ØªØ±Ø³ÛŒ Ú©Ø§Ù…Ù„ Ø¯Ø§Ø±Ø¯.
ERROR 2025-09-27 08:50:15 check_user_access check_user_factor_access Ø®Ø·Ø§ Ø¯Ø± Ø¨Ø±Ø±Ø³ÛŒ Ø¯Ø³ØªØ±Ø³ÛŒ Ú©Ø§Ø±Ø¨Ø± Ù…Ø¯ÛŒØ±Ø­Ø³Ø§Ø¨Ø¯Ø§Ø±ÛŒ: name 'AccessRule' is not defined
ERROR 2025-09-27 08:50:15 View_Factor_list get_context_data [FACTOR_LIST_CONTEXT] Ø®Ø·Ø§ Ø¯Ø± Ù¾Ø±Ø¯Ø§Ø²Ø´ ÙØ§Ú©ØªÙˆØ± FAC-TNKH-14040518-HSarein-HSAR-Flor3-001-14040604-HSarein-0001: Payee matching query does not exist.
Traceback (most recent call last):
  File "D:\Design & Source Code\Source Coding\BudgetsSystem\venv\Lib\site-packages\django\db\models\fields\related_descriptors.py", line 239, in __get__
    rel_obj = self.field.get_cached_value(instance)
  File "D:\Design & Source Code\Source Coding\BudgetsSystem\venv\Lib\site-packages\django\db\models\fields\mixins.py", line 37, in get_cached_value
    return instance._state.fields_cache[self.cache_name]
           ~~~~~~~~~~~~~~~~~~~~~~~~~~~~^^^^^^^^^^^^^^^^^
KeyError: 'payee'

During handling of the above exception, another exception occurred:

Traceback (most recent call last):
  File "D:\Design & Source Code\Source Coding\BudgetsSystem\tankhah\Factor\View_Factor_list.py", line 249, in get_context_data
    payee = getattr(factor, 'payee', None)
  File "D:\Design & Source Code\Source Coding\BudgetsSystem\venv\Lib\site-packages\django\db\models\fields\related_descriptors.py", line 257, in __get__
    rel_obj = self.get_object(instance)
  File "D:\Design & Source Code\Source Coding\BudgetsSystem\venv\Lib\site-packages\django\db\models\fields\related_descriptors.py", line 220, in get_object
    return qs.get(self.field.get_reverse_related_filter(instance))
           ~~~~~~^^^^^^^^^^^^^^^^^^^^^^^^^^^^^^^^^^^^^^^^^^^^^^^^^
  File "D:\Design & Source Code\Source Coding\BudgetsSystem\venv\Lib\site-packages\django\db\models\query.py", line 649, in get
    raise self.model.DoesNotExist(
        "%s matching query does not exist." % self.model._meta.object_name
    )
budgets.models.Payee.DoesNotExist: Payee matching query does not exist.
INFO 2025-09-27 08:50:15 check_user_access check_user_factor_access Ú©Ø§Ø±Ø¨Ø± Ù…Ø¯ÛŒØ±Ø­Ø³Ø§Ø¨Ø¯Ø§Ø±ÛŒ Ø¯Ø³ØªØ±Ø³ÛŒ Ú©Ø§Ù…Ù„ Ø¯Ø§Ø±Ø¯.
ERROR 2025-09-27 08:50:15 check_user_access check_user_factor_access Ø®Ø·Ø§ Ø¯Ø± Ø¨Ø±Ø±Ø³ÛŒ Ø¯Ø³ØªØ±Ø³ÛŒ Ú©Ø§Ø±Ø¨Ø± Ù…Ø¯ÛŒØ±Ø­Ø³Ø§Ø¨Ø¯Ø§Ø±ÛŒ: name 'AccessRule' is not defined
INFO 2025-09-27 08:50:16 models remove_inactive_users Ù‡ÛŒÚ† Ú©Ø§Ø±Ø¨Ø± ØºÛŒØ±ÙØ¹Ø§Ù„ÛŒ Ø¨Ø±Ø§ÛŒ Ø­Ø°Ù ÛŒØ§ÙØª Ù†Ø´Ø¯.
INFO 2025-09-27 08:50:16 middleware __call__ Ø¯Ø±Ø®ÙˆØ§Ø³Øª Ø¨Ù‡: /tankhah/factors/, Ú©Ø§Ø±Ø¨Ø±: Ù…Ø¯ÛŒØ±Ø­Ø³Ø§Ø¨Ø¯Ø§Ø±ÛŒ
INFO 2025-09-27 08:50:16 check_user_access check_user_factor_access Ú©Ø§Ø±Ø¨Ø± Ù…Ø¯ÛŒØ±Ø­Ø³Ø§Ø¨Ø¯Ø§Ø±ÛŒ Ø¯Ø³ØªØ±Ø³ÛŒ Ú©Ø§Ù…Ù„ Ø¯Ø§Ø±Ø¯.
ERROR 2025-09-27 08:50:16 check_user_access check_user_factor_access Ø®Ø·Ø§ Ø¯Ø± Ø¨Ø±Ø±Ø³ÛŒ Ø¯Ø³ØªØ±Ø³ÛŒ Ú©Ø§Ø±Ø¨Ø± Ù…Ø¯ÛŒØ±Ø­Ø³Ø§Ø¨Ø¯Ø§Ø±ÛŒ: name 'AccessRule' is not defined
INFO 2025-09-27 08:50:16 PermissionBase has_required_permissions [PERM_CHECK] User Ù…Ø¯ÛŒØ±Ø­Ø³Ø§Ø¨Ø¯Ø§Ø±ÛŒ has core organization â†’ full access granted.
INFO 2025-09-27 08:50:16 View_Factor_list get_context_data [FACTOR_LIST_CONTEXT] Ú¯Ø±ÙˆÙ‡â€ŒØ¨Ù†Ø¯ÛŒ ØªÚ©Ù…ÛŒÙ„ Ø´Ø¯. 1 Ø³Ø§Ø²Ù…Ø§Ù†ØŒ 15 ÙØ§Ú©ØªÙˆØ±ØŒ Ù…Ø¨Ù„Øº Ú©Ù„: 13321949.00
INFO 2025-09-27 08:50:16 PermissionBase dispatch [PERM_CHECK] User Ù…Ø¯ÛŒØ±Ø­Ø³Ø§Ø¨Ø¯Ø§Ø±ÛŒ passed base permission check for /tankhah/factors/
INFO 2025-09-27 08:50:16 PermissionBase get_user_active_organizations [PERM_CHECK] User Ù…Ø¯ÛŒØ±Ø­Ø³Ø§Ø¨Ø¯Ø§Ø±ÛŒ active orgs: [1, 2, 3, 4, 5, 6, 7] (has_core: True)
INFO 2025-09-27 08:50:16 PermissionBase dispatch [PERM_ORG] User Ù…Ø¯ÛŒØ±Ø­Ø³Ø§Ø¨Ø¯Ø§Ø±ÛŒ has access to organizations [1, 2, 3, 4, 5, 6, 7]
INFO 2025-09-27 08:50:16 View_Factor_list get_queryset [FACTOR_LIST] Ø´Ø±ÙˆØ¹ Ø¯Ø±ÛŒØ§ÙØª Ù„ÛŒØ³Øª ÙØ§Ú©ØªÙˆØ±Ù‡Ø§ Ø¨Ø±Ø§ÛŒ Ú©Ø§Ø±Ø¨Ø±: Ù…Ø¯ÛŒØ±Ø­Ø³Ø§Ø¨Ø¯Ø§Ø±ÛŒ
INFO 2025-09-27 08:50:16 View_Factor_list get_queryset [FACTOR_LIST] Ú©Ø§Ø±Ø¨Ø± Ù…Ø¯ÛŒØ±Ø­Ø³Ø§Ø¨Ø¯Ø§Ø±ÛŒ Ø¯Ø³ØªØ±Ø³ÛŒ Ù…Ø­Ø¯ÙˆØ¯ Ø¯Ø§Ø±Ø¯. Ø§Ø¹Ù…Ø§Ù„ ÙÛŒÙ„ØªØ± Ø³Ø§Ø²Ù…Ø§Ù†ÛŒ.
INFO 2025-09-27 08:50:16 PermissionBase get_queryset [PERM_CHECK] User Ù…Ø¯ÛŒØ±Ø­Ø³Ø§Ø¨Ø¯Ø§Ø±ÛŒ has core organization â†’ full queryset access.
INFO 2025-09-27 08:50:16 View_Factor_list get_queryset [FACTOR_LIST] ØªØ¹Ø¯Ø§Ø¯ Ø§ÙˆÙ„ÛŒÙ‡ ÙØ§Ú©ØªÙˆØ±Ù‡Ø§: 15
INFO 2025-09-27 08:50:16 View_Factor_list get_context_data [FACTOR_LIST_CONTEXT] Ø´Ø±ÙˆØ¹ Ø§ÛŒØ¬Ø§Ø¯ context Ø¨Ø±Ø§ÛŒ Ú©Ø§Ø±Ø¨Ø±: Ù…Ø¯ÛŒØ±Ø­Ø³Ø§Ø¨Ø¯Ø§Ø±ÛŒ
ERROR 2025-09-27 08:50:16 rcms_custom_filters format_negative Error formatting number Ø¨Ø¯ÙˆÙ† Ú©Ø¯ Ù…Ù„ÛŒ: could not convert string to float: 'Ø¨Ø¯ÙˆÙ† Ú©Ø¯ Ù…Ù„ÛŒ'
ERROR 2025-09-27 08:50:16 rcms_custom_filters format_negative Error formatting number Ø¨Ø¯ÙˆÙ† Ú©Ø¯ Ù…Ù„ÛŒ: could not convert string to float: 'Ø¨Ø¯ÙˆÙ† Ú©Ø¯ Ù…Ù„ÛŒ'
INFO 2025-09-27 08:50:16 middleware __call__ Ù¾Ø§Ø³Ø® Ø¨Ø±Ø§ÛŒ /tankhah/factors/ - Ú©Ø¯ ÙˆØ¶Ø¹ÛŒØª: 200
INFO 2025-09-27 08:50:16 View_Factor_list get_context_data [FACTOR_LIST_CONTEXT] Ù¾Ø±Ø¯Ø§Ø²Ø´ 15 ÙØ§Ú©ØªÙˆØ± Ø¨Ø±Ø§ÛŒ Ú¯Ø±ÙˆÙ‡â€ŒØ¨Ù†Ø¯ÛŒ
INFO 2025-09-27 08:50:16 check_user_access check_user_factor_access Ú©Ø§Ø±Ø¨Ø± Ù…Ø¯ÛŒØ±Ø­Ø³Ø§Ø¨Ø¯Ø§Ø±ÛŒ Ø¯Ø³ØªØ±Ø³ÛŒ Ú©Ø§Ù…Ù„ Ø¯Ø§Ø±Ø¯.
ERROR 2025-09-27 08:50:16 check_user_access check_user_factor_access Ø®Ø·Ø§ Ø¯Ø± Ø¨Ø±Ø±Ø³ÛŒ Ø¯Ø³ØªØ±Ø³ÛŒ Ú©Ø§Ø±Ø¨Ø± Ù…Ø¯ÛŒØ±Ø­Ø³Ø§Ø¨Ø¯Ø§Ø±ÛŒ: name 'AccessRule' is not defined
INFO 2025-09-27 08:50:16 check_user_access check_user_factor_access Ú©Ø§Ø±Ø¨Ø± Ù…Ø¯ÛŒØ±Ø­Ø³Ø§Ø¨Ø¯Ø§Ø±ÛŒ Ø¯Ø³ØªØ±Ø³ÛŒ Ú©Ø§Ù…Ù„ Ø¯Ø§Ø±Ø¯.
ERROR 2025-09-27 08:50:16 check_user_access check_user_factor_access Ø®Ø·Ø§ Ø¯Ø± Ø¨Ø±Ø±Ø³ÛŒ Ø¯Ø³ØªØ±Ø³ÛŒ Ú©Ø§Ø±Ø¨Ø± Ù…Ø¯ÛŒØ±Ø­Ø³Ø§Ø¨Ø¯Ø§Ø±ÛŒ: name 'AccessRule' is not defined
INFO 2025-09-27 08:50:16 check_user_access check_user_factor_access Ú©Ø§Ø±Ø¨Ø± Ù…Ø¯ÛŒØ±Ø­Ø³Ø§Ø¨Ø¯Ø§Ø±ÛŒ Ø¯Ø³ØªØ±Ø³ÛŒ Ú©Ø§Ù…Ù„ Ø¯Ø§Ø±Ø¯.
ERROR 2025-09-27 08:50:16 check_user_access check_user_factor_access Ø®Ø·Ø§ Ø¯Ø± Ø¨Ø±Ø±Ø³ÛŒ Ø¯Ø³ØªØ±Ø³ÛŒ Ú©Ø§Ø±Ø¨Ø± Ù…Ø¯ÛŒØ±Ø­Ø³Ø§Ø¨Ø¯Ø§Ø±ÛŒ: name 'AccessRule' is not defined
INFO 2025-09-27 08:50:16 check_user_access check_user_factor_access Ú©Ø§Ø±Ø¨Ø± Ù…Ø¯ÛŒØ±Ø­Ø³Ø§Ø¨Ø¯Ø§Ø±ÛŒ Ø¯Ø³ØªØ±Ø³ÛŒ Ú©Ø§Ù…Ù„ Ø¯Ø§Ø±Ø¯.
ERROR 2025-09-27 08:50:16 check_user_access check_user_factor_access Ø®Ø·Ø§ Ø¯Ø± Ø¨Ø±Ø±Ø³ÛŒ Ø¯Ø³ØªØ±Ø³ÛŒ Ú©Ø§Ø±Ø¨Ø± Ù…Ø¯ÛŒØ±Ø­Ø³Ø§Ø¨Ø¯Ø§Ø±ÛŒ: name 'AccessRule' is not defined
INFO 2025-09-27 08:50:16 check_user_access check_user_factor_access Ú©Ø§Ø±Ø¨Ø± Ù…Ø¯ÛŒØ±Ø­Ø³Ø§Ø¨Ø¯Ø§Ø±ÛŒ Ø¯Ø³ØªØ±Ø³ÛŒ Ú©Ø§Ù…Ù„ Ø¯Ø§Ø±Ø¯.
ERROR 2025-09-27 08:50:16 check_user_access check_user_factor_access Ø®Ø·Ø§ Ø¯Ø± Ø¨Ø±Ø±Ø³ÛŒ Ø¯Ø³ØªØ±Ø³ÛŒ Ú©Ø§Ø±Ø¨Ø± Ù…Ø¯ÛŒØ±Ø­Ø³Ø§Ø¨Ø¯Ø§Ø±ÛŒ: name 'AccessRule' is not defined
INFO 2025-09-27 08:50:16 check_user_access check_user_factor_access Ú©Ø§Ø±Ø¨Ø± Ù…Ø¯ÛŒØ±Ø­Ø³Ø§Ø¨Ø¯Ø§Ø±ÛŒ Ø¯Ø³ØªØ±Ø³ÛŒ Ú©Ø§Ù…Ù„ Ø¯Ø§Ø±Ø¯.
ERROR 2025-09-27 08:50:16 check_user_access check_user_factor_access Ø®Ø·Ø§ Ø¯Ø± Ø¨Ø±Ø±Ø³ÛŒ Ø¯Ø³ØªØ±Ø³ÛŒ Ú©Ø§Ø±Ø¨Ø± Ù…Ø¯ÛŒØ±Ø­Ø³Ø§Ø¨Ø¯Ø§Ø±ÛŒ: name 'AccessRule' is not defined
INFO 2025-09-27 08:50:16 check_user_access check_user_factor_access Ú©Ø§Ø±Ø¨Ø± Ù…Ø¯ÛŒØ±Ø­Ø³Ø§Ø¨Ø¯Ø§Ø±ÛŒ Ø¯Ø³ØªØ±Ø³ÛŒ Ú©Ø§Ù…Ù„ Ø¯Ø§Ø±Ø¯.
ERROR 2025-09-27 08:50:16 check_user_access check_user_factor_access Ø®Ø·Ø§ Ø¯Ø± Ø¨Ø±Ø±Ø³ÛŒ Ø¯Ø³ØªØ±Ø³ÛŒ Ú©Ø§Ø±Ø¨Ø± Ù…Ø¯ÛŒØ±Ø­Ø³Ø§Ø¨Ø¯Ø§Ø±ÛŒ: name 'AccessRule' is not defined
INFO 2025-09-27 08:50:16 check_user_access check_user_factor_access Ú©Ø§Ø±Ø¨Ø± Ù…Ø¯ÛŒØ±Ø­Ø³Ø§Ø¨Ø¯Ø§Ø±ÛŒ Ø¯Ø³ØªØ±Ø³ÛŒ Ú©Ø§Ù…Ù„ Ø¯Ø§Ø±Ø¯.
ERROR 2025-09-27 08:50:16 check_user_access check_user_factor_access Ø®Ø·Ø§ Ø¯Ø± Ø¨Ø±Ø±Ø³ÛŒ Ø¯Ø³ØªØ±Ø³ÛŒ Ú©Ø§Ø±Ø¨Ø± Ù…Ø¯ÛŒØ±Ø­Ø³Ø§Ø¨Ø¯Ø§Ø±ÛŒ: name 'AccessRule' is not defined
INFO 2025-09-27 08:50:16 check_user_access check_user_factor_access Ú©Ø§Ø±Ø¨Ø± Ù…Ø¯ÛŒØ±Ø­Ø³Ø§Ø¨Ø¯Ø§Ø±ÛŒ Ø¯Ø³ØªØ±Ø³ÛŒ Ú©Ø§Ù…Ù„ Ø¯Ø§Ø±Ø¯.
ERROR 2025-09-27 08:50:16 check_user_access check_user_factor_access Ø®Ø·Ø§ Ø¯Ø± Ø¨Ø±Ø±Ø³ÛŒ Ø¯Ø³ØªØ±Ø³ÛŒ Ú©Ø§Ø±Ø¨Ø± Ù…Ø¯ÛŒØ±Ø­Ø³Ø§Ø¨Ø¯Ø§Ø±ÛŒ: name 'AccessRule' is not defined
INFO 2025-09-27 08:50:16 check_user_access check_user_factor_access Ú©Ø§Ø±Ø¨Ø± Ù…Ø¯ÛŒØ±Ø­Ø³Ø§Ø¨Ø¯Ø§Ø±ÛŒ Ø¯Ø³ØªØ±Ø³ÛŒ Ú©Ø§Ù…Ù„ Ø¯Ø§Ø±Ø¯.
ERROR 2025-09-27 08:50:16 check_user_access check_user_factor_access Ø®Ø·Ø§ Ø¯Ø± Ø¨Ø±Ø±Ø³ÛŒ Ø¯Ø³ØªØ±Ø³ÛŒ Ú©Ø§Ø±Ø¨Ø± Ù…Ø¯ÛŒØ±Ø­Ø³Ø§Ø¨Ø¯Ø§Ø±ÛŒ: name 'AccessRule' is not defined
INFO 2025-09-27 08:50:17 check_user_access check_user_factor_access Ú©Ø§Ø±Ø¨Ø± Ù…Ø¯ÛŒØ±Ø­Ø³Ø§Ø¨Ø¯Ø§Ø±ÛŒ Ø¯Ø³ØªØ±Ø³ÛŒ Ú©Ø§Ù…Ù„ Ø¯Ø§Ø±Ø¯.
ERROR 2025-09-27 08:50:17 check_user_access check_user_factor_access Ø®Ø·Ø§ Ø¯Ø± Ø¨Ø±Ø±Ø³ÛŒ Ø¯Ø³ØªØ±Ø³ÛŒ Ú©Ø§Ø±Ø¨Ø± Ù…Ø¯ÛŒØ±Ø­Ø³Ø§Ø¨Ø¯Ø§Ø±ÛŒ: name 'AccessRule' is not defined
INFO 2025-09-27 08:50:17 check_user_access check_user_factor_access Ú©Ø§Ø±Ø¨Ø± Ù…Ø¯ÛŒØ±Ø­Ø³Ø§Ø¨Ø¯Ø§Ø±ÛŒ Ø¯Ø³ØªØ±Ø³ÛŒ Ú©Ø§Ù…Ù„ Ø¯Ø§Ø±Ø¯.
ERROR 2025-09-27 08:50:17 check_user_access check_user_factor_access Ø®Ø·Ø§ Ø¯Ø± Ø¨Ø±Ø±Ø³ÛŒ Ø¯Ø³ØªØ±Ø³ÛŒ Ú©Ø§Ø±Ø¨Ø± Ù…Ø¯ÛŒØ±Ø­Ø³Ø§Ø¨Ø¯Ø§Ø±ÛŒ: name 'AccessRule' is not defined
ERROR 2025-09-27 08:50:17 View_Factor_list get_context_data [FACTOR_LIST_CONTEXT] Ø®Ø·Ø§ Ø¯Ø± Ù¾Ø±Ø¯Ø§Ø²Ø´ ÙØ§Ú©ØªÙˆØ± FAC-TNKH-14040518-HSarein-HSAR-Flor3-001-14040605-HSarein-0001: Payee matching query does not exist.
Traceback (most recent call last):
  File "D:\Design & Source Code\Source Coding\BudgetsSystem\venv\Lib\site-packages\django\db\models\fields\related_descriptors.py", line 239, in __get__
    rel_obj = self.field.get_cached_value(instance)
  File "D:\Design & Source Code\Source Coding\BudgetsSystem\venv\Lib\site-packages\django\db\models\fields\mixins.py", line 37, in get_cached_value
    return instance._state.fields_cache[self.cache_name]
           ~~~~~~~~~~~~~~~~~~~~~~~~~~~~^^^^^^^^^^^^^^^^^
KeyError: 'payee'

During handling of the above exception, another exception occurred:

Traceback (most recent call last):
  File "D:\Design & Source Code\Source Coding\BudgetsSystem\tankhah\Factor\View_Factor_list.py", line 249, in get_context_data
    payee = getattr(factor, 'payee', None)
  File "D:\Design & Source Code\Source Coding\BudgetsSystem\venv\Lib\site-packages\django\db\models\fields\related_descriptors.py", line 257, in __get__
    rel_obj = self.get_object(instance)
  File "D:\Design & Source Code\Source Coding\BudgetsSystem\venv\Lib\site-packages\django\db\models\fields\related_descriptors.py", line 220, in get_object
    return qs.get(self.field.get_reverse_related_filter(instance))
           ~~~~~~^^^^^^^^^^^^^^^^^^^^^^^^^^^^^^^^^^^^^^^^^^^^^^^^^
  File "D:\Design & Source Code\Source Coding\BudgetsSystem\venv\Lib\site-packages\django\db\models\query.py", line 649, in get
    raise self.model.DoesNotExist(
        "%s matching query does not exist." % self.model._meta.object_name
    )
budgets.models.Payee.DoesNotExist: Payee matching query does not exist.
INFO 2025-09-27 08:50:17 check_user_access check_user_factor_access Ú©Ø§Ø±Ø¨Ø± Ù…Ø¯ÛŒØ±Ø­Ø³Ø§Ø¨Ø¯Ø§Ø±ÛŒ Ø¯Ø³ØªØ±Ø³ÛŒ Ú©Ø§Ù…Ù„ Ø¯Ø§Ø±Ø¯.
ERROR 2025-09-27 08:50:17 check_user_access check_user_factor_access Ø®Ø·Ø§ Ø¯Ø± Ø¨Ø±Ø±Ø³ÛŒ Ø¯Ø³ØªØ±Ø³ÛŒ Ú©Ø§Ø±Ø¨Ø± Ù…Ø¯ÛŒØ±Ø­Ø³Ø§Ø¨Ø¯Ø§Ø±ÛŒ: name 'AccessRule' is not defined
ERROR 2025-09-27 08:50:17 View_Factor_list get_context_data [FACTOR_LIST_CONTEXT] Ø®Ø·Ø§ Ø¯Ø± Ù¾Ø±Ø¯Ø§Ø²Ø´ ÙØ§Ú©ØªÙˆØ± FAC-TNKH-14040518-HSarein-HSAR-Flor3-001-14040604-HSarein-0001: Payee matching query does not exist.
Traceback (most recent call last):
  File "D:\Design & Source Code\Source Coding\BudgetsSystem\venv\Lib\site-packages\django\db\models\fields\related_descriptors.py", line 239, in __get__
    rel_obj = self.field.get_cached_value(instance)
  File "D:\Design & Source Code\Source Coding\BudgetsSystem\venv\Lib\site-packages\django\db\models\fields\mixins.py", line 37, in get_cached_value
    return instance._state.fields_cache[self.cache_name]
           ~~~~~~~~~~~~~~~~~~~~~~~~~~~~^^^^^^^^^^^^^^^^^
KeyError: 'payee'

During handling of the above exception, another exception occurred:

Traceback (most recent call last):
  File "D:\Design & Source Code\Source Coding\BudgetsSystem\tankhah\Factor\View_Factor_list.py", line 249, in get_context_data
    payee = getattr(factor, 'payee', None)
  File "D:\Design & Source Code\Source Coding\BudgetsSystem\venv\Lib\site-packages\django\db\models\fields\related_descriptors.py", line 257, in __get__
    rel_obj = self.get_object(instance)
  File "D:\Design & Source Code\Source Coding\BudgetsSystem\venv\Lib\site-packages\django\db\models\fields\related_descriptors.py", line 220, in get_object
    return qs.get(self.field.get_reverse_related_filter(instance))
           ~~~~~~^^^^^^^^^^^^^^^^^^^^^^^^^^^^^^^^^^^^^^^^^^^^^^^^^
  File "D:\Design & Source Code\Source Coding\BudgetsSystem\venv\Lib\site-packages\django\db\models\query.py", line 649, in get
    raise self.model.DoesNotExist(
        "%s matching query does not exist." % self.model._meta.object_name
    )
budgets.models.Payee.DoesNotExist: Payee matching query does not exist.
INFO 2025-09-27 08:50:17 check_user_access check_user_factor_access Ú©Ø§Ø±Ø¨Ø± Ù…Ø¯ÛŒØ±Ø­Ø³Ø§Ø¨Ø¯Ø§Ø±ÛŒ Ø¯Ø³ØªØ±Ø³ÛŒ Ú©Ø§Ù…Ù„ Ø¯Ø§Ø±Ø¯.
ERROR 2025-09-27 08:50:17 check_user_access check_user_factor_access Ø®Ø·Ø§ Ø¯Ø± Ø¨Ø±Ø±Ø³ÛŒ Ø¯Ø³ØªØ±Ø³ÛŒ Ú©Ø§Ø±Ø¨Ø± Ù…Ø¯ÛŒØ±Ø­Ø³Ø§Ø¨Ø¯Ø§Ø±ÛŒ: name 'AccessRule' is not defined
INFO 2025-09-27 08:50:17 check_user_access check_user_factor_access Ú©Ø§Ø±Ø¨Ø± Ù…Ø¯ÛŒØ±Ø­Ø³Ø§Ø¨Ø¯Ø§Ø±ÛŒ Ø¯Ø³ØªØ±Ø³ÛŒ Ú©Ø§Ù…Ù„ Ø¯Ø§Ø±Ø¯.
ERROR 2025-09-27 08:50:17 check_user_access check_user_factor_access Ø®Ø·Ø§ Ø¯Ø± Ø¨Ø±Ø±Ø³ÛŒ Ø¯Ø³ØªØ±Ø³ÛŒ Ú©Ø§Ø±Ø¨Ø± Ù…Ø¯ÛŒØ±Ø­Ø³Ø§Ø¨Ø¯Ø§Ø±ÛŒ: name 'AccessRule' is not defined
INFO 2025-09-27 08:50:17 View_Factor_list get_context_data [FACTOR_LIST_CONTEXT] Ú¯Ø±ÙˆÙ‡â€ŒØ¨Ù†Ø¯ÛŒ ØªÚ©Ù…ÛŒÙ„ Ø´Ø¯. 1 Ø³Ø§Ø²Ù…Ø§Ù†ØŒ 15 ÙØ§Ú©ØªÙˆØ±ØŒ Ù…Ø¨Ù„Øº Ú©Ù„: 13321949.00
ERROR 2025-09-27 08:50:17 rcms_custom_filters format_negative Error formatting number Ø¨Ø¯ÙˆÙ† Ú©Ø¯ Ù…Ù„ÛŒ: could not convert string to float: 'Ø¨Ø¯ÙˆÙ† Ú©Ø¯ Ù…Ù„ÛŒ'
ERROR 2025-09-27 08:50:17 rcms_custom_filters format_negative Error formatting number Ø¨Ø¯ÙˆÙ† Ú©Ø¯ Ù…Ù„ÛŒ: could not convert string to float: 'Ø¨Ø¯ÙˆÙ† Ú©Ø¯ Ù…Ù„ÛŒ'
INFO 2025-09-27 08:50:17 middleware __call__ Ù¾Ø§Ø³Ø® Ø¨Ø±Ø§ÛŒ /tankhah/factors/ - Ú©Ø¯ ÙˆØ¶Ø¹ÛŒØª: 200
INFO 2025-09-27 08:50:21 models remove_inactive_users Ù‡ÛŒÚ† Ú©Ø§Ø±Ø¨Ø± ØºÛŒØ±ÙØ¹Ø§Ù„ÛŒ Ø¨Ø±Ø§ÛŒ Ø­Ø°Ù ÛŒØ§ÙØª Ù†Ø´Ø¯.
INFO 2025-09-27 08:50:21 middleware __call__ Ø¯Ø±Ø®ÙˆØ§Ø³Øª Ø¨Ù‡: /tankhah/factor/80/perform-action/, Ú©Ø§Ø±Ø¨Ø±: Ù…Ø¯ÛŒØ±Ø­Ø³Ø§Ø¨Ø¯Ø§Ø±ÛŒ
INFO 2025-09-27 08:50:21 PermissionBase has_required_permissions [PERM_CHECK] User Ù…Ø¯ÛŒØ±Ø­Ø³Ø§Ø¨Ø¯Ø§Ø±ÛŒ has core organization â†’ full access granted.
INFO 2025-09-27 08:50:21 PermissionBase dispatch [PERM_CHECK] User Ù…Ø¯ÛŒØ±Ø­Ø³Ø§Ø¨Ø¯Ø§Ø±ÛŒ passed base permission check for /tankhah/factor/80/perform-action/
INFO 2025-09-27 08:50:21 PermissionBase get_user_active_organizations [PERM_CHECK] User Ù…Ø¯ÛŒØ±Ø­Ø³Ø§Ø¨Ø¯Ø§Ø±ÛŒ active orgs: [1, 2, 3, 4, 5, 6, 7] (has_core: True)
INFO 2025-09-27 08:50:21 PermissionBase dispatch [PERM_ORG] User Ù…Ø¯ÛŒØ±Ø­Ø³Ø§Ø¨Ø¯Ø§Ø±ÛŒ has access to organizations [1, 2, 3, 4, 5, 6, 7]
INFO 2025-09-27 08:50:21 budget_calculations get_committed_budget Calculated COMMITTED budget for Tankhah PK 20: 12000000.00
INFO 2025-09-27 08:50:21 budget_calculations get_committed_budget Calculated COMMITTED budget for Tankhah PK 20: 12000000.00
INFO 2025-09-27 08:50:21 budget_calculations get_available_budget Available budget for Tankhah PK 20: Initial(75000000.00) - Paid(0.00) - Committed(12000000.00) = 63000000.00
INFO 2025-09-27 08:50:21 PermissionBase get_user_active_organizations [PERM_CHECK] User Ù…Ø¯ÛŒØ±Ø­Ø³Ø§Ø¨Ø¯Ø§Ø±ÛŒ active orgs: [1, 2, 3, 4, 5, 6, 7] (has_core: True)
INFO 2025-09-27 08:50:21 views_FactorDetail get_user_allowed_transitions User Ù…Ø¯ÛŒØ±Ø­Ø³Ø§Ø¨Ø¯Ø§Ø±ÛŒ blocked by higher-level action (strict order enforced). user_min_level=3
INFO 2025-09-27 08:50:21 views_FactorDetail get_context_data [FACTOR_DETAIL] factor=80 status=APPROVED org=1 path_len=1 allowed_len=0 next_users_steps=1
ERROR 2025-09-27 08:50:21 rcms_custom_filters format_negative Error formatting number : could not convert string to float: ''
ERROR 2025-09-27 08:50:21 rcms_custom_filters format_negative Error formatting number : could not convert string to float: ''
ERROR 2025-09-27 08:50:21 rcms_custom_filters format_negative Error formatting number : could not convert string to float: ''
ERROR 2025-09-27 08:50:21 rcms_custom_filters format_negative Error formatting number : could not convert string to float: ''
ERROR 2025-09-27 08:50:21 rcms_custom_filters format_negative Error formatting number : could not convert string to float: ''
ERROR 2025-09-27 08:50:21 rcms_custom_filters format_negative Error formatting number : could not convert string to float: ''
ERROR 2025-09-27 08:50:21 rcms_custom_filters format_negative Error formatting number : could not convert string to float: ''
ERROR 2025-09-27 08:50:21 rcms_custom_filters format_negative Error formatting number : could not convert string to float: ''
ERROR 2025-09-27 08:50:21 rcms_custom_filters format_negative Error formatting number : could not convert string to float: ''
ERROR 2025-09-27 08:50:21 rcms_custom_filters format_negative Error formatting number : could not convert string to float: ''
INFO 2025-09-27 08:50:21 middleware __call__ Ù¾Ø§Ø³Ø® Ø¨Ø±Ø§ÛŒ /tankhah/factor/80/perform-action/ - Ú©Ø¯ ÙˆØ¶Ø¹ÛŒØª: 200
INFO 2025-09-27 08:55:51 models remove_inactive_users Ù‡ÛŒÚ† Ú©Ø§Ø±Ø¨Ø± ØºÛŒØ±ÙØ¹Ø§Ù„ÛŒ Ø¨Ø±Ø§ÛŒ Ø­Ø°Ù ÛŒØ§ÙØª Ù†Ø´Ø¯.
INFO 2025-09-27 08:55:51 middleware __call__ Ø¯Ø±Ø®ÙˆØ§Ø³Øª Ø¨Ù‡: /tankhah/factor/80/perform-action/, Ú©Ø§Ø±Ø¨Ø±: Ù…Ø¯ÛŒØ±Ø­Ø³Ø§Ø¨Ø¯Ø§Ø±ÛŒ
INFO 2025-09-27 08:55:51 PermissionBase has_required_permissions [PERM_CHECK] User Ù…Ø¯ÛŒØ±Ø­Ø³Ø§Ø¨Ø¯Ø§Ø±ÛŒ has core organization â†’ full access granted.
INFO 2025-09-27 08:55:51 PermissionBase dispatch [PERM_CHECK] User Ù…Ø¯ÛŒØ±Ø­Ø³Ø§Ø¨Ø¯Ø§Ø±ÛŒ passed base permission check for /tankhah/factor/80/perform-action/
INFO 2025-09-27 08:55:51 PermissionBase get_user_active_organizations [PERM_CHECK] User Ù…Ø¯ÛŒØ±Ø­Ø³Ø§Ø¨Ø¯Ø§Ø±ÛŒ active orgs: [1, 2, 3, 4, 5, 6, 7] (has_core: True)
INFO 2025-09-27 08:55:51 PermissionBase dispatch [PERM_ORG] User Ù…Ø¯ÛŒØ±Ø­Ø³Ø§Ø¨Ø¯Ø§Ø±ÛŒ has access to organizations [1, 2, 3, 4, 5, 6, 7]
INFO 2025-09-27 08:55:51 budget_calculations get_committed_budget Calculated COMMITTED budget for Tankhah PK 20: 12000000.00
INFO 2025-09-27 08:55:51 budget_calculations get_committed_budget Calculated COMMITTED budget for Tankhah PK 20: 12000000.00
INFO 2025-09-27 08:55:51 budget_calculations get_available_budget Available budget for Tankhah PK 20: Initial(75000000.00) - Paid(0.00) - Committed(12000000.00) = 63000000.00
INFO 2025-09-27 08:55:51 PermissionBase get_user_active_organizations [PERM_CHECK] User Ù…Ø¯ÛŒØ±Ø­Ø³Ø§Ø¨Ø¯Ø§Ø±ÛŒ active orgs: [1, 2, 3, 4, 5, 6, 7] (has_core: True)
INFO 2025-09-27 08:55:51 views_FactorDetail get_user_allowed_transitions User Ù…Ø¯ÛŒØ±Ø­Ø³Ø§Ø¨Ø¯Ø§Ø±ÛŒ blocked by higher-level action (strict order enforced). user_min_level=3
INFO 2025-09-27 08:55:51 views_FactorDetail get_context_data [FACTOR_DETAIL] factor=80 status=APPROVED org=1 path_len=1 allowed_len=0 next_users_steps=1
ERROR 2025-09-27 08:55:51 rcms_custom_filters format_negative Error formatting number : could not convert string to float: ''
ERROR 2025-09-27 08:55:51 rcms_custom_filters format_negative Error formatting number : could not convert string to float: ''
ERROR 2025-09-27 08:55:51 rcms_custom_filters format_negative Error formatting number : could not convert string to float: ''
ERROR 2025-09-27 08:55:51 rcms_custom_filters format_negative Error formatting number : could not convert string to float: ''
ERROR 2025-09-27 08:55:51 rcms_custom_filters format_negative Error formatting number : could not convert string to float: ''
ERROR 2025-09-27 08:55:52 rcms_custom_filters format_negative Error formatting number : could not convert string to float: ''
ERROR 2025-09-27 08:55:52 rcms_custom_filters format_negative Error formatting number : could not convert string to float: ''
ERROR 2025-09-27 08:55:52 rcms_custom_filters format_negative Error formatting number : could not convert string to float: ''
ERROR 2025-09-27 08:55:52 rcms_custom_filters format_negative Error formatting number : could not convert string to float: ''
ERROR 2025-09-27 08:55:52 rcms_custom_filters format_negative Error formatting number : could not convert string to float: ''
INFO 2025-09-27 08:55:52 middleware __call__ Ù¾Ø§Ø³Ø® Ø¨Ø±Ø§ÛŒ /tankhah/factor/80/perform-action/ - Ú©Ø¯ ÙˆØ¶Ø¹ÛŒØª: 200
INFO 2025-09-27 08:56:00 models remove_inactive_users Ù‡ÛŒÚ† Ú©Ø§Ø±Ø¨Ø± ØºÛŒØ±ÙØ¹Ø§Ù„ÛŒ Ø¨Ø±Ø§ÛŒ Ø­Ø°Ù ÛŒØ§ÙØª Ù†Ø´Ø¯.
INFO 2025-09-27 08:56:00 middleware __call__ Ø¯Ø±Ø®ÙˆØ§Ø³Øª Ø¨Ù‡: /tankhah/factor/80/perform-action/, Ú©Ø§Ø±Ø¨Ø±: Ù…Ø¯ÛŒØ±Ø­Ø³Ø§Ø¨Ø¯Ø§Ø±ÛŒ
INFO 2025-09-27 08:56:00 PermissionBase has_required_permissions [PERM_CHECK] User Ù…Ø¯ÛŒØ±Ø­Ø³Ø§Ø¨Ø¯Ø§Ø±ÛŒ has core organization â†’ full access granted.
INFO 2025-09-27 08:56:00 PermissionBase dispatch [PERM_CHECK] User Ù…Ø¯ÛŒØ±Ø­Ø³Ø§Ø¨Ø¯Ø§Ø±ÛŒ passed base permission check for /tankhah/factor/80/perform-action/
INFO 2025-09-27 08:56:00 PermissionBase get_user_active_organizations [PERM_CHECK] User Ù…Ø¯ÛŒØ±Ø­Ø³Ø§Ø¨Ø¯Ø§Ø±ÛŒ active orgs: [1, 2, 3, 4, 5, 6, 7] (has_core: True)
INFO 2025-09-27 08:56:00 PermissionBase dispatch [PERM_ORG] User Ù…Ø¯ÛŒØ±Ø­Ø³Ø§Ø¨Ø¯Ø§Ø±ÛŒ has access to organizations [1, 2, 3, 4, 5, 6, 7]
INFO 2025-09-27 08:56:00 budget_calculations get_committed_budget Calculated COMMITTED budget for Tankhah PK 20: 12000000.00
INFO 2025-09-27 08:56:00 budget_calculations get_committed_budget Calculated COMMITTED budget for Tankhah PK 20: 12000000.00
INFO 2025-09-27 08:56:00 budget_calculations get_available_budget Available budget for Tankhah PK 20: Initial(75000000.00) - Paid(0.00) - Committed(12000000.00) = 63000000.00
INFO 2025-09-27 08:56:00 PermissionBase get_user_active_organizations [PERM_CHECK] User Ù…Ø¯ÛŒØ±Ø­Ø³Ø§Ø¨Ø¯Ø§Ø±ÛŒ active orgs: [1, 2, 3, 4, 5, 6, 7] (has_core: True)
INFO 2025-09-27 08:56:00 views_FactorDetail get_user_allowed_transitions User Ù…Ø¯ÛŒØ±Ø­Ø³Ø§Ø¨Ø¯Ø§Ø±ÛŒ blocked by higher-level action (strict order enforced). user_min_level=3
INFO 2025-09-27 08:56:00 views_FactorDetail get_context_data [FACTOR_DETAIL] factor=80 status=APPROVED org=1 path_len=1 allowed_len=0 next_users_steps=1
ERROR 2025-09-27 08:56:00 rcms_custom_filters format_negative Error formatting number : could not convert string to float: ''
ERROR 2025-09-27 08:56:00 rcms_custom_filters format_negative Error formatting number : could not convert string to float: ''
ERROR 2025-09-27 08:56:00 rcms_custom_filters format_negative Error formatting number : could not convert string to float: ''
ERROR 2025-09-27 08:56:00 rcms_custom_filters format_negative Error formatting number : could not convert string to float: ''
ERROR 2025-09-27 08:56:00 rcms_custom_filters format_negative Error formatting number : could not convert string to float: ''
ERROR 2025-09-27 08:56:00 rcms_custom_filters format_negative Error formatting number : could not convert string to float: ''
ERROR 2025-09-27 08:56:00 rcms_custom_filters format_negative Error formatting number : could not convert string to float: ''
ERROR 2025-09-27 08:56:00 rcms_custom_filters format_negative Error formatting number : could not convert string to float: ''
ERROR 2025-09-27 08:56:00 rcms_custom_filters format_negative Error formatting number : could not convert string to float: ''
ERROR 2025-09-27 08:56:00 rcms_custom_filters format_negative Error formatting number : could not convert string to float: ''
INFO 2025-09-27 08:56:00 middleware __call__ Ù¾Ø§Ø³Ø® Ø¨Ø±Ø§ÛŒ /tankhah/factor/80/perform-action/ - Ú©Ø¯ ÙˆØ¶Ø¹ÛŒØª: 200
INFO 2025-09-27 08:57:22 models remove_inactive_users Ù‡ÛŒÚ† Ú©Ø§Ø±Ø¨Ø± ØºÛŒØ±ÙØ¹Ø§Ù„ÛŒ Ø¨Ø±Ø§ÛŒ Ø­Ø°Ù ÛŒØ§ÙØª Ù†Ø´Ø¯.
INFO 2025-09-27 08:57:22 middleware __call__ Ø¯Ø±Ø®ÙˆØ§Ø³Øª Ø¨Ù‡: /tankhah/factor/80/perform-action/, Ú©Ø§Ø±Ø¨Ø±: Ù…Ø¯ÛŒØ±Ø­Ø³Ø§Ø¨Ø¯Ø§Ø±ÛŒ
INFO 2025-09-27 08:57:22 PermissionBase has_required_permissions [PERM_CHECK] User Ù…Ø¯ÛŒØ±Ø­Ø³Ø§Ø¨Ø¯Ø§Ø±ÛŒ has core organization â†’ full access granted.
INFO 2025-09-27 08:57:22 PermissionBase dispatch [PERM_CHECK] User Ù…Ø¯ÛŒØ±Ø­Ø³Ø§Ø¨Ø¯Ø§Ø±ÛŒ passed base permission check for /tankhah/factor/80/perform-action/
INFO 2025-09-27 08:57:22 PermissionBase get_user_active_organizations [PERM_CHECK] User Ù…Ø¯ÛŒØ±Ø­Ø³Ø§Ø¨Ø¯Ø§Ø±ÛŒ active orgs: [1, 2, 3, 4, 5, 6, 7] (has_core: True)
INFO 2025-09-27 08:57:22 PermissionBase dispatch [PERM_ORG] User Ù…Ø¯ÛŒØ±Ø­Ø³Ø§Ø¨Ø¯Ø§Ø±ÛŒ has access to organizations [1, 2, 3, 4, 5, 6, 7]
INFO 2025-09-27 08:57:22 budget_calculations get_committed_budget Calculated COMMITTED budget for Tankhah PK 20: 12000000.00
INFO 2025-09-27 08:57:22 budget_calculations get_committed_budget Calculated COMMITTED budget for Tankhah PK 20: 12000000.00
INFO 2025-09-27 08:57:22 budget_calculations get_available_budget Available budget for Tankhah PK 20: Initial(75000000.00) - Paid(0.00) - Committed(12000000.00) = 63000000.00
INFO 2025-09-27 08:57:22 PermissionBase get_user_active_organizations [PERM_CHECK] User Ù…Ø¯ÛŒØ±Ø­Ø³Ø§Ø¨Ø¯Ø§Ø±ÛŒ active orgs: [1, 2, 3, 4, 5, 6, 7] (has_core: True)
INFO 2025-09-27 08:57:23 views_FactorDetail get_user_allowed_transitions User Ù…Ø¯ÛŒØ±Ø­Ø³Ø§Ø¨Ø¯Ø§Ø±ÛŒ blocked by higher-level action (strict order enforced). user_min_level=3
INFO 2025-09-27 08:57:23 views_FactorDetail get_context_data [FACTOR_DETAIL] factor=80 status=APPROVED org=1 path_len=1 allowed_len=0 next_users_steps=1
ERROR 2025-09-27 08:57:23 rcms_custom_filters format_negative Error formatting number : could not convert string to float: ''
ERROR 2025-09-27 08:57:23 rcms_custom_filters format_negative Error formatting number : could not convert string to float: ''
ERROR 2025-09-27 08:57:23 rcms_custom_filters format_negative Error formatting number : could not convert string to float: ''
ERROR 2025-09-27 08:57:23 rcms_custom_filters format_negative Error formatting number : could not convert string to float: ''
ERROR 2025-09-27 08:57:23 rcms_custom_filters format_negative Error formatting number : could not convert string to float: ''
ERROR 2025-09-27 08:57:23 rcms_custom_filters format_negative Error formatting number : could not convert string to float: ''
ERROR 2025-09-27 08:57:23 rcms_custom_filters format_negative Error formatting number : could not convert string to float: ''
ERROR 2025-09-27 08:57:23 rcms_custom_filters format_negative Error formatting number : could not convert string to float: ''
ERROR 2025-09-27 08:57:23 rcms_custom_filters format_negative Error formatting number : could not convert string to float: ''
ERROR 2025-09-27 08:57:23 rcms_custom_filters format_negative Error formatting number : could not convert string to float: ''
INFO 2025-09-27 08:57:23 middleware __call__ Ù¾Ø§Ø³Ø® Ø¨Ø±Ø§ÛŒ /tankhah/factor/80/perform-action/ - Ú©Ø¯ ÙˆØ¶Ø¹ÛŒØª: 200
INFO 2025-09-27 08:57:35 models remove_inactive_users Ù‡ÛŒÚ† Ú©Ø§Ø±Ø¨Ø± ØºÛŒØ±ÙØ¹Ø§Ù„ÛŒ Ø¨Ø±Ø§ÛŒ Ø­Ø°Ù ÛŒØ§ÙØª Ù†Ø´Ø¯.
INFO 2025-09-27 08:57:35 middleware __call__ Ø¯Ø±Ø®ÙˆØ§Ø³Øª Ø¨Ù‡: /, Ú©Ø§Ø±Ø¨Ø±: admin
INFO 2025-09-27 08:57:36 middleware __call__ Ù¾Ø§Ø³Ø® Ø¨Ø±Ø§ÛŒ / - Ú©Ø¯ ÙˆØ¶Ø¹ÛŒØª: 200
INFO 2025-09-27 08:57:44 models remove_inactive_users Ù‡ÛŒÚ† Ú©Ø§Ø±Ø¨Ø± ØºÛŒØ±ÙØ¹Ø§Ù„ÛŒ Ø¨Ø±Ø§ÛŒ Ø­Ø°Ù ÛŒØ§ÙØª Ù†Ø´Ø¯.
INFO 2025-09-27 08:57:44 middleware __call__ Ø¯Ø±Ø®ÙˆØ§Ø³Øª Ø¨Ù‡: /posts/, Ú©Ø§Ø±Ø¨Ø±: admin
INFO 2025-09-27 08:57:44 PermissionBase has_required_permissions [PERM_CHECK] User admin is superuser â†’ full access granted.
INFO 2025-09-27 08:57:44 PermissionBase dispatch [PERM_CHECK] User admin passed base permission check for /posts/
INFO 2025-09-27 08:57:44 PermissionBase get_queryset [PERM_CHECK] User admin is superuser â†’ full queryset access.
INFO 2025-09-27 08:57:44 views get_queryset Sorting posts from low to high level
INFO 2025-09-27 08:57:44 middleware __call__ Ù¾Ø§Ø³Ø® Ø¨Ø±Ø§ÛŒ /posts/ - Ú©Ø¯ ÙˆØ¶Ø¹ÛŒØª: 200
INFO 2025-09-27 08:57:47 models remove_inactive_users Ù‡ÛŒÚ† Ú©Ø§Ø±Ø¨Ø± ØºÛŒØ±ÙØ¹Ø§Ù„ÛŒ Ø¨Ø±Ø§ÛŒ Ø­Ø°Ù ÛŒØ§ÙØª Ù†Ø´Ø¯.
INFO 2025-09-27 08:57:47 middleware __call__ Ø¯Ø±Ø®ÙˆØ§Ø³Øª Ø¨Ù‡: /posts/, Ú©Ø§Ø±Ø¨Ø±: admin
INFO 2025-09-27 08:57:47 PermissionBase has_required_permissions [PERM_CHECK] User admin is superuser â†’ full access granted.
INFO 2025-09-27 08:57:47 PermissionBase dispatch [PERM_CHECK] User admin passed base permission check for /posts/
INFO 2025-09-27 08:57:47 PermissionBase get_queryset [PERM_CHECK] User admin is superuser â†’ full queryset access.
INFO 2025-09-27 08:57:47 views get_queryset Filtering posts by branch: 1
INFO 2025-09-27 08:57:47 views get_queryset Sorting posts from low to high level
INFO 2025-09-27 08:57:48 middleware __call__ Ù¾Ø§Ø³Ø® Ø¨Ø±Ø§ÛŒ /posts/ - Ú©Ø¯ ÙˆØ¶Ø¹ÛŒØª: 200
INFO 2025-09-27 08:57:50 models remove_inactive_users Ù‡ÛŒÚ† Ú©Ø§Ø±Ø¨Ø± ØºÛŒØ±ÙØ¹Ø§Ù„ÛŒ Ø¨Ø±Ø§ÛŒ Ø­Ø°Ù ÛŒØ§ÙØª Ù†Ø´Ø¯.
INFO 2025-09-27 08:57:50 middleware __call__ Ø¯Ø±Ø®ÙˆØ§Ø³Øª Ø¨Ù‡: /posts/, Ú©Ø§Ø±Ø¨Ø±: admin
INFO 2025-09-27 08:57:50 PermissionBase has_required_permissions [PERM_CHECK] User admin is superuser â†’ full access granted.
INFO 2025-09-27 08:57:50 PermissionBase dispatch [PERM_CHECK] User admin passed base permission check for /posts/
INFO 2025-09-27 08:57:50 PermissionBase get_queryset [PERM_CHECK] User admin is superuser â†’ full queryset access.
INFO 2025-09-27 08:57:50 views get_queryset Filtering posts by organization: 7
INFO 2025-09-27 08:57:50 views get_queryset Filtering posts by branch: 1
INFO 2025-09-27 08:57:50 views get_queryset Sorting posts from low to high level
INFO 2025-09-27 08:57:50 middleware __call__ Ù¾Ø§Ø³Ø® Ø¨Ø±Ø§ÛŒ /posts/ - Ú©Ø¯ ÙˆØ¶Ø¹ÛŒØª: 200
INFO 2025-09-27 08:57:55 models remove_inactive_users Ù‡ÛŒÚ† Ú©Ø§Ø±Ø¨Ø± ØºÛŒØ±ÙØ¹Ø§Ù„ÛŒ Ø¨Ø±Ø§ÛŒ Ø­Ø°Ù ÛŒØ§ÙØª Ù†Ø´Ø¯.
INFO 2025-09-27 08:57:55 middleware __call__ Ø¯Ø±Ø®ÙˆØ§Ø³Øª Ø¨Ù‡: /posts/, Ú©Ø§Ø±Ø¨Ø±: admin
INFO 2025-09-27 08:57:55 PermissionBase has_required_permissions [PERM_CHECK] User admin is superuser â†’ full access granted.
INFO 2025-09-27 08:57:55 PermissionBase dispatch [PERM_CHECK] User admin passed base permission check for /posts/
INFO 2025-09-27 08:57:55 PermissionBase get_queryset [PERM_CHECK] User admin is superuser â†’ full queryset access.
INFO 2025-09-27 08:57:55 views get_queryset Filtering posts by organization: 7
INFO 2025-09-27 08:57:55 views get_queryset Sorting posts from low to high level
INFO 2025-09-27 08:57:55 middleware __call__ Ù¾Ø§Ø³Ø® Ø¨Ø±Ø§ÛŒ /posts/ - Ú©Ø¯ ÙˆØ¶Ø¹ÛŒØª: 200
INFO 2025-09-27 08:57:59 models remove_inactive_users Ù‡ÛŒÚ† Ú©Ø§Ø±Ø¨Ø± ØºÛŒØ±ÙØ¹Ø§Ù„ÛŒ Ø¨Ø±Ø§ÛŒ Ø­Ø°Ù ÛŒØ§ÙØª Ù†Ø´Ø¯.
INFO 2025-09-27 08:57:59 middleware __call__ Ø¯Ø±Ø®ÙˆØ§Ø³Øª Ø¨Ù‡: /posts/, Ú©Ø§Ø±Ø¨Ø±: admin
INFO 2025-09-27 08:57:59 PermissionBase has_required_permissions [PERM_CHECK] User admin is superuser â†’ full access granted.
INFO 2025-09-27 08:57:59 PermissionBase dispatch [PERM_CHECK] User admin passed base permission check for /posts/
INFO 2025-09-27 08:57:59 PermissionBase get_queryset [PERM_CHECK] User admin is superuser â†’ full queryset access.
INFO 2025-09-27 08:57:59 views get_queryset Sorting posts from low to high level
INFO 2025-09-27 08:57:59 middleware __call__ Ù¾Ø§Ø³Ø® Ø¨Ø±Ø§ÛŒ /posts/ - Ú©Ø¯ ÙˆØ¶Ø¹ÛŒØª: 200
INFO 2025-09-27 08:58:05 models remove_inactive_users Ù‡ÛŒÚ† Ú©Ø§Ø±Ø¨Ø± ØºÛŒØ±ÙØ¹Ø§Ù„ÛŒ Ø¨Ø±Ø§ÛŒ Ø­Ø°Ù ÛŒØ§ÙØª Ù†Ø´Ø¯.
INFO 2025-09-27 08:58:05 middleware __call__ Ø¯Ø±Ø®ÙˆØ§Ø³Øª Ø¨Ù‡: /posts/22/update/, Ú©Ø§Ø±Ø¨Ø±: admin
INFO 2025-09-27 08:58:05 PermissionBase has_required_permissions [PERM_CHECK] User admin is superuser â†’ full access granted.
INFO 2025-09-27 08:58:05 PermissionBase dispatch [PERM_CHECK] User admin passed base permission check for /posts/22/update/
INFO 2025-09-27 08:58:05 PermissionBase get_queryset [PERM_CHECK] User admin is superuser â†’ full queryset access.
INFO 2025-09-27 08:58:05 middleware __call__ Ù¾Ø§Ø³Ø® Ø¨Ø±Ø§ÛŒ /posts/22/update/ - Ú©Ø¯ ÙˆØ¶Ø¹ÛŒØª: 200
INFO 2025-09-27 08:58:13 models remove_inactive_users Ù‡ÛŒÚ† Ú©Ø§Ø±Ø¨Ø± ØºÛŒØ±ÙØ¹Ø§Ù„ÛŒ Ø¨Ø±Ø§ÛŒ Ø­Ø°Ù ÛŒØ§ÙØª Ù†Ø´Ø¯.
INFO 2025-09-27 08:58:13 middleware __call__ Ø¯Ø±Ø®ÙˆØ§Ø³Øª Ø¨Ù‡: /posts/22/update/, Ú©Ø§Ø±Ø¨Ø±: admin
INFO 2025-09-27 08:58:13 PermissionBase has_required_permissions [PERM_CHECK] User admin is superuser â†’ full access granted.
INFO 2025-09-27 08:58:13 PermissionBase dispatch [PERM_CHECK] User admin passed base permission check for /posts/22/update/
INFO 2025-09-27 08:58:13 PermissionBase get_queryset [PERM_CHECK] User admin is superuser â†’ full queryset access.
INFO 2025-09-27 08:58:13 middleware __call__ Ù¾Ø§Ø³Ø® Ø¨Ø±Ø§ÛŒ /posts/22/update/ - Ú©Ø¯ ÙˆØ¶Ø¹ÛŒØª: 200
INFO 2025-09-27 08:58:19 models remove_inactive_users Ù‡ÛŒÚ† Ú©Ø§Ø±Ø¨Ø± ØºÛŒØ±ÙØ¹Ø§Ù„ÛŒ Ø¨Ø±Ø§ÛŒ Ø­Ø°Ù ÛŒØ§ÙØª Ù†Ø´Ø¯.
INFO 2025-09-27 08:58:19 middleware __call__ Ø¯Ø±Ø®ÙˆØ§Ø³Øª Ø¨Ù‡: /posts/, Ú©Ø§Ø±Ø¨Ø±: admin
INFO 2025-09-27 08:58:19 PermissionBase has_required_permissions [PERM_CHECK] User admin is superuser â†’ full access granted.
INFO 2025-09-27 08:58:19 PermissionBase dispatch [PERM_CHECK] User admin passed base permission check for /posts/
INFO 2025-09-27 08:58:19 PermissionBase get_queryset [PERM_CHECK] User admin is superuser â†’ full queryset access.
INFO 2025-09-27 08:58:19 views get_queryset Sorting posts from low to high level
INFO 2025-09-27 08:58:19 middleware __call__ Ù¾Ø§Ø³Ø® Ø¨Ø±Ø§ÛŒ /posts/ - Ú©Ø¯ ÙˆØ¶Ø¹ÛŒØª: 200
INFO 2025-09-27 08:58:23 models remove_inactive_users Ù‡ÛŒÚ† Ú©Ø§Ø±Ø¨Ø± ØºÛŒØ±ÙØ¹Ø§Ù„ÛŒ Ø¨Ø±Ø§ÛŒ Ø­Ø°Ù ÛŒØ§ÙØª Ù†Ø´Ø¯.
INFO 2025-09-27 08:58:23 middleware __call__ Ø¯Ø±Ø®ÙˆØ§Ø³Øª Ø¨Ù‡: /posts/19/update/, Ú©Ø§Ø±Ø¨Ø±: admin
INFO 2025-09-27 08:58:23 PermissionBase has_required_permissions [PERM_CHECK] User admin is superuser â†’ full access granted.
INFO 2025-09-27 08:58:23 PermissionBase dispatch [PERM_CHECK] User admin passed base permission check for /posts/19/update/
INFO 2025-09-27 08:58:23 PermissionBase get_queryset [PERM_CHECK] User admin is superuser â†’ full queryset access.
INFO 2025-09-27 08:58:23 middleware __call__ Ù¾Ø§Ø³Ø® Ø¨Ø±Ø§ÛŒ /posts/19/update/ - Ú©Ø¯ ÙˆØ¶Ø¹ÛŒØª: 200
INFO 2025-09-27 08:58:26 models remove_inactive_users Ù‡ÛŒÚ† Ú©Ø§Ø±Ø¨Ø± ØºÛŒØ±ÙØ¹Ø§Ù„ÛŒ Ø¨Ø±Ø§ÛŒ Ø­Ø°Ù ÛŒØ§ÙØª Ù†Ø´Ø¯.
INFO 2025-09-27 08:58:26 middleware __call__ Ø¯Ø±Ø®ÙˆØ§Ø³Øª Ø¨Ù‡: /posts/19/update/, Ú©Ø§Ø±Ø¨Ø±: admin
INFO 2025-09-27 08:58:26 PermissionBase has_required_permissions [PERM_CHECK] User admin is superuser â†’ full access granted.
INFO 2025-09-27 08:58:26 PermissionBase dispatch [PERM_CHECK] User admin passed base permission check for /posts/19/update/
INFO 2025-09-27 08:58:26 PermissionBase get_queryset [PERM_CHECK] User admin is superuser â†’ full queryset access.
INFO 2025-09-27 08:58:26 middleware __call__ Ù¾Ø§Ø³Ø® Ø¨Ø±Ø§ÛŒ /posts/19/update/ - Ú©Ø¯ ÙˆØ¶Ø¹ÛŒØª: 302
INFO 2025-09-27 08:58:26 models remove_inactive_users Ù‡ÛŒÚ† Ú©Ø§Ø±Ø¨Ø± ØºÛŒØ±ÙØ¹Ø§Ù„ÛŒ Ø¨Ø±Ø§ÛŒ Ø­Ø°Ù ÛŒØ§ÙØª Ù†Ø´Ø¯.
INFO 2025-09-27 08:58:26 middleware __call__ Ø¯Ø±Ø®ÙˆØ§Ø³Øª Ø¨Ù‡: /posts/, Ú©Ø§Ø±Ø¨Ø±: admin
INFO 2025-09-27 08:58:26 PermissionBase has_required_permissions [PERM_CHECK] User admin is superuser â†’ full access granted.
INFO 2025-09-27 08:58:26 PermissionBase dispatch [PERM_CHECK] User admin passed base permission check for /posts/
INFO 2025-09-27 08:58:26 PermissionBase get_queryset [PERM_CHECK] User admin is superuser â†’ full queryset access.
INFO 2025-09-27 08:58:26 views get_queryset Sorting posts from low to high level
INFO 2025-09-27 08:58:26 middleware __call__ Ù¾Ø§Ø³Ø® Ø¨Ø±Ø§ÛŒ /posts/ - Ú©Ø¯ ÙˆØ¶Ø¹ÛŒØª: 200
INFO 2025-09-27 08:58:29 models remove_inactive_users Ù‡ÛŒÚ† Ú©Ø§Ø±Ø¨Ø± ØºÛŒØ±ÙØ¹Ø§Ù„ÛŒ Ø¨Ø±Ø§ÛŒ Ø­Ø°Ù ÛŒØ§ÙØª Ù†Ø´Ø¯.
INFO 2025-09-27 08:58:29 middleware __call__ Ø¯Ø±Ø®ÙˆØ§Ø³Øª Ø¨Ù‡: /posts/18/update/, Ú©Ø§Ø±Ø¨Ø±: admin
INFO 2025-09-27 08:58:29 PermissionBase has_required_permissions [PERM_CHECK] User admin is superuser â†’ full access granted.
INFO 2025-09-27 08:58:29 PermissionBase dispatch [PERM_CHECK] User admin passed base permission check for /posts/18/update/
INFO 2025-09-27 08:58:29 PermissionBase get_queryset [PERM_CHECK] User admin is superuser â†’ full queryset access.
INFO 2025-09-27 08:58:29 middleware __call__ Ù¾Ø§Ø³Ø® Ø¨Ø±Ø§ÛŒ /posts/18/update/ - Ú©Ø¯ ÙˆØ¶Ø¹ÛŒØª: 200
INFO 2025-09-27 08:58:35 models remove_inactive_users Ù‡ÛŒÚ† Ú©Ø§Ø±Ø¨Ø± ØºÛŒØ±ÙØ¹Ø§Ù„ÛŒ Ø¨Ø±Ø§ÛŒ Ø­Ø°Ù ÛŒØ§ÙØª Ù†Ø´Ø¯.
INFO 2025-09-27 08:58:35 middleware __call__ Ø¯Ø±Ø®ÙˆØ§Ø³Øª Ø¨Ù‡: /posts/18/update/, Ú©Ø§Ø±Ø¨Ø±: admin
INFO 2025-09-27 08:58:35 PermissionBase has_required_permissions [PERM_CHECK] User admin is superuser â†’ full access granted.
INFO 2025-09-27 08:58:35 PermissionBase dispatch [PERM_CHECK] User admin passed base permission check for /posts/18/update/
INFO 2025-09-27 08:58:35 PermissionBase get_queryset [PERM_CHECK] User admin is superuser â†’ full queryset access.
INFO 2025-09-27 08:58:35 middleware __call__ Ù¾Ø§Ø³Ø® Ø¨Ø±Ø§ÛŒ /posts/18/update/ - Ú©Ø¯ ÙˆØ¶Ø¹ÛŒØª: 302
INFO 2025-09-27 08:58:35 models remove_inactive_users Ù‡ÛŒÚ† Ú©Ø§Ø±Ø¨Ø± ØºÛŒØ±ÙØ¹Ø§Ù„ÛŒ Ø¨Ø±Ø§ÛŒ Ø­Ø°Ù ÛŒØ§ÙØª Ù†Ø´Ø¯.
INFO 2025-09-27 08:58:35 middleware __call__ Ø¯Ø±Ø®ÙˆØ§Ø³Øª Ø¨Ù‡: /posts/, Ú©Ø§Ø±Ø¨Ø±: admin
INFO 2025-09-27 08:58:35 PermissionBase has_required_permissions [PERM_CHECK] User admin is superuser â†’ full access granted.
INFO 2025-09-27 08:58:35 PermissionBase dispatch [PERM_CHECK] User admin passed base permission check for /posts/
INFO 2025-09-27 08:58:35 PermissionBase get_queryset [PERM_CHECK] User admin is superuser â†’ full queryset access.
INFO 2025-09-27 08:58:35 views get_queryset Sorting posts from low to high level
INFO 2025-09-27 08:58:35 middleware __call__ Ù¾Ø§Ø³Ø® Ø¨Ø±Ø§ÛŒ /posts/ - Ú©Ø¯ ÙˆØ¶Ø¹ÛŒØª: 200
INFO 2025-09-27 08:58:39 models remove_inactive_users Ù‡ÛŒÚ† Ú©Ø§Ø±Ø¨Ø± ØºÛŒØ±ÙØ¹Ø§Ù„ÛŒ Ø¨Ø±Ø§ÛŒ Ø­Ø°Ù ÛŒØ§ÙØª Ù†Ø´Ø¯.
INFO 2025-09-27 08:58:39 middleware __call__ Ø¯Ø±Ø®ÙˆØ§Ø³Øª Ø¨Ù‡: /posts/43/update/, Ú©Ø§Ø±Ø¨Ø±: admin
INFO 2025-09-27 08:58:39 PermissionBase has_required_permissions [PERM_CHECK] User admin is superuser â†’ full access granted.
INFO 2025-09-27 08:58:39 PermissionBase dispatch [PERM_CHECK] User admin passed base permission check for /posts/43/update/
INFO 2025-09-27 08:58:39 PermissionBase get_queryset [PERM_CHECK] User admin is superuser â†’ full queryset access.
INFO 2025-09-27 08:58:39 middleware __call__ Ù¾Ø§Ø³Ø® Ø¨Ø±Ø§ÛŒ /posts/43/update/ - Ú©Ø¯ ÙˆØ¶Ø¹ÛŒØª: 200
INFO 2025-09-27 08:58:42 models remove_inactive_users Ù‡ÛŒÚ† Ú©Ø§Ø±Ø¨Ø± ØºÛŒØ±ÙØ¹Ø§Ù„ÛŒ Ø¨Ø±Ø§ÛŒ Ø­Ø°Ù ÛŒØ§ÙØª Ù†Ø´Ø¯.
INFO 2025-09-27 08:58:42 middleware __call__ Ø¯Ø±Ø®ÙˆØ§Ø³Øª Ø¨Ù‡: /posts/43/update/, Ú©Ø§Ø±Ø¨Ø±: admin
INFO 2025-09-27 08:58:42 PermissionBase has_required_permissions [PERM_CHECK] User admin is superuser â†’ full access granted.
INFO 2025-09-27 08:58:42 PermissionBase dispatch [PERM_CHECK] User admin passed base permission check for /posts/43/update/
INFO 2025-09-27 08:58:42 PermissionBase get_queryset [PERM_CHECK] User admin is superuser â†’ full queryset access.
INFO 2025-09-27 08:58:42 middleware __call__ Ù¾Ø§Ø³Ø® Ø¨Ø±Ø§ÛŒ /posts/43/update/ - Ú©Ø¯ ÙˆØ¶Ø¹ÛŒØª: 302
INFO 2025-09-27 08:58:42 models remove_inactive_users Ù‡ÛŒÚ† Ú©Ø§Ø±Ø¨Ø± ØºÛŒØ±ÙØ¹Ø§Ù„ÛŒ Ø¨Ø±Ø§ÛŒ Ø­Ø°Ù ÛŒØ§ÙØª Ù†Ø´Ø¯.
INFO 2025-09-27 08:58:42 middleware __call__ Ø¯Ø±Ø®ÙˆØ§Ø³Øª Ø¨Ù‡: /posts/, Ú©Ø§Ø±Ø¨Ø±: admin
INFO 2025-09-27 08:58:42 PermissionBase has_required_permissions [PERM_CHECK] User admin is superuser â†’ full access granted.
INFO 2025-09-27 08:58:42 PermissionBase dispatch [PERM_CHECK] User admin passed base permission check for /posts/
INFO 2025-09-27 08:58:42 PermissionBase get_queryset [PERM_CHECK] User admin is superuser â†’ full queryset access.
INFO 2025-09-27 08:58:42 views get_queryset Sorting posts from low to high level
INFO 2025-09-27 08:58:43 middleware __call__ Ù¾Ø§Ø³Ø® Ø¨Ø±Ø§ÛŒ /posts/ - Ú©Ø¯ ÙˆØ¶Ø¹ÛŒØª: 200
INFO 2025-09-27 08:58:45 models remove_inactive_users Ù‡ÛŒÚ† Ú©Ø§Ø±Ø¨Ø± ØºÛŒØ±ÙØ¹Ø§Ù„ÛŒ Ø¨Ø±Ø§ÛŒ Ø­Ø°Ù ÛŒØ§ÙØª Ù†Ø´Ø¯.
INFO 2025-09-27 08:58:45 middleware __call__ Ø¯Ø±Ø®ÙˆØ§Ø³Øª Ø¨Ù‡: /posts/1/update/, Ú©Ø§Ø±Ø¨Ø±: admin
INFO 2025-09-27 08:58:45 PermissionBase has_required_permissions [PERM_CHECK] User admin is superuser â†’ full access granted.
INFO 2025-09-27 08:58:45 PermissionBase dispatch [PERM_CHECK] User admin passed base permission check for /posts/1/update/
INFO 2025-09-27 08:58:45 PermissionBase get_queryset [PERM_CHECK] User admin is superuser â†’ full queryset access.
INFO 2025-09-27 08:58:46 middleware __call__ Ù¾Ø§Ø³Ø® Ø¨Ø±Ø§ÛŒ /posts/1/update/ - Ú©Ø¯ ÙˆØ¶Ø¹ÛŒØª: 200
INFO 2025-09-27 08:58:49 models remove_inactive_users Ù‡ÛŒÚ† Ú©Ø§Ø±Ø¨Ø± ØºÛŒØ±ÙØ¹Ø§Ù„ÛŒ Ø¨Ø±Ø§ÛŒ Ø­Ø°Ù ÛŒØ§ÙØª Ù†Ø´Ø¯.
INFO 2025-09-27 08:58:49 middleware __call__ Ø¯Ø±Ø®ÙˆØ§Ø³Øª Ø¨Ù‡: /posts/1/update/, Ú©Ø§Ø±Ø¨Ø±: admin
INFO 2025-09-27 08:58:49 PermissionBase has_required_permissions [PERM_CHECK] User admin is superuser â†’ full access granted.
INFO 2025-09-27 08:58:49 PermissionBase dispatch [PERM_CHECK] User admin passed base permission check for /posts/1/update/
INFO 2025-09-27 08:58:49 PermissionBase get_queryset [PERM_CHECK] User admin is superuser â†’ full queryset access.
INFO 2025-09-27 08:58:49 middleware __call__ Ù¾Ø§Ø³Ø® Ø¨Ø±Ø§ÛŒ /posts/1/update/ - Ú©Ø¯ ÙˆØ¶Ø¹ÛŒØª: 302
INFO 2025-09-27 08:58:49 models remove_inactive_users Ù‡ÛŒÚ† Ú©Ø§Ø±Ø¨Ø± ØºÛŒØ±ÙØ¹Ø§Ù„ÛŒ Ø¨Ø±Ø§ÛŒ Ø­Ø°Ù ÛŒØ§ÙØª Ù†Ø´Ø¯.
INFO 2025-09-27 08:58:49 middleware __call__ Ø¯Ø±Ø®ÙˆØ§Ø³Øª Ø¨Ù‡: /posts/, Ú©Ø§Ø±Ø¨Ø±: admin
INFO 2025-09-27 08:58:49 PermissionBase has_required_permissions [PERM_CHECK] User admin is superuser â†’ full access granted.
INFO 2025-09-27 08:58:49 PermissionBase dispatch [PERM_CHECK] User admin passed base permission check for /posts/
INFO 2025-09-27 08:58:49 PermissionBase get_queryset [PERM_CHECK] User admin is superuser â†’ full queryset access.
INFO 2025-09-27 08:58:49 views get_queryset Sorting posts from low to high level
INFO 2025-09-27 08:58:50 middleware __call__ Ù¾Ø§Ø³Ø® Ø¨Ø±Ø§ÛŒ /posts/ - Ú©Ø¯ ÙˆØ¶Ø¹ÛŒØª: 200
INFO 2025-09-27 08:58:52 models remove_inactive_users Ù‡ÛŒÚ† Ú©Ø§Ø±Ø¨Ø± ØºÛŒØ±ÙØ¹Ø§Ù„ÛŒ Ø¨Ø±Ø§ÛŒ Ø­Ø°Ù ÛŒØ§ÙØª Ù†Ø´Ø¯.
INFO 2025-09-27 08:58:52 middleware __call__ Ø¯Ø±Ø®ÙˆØ§Ø³Øª Ø¨Ù‡: /posts/, Ú©Ø§Ø±Ø¨Ø±: admin
INFO 2025-09-27 08:58:52 PermissionBase has_required_permissions [PERM_CHECK] User admin is superuser â†’ full access granted.
INFO 2025-09-27 08:58:52 PermissionBase dispatch [PERM_CHECK] User admin passed base permission check for /posts/
INFO 2025-09-27 08:58:52 PermissionBase get_queryset [PERM_CHECK] User admin is superuser â†’ full queryset access.
INFO 2025-09-27 08:58:52 views get_queryset Sorting posts from low to high level
INFO 2025-09-27 08:58:53 middleware __call__ Ù¾Ø§Ø³Ø® Ø¨Ø±Ø§ÛŒ /posts/ - Ú©Ø¯ ÙˆØ¶Ø¹ÛŒØª: 200
INFO 2025-09-27 08:58:56 models remove_inactive_users Ù‡ÛŒÚ† Ú©Ø§Ø±Ø¨Ø± ØºÛŒØ±ÙØ¹Ø§Ù„ÛŒ Ø¨Ø±Ø§ÛŒ Ø­Ø°Ù ÛŒØ§ÙØª Ù†Ø´Ø¯.
INFO 2025-09-27 08:58:56 middleware __call__ Ø¯Ø±Ø®ÙˆØ§Ø³Øª Ø¨Ù‡: /posts/, Ú©Ø§Ø±Ø¨Ø±: admin
INFO 2025-09-27 08:58:56 PermissionBase has_required_permissions [PERM_CHECK] User admin is superuser â†’ full access granted.
INFO 2025-09-27 08:58:56 PermissionBase dispatch [PERM_CHECK] User admin passed base permission check for /posts/
INFO 2025-09-27 08:58:56 PermissionBase get_queryset [PERM_CHECK] User admin is superuser â†’ full queryset access.
INFO 2025-09-27 08:58:56 views get_queryset Sorting posts from low to high level
INFO 2025-09-27 08:58:56 middleware __call__ Ù¾Ø§Ø³Ø® Ø¨Ø±Ø§ÛŒ /posts/ - Ú©Ø¯ ÙˆØ¶Ø¹ÛŒØª: 200
INFO 2025-09-27 08:58:59 models remove_inactive_users Ù‡ÛŒÚ† Ú©Ø§Ø±Ø¨Ø± ØºÛŒØ±ÙØ¹Ø§Ù„ÛŒ Ø¨Ø±Ø§ÛŒ Ø­Ø°Ù ÛŒØ§ÙØª Ù†Ø´Ø¯.
INFO 2025-09-27 08:58:59 middleware __call__ Ø¯Ø±Ø®ÙˆØ§Ø³Øª Ø¨Ù‡: /posts/, Ú©Ø§Ø±Ø¨Ø±: admin
INFO 2025-09-27 08:58:59 PermissionBase has_required_permissions [PERM_CHECK] User admin is superuser â†’ full access granted.
INFO 2025-09-27 08:58:59 PermissionBase dispatch [PERM_CHECK] User admin passed base permission check for /posts/
INFO 2025-09-27 08:58:59 PermissionBase get_queryset [PERM_CHECK] User admin is superuser â†’ full queryset access.
INFO 2025-09-27 08:58:59 views get_queryset Sorting posts from low to high level
INFO 2025-09-27 08:58:59 middleware __call__ Ù¾Ø§Ø³Ø® Ø¨Ø±Ø§ÛŒ /posts/ - Ú©Ø¯ ÙˆØ¶Ø¹ÛŒØª: 200
INFO 2025-09-27 08:59:02 models remove_inactive_users Ù‡ÛŒÚ† Ú©Ø§Ø±Ø¨Ø± ØºÛŒØ±ÙØ¹Ø§Ù„ÛŒ Ø¨Ø±Ø§ÛŒ Ø­Ø°Ù ÛŒØ§ÙØª Ù†Ø´Ø¯.
INFO 2025-09-27 08:59:02 middleware __call__ Ø¯Ø±Ø®ÙˆØ§Ø³Øª Ø¨Ù‡: /posts/, Ú©Ø§Ø±Ø¨Ø±: admin
INFO 2025-09-27 08:59:02 PermissionBase has_required_permissions [PERM_CHECK] User admin is superuser â†’ full access granted.
INFO 2025-09-27 08:59:02 PermissionBase dispatch [PERM_CHECK] User admin passed base permission check for /posts/
INFO 2025-09-27 08:59:02 PermissionBase get_queryset [PERM_CHECK] User admin is superuser â†’ full queryset access.
INFO 2025-09-27 08:59:02 views get_queryset Sorting posts from low to high level
INFO 2025-09-27 08:59:02 middleware __call__ Ù¾Ø§Ø³Ø® Ø¨Ø±Ø§ÛŒ /posts/ - Ú©Ø¯ ÙˆØ¶Ø¹ÛŒØª: 200
INFO 2025-09-27 08:59:10 models remove_inactive_users Ù‡ÛŒÚ† Ú©Ø§Ø±Ø¨Ø± ØºÛŒØ±ÙØ¹Ø§Ù„ÛŒ Ø¨Ø±Ø§ÛŒ Ø­Ø°Ù ÛŒØ§ÙØª Ù†Ø´Ø¯.
INFO 2025-09-27 08:59:11 middleware __call__ Ø¯Ø±Ø®ÙˆØ§Ø³Øª Ø¨Ù‡: /posts/1/update/, Ú©Ø§Ø±Ø¨Ø±: admin
INFO 2025-09-27 08:59:11 PermissionBase has_required_permissions [PERM_CHECK] User admin is superuser â†’ full access granted.
INFO 2025-09-27 08:59:11 PermissionBase dispatch [PERM_CHECK] User admin passed base permission check for /posts/1/update/
INFO 2025-09-27 08:59:11 PermissionBase get_queryset [PERM_CHECK] User admin is superuser â†’ full queryset access.
INFO 2025-09-27 08:59:11 middleware __call__ Ù¾Ø§Ø³Ø® Ø¨Ø±Ø§ÛŒ /posts/1/update/ - Ú©Ø¯ ÙˆØ¶Ø¹ÛŒØª: 200
INFO 2025-09-27 08:59:18 models remove_inactive_users Ù‡ÛŒÚ† Ú©Ø§Ø±Ø¨Ø± ØºÛŒØ±ÙØ¹Ø§Ù„ÛŒ Ø¨Ø±Ø§ÛŒ Ø­Ø°Ù ÛŒØ§ÙØª Ù†Ø´Ø¯.
INFO 2025-09-27 08:59:18 middleware __call__ Ø¯Ø±Ø®ÙˆØ§Ø³Øª Ø¨Ù‡: /posts/1/update/, Ú©Ø§Ø±Ø¨Ø±: admin
INFO 2025-09-27 08:59:18 PermissionBase has_required_permissions [PERM_CHECK] User admin is superuser â†’ full access granted.
INFO 2025-09-27 08:59:18 PermissionBase dispatch [PERM_CHECK] User admin passed base permission check for /posts/1/update/
INFO 2025-09-27 08:59:18 PermissionBase get_queryset [PERM_CHECK] User admin is superuser â†’ full queryset access.
INFO 2025-09-27 08:59:18 middleware __call__ Ù¾Ø§Ø³Ø® Ø¨Ø±Ø§ÛŒ /posts/1/update/ - Ú©Ø¯ ÙˆØ¶Ø¹ÛŒØª: 302
INFO 2025-09-27 08:59:18 models remove_inactive_users Ù‡ÛŒÚ† Ú©Ø§Ø±Ø¨Ø± ØºÛŒØ±ÙØ¹Ø§Ù„ÛŒ Ø¨Ø±Ø§ÛŒ Ø­Ø°Ù ÛŒØ§ÙØª Ù†Ø´Ø¯.
INFO 2025-09-27 08:59:18 middleware __call__ Ø¯Ø±Ø®ÙˆØ§Ø³Øª Ø¨Ù‡: /posts/, Ú©Ø§Ø±Ø¨Ø±: admin
INFO 2025-09-27 08:59:18 PermissionBase has_required_permissions [PERM_CHECK] User admin is superuser â†’ full access granted.
INFO 2025-09-27 08:59:18 PermissionBase dispatch [PERM_CHECK] User admin passed base permission check for /posts/
INFO 2025-09-27 08:59:18 PermissionBase get_queryset [PERM_CHECK] User admin is superuser â†’ full queryset access.
INFO 2025-09-27 08:59:18 views get_queryset Sorting posts from low to high level
INFO 2025-09-27 08:59:18 middleware __call__ Ù¾Ø§Ø³Ø® Ø¨Ø±Ø§ÛŒ /posts/ - Ú©Ø¯ ÙˆØ¶Ø¹ÛŒØª: 200
INFO 2025-09-27 08:59:23 models remove_inactive_users Ù‡ÛŒÚ† Ú©Ø§Ø±Ø¨Ø± ØºÛŒØ±ÙØ¹Ø§Ù„ÛŒ Ø¨Ø±Ø§ÛŒ Ø­Ø°Ù ÛŒØ§ÙØª Ù†Ø´Ø¯.
INFO 2025-09-27 08:59:23 middleware __call__ Ø¯Ø±Ø®ÙˆØ§Ø³Øª Ø¨Ù‡: /posts/, Ú©Ø§Ø±Ø¨Ø±: admin
INFO 2025-09-27 08:59:23 PermissionBase has_required_permissions [PERM_CHECK] User admin is superuser â†’ full access granted.
INFO 2025-09-27 08:59:23 PermissionBase dispatch [PERM_CHECK] User admin passed base permission check for /posts/
INFO 2025-09-27 08:59:23 PermissionBase get_queryset [PERM_CHECK] User admin is superuser â†’ full queryset access.
INFO 2025-09-27 08:59:23 views get_queryset Sorting posts from low to high level
INFO 2025-09-27 08:59:23 middleware __call__ Ù¾Ø§Ø³Ø® Ø¨Ø±Ø§ÛŒ /posts/ - Ú©Ø¯ ÙˆØ¶Ø¹ÛŒØª: 200
INFO 2025-09-27 08:59:26 models remove_inactive_users Ù‡ÛŒÚ† Ú©Ø§Ø±Ø¨Ø± ØºÛŒØ±ÙØ¹Ø§Ù„ÛŒ Ø¨Ø±Ø§ÛŒ Ø­Ø°Ù ÛŒØ§ÙØª Ù†Ø´Ø¯.
INFO 2025-09-27 08:59:26 middleware __call__ Ø¯Ø±Ø®ÙˆØ§Ø³Øª Ø¨Ù‡: /posts/22/update/, Ú©Ø§Ø±Ø¨Ø±: admin
INFO 2025-09-27 08:59:26 PermissionBase has_required_permissions [PERM_CHECK] User admin is superuser â†’ full access granted.
INFO 2025-09-27 08:59:26 PermissionBase dispatch [PERM_CHECK] User admin passed base permission check for /posts/22/update/
INFO 2025-09-27 08:59:26 PermissionBase get_queryset [PERM_CHECK] User admin is superuser â†’ full queryset access.
INFO 2025-09-27 08:59:26 middleware __call__ Ù¾Ø§Ø³Ø® Ø¨Ø±Ø§ÛŒ /posts/22/update/ - Ú©Ø¯ ÙˆØ¶Ø¹ÛŒØª: 200
INFO 2025-09-27 08:59:30 models remove_inactive_users Ù‡ÛŒÚ† Ú©Ø§Ø±Ø¨Ø± ØºÛŒØ±ÙØ¹Ø§Ù„ÛŒ Ø¨Ø±Ø§ÛŒ Ø­Ø°Ù ÛŒØ§ÙØª Ù†Ø´Ø¯.
INFO 2025-09-27 08:59:30 middleware __call__ Ø¯Ø±Ø®ÙˆØ§Ø³Øª Ø¨Ù‡: /posts/, Ú©Ø§Ø±Ø¨Ø±: admin
INFO 2025-09-27 08:59:31 PermissionBase has_required_permissions [PERM_CHECK] User admin is superuser â†’ full access granted.
INFO 2025-09-27 08:59:31 PermissionBase dispatch [PERM_CHECK] User admin passed base permission check for /posts/
INFO 2025-09-27 08:59:31 PermissionBase get_queryset [PERM_CHECK] User admin is superuser â†’ full queryset access.
INFO 2025-09-27 08:59:31 views get_queryset Sorting posts from low to high level
INFO 2025-09-27 08:59:31 middleware __call__ Ù¾Ø§Ø³Ø® Ø¨Ø±Ø§ÛŒ /posts/ - Ú©Ø¯ ÙˆØ¶Ø¹ÛŒØª: 200
INFO 2025-09-27 08:59:37 models remove_inactive_users Ù‡ÛŒÚ† Ú©Ø§Ø±Ø¨Ø± ØºÛŒØ±ÙØ¹Ø§Ù„ÛŒ Ø¨Ø±Ø§ÛŒ Ø­Ø°Ù ÛŒØ§ÙØª Ù†Ø´Ø¯.
INFO 2025-09-27 08:59:37 middleware __call__ Ø¯Ø±Ø®ÙˆØ§Ø³Øª Ø¨Ù‡: /tankhah/factors/, Ú©Ø§Ø±Ø¨Ø±: AnonymousUser
INFO 2025-09-27 08:59:37 middleware __call__ Ú©Ø§Ø±Ø¨Ø± Ù„Ø§Ú¯ÛŒÙ† Ù†Ú©Ø±Ø¯Ù‡ - Ø±ÛŒØ¯Ø§ÛŒØ±Ú©Øª Ø¨Ù‡ accounts:login
INFO 2025-09-27 08:59:37 models remove_inactive_users Ù‡ÛŒÚ† Ú©Ø§Ø±Ø¨Ø± ØºÛŒØ±ÙØ¹Ø§Ù„ÛŒ Ø¨Ø±Ø§ÛŒ Ø­Ø°Ù ÛŒØ§ÙØª Ù†Ø´Ø¯.
INFO 2025-09-27 08:59:37 middleware __call__ Ø¯Ø±Ø®ÙˆØ§Ø³Øª Ø¨Ù‡: /accounts/login/, Ú©Ø§Ø±Ø¨Ø±: AnonymousUser
INFO 2025-09-27 08:59:37 middleware __call__ Ù¾Ø§Ø³Ø® Ø¨Ø±Ø§ÛŒ /accounts/login/ - Ú©Ø¯ ÙˆØ¶Ø¹ÛŒØª: 200
INFO 2025-09-27 08:59:44 models remove_inactive_users Ù‡ÛŒÚ† Ú©Ø§Ø±Ø¨Ø± ØºÛŒØ±ÙØ¹Ø§Ù„ÛŒ Ø¨Ø±Ø§ÛŒ Ø­Ø°Ù ÛŒØ§ÙØª Ù†Ø´Ø¯.
INFO 2025-09-27 08:59:44 middleware __call__ Ø¯Ø±Ø®ÙˆØ§Ø³Øª Ø¨Ù‡: /tankhah/factor/80/perform-action/, Ú©Ø§Ø±Ø¨Ø±: Ù…Ø¯ÛŒØ±Ø­Ø³Ø§Ø¨Ø¯Ø§Ø±ÛŒ
INFO 2025-09-27 08:59:44 PermissionBase has_required_permissions [PERM_CHECK] User Ù…Ø¯ÛŒØ±Ø­Ø³Ø§Ø¨Ø¯Ø§Ø±ÛŒ has core organization â†’ full access granted.
INFO 2025-09-27 08:59:44 PermissionBase dispatch [PERM_CHECK] User Ù…Ø¯ÛŒØ±Ø­Ø³Ø§Ø¨Ø¯Ø§Ø±ÛŒ passed base permission check for /tankhah/factor/80/perform-action/
INFO 2025-09-27 08:59:44 PermissionBase get_user_active_organizations [PERM_CHECK] User Ù…Ø¯ÛŒØ±Ø­Ø³Ø§Ø¨Ø¯Ø§Ø±ÛŒ active orgs: [1, 2, 3, 4, 5, 6, 7] (has_core: True)
INFO 2025-09-27 08:59:44 PermissionBase dispatch [PERM_ORG] User Ù…Ø¯ÛŒØ±Ø­Ø³Ø§Ø¨Ø¯Ø§Ø±ÛŒ has access to organizations [1, 2, 3, 4, 5, 6, 7]
INFO 2025-09-27 08:59:44 budget_calculations get_committed_budget Calculated COMMITTED budget for Tankhah PK 20: 12000000.00
INFO 2025-09-27 08:59:44 budget_calculations get_committed_budget Calculated COMMITTED budget for Tankhah PK 20: 12000000.00
INFO 2025-09-27 08:59:44 budget_calculations get_available_budget Available budget for Tankhah PK 20: Initial(75000000.00) - Paid(0.00) - Committed(12000000.00) = 63000000.00
INFO 2025-09-27 08:59:44 PermissionBase get_user_active_organizations [PERM_CHECK] User Ù…Ø¯ÛŒØ±Ø­Ø³Ø§Ø¨Ø¯Ø§Ø±ÛŒ active orgs: [1, 2, 3, 4, 5, 6, 7] (has_core: True)
INFO 2025-09-27 08:59:44 views_FactorDetail get_user_allowed_transitions User Ù…Ø¯ÛŒØ±Ø­Ø³Ø§Ø¨Ø¯Ø§Ø±ÛŒ blocked by higher-level action (strict order enforced). user_min_level=3
INFO 2025-09-27 08:59:44 views_FactorDetail get_context_data [FACTOR_DETAIL] factor=80 status=APPROVED org=1 path_len=1 allowed_len=0 next_users_steps=1
ERROR 2025-09-27 08:59:45 rcms_custom_filters format_negative Error formatting number : could not convert string to float: ''
ERROR 2025-09-27 08:59:45 rcms_custom_filters format_negative Error formatting number : could not convert string to float: ''
ERROR 2025-09-27 08:59:45 rcms_custom_filters format_negative Error formatting number : could not convert string to float: ''
ERROR 2025-09-27 08:59:45 rcms_custom_filters format_negative Error formatting number : could not convert string to float: ''
ERROR 2025-09-27 08:59:45 rcms_custom_filters format_negative Error formatting number : could not convert string to float: ''
ERROR 2025-09-27 08:59:45 rcms_custom_filters format_negative Error formatting number : could not convert string to float: ''
ERROR 2025-09-27 08:59:45 rcms_custom_filters format_negative Error formatting number : could not convert string to float: ''
ERROR 2025-09-27 08:59:45 rcms_custom_filters format_negative Error formatting number : could not convert string to float: ''
ERROR 2025-09-27 08:59:45 rcms_custom_filters format_negative Error formatting number : could not convert string to float: ''
ERROR 2025-09-27 08:59:45 rcms_custom_filters format_negative Error formatting number : could not convert string to float: ''
INFO 2025-09-27 08:59:45 middleware __call__ Ù¾Ø§Ø³Ø® Ø¨Ø±Ø§ÛŒ /tankhah/factor/80/perform-action/ - Ú©Ø¯ ÙˆØ¶Ø¹ÛŒØª: 200
INFO 2025-09-27 09:05:58 models remove_inactive_users Ù‡ÛŒÚ† Ú©Ø§Ø±Ø¨Ø± ØºÛŒØ±ÙØ¹Ø§Ù„ÛŒ Ø¨Ø±Ø§ÛŒ Ø­Ø°Ù ÛŒØ§ÙØª Ù†Ø´Ø¯.
INFO 2025-09-27 09:05:58 middleware __call__ Ø¯Ø±Ø®ÙˆØ§Ø³Øª Ø¨Ù‡: /tankhah/factor/80/perform-action/, Ú©Ø§Ø±Ø¨Ø±: Ù…Ø¯ÛŒØ±Ø­Ø³Ø§Ø¨Ø¯Ø§Ø±ÛŒ
INFO 2025-09-27 09:05:58 PermissionBase has_required_permissions [PERM_CHECK] User Ù…Ø¯ÛŒØ±Ø­Ø³Ø§Ø¨Ø¯Ø§Ø±ÛŒ has core organization â†’ full access granted.
INFO 2025-09-27 09:05:58 PermissionBase dispatch [PERM_CHECK] User Ù…Ø¯ÛŒØ±Ø­Ø³Ø§Ø¨Ø¯Ø§Ø±ÛŒ passed base permission check for /tankhah/factor/80/perform-action/
INFO 2025-09-27 09:05:58 PermissionBase get_user_active_organizations [PERM_CHECK] User Ù…Ø¯ÛŒØ±Ø­Ø³Ø§Ø¨Ø¯Ø§Ø±ÛŒ active orgs: [1, 2, 3, 4, 5, 6, 7] (has_core: True)
INFO 2025-09-27 09:05:58 PermissionBase dispatch [PERM_ORG] User Ù…Ø¯ÛŒØ±Ø­Ø³Ø§Ø¨Ø¯Ø§Ø±ÛŒ has access to organizations [1, 2, 3, 4, 5, 6, 7]
INFO 2025-09-27 09:05:58 budget_calculations get_committed_budget Calculated COMMITTED budget for Tankhah PK 20: 12000000.00
INFO 2025-09-27 09:05:58 budget_calculations get_committed_budget Calculated COMMITTED budget for Tankhah PK 20: 12000000.00
INFO 2025-09-27 09:05:58 budget_calculations get_available_budget Available budget for Tankhah PK 20: Initial(75000000.00) - Paid(0.00) - Committed(12000000.00) = 63000000.00
INFO 2025-09-27 09:05:58 PermissionBase get_user_active_organizations [PERM_CHECK] User Ù…Ø¯ÛŒØ±Ø­Ø³Ø§Ø¨Ø¯Ø§Ø±ÛŒ active orgs: [1, 2, 3, 4, 5, 6, 7] (has_core: True)
INFO 2025-09-27 09:05:58 views_FactorDetail get_user_allowed_transitions User Ù…Ø¯ÛŒØ±Ø­Ø³Ø§Ø¨Ø¯Ø§Ø±ÛŒ blocked by higher-level action (strict order enforced). user_min_level=3
INFO 2025-09-27 09:05:58 views_FactorDetail get_context_data [FACTOR_DETAIL] factor=80 status=APPROVED org=1 path_len=1 allowed_len=0 next_users_steps=1
ERROR 2025-09-27 09:05:58 rcms_custom_filters format_negative Error formatting number : could not convert string to float: ''
ERROR 2025-09-27 09:05:58 rcms_custom_filters format_negative Error formatting number : could not convert string to float: ''
ERROR 2025-09-27 09:05:58 rcms_custom_filters format_negative Error formatting number : could not convert string to float: ''
ERROR 2025-09-27 09:05:58 rcms_custom_filters format_negative Error formatting number : could not convert string to float: ''
ERROR 2025-09-27 09:05:58 rcms_custom_filters format_negative Error formatting number : could not convert string to float: ''
ERROR 2025-09-27 09:05:58 rcms_custom_filters format_negative Error formatting number : could not convert string to float: ''
ERROR 2025-09-27 09:05:58 rcms_custom_filters format_negative Error formatting number : could not convert string to float: ''
ERROR 2025-09-27 09:05:58 rcms_custom_filters format_negative Error formatting number : could not convert string to float: ''
ERROR 2025-09-27 09:05:58 rcms_custom_filters format_negative Error formatting number : could not convert string to float: ''
ERROR 2025-09-27 09:05:58 rcms_custom_filters format_negative Error formatting number : could not convert string to float: ''
INFO 2025-09-27 09:05:58 middleware __call__ Ù¾Ø§Ø³Ø® Ø¨Ø±Ø§ÛŒ /tankhah/factor/80/perform-action/ - Ú©Ø¯ ÙˆØ¶Ø¹ÛŒØª: 200
INFO 2025-09-27 09:06:03 models remove_inactive_users Ù‡ÛŒÚ† Ú©Ø§Ø±Ø¨Ø± ØºÛŒØ±ÙØ¹Ø§Ù„ÛŒ Ø¨Ø±Ø§ÛŒ Ø­Ø°Ù ÛŒØ§ÙØª Ù†Ø´Ø¯.
INFO 2025-09-27 09:06:03 middleware __call__ Ø¯Ø±Ø®ÙˆØ§Ø³Øª Ø¨Ù‡: /tankhah/factor/80/perform-action/, Ú©Ø§Ø±Ø¨Ø±: Ù…Ø¯ÛŒØ±Ø­Ø³Ø§Ø¨Ø¯Ø§Ø±ÛŒ
INFO 2025-09-27 09:06:03 PermissionBase has_required_permissions [PERM_CHECK] User Ù…Ø¯ÛŒØ±Ø­Ø³Ø§Ø¨Ø¯Ø§Ø±ÛŒ has core organization â†’ full access granted.
INFO 2025-09-27 09:06:03 PermissionBase dispatch [PERM_CHECK] User Ù…Ø¯ÛŒØ±Ø­Ø³Ø§Ø¨Ø¯Ø§Ø±ÛŒ passed base permission check for /tankhah/factor/80/perform-action/
INFO 2025-09-27 09:06:03 PermissionBase get_user_active_organizations [PERM_CHECK] User Ù…Ø¯ÛŒØ±Ø­Ø³Ø§Ø¨Ø¯Ø§Ø±ÛŒ active orgs: [1, 2, 3, 4, 5, 6, 7] (has_core: True)
INFO 2025-09-27 09:06:03 PermissionBase dispatch [PERM_ORG] User Ù…Ø¯ÛŒØ±Ø­Ø³Ø§Ø¨Ø¯Ø§Ø±ÛŒ has access to organizations [1, 2, 3, 4, 5, 6, 7]
INFO 2025-09-27 09:06:03 budget_calculations get_committed_budget Calculated COMMITTED budget for Tankhah PK 20: 12000000.00
INFO 2025-09-27 09:06:03 budget_calculations get_committed_budget Calculated COMMITTED budget for Tankhah PK 20: 12000000.00
INFO 2025-09-27 09:06:03 budget_calculations get_available_budget Available budget for Tankhah PK 20: Initial(75000000.00) - Paid(0.00) - Committed(12000000.00) = 63000000.00
INFO 2025-09-27 09:06:03 PermissionBase get_user_active_organizations [PERM_CHECK] User Ù…Ø¯ÛŒØ±Ø­Ø³Ø§Ø¨Ø¯Ø§Ø±ÛŒ active orgs: [1, 2, 3, 4, 5, 6, 7] (has_core: True)
INFO 2025-09-27 09:06:03 views_FactorDetail get_user_allowed_transitions User Ù…Ø¯ÛŒØ±Ø­Ø³Ø§Ø¨Ø¯Ø§Ø±ÛŒ blocked by higher-level action (strict order enforced). user_min_level=3
INFO 2025-09-27 09:06:03 views_FactorDetail get_context_data [FACTOR_DETAIL] factor=80 status=APPROVED org=1 path_len=1 allowed_len=0 next_users_steps=1
ERROR 2025-09-27 09:06:03 rcms_custom_filters format_negative Error formatting number : could not convert string to float: ''
ERROR 2025-09-27 09:06:03 rcms_custom_filters format_negative Error formatting number : could not convert string to float: ''
ERROR 2025-09-27 09:06:03 rcms_custom_filters format_negative Error formatting number : could not convert string to float: ''
ERROR 2025-09-27 09:06:03 rcms_custom_filters format_negative Error formatting number : could not convert string to float: ''
ERROR 2025-09-27 09:06:03 rcms_custom_filters format_negative Error formatting number : could not convert string to float: ''
ERROR 2025-09-27 09:06:03 rcms_custom_filters format_negative Error formatting number : could not convert string to float: ''
ERROR 2025-09-27 09:06:03 rcms_custom_filters format_negative Error formatting number : could not convert string to float: ''
ERROR 2025-09-27 09:06:03 rcms_custom_filters format_negative Error formatting number : could not convert string to float: ''
ERROR 2025-09-27 09:06:03 rcms_custom_filters format_negative Error formatting number : could not convert string to float: ''
ERROR 2025-09-27 09:06:03 rcms_custom_filters format_negative Error formatting number : could not convert string to float: ''
INFO 2025-09-27 09:06:03 middleware __call__ Ù¾Ø§Ø³Ø® Ø¨Ø±Ø§ÛŒ /tankhah/factor/80/perform-action/ - Ú©Ø¯ ÙˆØ¶Ø¹ÛŒØª: 200
INFO 2025-09-27 09:08:14 models remove_inactive_users Ù‡ÛŒÚ† Ú©Ø§Ø±Ø¨Ø± ØºÛŒØ±ÙØ¹Ø§Ù„ÛŒ Ø¨Ø±Ø§ÛŒ Ø­Ø°Ù ÛŒØ§ÙØª Ù†Ø´Ø¯.
INFO 2025-09-27 09:08:14 middleware __call__ Ø¯Ø±Ø®ÙˆØ§Ø³Øª Ø¨Ù‡: /tankhah/factor/80/perform-action/, Ú©Ø§Ø±Ø¨Ø±: Ù…Ø¯ÛŒØ±Ø­Ø³Ø§Ø¨Ø¯Ø§Ø±ÛŒ
INFO 2025-09-27 09:08:15 PermissionBase has_required_permissions [PERM_CHECK] User Ù…Ø¯ÛŒØ±Ø­Ø³Ø§Ø¨Ø¯Ø§Ø±ÛŒ has core organization â†’ full access granted.
INFO 2025-09-27 09:08:15 PermissionBase dispatch [PERM_CHECK] User Ù…Ø¯ÛŒØ±Ø­Ø³Ø§Ø¨Ø¯Ø§Ø±ÛŒ passed base permission check for /tankhah/factor/80/perform-action/
INFO 2025-09-27 09:08:15 PermissionBase get_user_active_organizations [PERM_CHECK] User Ù…Ø¯ÛŒØ±Ø­Ø³Ø§Ø¨Ø¯Ø§Ø±ÛŒ active orgs: [1, 2, 3, 4, 5, 6, 7] (has_core: True)
INFO 2025-09-27 09:08:15 PermissionBase dispatch [PERM_ORG] User Ù…Ø¯ÛŒØ±Ø­Ø³Ø§Ø¨Ø¯Ø§Ø±ÛŒ has access to organizations [1, 2, 3, 4, 5, 6, 7]
INFO 2025-09-27 09:08:15 budget_calculations get_committed_budget Calculated COMMITTED budget for Tankhah PK 20: 12000000.00
INFO 2025-09-27 09:08:15 budget_calculations get_committed_budget Calculated COMMITTED budget for Tankhah PK 20: 12000000.00
INFO 2025-09-27 09:08:15 budget_calculations get_available_budget Available budget for Tankhah PK 20: Initial(75000000.00) - Paid(0.00) - Committed(12000000.00) = 63000000.00
INFO 2025-09-27 09:08:15 PermissionBase get_user_active_organizations [PERM_CHECK] User Ù…Ø¯ÛŒØ±Ø­Ø³Ø§Ø¨Ø¯Ø§Ø±ÛŒ active orgs: [1, 2, 3, 4, 5, 6, 7] (has_core: True)
INFO 2025-09-27 09:08:15 views_FactorDetail get_user_allowed_transitions User Ù…Ø¯ÛŒØ±Ø­Ø³Ø§Ø¨Ø¯Ø§Ø±ÛŒ blocked by higher-level action (strict order enforced). user_min_level=3
INFO 2025-09-27 09:08:15 views_FactorDetail get_context_data [FACTOR_DETAIL] factor=80 status=APPROVED org=1 path_len=1 allowed_len=0 next_users_steps=1
ERROR 2025-09-27 09:08:15 rcms_custom_filters format_negative Error formatting number : could not convert string to float: ''
ERROR 2025-09-27 09:08:15 rcms_custom_filters format_negative Error formatting number : could not convert string to float: ''
ERROR 2025-09-27 09:08:15 rcms_custom_filters format_negative Error formatting number : could not convert string to float: ''
ERROR 2025-09-27 09:08:15 rcms_custom_filters format_negative Error formatting number : could not convert string to float: ''
ERROR 2025-09-27 09:08:15 rcms_custom_filters format_negative Error formatting number : could not convert string to float: ''
ERROR 2025-09-27 09:08:15 rcms_custom_filters format_negative Error formatting number : could not convert string to float: ''
ERROR 2025-09-27 09:08:15 rcms_custom_filters format_negative Error formatting number : could not convert string to float: ''
ERROR 2025-09-27 09:08:15 rcms_custom_filters format_negative Error formatting number : could not convert string to float: ''
ERROR 2025-09-27 09:08:15 rcms_custom_filters format_negative Error formatting number : could not convert string to float: ''
ERROR 2025-09-27 09:08:15 rcms_custom_filters format_negative Error formatting number : could not convert string to float: ''
INFO 2025-09-27 09:08:15 middleware __call__ Ù¾Ø§Ø³Ø® Ø¨Ø±Ø§ÛŒ /tankhah/factor/80/perform-action/ - Ú©Ø¯ ÙˆØ¶Ø¹ÛŒØª: 200
INFO 2025-09-27 09:08:17 models remove_inactive_users Ù‡ÛŒÚ† Ú©Ø§Ø±Ø¨Ø± ØºÛŒØ±ÙØ¹Ø§Ù„ÛŒ Ø¨Ø±Ø§ÛŒ Ø­Ø°Ù ÛŒØ§ÙØª Ù†Ø´Ø¯.
INFO 2025-09-27 09:08:17 middleware __call__ Ø¯Ø±Ø®ÙˆØ§Ø³Øª Ø¨Ù‡: /tankhah/factor/80/perform-action/, Ú©Ø§Ø±Ø¨Ø±: Ù…Ø¯ÛŒØ±Ø­Ø³Ø§Ø¨Ø¯Ø§Ø±ÛŒ
INFO 2025-09-27 09:08:17 PermissionBase has_required_permissions [PERM_CHECK] User Ù…Ø¯ÛŒØ±Ø­Ø³Ø§Ø¨Ø¯Ø§Ø±ÛŒ has core organization â†’ full access granted.
INFO 2025-09-27 09:08:17 PermissionBase dispatch [PERM_CHECK] User Ù…Ø¯ÛŒØ±Ø­Ø³Ø§Ø¨Ø¯Ø§Ø±ÛŒ passed base permission check for /tankhah/factor/80/perform-action/
INFO 2025-09-27 09:08:17 PermissionBase get_user_active_organizations [PERM_CHECK] User Ù…Ø¯ÛŒØ±Ø­Ø³Ø§Ø¨Ø¯Ø§Ø±ÛŒ active orgs: [1, 2, 3, 4, 5, 6, 7] (has_core: True)
INFO 2025-09-27 09:08:17 PermissionBase dispatch [PERM_ORG] User Ù…Ø¯ÛŒØ±Ø­Ø³Ø§Ø¨Ø¯Ø§Ø±ÛŒ has access to organizations [1, 2, 3, 4, 5, 6, 7]
INFO 2025-09-27 09:08:17 budget_calculations get_committed_budget Calculated COMMITTED budget for Tankhah PK 20: 12000000.00
INFO 2025-09-27 09:08:17 budget_calculations get_committed_budget Calculated COMMITTED budget for Tankhah PK 20: 12000000.00
INFO 2025-09-27 09:08:17 budget_calculations get_available_budget Available budget for Tankhah PK 20: Initial(75000000.00) - Paid(0.00) - Committed(12000000.00) = 63000000.00
INFO 2025-09-27 09:08:17 PermissionBase get_user_active_organizations [PERM_CHECK] User Ù…Ø¯ÛŒØ±Ø­Ø³Ø§Ø¨Ø¯Ø§Ø±ÛŒ active orgs: [1, 2, 3, 4, 5, 6, 7] (has_core: True)
INFO 2025-09-27 09:08:17 views_FactorDetail get_user_allowed_transitions User Ù…Ø¯ÛŒØ±Ø­Ø³Ø§Ø¨Ø¯Ø§Ø±ÛŒ blocked by higher-level action (strict order enforced). user_min_level=3
INFO 2025-09-27 09:08:17 views_FactorDetail get_context_data [FACTOR_DETAIL] factor=80 status=APPROVED org=1 path_len=1 allowed_len=0 next_users_steps=1
ERROR 2025-09-27 09:08:17 rcms_custom_filters format_negative Error formatting number : could not convert string to float: ''
ERROR 2025-09-27 09:08:17 rcms_custom_filters format_negative Error formatting number : could not convert string to float: ''
ERROR 2025-09-27 09:08:17 rcms_custom_filters format_negative Error formatting number : could not convert string to float: ''
ERROR 2025-09-27 09:08:17 rcms_custom_filters format_negative Error formatting number : could not convert string to float: ''
ERROR 2025-09-27 09:08:17 rcms_custom_filters format_negative Error formatting number : could not convert string to float: ''
ERROR 2025-09-27 09:08:17 rcms_custom_filters format_negative Error formatting number : could not convert string to float: ''
ERROR 2025-09-27 09:08:17 rcms_custom_filters format_negative Error formatting number : could not convert string to float: ''
ERROR 2025-09-27 09:08:17 rcms_custom_filters format_negative Error formatting number : could not convert string to float: ''
ERROR 2025-09-27 09:08:17 rcms_custom_filters format_negative Error formatting number : could not convert string to float: ''
ERROR 2025-09-27 09:08:17 rcms_custom_filters format_negative Error formatting number : could not convert string to float: ''
INFO 2025-09-27 09:08:17 middleware __call__ Ù¾Ø§Ø³Ø® Ø¨Ø±Ø§ÛŒ /tankhah/factor/80/perform-action/ - Ú©Ø¯ ÙˆØ¶Ø¹ÛŒØª: 200
INFO 2025-09-27 09:08:18 models remove_inactive_users Ù‡ÛŒÚ† Ú©Ø§Ø±Ø¨Ø± ØºÛŒØ±ÙØ¹Ø§Ù„ÛŒ Ø¨Ø±Ø§ÛŒ Ø­Ø°Ù ÛŒØ§ÙØª Ù†Ø´Ø¯.
INFO 2025-09-27 09:08:18 middleware __call__ Ø¯Ø±Ø®ÙˆØ§Ø³Øª Ø¨Ù‡: /tankhah/factor/80/perform-action/, Ú©Ø§Ø±Ø¨Ø±: Ù…Ø¯ÛŒØ±Ø­Ø³Ø§Ø¨Ø¯Ø§Ø±ÛŒ
INFO 2025-09-27 09:08:18 PermissionBase has_required_permissions [PERM_CHECK] User Ù…Ø¯ÛŒØ±Ø­Ø³Ø§Ø¨Ø¯Ø§Ø±ÛŒ has core organization â†’ full access granted.
INFO 2025-09-27 09:08:18 PermissionBase dispatch [PERM_CHECK] User Ù…Ø¯ÛŒØ±Ø­Ø³Ø§Ø¨Ø¯Ø§Ø±ÛŒ passed base permission check for /tankhah/factor/80/perform-action/
INFO 2025-09-27 09:08:18 PermissionBase get_user_active_organizations [PERM_CHECK] User Ù…Ø¯ÛŒØ±Ø­Ø³Ø§Ø¨Ø¯Ø§Ø±ÛŒ active orgs: [1, 2, 3, 4, 5, 6, 7] (has_core: True)
INFO 2025-09-27 09:08:18 PermissionBase dispatch [PERM_ORG] User Ù…Ø¯ÛŒØ±Ø­Ø³Ø§Ø¨Ø¯Ø§Ø±ÛŒ has access to organizations [1, 2, 3, 4, 5, 6, 7]
INFO 2025-09-27 09:08:18 budget_calculations get_committed_budget Calculated COMMITTED budget for Tankhah PK 20: 12000000.00
INFO 2025-09-27 09:08:18 budget_calculations get_committed_budget Calculated COMMITTED budget for Tankhah PK 20: 12000000.00
INFO 2025-09-27 09:08:18 budget_calculations get_available_budget Available budget for Tankhah PK 20: Initial(75000000.00) - Paid(0.00) - Committed(12000000.00) = 63000000.00
INFO 2025-09-27 09:08:18 PermissionBase get_user_active_organizations [PERM_CHECK] User Ù…Ø¯ÛŒØ±Ø­Ø³Ø§Ø¨Ø¯Ø§Ø±ÛŒ active orgs: [1, 2, 3, 4, 5, 6, 7] (has_core: True)
INFO 2025-09-27 09:08:18 views_FactorDetail get_user_allowed_transitions User Ù…Ø¯ÛŒØ±Ø­Ø³Ø§Ø¨Ø¯Ø§Ø±ÛŒ blocked by higher-level action (strict order enforced). user_min_level=3
INFO 2025-09-27 09:08:18 views_FactorDetail get_context_data [FACTOR_DETAIL] factor=80 status=APPROVED org=1 path_len=1 allowed_len=0 next_users_steps=1
ERROR 2025-09-27 09:08:18 rcms_custom_filters format_negative Error formatting number : could not convert string to float: ''
ERROR 2025-09-27 09:08:18 rcms_custom_filters format_negative Error formatting number : could not convert string to float: ''
ERROR 2025-09-27 09:08:18 rcms_custom_filters format_negative Error formatting number : could not convert string to float: ''
ERROR 2025-09-27 09:08:18 rcms_custom_filters format_negative Error formatting number : could not convert string to float: ''
ERROR 2025-09-27 09:08:18 rcms_custom_filters format_negative Error formatting number : could not convert string to float: ''
ERROR 2025-09-27 09:08:18 rcms_custom_filters format_negative Error formatting number : could not convert string to float: ''
ERROR 2025-09-27 09:08:18 rcms_custom_filters format_negative Error formatting number : could not convert string to float: ''
ERROR 2025-09-27 09:08:18 rcms_custom_filters format_negative Error formatting number : could not convert string to float: ''
ERROR 2025-09-27 09:08:18 rcms_custom_filters format_negative Error formatting number : could not convert string to float: ''
ERROR 2025-09-27 09:08:18 rcms_custom_filters format_negative Error formatting number : could not convert string to float: ''
INFO 2025-09-27 09:08:18 middleware __call__ Ù¾Ø§Ø³Ø® Ø¨Ø±Ø§ÛŒ /tankhah/factor/80/perform-action/ - Ú©Ø¯ ÙˆØ¶Ø¹ÛŒØª: 200
INFO 2025-09-27 09:08:35 models remove_inactive_users Ù‡ÛŒÚ† Ú©Ø§Ø±Ø¨Ø± ØºÛŒØ±ÙØ¹Ø§Ù„ÛŒ Ø¨Ø±Ø§ÛŒ Ø­Ø°Ù ÛŒØ§ÙØª Ù†Ø´Ø¯.
INFO 2025-09-27 09:08:35 middleware __call__ Ø¯Ø±Ø®ÙˆØ§Ø³Øª Ø¨Ù‡: /tankhah/factor/80/perform-action/, Ú©Ø§Ø±Ø¨Ø±: admin
INFO 2025-09-27 09:08:35 PermissionBase has_required_permissions [PERM_CHECK] User admin is superuser â†’ full access granted.
INFO 2025-09-27 09:08:35 PermissionBase dispatch [PERM_CHECK] User admin passed base permission check for /tankhah/factor/80/perform-action/
INFO 2025-09-27 09:08:35 PermissionBase dispatch [PERM_ORG] User admin has access to organizations [1, 2, 3, 4, 5, 6, 7]
INFO 2025-09-27 09:08:35 budget_calculations get_committed_budget Calculated COMMITTED budget for Tankhah PK 20: 12000000.00
INFO 2025-09-27 09:08:35 budget_calculations get_committed_budget Calculated COMMITTED budget for Tankhah PK 20: 12000000.00
INFO 2025-09-27 09:08:35 budget_calculations get_available_budget Available budget for Tankhah PK 20: Initial(75000000.00) - Paid(0.00) - Committed(12000000.00) = 63000000.00
INFO 2025-09-27 09:08:36 views_FactorDetail get_user_allowed_transitions User admin allowed transitions: []
INFO 2025-09-27 09:08:36 views_FactorDetail get_context_data [FACTOR_DETAIL] factor=80 status=APPROVED org=1 path_len=1 allowed_len=0 next_users_steps=1
ERROR 2025-09-27 09:08:36 rcms_custom_filters format_negative Error formatting number : could not convert string to float: ''
ERROR 2025-09-27 09:08:36 rcms_custom_filters format_negative Error formatting number : could not convert string to float: ''
ERROR 2025-09-27 09:08:36 rcms_custom_filters format_negative Error formatting number : could not convert string to float: ''
ERROR 2025-09-27 09:08:36 rcms_custom_filters format_negative Error formatting number : could not convert string to float: ''
ERROR 2025-09-27 09:08:36 rcms_custom_filters format_negative Error formatting number : could not convert string to float: ''
ERROR 2025-09-27 09:08:36 rcms_custom_filters format_negative Error formatting number : could not convert string to float: ''
ERROR 2025-09-27 09:08:36 rcms_custom_filters format_negative Error formatting number : could not convert string to float: ''
ERROR 2025-09-27 09:08:36 rcms_custom_filters format_negative Error formatting number : could not convert string to float: ''
ERROR 2025-09-27 09:08:36 rcms_custom_filters format_negative Error formatting number : could not convert string to float: ''
ERROR 2025-09-27 09:08:36 rcms_custom_filters format_negative Error formatting number : could not convert string to float: ''
INFO 2025-09-27 09:08:36 middleware __call__ Ù¾Ø§Ø³Ø® Ø¨Ø±Ø§ÛŒ /tankhah/factor/80/perform-action/ - Ú©Ø¯ ÙˆØ¶Ø¹ÛŒØª: 200
INFO 2025-09-27 09:08:49 models remove_inactive_users Ù‡ÛŒÚ† Ú©Ø§Ø±Ø¨Ø± ØºÛŒØ±ÙØ¹Ø§Ù„ÛŒ Ø¨Ø±Ø§ÛŒ Ø­Ø°Ù ÛŒØ§ÙØª Ù†Ø´Ø¯.
INFO 2025-09-27 09:08:49 middleware __call__ Ø¯Ø±Ø®ÙˆØ§Ø³Øª Ø¨Ù‡: /tankhah/factor/80/perform-action/, Ú©Ø§Ø±Ø¨Ø±: admin
INFO 2025-09-27 09:08:49 PermissionBase has_required_permissions [PERM_CHECK] User admin is superuser â†’ full access granted.
INFO 2025-09-27 09:08:49 PermissionBase dispatch [PERM_CHECK] User admin passed base permission check for /tankhah/factor/80/perform-action/
INFO 2025-09-27 09:08:49 PermissionBase dispatch [PERM_ORG] User admin has access to organizations [1, 2, 3, 4, 5, 6, 7]
INFO 2025-09-27 09:08:49 budget_calculations get_committed_budget Calculated COMMITTED budget for Tankhah PK 20: 12000000.00
INFO 2025-09-27 09:08:49 budget_calculations get_committed_budget Calculated COMMITTED budget for Tankhah PK 20: 12000000.00
INFO 2025-09-27 09:08:49 budget_calculations get_available_budget Available budget for Tankhah PK 20: Initial(75000000.00) - Paid(0.00) - Committed(12000000.00) = 63000000.00
INFO 2025-09-27 09:08:49 views_FactorDetail get_user_allowed_transitions User admin allowed transitions: []
INFO 2025-09-27 09:08:49 views_FactorDetail get_context_data [FACTOR_DETAIL] factor=80 status=APPROVED org=1 path_len=1 allowed_len=0 next_users_steps=1
ERROR 2025-09-27 09:08:49 rcms_custom_filters format_negative Error formatting number : could not convert string to float: ''
ERROR 2025-09-27 09:08:49 rcms_custom_filters format_negative Error formatting number : could not convert string to float: ''
ERROR 2025-09-27 09:08:49 rcms_custom_filters format_negative Error formatting number : could not convert string to float: ''
ERROR 2025-09-27 09:08:49 rcms_custom_filters format_negative Error formatting number : could not convert string to float: ''
ERROR 2025-09-27 09:08:49 rcms_custom_filters format_negative Error formatting number : could not convert string to float: ''
ERROR 2025-09-27 09:08:49 rcms_custom_filters format_negative Error formatting number : could not convert string to float: ''
ERROR 2025-09-27 09:08:49 rcms_custom_filters format_negative Error formatting number : could not convert string to float: ''
ERROR 2025-09-27 09:08:49 rcms_custom_filters format_negative Error formatting number : could not convert string to float: ''
ERROR 2025-09-27 09:08:49 rcms_custom_filters format_negative Error formatting number : could not convert string to float: ''
ERROR 2025-09-27 09:08:49 rcms_custom_filters format_negative Error formatting number : could not convert string to float: ''
INFO 2025-09-27 09:08:49 middleware __call__ Ù¾Ø§Ø³Ø® Ø¨Ø±Ø§ÛŒ /tankhah/factor/80/perform-action/ - Ú©Ø¯ ÙˆØ¶Ø¹ÛŒØª: 200
INFO 2025-09-27 09:08:52 models remove_inactive_users Ù‡ÛŒÚ† Ú©Ø§Ø±Ø¨Ø± ØºÛŒØ±ÙØ¹Ø§Ù„ÛŒ Ø¨Ø±Ø§ÛŒ Ø­Ø°Ù ÛŒØ§ÙØª Ù†Ø´Ø¯.
INFO 2025-09-27 09:08:52 middleware __call__ Ø¯Ø±Ø®ÙˆØ§Ø³Øª Ø¨Ù‡: /tankhah/factor/80/perform-action/, Ú©Ø§Ø±Ø¨Ø±: admin
INFO 2025-09-27 09:08:52 PermissionBase has_required_permissions [PERM_CHECK] User admin is superuser â†’ full access granted.
INFO 2025-09-27 09:08:52 PermissionBase dispatch [PERM_CHECK] User admin passed base permission check for /tankhah/factor/80/perform-action/
INFO 2025-09-27 09:08:52 PermissionBase dispatch [PERM_ORG] User admin has access to organizations [1, 2, 3, 4, 5, 6, 7]
INFO 2025-09-27 09:08:52 budget_calculations get_committed_budget Calculated COMMITTED budget for Tankhah PK 20: 12000000.00
INFO 2025-09-27 09:08:52 budget_calculations get_committed_budget Calculated COMMITTED budget for Tankhah PK 20: 12000000.00
INFO 2025-09-27 09:08:52 budget_calculations get_available_budget Available budget for Tankhah PK 20: Initial(75000000.00) - Paid(0.00) - Committed(12000000.00) = 63000000.00
INFO 2025-09-27 09:08:52 views_FactorDetail get_user_allowed_transitions User admin allowed transitions: []
INFO 2025-09-27 09:08:53 views_FactorDetail get_context_data [FACTOR_DETAIL] factor=80 status=APPROVED org=1 path_len=1 allowed_len=0 next_users_steps=1
ERROR 2025-09-27 09:08:53 rcms_custom_filters format_negative Error formatting number : could not convert string to float: ''
ERROR 2025-09-27 09:08:53 rcms_custom_filters format_negative Error formatting number : could not convert string to float: ''
ERROR 2025-09-27 09:08:53 rcms_custom_filters format_negative Error formatting number : could not convert string to float: ''
ERROR 2025-09-27 09:08:53 rcms_custom_filters format_negative Error formatting number : could not convert string to float: ''
ERROR 2025-09-27 09:08:53 rcms_custom_filters format_negative Error formatting number : could not convert string to float: ''
ERROR 2025-09-27 09:08:53 rcms_custom_filters format_negative Error formatting number : could not convert string to float: ''
ERROR 2025-09-27 09:08:53 rcms_custom_filters format_negative Error formatting number : could not convert string to float: ''
ERROR 2025-09-27 09:08:53 rcms_custom_filters format_negative Error formatting number : could not convert string to float: ''
ERROR 2025-09-27 09:08:53 rcms_custom_filters format_negative Error formatting number : could not convert string to float: ''
ERROR 2025-09-27 09:08:53 rcms_custom_filters format_negative Error formatting number : could not convert string to float: ''
INFO 2025-09-27 09:08:53 middleware __call__ Ù¾Ø§Ø³Ø® Ø¨Ø±Ø§ÛŒ /tankhah/factor/80/perform-action/ - Ú©Ø¯ ÙˆØ¶Ø¹ÛŒØª: 200
INFO 2025-09-27 09:09:17 models remove_inactive_users Ù‡ÛŒÚ† Ú©Ø§Ø±Ø¨Ø± ØºÛŒØ±ÙØ¹Ø§Ù„ÛŒ Ø¨Ø±Ø§ÛŒ Ø­Ø°Ù ÛŒØ§ÙØª Ù†Ø´Ø¯.
INFO 2025-09-27 09:09:17 middleware __call__ Ø¯Ø±Ø®ÙˆØ§Ø³Øª Ø¨Ù‡: /tankhah/factor/80/perform-action/, Ú©Ø§Ø±Ø¨Ø±: admin
INFO 2025-09-27 09:09:17 PermissionBase has_required_permissions [PERM_CHECK] User admin is superuser â†’ full access granted.
INFO 2025-09-27 09:09:17 PermissionBase dispatch [PERM_CHECK] User admin passed base permission check for /tankhah/factor/80/perform-action/
INFO 2025-09-27 09:09:17 PermissionBase dispatch [PERM_ORG] User admin has access to organizations [1, 2, 3, 4, 5, 6, 7]
INFO 2025-09-27 09:09:17 budget_calculations get_committed_budget Calculated COMMITTED budget for Tankhah PK 20: 12000000.00
INFO 2025-09-27 09:09:17 budget_calculations get_committed_budget Calculated COMMITTED budget for Tankhah PK 20: 12000000.00
INFO 2025-09-27 09:09:17 budget_calculations get_available_budget Available budget for Tankhah PK 20: Initial(75000000.00) - Paid(0.00) - Committed(12000000.00) = 63000000.00
INFO 2025-09-27 09:09:17 views_FactorDetail get_user_allowed_transitions User admin allowed transitions: []
INFO 2025-09-27 09:09:17 views_FactorDetail get_context_data [FACTOR_DETAIL] factor=80 status=APPROVED org=1 path_len=1 allowed_len=0 next_users_steps=1
ERROR 2025-09-27 09:09:17 rcms_custom_filters format_negative Error formatting number : could not convert string to float: ''
ERROR 2025-09-27 09:09:17 rcms_custom_filters format_negative Error formatting number : could not convert string to float: ''
ERROR 2025-09-27 09:09:17 rcms_custom_filters format_negative Error formatting number : could not convert string to float: ''
ERROR 2025-09-27 09:09:17 rcms_custom_filters format_negative Error formatting number : could not convert string to float: ''
ERROR 2025-09-27 09:09:17 rcms_custom_filters format_negative Error formatting number : could not convert string to float: ''
ERROR 2025-09-27 09:09:17 rcms_custom_filters format_negative Error formatting number : could not convert string to float: ''
ERROR 2025-09-27 09:09:17 rcms_custom_filters format_negative Error formatting number : could not convert string to float: ''
ERROR 2025-09-27 09:09:17 rcms_custom_filters format_negative Error formatting number : could not convert string to float: ''
ERROR 2025-09-27 09:09:17 rcms_custom_filters format_negative Error formatting number : could not convert string to float: ''
ERROR 2025-09-27 09:09:17 rcms_custom_filters format_negative Error formatting number : could not convert string to float: ''
INFO 2025-09-27 09:09:17 middleware __call__ Ù¾Ø§Ø³Ø® Ø¨Ø±Ø§ÛŒ /tankhah/factor/80/perform-action/ - Ú©Ø¯ ÙˆØ¶Ø¹ÛŒØª: 200
INFO 2025-09-27 09:11:56 models remove_inactive_users Ù‡ÛŒÚ† Ú©Ø§Ø±Ø¨Ø± ØºÛŒØ±ÙØ¹Ø§Ù„ÛŒ Ø¨Ø±Ø§ÛŒ Ø­Ø°Ù ÛŒØ§ÙØª Ù†Ø´Ø¯.
INFO 2025-09-27 09:11:56 middleware __call__ Ø¯Ø±Ø®ÙˆØ§Ø³Øª Ø¨Ù‡: /tankhah/factor/80/perform-action/, Ú©Ø§Ø±Ø¨Ø±: admin
INFO 2025-09-27 09:11:56 PermissionBase has_required_permissions [PERM_CHECK] User admin is superuser â†’ full access granted.
INFO 2025-09-27 09:11:56 PermissionBase dispatch [PERM_CHECK] User admin passed base permission check for /tankhah/factor/80/perform-action/
INFO 2025-09-27 09:11:56 PermissionBase dispatch [PERM_ORG] User admin has access to organizations [1, 2, 3, 4, 5, 6, 7]
INFO 2025-09-27 09:11:56 budget_calculations get_committed_budget Calculated COMMITTED budget for Tankhah PK 20: 12000000.00
INFO 2025-09-27 09:11:56 budget_calculations get_committed_budget Calculated COMMITTED budget for Tankhah PK 20: 12000000.00
INFO 2025-09-27 09:11:56 budget_calculations get_available_budget Available budget for Tankhah PK 20: Initial(75000000.00) - Paid(0.00) - Committed(12000000.00) = 63000000.00
INFO 2025-09-27 09:11:56 views_FactorDetail get_user_allowed_transitions User admin allowed transitions: []
INFO 2025-09-27 09:11:56 views_FactorDetail get_context_data [FACTOR_DETAIL] factor=80 status=APPROVED org=1 path_len=1 allowed_len=0 next_users_steps=1
ERROR 2025-09-27 09:11:56 rcms_custom_filters format_negative Error formatting number : could not convert string to float: ''
ERROR 2025-09-27 09:11:56 rcms_custom_filters format_negative Error formatting number : could not convert string to float: ''
ERROR 2025-09-27 09:11:56 rcms_custom_filters format_negative Error formatting number : could not convert string to float: ''
ERROR 2025-09-27 09:11:56 rcms_custom_filters format_negative Error formatting number : could not convert string to float: ''
ERROR 2025-09-27 09:11:56 rcms_custom_filters format_negative Error formatting number : could not convert string to float: ''
ERROR 2025-09-27 09:11:56 rcms_custom_filters format_negative Error formatting number : could not convert string to float: ''
ERROR 2025-09-27 09:11:56 rcms_custom_filters format_negative Error formatting number : could not convert string to float: ''
ERROR 2025-09-27 09:11:56 rcms_custom_filters format_negative Error formatting number : could not convert string to float: ''
ERROR 2025-09-27 09:11:56 rcms_custom_filters format_negative Error formatting number : could not convert string to float: ''
ERROR 2025-09-27 09:11:56 rcms_custom_filters format_negative Error formatting number : could not convert string to float: ''
INFO 2025-09-27 09:11:56 middleware __call__ Ù¾Ø§Ø³Ø® Ø¨Ø±Ø§ÛŒ /tankhah/factor/80/perform-action/ - Ú©Ø¯ ÙˆØ¶Ø¹ÛŒØª: 200
INFO 2025-09-27 09:11:59 models remove_inactive_users Ù‡ÛŒÚ† Ú©Ø§Ø±Ø¨Ø± ØºÛŒØ±ÙØ¹Ø§Ù„ÛŒ Ø¨Ø±Ø§ÛŒ Ø­Ø°Ù ÛŒØ§ÙØª Ù†Ø´Ø¯.
INFO 2025-09-27 09:11:59 middleware __call__ Ø¯Ø±Ø®ÙˆØ§Ø³Øª Ø¨Ù‡: /tankhah/factor/80/perform-action/, Ú©Ø§Ø±Ø¨Ø±: admin
INFO 2025-09-27 09:11:59 PermissionBase has_required_permissions [PERM_CHECK] User admin is superuser â†’ full access granted.
INFO 2025-09-27 09:11:59 PermissionBase dispatch [PERM_CHECK] User admin passed base permission check for /tankhah/factor/80/perform-action/
INFO 2025-09-27 09:11:59 PermissionBase dispatch [PERM_ORG] User admin has access to organizations [1, 2, 3, 4, 5, 6, 7]
INFO 2025-09-27 09:11:59 budget_calculations get_committed_budget Calculated COMMITTED budget for Tankhah PK 20: 12000000.00
INFO 2025-09-27 09:11:59 budget_calculations get_committed_budget Calculated COMMITTED budget for Tankhah PK 20: 12000000.00
INFO 2025-09-27 09:11:59 budget_calculations get_available_budget Available budget for Tankhah PK 20: Initial(75000000.00) - Paid(0.00) - Committed(12000000.00) = 63000000.00
INFO 2025-09-27 09:12:00 views_FactorDetail get_user_allowed_transitions User admin allowed transitions: []
INFO 2025-09-27 09:12:00 views_FactorDetail get_context_data [FACTOR_DETAIL] factor=80 status=APPROVED org=1 path_len=1 allowed_len=0 next_users_steps=1
ERROR 2025-09-27 09:12:00 rcms_custom_filters format_negative Error formatting number : could not convert string to float: ''
ERROR 2025-09-27 09:12:00 rcms_custom_filters format_negative Error formatting number : could not convert string to float: ''
ERROR 2025-09-27 09:12:00 rcms_custom_filters format_negative Error formatting number : could not convert string to float: ''
ERROR 2025-09-27 09:12:00 rcms_custom_filters format_negative Error formatting number : could not convert string to float: ''
ERROR 2025-09-27 09:12:00 rcms_custom_filters format_negative Error formatting number : could not convert string to float: ''
ERROR 2025-09-27 09:12:00 rcms_custom_filters format_negative Error formatting number : could not convert string to float: ''
ERROR 2025-09-27 09:12:00 rcms_custom_filters format_negative Error formatting number : could not convert string to float: ''
ERROR 2025-09-27 09:12:00 rcms_custom_filters format_negative Error formatting number : could not convert string to float: ''
ERROR 2025-09-27 09:12:00 rcms_custom_filters format_negative Error formatting number : could not convert string to float: ''
ERROR 2025-09-27 09:12:00 rcms_custom_filters format_negative Error formatting number : could not convert string to float: ''
INFO 2025-09-27 09:12:00 middleware __call__ Ù¾Ø§Ø³Ø® Ø¨Ø±Ø§ÛŒ /tankhah/factor/80/perform-action/ - Ú©Ø¯ ÙˆØ¶Ø¹ÛŒØª: 200
INFO 2025-09-27 09:12:02 models remove_inactive_users Ù‡ÛŒÚ† Ú©Ø§Ø±Ø¨Ø± ØºÛŒØ±ÙØ¹Ø§Ù„ÛŒ Ø¨Ø±Ø§ÛŒ Ø­Ø°Ù ÛŒØ§ÙØª Ù†Ø´Ø¯.
INFO 2025-09-27 09:12:02 middleware __call__ Ø¯Ø±Ø®ÙˆØ§Ø³Øª Ø¨Ù‡: /tankhah/factor/80/perform-action/, Ú©Ø§Ø±Ø¨Ø±: Ù…Ø¯ÛŒØ±Ø­Ø³Ø§Ø¨Ø¯Ø§Ø±ÛŒ
INFO 2025-09-27 09:12:02 PermissionBase has_required_permissions [PERM_CHECK] User Ù…Ø¯ÛŒØ±Ø­Ø³Ø§Ø¨Ø¯Ø§Ø±ÛŒ has core organization â†’ full access granted.
INFO 2025-09-27 09:12:02 PermissionBase dispatch [PERM_CHECK] User Ù…Ø¯ÛŒØ±Ø­Ø³Ø§Ø¨Ø¯Ø§Ø±ÛŒ passed base permission check for /tankhah/factor/80/perform-action/
INFO 2025-09-27 09:12:02 PermissionBase get_user_active_organizations [PERM_CHECK] User Ù…Ø¯ÛŒØ±Ø­Ø³Ø§Ø¨Ø¯Ø§Ø±ÛŒ active orgs: [1, 2, 3, 4, 5, 6, 7] (has_core: True)
INFO 2025-09-27 09:12:02 PermissionBase dispatch [PERM_ORG] User Ù…Ø¯ÛŒØ±Ø­Ø³Ø§Ø¨Ø¯Ø§Ø±ÛŒ has access to organizations [1, 2, 3, 4, 5, 6, 7]
INFO 2025-09-27 09:12:02 budget_calculations get_committed_budget Calculated COMMITTED budget for Tankhah PK 20: 12000000.00
INFO 2025-09-27 09:12:02 budget_calculations get_committed_budget Calculated COMMITTED budget for Tankhah PK 20: 12000000.00
INFO 2025-09-27 09:12:02 budget_calculations get_available_budget Available budget for Tankhah PK 20: Initial(75000000.00) - Paid(0.00) - Committed(12000000.00) = 63000000.00
INFO 2025-09-27 09:12:02 PermissionBase get_user_active_organizations [PERM_CHECK] User Ù…Ø¯ÛŒØ±Ø­Ø³Ø§Ø¨Ø¯Ø§Ø±ÛŒ active orgs: [1, 2, 3, 4, 5, 6, 7] (has_core: True)
INFO 2025-09-27 09:12:02 views_FactorDetail get_user_allowed_transitions User Ù…Ø¯ÛŒØ±Ø­Ø³Ø§Ø¨Ø¯Ø§Ø±ÛŒ blocked by higher-level action (strict order enforced). user_min_level=3
INFO 2025-09-27 09:12:02 views_FactorDetail get_context_data [FACTOR_DETAIL] factor=80 status=APPROVED org=1 path_len=1 allowed_len=0 next_users_steps=1
ERROR 2025-09-27 09:12:02 rcms_custom_filters format_negative Error formatting number : could not convert string to float: ''
ERROR 2025-09-27 09:12:02 rcms_custom_filters format_negative Error formatting number : could not convert string to float: ''
ERROR 2025-09-27 09:12:02 rcms_custom_filters format_negative Error formatting number : could not convert string to float: ''
ERROR 2025-09-27 09:12:02 rcms_custom_filters format_negative Error formatting number : could not convert string to float: ''
ERROR 2025-09-27 09:12:02 rcms_custom_filters format_negative Error formatting number : could not convert string to float: ''
ERROR 2025-09-27 09:12:02 rcms_custom_filters format_negative Error formatting number : could not convert string to float: ''
ERROR 2025-09-27 09:12:02 rcms_custom_filters format_negative Error formatting number : could not convert string to float: ''
ERROR 2025-09-27 09:12:02 rcms_custom_filters format_negative Error formatting number : could not convert string to float: ''
ERROR 2025-09-27 09:12:02 rcms_custom_filters format_negative Error formatting number : could not convert string to float: ''
ERROR 2025-09-27 09:12:02 rcms_custom_filters format_negative Error formatting number : could not convert string to float: ''
INFO 2025-09-27 09:12:02 middleware __call__ Ù¾Ø§Ø³Ø® Ø¨Ø±Ø§ÛŒ /tankhah/factor/80/perform-action/ - Ú©Ø¯ ÙˆØ¶Ø¹ÛŒØª: 200
INFO 2025-09-27 09:12:05 models remove_inactive_users Ù‡ÛŒÚ† Ú©Ø§Ø±Ø¨Ø± ØºÛŒØ±ÙØ¹Ø§Ù„ÛŒ Ø¨Ø±Ø§ÛŒ Ø­Ø°Ù ÛŒØ§ÙØª Ù†Ø´Ø¯.
INFO 2025-09-27 09:12:05 middleware __call__ Ø¯Ø±Ø®ÙˆØ§Ø³Øª Ø¨Ù‡: /tankhah/factor/80/perform-action/, Ú©Ø§Ø±Ø¨Ø±: Ù…Ø¯ÛŒØ±Ø­Ø³Ø§Ø¨Ø¯Ø§Ø±ÛŒ
INFO 2025-09-27 09:12:05 PermissionBase has_required_permissions [PERM_CHECK] User Ù…Ø¯ÛŒØ±Ø­Ø³Ø§Ø¨Ø¯Ø§Ø±ÛŒ has core organization â†’ full access granted.
INFO 2025-09-27 09:12:05 PermissionBase dispatch [PERM_CHECK] User Ù…Ø¯ÛŒØ±Ø­Ø³Ø§Ø¨Ø¯Ø§Ø±ÛŒ passed base permission check for /tankhah/factor/80/perform-action/
INFO 2025-09-27 09:12:05 PermissionBase get_user_active_organizations [PERM_CHECK] User Ù…Ø¯ÛŒØ±Ø­Ø³Ø§Ø¨Ø¯Ø§Ø±ÛŒ active orgs: [1, 2, 3, 4, 5, 6, 7] (has_core: True)
INFO 2025-09-27 09:12:05 PermissionBase dispatch [PERM_ORG] User Ù…Ø¯ÛŒØ±Ø­Ø³Ø§Ø¨Ø¯Ø§Ø±ÛŒ has access to organizations [1, 2, 3, 4, 5, 6, 7]
INFO 2025-09-27 09:12:05 budget_calculations get_committed_budget Calculated COMMITTED budget for Tankhah PK 20: 12000000.00
INFO 2025-09-27 09:12:05 budget_calculations get_committed_budget Calculated COMMITTED budget for Tankhah PK 20: 12000000.00
INFO 2025-09-27 09:12:05 budget_calculations get_available_budget Available budget for Tankhah PK 20: Initial(75000000.00) - Paid(0.00) - Committed(12000000.00) = 63000000.00
INFO 2025-09-27 09:12:05 PermissionBase get_user_active_organizations [PERM_CHECK] User Ù…Ø¯ÛŒØ±Ø­Ø³Ø§Ø¨Ø¯Ø§Ø±ÛŒ active orgs: [1, 2, 3, 4, 5, 6, 7] (has_core: True)
INFO 2025-09-27 09:12:05 views_FactorDetail get_user_allowed_transitions User Ù…Ø¯ÛŒØ±Ø­Ø³Ø§Ø¨Ø¯Ø§Ø±ÛŒ blocked by higher-level action (strict order enforced). user_min_level=3
INFO 2025-09-27 09:12:05 views_FactorDetail get_context_data [FACTOR_DETAIL] factor=80 status=APPROVED org=1 path_len=1 allowed_len=0 next_users_steps=1
ERROR 2025-09-27 09:12:05 rcms_custom_filters format_negative Error formatting number : could not convert string to float: ''
ERROR 2025-09-27 09:12:05 rcms_custom_filters format_negative Error formatting number : could not convert string to float: ''
ERROR 2025-09-27 09:12:05 rcms_custom_filters format_negative Error formatting number : could not convert string to float: ''
ERROR 2025-09-27 09:12:05 rcms_custom_filters format_negative Error formatting number : could not convert string to float: ''
ERROR 2025-09-27 09:12:05 rcms_custom_filters format_negative Error formatting number : could not convert string to float: ''
ERROR 2025-09-27 09:12:05 rcms_custom_filters format_negative Error formatting number : could not convert string to float: ''
ERROR 2025-09-27 09:12:05 rcms_custom_filters format_negative Error formatting number : could not convert string to float: ''
ERROR 2025-09-27 09:12:05 rcms_custom_filters format_negative Error formatting number : could not convert string to float: ''
ERROR 2025-09-27 09:12:05 rcms_custom_filters format_negative Error formatting number : could not convert string to float: ''
ERROR 2025-09-27 09:12:05 rcms_custom_filters format_negative Error formatting number : could not convert string to float: ''
INFO 2025-09-27 09:12:05 middleware __call__ Ù¾Ø§Ø³Ø® Ø¨Ø±Ø§ÛŒ /tankhah/factor/80/perform-action/ - Ú©Ø¯ ÙˆØ¶Ø¹ÛŒØª: 200
INFO 2025-09-27 09:12:06 models remove_inactive_users Ù‡ÛŒÚ† Ú©Ø§Ø±Ø¨Ø± ØºÛŒØ±ÙØ¹Ø§Ù„ÛŒ Ø¨Ø±Ø§ÛŒ Ø­Ø°Ù ÛŒØ§ÙØª Ù†Ø´Ø¯.
INFO 2025-09-27 09:12:06 middleware __call__ Ø¯Ø±Ø®ÙˆØ§Ø³Øª Ø¨Ù‡: /tankhah/factor/80/perform-action/, Ú©Ø§Ø±Ø¨Ø±: Ù…Ø¯ÛŒØ±Ø­Ø³Ø§Ø¨Ø¯Ø§Ø±ÛŒ
INFO 2025-09-27 09:12:06 PermissionBase has_required_permissions [PERM_CHECK] User Ù…Ø¯ÛŒØ±Ø­Ø³Ø§Ø¨Ø¯Ø§Ø±ÛŒ has core organization â†’ full access granted.
INFO 2025-09-27 09:12:06 PermissionBase dispatch [PERM_CHECK] User Ù…Ø¯ÛŒØ±Ø­Ø³Ø§Ø¨Ø¯Ø§Ø±ÛŒ passed base permission check for /tankhah/factor/80/perform-action/
INFO 2025-09-27 09:12:06 PermissionBase get_user_active_organizations [PERM_CHECK] User Ù…Ø¯ÛŒØ±Ø­Ø³Ø§Ø¨Ø¯Ø§Ø±ÛŒ active orgs: [1, 2, 3, 4, 5, 6, 7] (has_core: True)
INFO 2025-09-27 09:12:06 PermissionBase dispatch [PERM_ORG] User Ù…Ø¯ÛŒØ±Ø­Ø³Ø§Ø¨Ø¯Ø§Ø±ÛŒ has access to organizations [1, 2, 3, 4, 5, 6, 7]
INFO 2025-09-27 09:12:06 budget_calculations get_committed_budget Calculated COMMITTED budget for Tankhah PK 20: 12000000.00
INFO 2025-09-27 09:12:06 budget_calculations get_committed_budget Calculated COMMITTED budget for Tankhah PK 20: 12000000.00
INFO 2025-09-27 09:12:06 budget_calculations get_available_budget Available budget for Tankhah PK 20: Initial(75000000.00) - Paid(0.00) - Committed(12000000.00) = 63000000.00
INFO 2025-09-27 09:12:06 PermissionBase get_user_active_organizations [PERM_CHECK] User Ù…Ø¯ÛŒØ±Ø­Ø³Ø§Ø¨Ø¯Ø§Ø±ÛŒ active orgs: [1, 2, 3, 4, 5, 6, 7] (has_core: True)
INFO 2025-09-27 09:12:06 views_FactorDetail get_user_allowed_transitions User Ù…Ø¯ÛŒØ±Ø­Ø³Ø§Ø¨Ø¯Ø§Ø±ÛŒ blocked by higher-level action (strict order enforced). user_min_level=3
INFO 2025-09-27 09:12:06 views_FactorDetail get_context_data [FACTOR_DETAIL] factor=80 status=APPROVED org=1 path_len=1 allowed_len=0 next_users_steps=1
ERROR 2025-09-27 09:12:06 rcms_custom_filters format_negative Error formatting number : could not convert string to float: ''
ERROR 2025-09-27 09:12:06 rcms_custom_filters format_negative Error formatting number : could not convert string to float: ''
ERROR 2025-09-27 09:12:06 rcms_custom_filters format_negative Error formatting number : could not convert string to float: ''
ERROR 2025-09-27 09:12:06 rcms_custom_filters format_negative Error formatting number : could not convert string to float: ''
ERROR 2025-09-27 09:12:06 rcms_custom_filters format_negative Error formatting number : could not convert string to float: ''
ERROR 2025-09-27 09:12:06 rcms_custom_filters format_negative Error formatting number : could not convert string to float: ''
ERROR 2025-09-27 09:12:06 rcms_custom_filters format_negative Error formatting number : could not convert string to float: ''
ERROR 2025-09-27 09:12:06 rcms_custom_filters format_negative Error formatting number : could not convert string to float: ''
ERROR 2025-09-27 09:12:06 rcms_custom_filters format_negative Error formatting number : could not convert string to float: ''
ERROR 2025-09-27 09:12:06 rcms_custom_filters format_negative Error formatting number : could not convert string to float: ''
INFO 2025-09-27 09:12:06 middleware __call__ Ù¾Ø§Ø³Ø® Ø¨Ø±Ø§ÛŒ /tankhah/factor/80/perform-action/ - Ú©Ø¯ ÙˆØ¶Ø¹ÛŒØª: 200
INFO 2025-09-27 09:12:16 models remove_inactive_users Ù‡ÛŒÚ† Ú©Ø§Ø±Ø¨Ø± ØºÛŒØ±ÙØ¹Ø§Ù„ÛŒ Ø¨Ø±Ø§ÛŒ Ø­Ø°Ù ÛŒØ§ÙØª Ù†Ø´Ø¯.
INFO 2025-09-27 09:12:16 middleware __call__ Ø¯Ø±Ø®ÙˆØ§Ø³Øª Ø¨Ù‡: /tankhah/factor/78/perform-action/, Ú©Ø§Ø±Ø¨Ø±: admin
INFO 2025-09-27 09:12:16 PermissionBase has_required_permissions [PERM_CHECK] User admin is superuser â†’ full access granted.
INFO 2025-09-27 09:12:16 PermissionBase dispatch [PERM_CHECK] User admin passed base permission check for /tankhah/factor/78/perform-action/
INFO 2025-09-27 09:12:16 PermissionBase dispatch [PERM_ORG] User admin has access to organizations [1, 2, 3, 4, 5, 6, 7]
INFO 2025-09-27 09:12:16 budget_calculations get_committed_budget Calculated COMMITTED budget for Tankhah PK 15: 245.00
INFO 2025-09-27 09:12:16 budget_calculations get_committed_budget Calculated COMMITTED budget for Tankhah PK 15: 245.00
INFO 2025-09-27 09:12:16 budget_calculations get_available_budget Available budget for Tankhah PK 15: Initial(674215000.00) - Paid(0.00) - Committed(245.00) = 674214755.00
INFO 2025-09-27 09:12:16 views_FactorDetail get_user_allowed_transitions User admin allowed transitions: []
INFO 2025-09-27 09:12:16 views_FactorDetail get_context_data [FACTOR_DETAIL] factor=78 status=PENDING org=1 path_len=2 allowed_len=0 next_users_steps=2
ERROR 2025-09-27 09:12:16 rcms_custom_filters format_negative Error formatting number : could not convert string to float: ''
ERROR 2025-09-27 09:12:16 rcms_custom_filters format_negative Error formatting number : could not convert string to float: ''
ERROR 2025-09-27 09:12:16 rcms_custom_filters format_negative Error formatting number : could not convert string to float: ''
ERROR 2025-09-27 09:12:16 rcms_custom_filters format_negative Error formatting number : could not convert string to float: ''
INFO 2025-09-27 09:12:16 middleware __call__ Ù¾Ø§Ø³Ø® Ø¨Ø±Ø§ÛŒ /tankhah/factor/78/perform-action/ - Ú©Ø¯ ÙˆØ¶Ø¹ÛŒØª: 200
INFO 2025-09-27 09:12:22 models remove_inactive_users Ù‡ÛŒÚ† Ú©Ø§Ø±Ø¨Ø± ØºÛŒØ±ÙØ¹Ø§Ù„ÛŒ Ø¨Ø±Ø§ÛŒ Ø­Ø°Ù ÛŒØ§ÙØª Ù†Ø´Ø¯.
INFO 2025-09-27 09:12:22 middleware __call__ Ø¯Ø±Ø®ÙˆØ§Ø³Øª Ø¨Ù‡: /tankhah/factor/80/perform-action/, Ú©Ø§Ø±Ø¨Ø±: Ù…Ø¯ÛŒØ±Ø­Ø³Ø§Ø¨Ø¯Ø§Ø±ÛŒ
INFO 2025-09-27 09:12:22 PermissionBase has_required_permissions [PERM_CHECK] User Ù…Ø¯ÛŒØ±Ø­Ø³Ø§Ø¨Ø¯Ø§Ø±ÛŒ has core organization â†’ full access granted.
INFO 2025-09-27 09:12:22 PermissionBase dispatch [PERM_CHECK] User Ù…Ø¯ÛŒØ±Ø­Ø³Ø§Ø¨Ø¯Ø§Ø±ÛŒ passed base permission check for /tankhah/factor/80/perform-action/
INFO 2025-09-27 09:12:22 PermissionBase get_user_active_organizations [PERM_CHECK] User Ù…Ø¯ÛŒØ±Ø­Ø³Ø§Ø¨Ø¯Ø§Ø±ÛŒ active orgs: [1, 2, 3, 4, 5, 6, 7] (has_core: True)
INFO 2025-09-27 09:12:22 PermissionBase dispatch [PERM_ORG] User Ù…Ø¯ÛŒØ±Ø­Ø³Ø§Ø¨Ø¯Ø§Ø±ÛŒ has access to organizations [1, 2, 3, 4, 5, 6, 7]
INFO 2025-09-27 09:12:22 budget_calculations get_committed_budget Calculated COMMITTED budget for Tankhah PK 20: 12000000.00
INFO 2025-09-27 09:12:22 budget_calculations get_committed_budget Calculated COMMITTED budget for Tankhah PK 20: 12000000.00
INFO 2025-09-27 09:12:22 budget_calculations get_available_budget Available budget for Tankhah PK 20: Initial(75000000.00) - Paid(0.00) - Committed(12000000.00) = 63000000.00
INFO 2025-09-27 09:12:22 PermissionBase get_user_active_organizations [PERM_CHECK] User Ù…Ø¯ÛŒØ±Ø­Ø³Ø§Ø¨Ø¯Ø§Ø±ÛŒ active orgs: [1, 2, 3, 4, 5, 6, 7] (has_core: True)
INFO 2025-09-27 09:12:22 views_FactorDetail get_user_allowed_transitions User Ù…Ø¯ÛŒØ±Ø­Ø³Ø§Ø¨Ø¯Ø§Ø±ÛŒ blocked by higher-level action (strict order enforced). user_min_level=3
INFO 2025-09-27 09:12:22 views_FactorDetail get_context_data [FACTOR_DETAIL] factor=80 status=APPROVED org=1 path_len=1 allowed_len=0 next_users_steps=1
ERROR 2025-09-27 09:12:22 rcms_custom_filters format_negative Error formatting number : could not convert string to float: ''
ERROR 2025-09-27 09:12:22 rcms_custom_filters format_negative Error formatting number : could not convert string to float: ''
ERROR 2025-09-27 09:12:22 rcms_custom_filters format_negative Error formatting number : could not convert string to float: ''
ERROR 2025-09-27 09:12:22 rcms_custom_filters format_negative Error formatting number : could not convert string to float: ''
ERROR 2025-09-27 09:12:22 rcms_custom_filters format_negative Error formatting number : could not convert string to float: ''
ERROR 2025-09-27 09:12:22 rcms_custom_filters format_negative Error formatting number : could not convert string to float: ''
ERROR 2025-09-27 09:12:22 rcms_custom_filters format_negative Error formatting number : could not convert string to float: ''
ERROR 2025-09-27 09:12:22 rcms_custom_filters format_negative Error formatting number : could not convert string to float: ''
ERROR 2025-09-27 09:12:22 rcms_custom_filters format_negative Error formatting number : could not convert string to float: ''
ERROR 2025-09-27 09:12:22 rcms_custom_filters format_negative Error formatting number : could not convert string to float: ''
INFO 2025-09-27 09:12:22 middleware __call__ Ù¾Ø§Ø³Ø® Ø¨Ø±Ø§ÛŒ /tankhah/factor/80/perform-action/ - Ú©Ø¯ ÙˆØ¶Ø¹ÛŒØª: 200
INFO 2025-09-27 09:16:14 models remove_inactive_users Ù‡ÛŒÚ† Ú©Ø§Ø±Ø¨Ø± ØºÛŒØ±ÙØ¹Ø§Ù„ÛŒ Ø¨Ø±Ø§ÛŒ Ø­Ø°Ù ÛŒØ§ÙØª Ù†Ø´Ø¯.
INFO 2025-09-27 09:16:14 middleware __call__ Ø¯Ø±Ø®ÙˆØ§Ø³Øª Ø¨Ù‡: /tankhah/factor/80/perform-action/, Ú©Ø§Ø±Ø¨Ø±: Ù…Ø¯ÛŒØ±Ø­Ø³Ø§Ø¨Ø¯Ø§Ø±ÛŒ
INFO 2025-09-27 09:16:14 PermissionBase has_required_permissions [PERM_CHECK] User Ù…Ø¯ÛŒØ±Ø­Ø³Ø§Ø¨Ø¯Ø§Ø±ÛŒ has core organization â†’ full access granted.
INFO 2025-09-27 09:16:14 PermissionBase dispatch [PERM_CHECK] User Ù…Ø¯ÛŒØ±Ø­Ø³Ø§Ø¨Ø¯Ø§Ø±ÛŒ passed base permission check for /tankhah/factor/80/perform-action/
INFO 2025-09-27 09:16:14 PermissionBase get_user_active_organizations [PERM_CHECK] User Ù…Ø¯ÛŒØ±Ø­Ø³Ø§Ø¨Ø¯Ø§Ø±ÛŒ active orgs: [1, 2, 3, 4, 5, 6, 7] (has_core: True)
INFO 2025-09-27 09:16:14 PermissionBase dispatch [PERM_ORG] User Ù…Ø¯ÛŒØ±Ø­Ø³Ø§Ø¨Ø¯Ø§Ø±ÛŒ has access to organizations [1, 2, 3, 4, 5, 6, 7]
INFO 2025-09-27 09:16:14 budget_calculations get_committed_budget Calculated COMMITTED budget for Tankhah PK 20: 12000000.00
INFO 2025-09-27 09:16:14 budget_calculations get_committed_budget Calculated COMMITTED budget for Tankhah PK 20: 12000000.00
INFO 2025-09-27 09:16:14 budget_calculations get_available_budget Available budget for Tankhah PK 20: Initial(75000000.00) - Paid(0.00) - Committed(12000000.00) = 63000000.00
INFO 2025-09-27 09:16:14 PermissionBase get_user_active_organizations [PERM_CHECK] User Ù…Ø¯ÛŒØ±Ø­Ø³Ø§Ø¨Ø¯Ø§Ø±ÛŒ active orgs: [1, 2, 3, 4, 5, 6, 7] (has_core: True)
INFO 2025-09-27 09:16:14 views_FactorDetail get_user_allowed_transitions User Ù…Ø¯ÛŒØ±Ø­Ø³Ø§Ø¨Ø¯Ø§Ø±ÛŒ blocked by higher-level action (strict order enforced). user_min_level=3
INFO 2025-09-27 09:16:14 views_FactorDetail get_context_data [FACTOR_DETAIL] factor=80 status=APPROVED org=1 path_len=1 allowed_len=0 next_users_steps=1
ERROR 2025-09-27 09:16:14 rcms_custom_filters format_negative Error formatting number : could not convert string to float: ''
ERROR 2025-09-27 09:16:14 rcms_custom_filters format_negative Error formatting number : could not convert string to float: ''
ERROR 2025-09-27 09:16:14 rcms_custom_filters format_negative Error formatting number : could not convert string to float: ''
ERROR 2025-09-27 09:16:14 rcms_custom_filters format_negative Error formatting number : could not convert string to float: ''
ERROR 2025-09-27 09:16:14 rcms_custom_filters format_negative Error formatting number : could not convert string to float: ''
ERROR 2025-09-27 09:16:14 rcms_custom_filters format_negative Error formatting number : could not convert string to float: ''
ERROR 2025-09-27 09:16:14 rcms_custom_filters format_negative Error formatting number : could not convert string to float: ''
ERROR 2025-09-27 09:16:14 rcms_custom_filters format_negative Error formatting number : could not convert string to float: ''
ERROR 2025-09-27 09:16:14 rcms_custom_filters format_negative Error formatting number : could not convert string to float: ''
ERROR 2025-09-27 09:16:14 rcms_custom_filters format_negative Error formatting number : could not convert string to float: ''
INFO 2025-09-27 09:16:14 middleware __call__ Ù¾Ø§Ø³Ø® Ø¨Ø±Ø§ÛŒ /tankhah/factor/80/perform-action/ - Ú©Ø¯ ÙˆØ¶Ø¹ÛŒØª: 200
