INFO 2025-09-27 08:41:11 models remove_inactive_users هیچ کاربر غیرفعالی برای حذف یافت نشد.
INFO 2025-09-27 08:41:11 middleware __call__ درخواست به: /workflow-management/post-assignments/, کاربر: admin
INFO 2025-09-27 08:41:11 PermissionBase_Optimized has_required_permissions [PERM_CHECK] User admin is superuser → full access granted.
INFO 2025-09-27 08:41:11 PermissionBase_Optimized dispatch [PERM_CHECK] User admin passed permission check for /workflow-management/post-assignments/
INFO 2025-09-27 08:41:12 middleware __call__ پاسخ برای /workflow-management/post-assignments/ - کد وضعیت: 200
INFO 2025-09-27 08:41:12 models remove_inactive_users هیچ کاربر غیرفعالی برای حذف یافت نشد.
INFO 2025-09-27 08:41:12 models remove_inactive_users هیچ کاربر غیرفعالی برای حذف یافت نشد.
INFO 2025-09-27 08:41:12 middleware __call__ درخواست به: /workflow-management/api/organizations/, کاربر: admin
INFO 2025-09-27 08:41:12 middleware __call__ درخواست به: /workflow-management/api/actions/, کاربر: admin
INFO 2025-09-27 08:41:12 middleware __call__ پاسخ برای /workflow-management/api/organizations/ - کد وضعیت: 200
INFO 2025-09-27 08:41:12 middleware __call__ پاسخ برای /workflow-management/api/actions/ - کد وضعیت: 200
INFO 2025-09-27 08:41:12 models remove_inactive_users هیچ کاربر غیرفعالی برای حذف یافت نشد.
INFO 2025-09-27 08:41:12 middleware __call__ درخواست به: /workflow-management/api/organizations/7/posts/, کاربر: admin
INFO 2025-09-27 08:41:12 middleware __call__ پاسخ برای /workflow-management/api/organizations/7/posts/ - کد وضعیت: 200
INFO 2025-09-27 08:42:09 models remove_inactive_users هیچ کاربر غیرفعالی برای حذف یافت نشد.
INFO 2025-09-27 08:42:09 middleware __call__ درخواست به: /workflow-management/post-assignments/, کاربر: admin
INFO 2025-09-27 08:42:09 middleware __call__ پاسخ برای /workflow-management/post-assignments/ - کد وضعیت: 200
INFO 2025-09-27 08:42:10 models remove_inactive_users هیچ کاربر غیرفعالی برای حذف یافت نشد.
INFO 2025-09-27 08:42:10 middleware __call__ درخواست به: /workflow-management/api/organizations/, کاربر: admin
INFO 2025-09-27 08:42:10 models remove_inactive_users هیچ کاربر غیرفعالی برای حذف یافت نشد.
INFO 2025-09-27 08:42:10 middleware __call__ درخواست به: /workflow-management/api/actions/, کاربر: admin
INFO 2025-09-27 08:42:10 middleware __call__ پاسخ برای /workflow-management/api/organizations/ - کد وضعیت: 200
INFO 2025-09-27 08:42:10 middleware __call__ پاسخ برای /workflow-management/api/actions/ - کد وضعیت: 200
INFO 2025-09-27 08:42:11 models remove_inactive_users هیچ کاربر غیرفعالی برای حذف یافت نشد.
INFO 2025-09-27 08:42:11 middleware __call__ درخواست به: /workflow-management/api/organizations/7/posts/, کاربر: admin
INFO 2025-09-27 08:42:11 middleware __call__ پاسخ برای /workflow-management/api/organizations/7/posts/ - کد وضعیت: 200
INFO 2025-09-27 08:44:10 models remove_inactive_users هیچ کاربر غیرفعالی برای حذف یافت نشد.
INFO 2025-09-27 08:44:10 models remove_inactive_users هیچ کاربر غیرفعالی برای حذف یافت نشد.
INFO 2025-09-27 08:44:10 middleware __call__ درخواست به: /workflow-management/post-assignments/, کاربر: admin
INFO 2025-09-27 08:44:10 middleware __call__ درخواست به: /workflow-management/api/organizations/1/posts/, کاربر: admin
INFO 2025-09-27 08:44:10 middleware __call__ پاسخ برای /workflow-management/api/organizations/1/posts/ - کد وضعیت: 200
INFO 2025-09-27 08:44:10 middleware __call__ پاسخ برای /workflow-management/post-assignments/ - کد وضعیت: 200
INFO 2025-09-27 08:44:10 models remove_inactive_users هیچ کاربر غیرفعالی برای حذف یافت نشد.
INFO 2025-09-27 08:44:10 middleware __call__ درخواست به: /workflow-management/post-assignments/, کاربر: admin
INFO 2025-09-27 08:44:10 middleware __call__ پاسخ برای /workflow-management/post-assignments/ - کد وضعیت: 200
INFO 2025-09-27 08:44:10 models remove_inactive_users هیچ کاربر غیرفعالی برای حذف یافت نشد.
INFO 2025-09-27 08:44:10 middleware __call__ درخواست به: /workflow-management/api/organizations/, کاربر: admin
INFO 2025-09-27 08:44:10 models remove_inactive_users هیچ کاربر غیرفعالی برای حذف یافت نشد.
INFO 2025-09-27 08:44:10 middleware __call__ پاسخ برای /workflow-management/api/organizations/ - کد وضعیت: 200
INFO 2025-09-27 08:44:10 middleware __call__ درخواست به: /workflow-management/api/actions/, کاربر: admin
INFO 2025-09-27 08:44:10 middleware __call__ پاسخ برای /workflow-management/api/actions/ - کد وضعیت: 200
INFO 2025-09-27 08:44:10 models remove_inactive_users هیچ کاربر غیرفعالی برای حذف یافت نشد.
INFO 2025-09-27 08:44:10 middleware __call__ درخواست به: /workflow-management/api/organizations/1/posts/, کاربر: admin
INFO 2025-09-27 08:44:10 middleware __call__ پاسخ برای /workflow-management/api/organizations/1/posts/ - کد وضعیت: 200
INFO 2025-09-27 08:44:16 models remove_inactive_users هیچ کاربر غیرفعالی برای حذف یافت نشد.
INFO 2025-09-27 08:44:16 models remove_inactive_users هیچ کاربر غیرفعالی برای حذف یافت نشد.
INFO 2025-09-27 08:44:16 middleware __call__ درخواست به: /workflow-management/post-assignments/, کاربر: admin
INFO 2025-09-27 08:44:16 middleware __call__ درخواست به: /workflow-management/api/organizations/7/posts/, کاربر: admin
INFO 2025-09-27 08:44:16 middleware __call__ پاسخ برای /workflow-management/api/organizations/7/posts/ - کد وضعیت: 200
INFO 2025-09-27 08:44:16 middleware __call__ پاسخ برای /workflow-management/post-assignments/ - کد وضعیت: 200
INFO 2025-09-27 08:44:16 models remove_inactive_users هیچ کاربر غیرفعالی برای حذف یافت نشد.
INFO 2025-09-27 08:44:16 middleware __call__ درخواست به: /workflow-management/post-assignments/, کاربر: admin
INFO 2025-09-27 08:44:16 middleware __call__ پاسخ برای /workflow-management/post-assignments/ - کد وضعیت: 200
INFO 2025-09-27 08:44:16 models remove_inactive_users هیچ کاربر غیرفعالی برای حذف یافت نشد.
INFO 2025-09-27 08:44:16 models remove_inactive_users هیچ کاربر غیرفعالی برای حذف یافت نشد.
INFO 2025-09-27 08:44:16 middleware __call__ درخواست به: /workflow-management/api/organizations/, کاربر: admin
INFO 2025-09-27 08:44:16 middleware __call__ درخواست به: /workflow-management/api/actions/, کاربر: admin
INFO 2025-09-27 08:44:16 middleware __call__ پاسخ برای /workflow-management/api/organizations/ - کد وضعیت: 200
INFO 2025-09-27 08:44:16 middleware __call__ پاسخ برای /workflow-management/api/actions/ - کد وضعیت: 200
INFO 2025-09-27 08:44:16 models remove_inactive_users هیچ کاربر غیرفعالی برای حذف یافت نشد.
INFO 2025-09-27 08:44:16 middleware __call__ درخواست به: /workflow-management/api/organizations/7/posts/, کاربر: admin
INFO 2025-09-27 08:44:16 middleware __call__ پاسخ برای /workflow-management/api/organizations/7/posts/ - کد وضعیت: 200
INFO 2025-09-27 08:44:18 models remove_inactive_users هیچ کاربر غیرفعالی برای حذف یافت نشد.
INFO 2025-09-27 08:44:18 middleware __call__ درخواست به: /workflow-management/post-assignments/, کاربر: admin
INFO 2025-09-27 08:44:18 middleware __call__ پاسخ برای /workflow-management/post-assignments/ - کد وضعیت: 200
INFO 2025-09-27 08:44:19 models remove_inactive_users هیچ کاربر غیرفعالی برای حذف یافت نشد.
INFO 2025-09-27 08:44:19 models remove_inactive_users هیچ کاربر غیرفعالی برای حذف یافت نشد.
INFO 2025-09-27 08:44:19 middleware __call__ درخواست به: /workflow-management/api/actions/, کاربر: admin
INFO 2025-09-27 08:44:19 middleware __call__ درخواست به: /workflow-management/api/organizations/, کاربر: admin
INFO 2025-09-27 08:44:19 middleware __call__ پاسخ برای /workflow-management/api/actions/ - کد وضعیت: 200
INFO 2025-09-27 08:44:19 middleware __call__ پاسخ برای /workflow-management/api/organizations/ - کد وضعیت: 200
INFO 2025-09-27 08:44:19 models remove_inactive_users هیچ کاربر غیرفعالی برای حذف یافت نشد.
INFO 2025-09-27 08:44:19 middleware __call__ درخواست به: /workflow-management/api/organizations/7/posts/, کاربر: admin
INFO 2025-09-27 08:44:19 middleware __call__ پاسخ برای /workflow-management/api/organizations/7/posts/ - کد وضعیت: 200
INFO 2025-09-27 08:44:25 models remove_inactive_users هیچ کاربر غیرفعالی برای حذف یافت نشد.
INFO 2025-09-27 08:44:25 middleware __call__ درخواست به: /workflow-management/post-assignments/, کاربر: admin
INFO 2025-09-27 08:44:25 middleware __call__ پاسخ برای /workflow-management/post-assignments/ - کد وضعیت: 200
INFO 2025-09-27 08:44:25 models remove_inactive_users هیچ کاربر غیرفعالی برای حذف یافت نشد.
INFO 2025-09-27 08:44:25 middleware __call__ درخواست به: /workflow-management/api/organizations/, کاربر: admin
INFO 2025-09-27 08:44:25 middleware __call__ پاسخ برای /workflow-management/api/organizations/ - کد وضعیت: 200
INFO 2025-09-27 08:44:25 models remove_inactive_users هیچ کاربر غیرفعالی برای حذف یافت نشد.
INFO 2025-09-27 08:44:25 middleware __call__ درخواست به: /workflow-management/api/actions/, کاربر: admin
INFO 2025-09-27 08:44:25 middleware __call__ پاسخ برای /workflow-management/api/actions/ - کد وضعیت: 200
INFO 2025-09-27 08:44:26 models remove_inactive_users هیچ کاربر غیرفعالی برای حذف یافت نشد.
INFO 2025-09-27 08:44:26 middleware __call__ درخواست به: /workflow-management/api/organizations/7/posts/, کاربر: admin
INFO 2025-09-27 08:44:26 middleware __call__ پاسخ برای /workflow-management/api/organizations/7/posts/ - کد وضعیت: 200
INFO 2025-09-27 08:44:44 models remove_inactive_users هیچ کاربر غیرفعالی برای حذف یافت نشد.
INFO 2025-09-27 08:44:44 middleware __call__ درخواست به: /workflow-management/post-assignments/, کاربر: admin
INFO 2025-09-27 08:44:44 middleware __call__ پاسخ برای /workflow-management/post-assignments/ - کد وضعیت: 200
INFO 2025-09-27 08:44:45 models remove_inactive_users هیچ کاربر غیرفعالی برای حذف یافت نشد.
INFO 2025-09-27 08:44:45 middleware __call__ درخواست به: /workflow-management/api/organizations/, کاربر: admin
INFO 2025-09-27 08:44:45 models remove_inactive_users هیچ کاربر غیرفعالی برای حذف یافت نشد.
INFO 2025-09-27 08:44:45 middleware __call__ درخواست به: /workflow-management/api/actions/, کاربر: admin
INFO 2025-09-27 08:44:45 middleware __call__ پاسخ برای /workflow-management/api/organizations/ - کد وضعیت: 200
INFO 2025-09-27 08:44:45 middleware __call__ پاسخ برای /workflow-management/api/actions/ - کد وضعیت: 200
INFO 2025-09-27 08:44:45 models remove_inactive_users هیچ کاربر غیرفعالی برای حذف یافت نشد.
INFO 2025-09-27 08:44:45 middleware __call__ درخواست به: /workflow-management/api/organizations/7/posts/, کاربر: admin
INFO 2025-09-27 08:44:45 middleware __call__ پاسخ برای /workflow-management/api/organizations/7/posts/ - کد وضعیت: 200
INFO 2025-09-27 08:44:50 models remove_inactive_users هیچ کاربر غیرفعالی برای حذف یافت نشد.
INFO 2025-09-27 08:44:50 models remove_inactive_users هیچ کاربر غیرفعالی برای حذف یافت نشد.
INFO 2025-09-27 08:44:50 middleware __call__ درخواست به: /workflow-management/api/organizations/1/posts/, کاربر: admin
INFO 2025-09-27 08:44:50 middleware __call__ درخواست به: /workflow-management/post-assignments/, کاربر: admin
INFO 2025-09-27 08:44:50 middleware __call__ پاسخ برای /workflow-management/api/organizations/1/posts/ - کد وضعیت: 200
INFO 2025-09-27 08:44:50 middleware __call__ پاسخ برای /workflow-management/post-assignments/ - کد وضعیت: 200
INFO 2025-09-27 08:44:50 models remove_inactive_users هیچ کاربر غیرفعالی برای حذف یافت نشد.
INFO 2025-09-27 08:44:50 middleware __call__ درخواست به: /workflow-management/post-assignments/, کاربر: admin
INFO 2025-09-27 08:44:50 middleware __call__ پاسخ برای /workflow-management/post-assignments/ - کد وضعیت: 200
INFO 2025-09-27 08:44:50 models remove_inactive_users هیچ کاربر غیرفعالی برای حذف یافت نشد.
INFO 2025-09-27 08:44:50 middleware __call__ درخواست به: /workflow-management/api/organizations/, کاربر: admin
INFO 2025-09-27 08:44:50 models remove_inactive_users هیچ کاربر غیرفعالی برای حذف یافت نشد.
INFO 2025-09-27 08:44:50 middleware __call__ پاسخ برای /workflow-management/api/organizations/ - کد وضعیت: 200
INFO 2025-09-27 08:44:50 middleware __call__ درخواست به: /workflow-management/api/actions/, کاربر: admin
INFO 2025-09-27 08:44:50 middleware __call__ پاسخ برای /workflow-management/api/actions/ - کد وضعیت: 200
INFO 2025-09-27 08:44:50 models remove_inactive_users هیچ کاربر غیرفعالی برای حذف یافت نشد.
INFO 2025-09-27 08:44:50 middleware __call__ درخواست به: /workflow-management/api/organizations/1/posts/, کاربر: admin
INFO 2025-09-27 08:44:50 middleware __call__ پاسخ برای /workflow-management/api/organizations/1/posts/ - کد وضعیت: 200
INFO 2025-09-27 08:47:42 models remove_inactive_users هیچ کاربر غیرفعالی برای حذف یافت نشد.
INFO 2025-09-27 08:47:42 middleware __call__ درخواست به: /tankhah/factor/80/perform-action/, کاربر: AnonymousUser
INFO 2025-09-27 08:47:42 middleware __call__ کاربر لاگین نکرده - ریدایرکت به accounts:login
INFO 2025-09-27 08:47:42 models remove_inactive_users هیچ کاربر غیرفعالی برای حذف یافت نشد.
INFO 2025-09-27 08:47:42 middleware __call__ درخواست به: /accounts/login/, کاربر: AnonymousUser
INFO 2025-09-27 08:47:42 middleware __call__ پاسخ برای /accounts/login/ - کد وضعیت: 200
INFO 2025-09-27 08:47:52 models remove_inactive_users هیچ کاربر غیرفعالی برای حذف یافت نشد.
INFO 2025-09-27 08:47:52 middleware __call__ درخواست به: /accounts/login/, کاربر: AnonymousUser
INFO 2025-09-27 08:47:53 middleware __call__ پاسخ برای /accounts/login/ - کد وضعیت: 302
INFO 2025-09-27 08:47:53 models remove_inactive_users هیچ کاربر غیرفعالی برای حذف یافت نشد.
INFO 2025-09-27 08:47:54 middleware __call__ درخواست به: /, کاربر: foad
INFO 2025-09-27 08:47:54 middleware __call__ پاسخ برای / - کد وضعیت: 200
INFO 2025-09-27 08:47:58 models remove_inactive_users هیچ کاربر غیرفعالی برای حذف یافت نشد.
INFO 2025-09-27 08:47:58 middleware __call__ درخواست به: /accounts/login/, کاربر: foad
INFO 2025-09-27 08:47:58 middleware __call__ پاسخ برای /accounts/login/ - کد وضعیت: 200
INFO 2025-09-27 08:47:59 models remove_inactive_users هیچ کاربر غیرفعالی برای حذف یافت نشد.
INFO 2025-09-27 08:47:59 middleware __call__ درخواست به: /tankhah/factors/, کاربر: foad
INFO 2025-09-27 08:47:59 PermissionBase has_required_permissions [PERM_CHECK] User foad has core organization → full access granted.
INFO 2025-09-27 08:47:59 PermissionBase dispatch [PERM_CHECK] User foad passed base permission check for /tankhah/factors/
INFO 2025-09-27 08:47:59 PermissionBase get_user_active_organizations [PERM_CHECK] User foad active orgs: [1, 2, 3, 4, 5, 6, 7] (has_core: True)
INFO 2025-09-27 08:47:59 PermissionBase dispatch [PERM_ORG] User foad has access to organizations [1, 2, 3, 4, 5, 6, 7]
INFO 2025-09-27 08:47:59 View_Factor_list get_queryset [FACTOR_LIST] شروع دریافت لیست فاکتورها برای کاربر: foad
INFO 2025-09-27 08:47:59 View_Factor_list get_queryset [FACTOR_LIST] کاربر foad دسترسی محدود دارد. اعمال فیلتر سازمانی.
INFO 2025-09-27 08:47:59 PermissionBase get_queryset [PERM_CHECK] User foad has core organization → full queryset access.
INFO 2025-09-27 08:47:59 View_Factor_list get_queryset [FACTOR_LIST] تعداد اولیه فاکتورها: 15
INFO 2025-09-27 08:47:59 View_Factor_list get_context_data [FACTOR_LIST_CONTEXT] شروع ایجاد context برای کاربر: foad
INFO 2025-09-27 08:47:59 View_Factor_list get_context_data [FACTOR_LIST_CONTEXT] پردازش 15 فاکتور برای گروه‌بندی
ERROR 2025-09-27 08:47:59 check_user_access check_user_factor_access خطا در بررسی دسترسی کاربر foad: name 'AccessRule' is not defined
ERROR 2025-09-27 08:47:59 check_user_access check_user_factor_access خطا در بررسی دسترسی کاربر foad: name 'AccessRule' is not defined
ERROR 2025-09-27 08:47:59 check_user_access check_user_factor_access خطا در بررسی دسترسی کاربر foad: name 'AccessRule' is not defined
ERROR 2025-09-27 08:47:59 check_user_access check_user_factor_access خطا در بررسی دسترسی کاربر foad: name 'AccessRule' is not defined
ERROR 2025-09-27 08:47:59 check_user_access check_user_factor_access خطا در بررسی دسترسی کاربر foad: name 'AccessRule' is not defined
ERROR 2025-09-27 08:47:59 check_user_access check_user_factor_access خطا در بررسی دسترسی کاربر foad: name 'AccessRule' is not defined
ERROR 2025-09-27 08:47:59 check_user_access check_user_factor_access خطا در بررسی دسترسی کاربر foad: name 'AccessRule' is not defined
ERROR 2025-09-27 08:47:59 check_user_access check_user_factor_access خطا در بررسی دسترسی کاربر foad: name 'AccessRule' is not defined
ERROR 2025-09-27 08:47:59 check_user_access check_user_factor_access خطا در بررسی دسترسی کاربر foad: name 'AccessRule' is not defined
ERROR 2025-09-27 08:47:59 check_user_access check_user_factor_access خطا در بررسی دسترسی کاربر foad: name 'AccessRule' is not defined
ERROR 2025-09-27 08:48:00 check_user_access check_user_factor_access خطا در بررسی دسترسی کاربر foad: name 'AccessRule' is not defined
ERROR 2025-09-27 08:48:00 check_user_access check_user_factor_access خطا در بررسی دسترسی کاربر foad: name 'AccessRule' is not defined
ERROR 2025-09-27 08:48:00 View_Factor_list get_context_data [FACTOR_LIST_CONTEXT] خطا در پردازش فاکتور FAC-TNKH-14040518-HSarein-HSAR-Flor3-001-14040605-HSarein-0001: Payee matching query does not exist.
Traceback (most recent call last):
  File "D:\Design & Source Code\Source Coding\BudgetsSystem\venv\Lib\site-packages\django\db\models\fields\related_descriptors.py", line 239, in __get__
    rel_obj = self.field.get_cached_value(instance)
  File "D:\Design & Source Code\Source Coding\BudgetsSystem\venv\Lib\site-packages\django\db\models\fields\mixins.py", line 37, in get_cached_value
    return instance._state.fields_cache[self.cache_name]
           ~~~~~~~~~~~~~~~~~~~~~~~~~~~~^^^^^^^^^^^^^^^^^
KeyError: 'payee'

During handling of the above exception, another exception occurred:

Traceback (most recent call last):
  File "D:\Design & Source Code\Source Coding\BudgetsSystem\tankhah\Factor\View_Factor_list.py", line 249, in get_context_data
    payee = getattr(factor, 'payee', None)
  File "D:\Design & Source Code\Source Coding\BudgetsSystem\venv\Lib\site-packages\django\db\models\fields\related_descriptors.py", line 257, in __get__
    rel_obj = self.get_object(instance)
  File "D:\Design & Source Code\Source Coding\BudgetsSystem\venv\Lib\site-packages\django\db\models\fields\related_descriptors.py", line 220, in get_object
    return qs.get(self.field.get_reverse_related_filter(instance))
           ~~~~~~^^^^^^^^^^^^^^^^^^^^^^^^^^^^^^^^^^^^^^^^^^^^^^^^^
  File "D:\Design & Source Code\Source Coding\BudgetsSystem\venv\Lib\site-packages\django\db\models\query.py", line 649, in get
    raise self.model.DoesNotExist(
        "%s matching query does not exist." % self.model._meta.object_name
    )
budgets.models.Payee.DoesNotExist: Payee matching query does not exist.
ERROR 2025-09-27 08:48:00 check_user_access check_user_factor_access خطا در بررسی دسترسی کاربر foad: name 'AccessRule' is not defined
ERROR 2025-09-27 08:48:00 View_Factor_list get_context_data [FACTOR_LIST_CONTEXT] خطا در پردازش فاکتور FAC-TNKH-14040518-HSarein-HSAR-Flor3-001-14040604-HSarein-0001: Payee matching query does not exist.
Traceback (most recent call last):
  File "D:\Design & Source Code\Source Coding\BudgetsSystem\venv\Lib\site-packages\django\db\models\fields\related_descriptors.py", line 239, in __get__
    rel_obj = self.field.get_cached_value(instance)
  File "D:\Design & Source Code\Source Coding\BudgetsSystem\venv\Lib\site-packages\django\db\models\fields\mixins.py", line 37, in get_cached_value
    return instance._state.fields_cache[self.cache_name]
           ~~~~~~~~~~~~~~~~~~~~~~~~~~~~^^^^^^^^^^^^^^^^^
KeyError: 'payee'

During handling of the above exception, another exception occurred:

Traceback (most recent call last):
  File "D:\Design & Source Code\Source Coding\BudgetsSystem\tankhah\Factor\View_Factor_list.py", line 249, in get_context_data
    payee = getattr(factor, 'payee', None)
  File "D:\Design & Source Code\Source Coding\BudgetsSystem\venv\Lib\site-packages\django\db\models\fields\related_descriptors.py", line 257, in __get__
    rel_obj = self.get_object(instance)
  File "D:\Design & Source Code\Source Coding\BudgetsSystem\venv\Lib\site-packages\django\db\models\fields\related_descriptors.py", line 220, in get_object
    return qs.get(self.field.get_reverse_related_filter(instance))
           ~~~~~~^^^^^^^^^^^^^^^^^^^^^^^^^^^^^^^^^^^^^^^^^^^^^^^^^
  File "D:\Design & Source Code\Source Coding\BudgetsSystem\venv\Lib\site-packages\django\db\models\query.py", line 649, in get
    raise self.model.DoesNotExist(
        "%s matching query does not exist." % self.model._meta.object_name
    )
budgets.models.Payee.DoesNotExist: Payee matching query does not exist.
ERROR 2025-09-27 08:48:00 check_user_access check_user_factor_access خطا در بررسی دسترسی کاربر foad: name 'AccessRule' is not defined
ERROR 2025-09-27 08:48:00 check_user_access check_user_factor_access خطا در بررسی دسترسی کاربر foad: name 'AccessRule' is not defined
INFO 2025-09-27 08:48:00 View_Factor_list get_context_data [FACTOR_LIST_CONTEXT] گروه‌بندی تکمیل شد. 1 سازمان، 15 فاکتور، مبلغ کل: 13321949.00
ERROR 2025-09-27 08:48:00 rcms_custom_filters format_negative Error formatting number بدون کد ملی: could not convert string to float: 'بدون کد ملی'
ERROR 2025-09-27 08:48:00 rcms_custom_filters format_negative Error formatting number بدون کد ملی: could not convert string to float: 'بدون کد ملی'
INFO 2025-09-27 08:48:00 middleware __call__ پاسخ برای /tankhah/factors/ - کد وضعیت: 200
INFO 2025-09-27 08:48:07 models remove_inactive_users هیچ کاربر غیرفعالی برای حذف یافت نشد.
INFO 2025-09-27 08:48:07 middleware __call__ درخواست به: /tankhah/factor/80/perform-action/, کاربر: foad
INFO 2025-09-27 08:48:07 PermissionBase has_required_permissions [PERM_CHECK] User foad has core organization → full access granted.
INFO 2025-09-27 08:48:07 PermissionBase dispatch [PERM_CHECK] User foad passed base permission check for /tankhah/factor/80/perform-action/
INFO 2025-09-27 08:48:07 PermissionBase get_user_active_organizations [PERM_CHECK] User foad active orgs: [1, 2, 3, 4, 5, 6, 7] (has_core: True)
INFO 2025-09-27 08:48:07 PermissionBase dispatch [PERM_ORG] User foad has access to organizations [1, 2, 3, 4, 5, 6, 7]
INFO 2025-09-27 08:48:07 budget_calculations get_committed_budget Calculated COMMITTED budget for Tankhah PK 20: 12000000.00
INFO 2025-09-27 08:48:07 budget_calculations get_committed_budget Calculated COMMITTED budget for Tankhah PK 20: 12000000.00
INFO 2025-09-27 08:48:07 budget_calculations get_available_budget Available budget for Tankhah PK 20: Initial(75000000.00) - Paid(0.00) - Committed(12000000.00) = 63000000.00
INFO 2025-09-27 08:48:07 PermissionBase get_user_active_organizations [PERM_CHECK] User foad active orgs: [1, 2, 3, 4, 5, 6, 7] (has_core: True)
INFO 2025-09-27 08:48:07 views_FactorDetail get_user_allowed_transitions User foad allowed transitions: ['رد', 'تأیید']
INFO 2025-09-27 08:48:07 views_FactorDetail get_context_data [FACTOR_DETAIL] factor=80 status=APPROVED org=1 path_len=1 allowed_len=2 next_users_steps=1
ERROR 2025-09-27 08:48:07 rcms_custom_filters format_negative Error formatting number : could not convert string to float: ''
ERROR 2025-09-27 08:48:07 rcms_custom_filters format_negative Error formatting number : could not convert string to float: ''
ERROR 2025-09-27 08:48:07 rcms_custom_filters format_negative Error formatting number : could not convert string to float: ''
ERROR 2025-09-27 08:48:07 rcms_custom_filters format_negative Error formatting number : could not convert string to float: ''
ERROR 2025-09-27 08:48:07 rcms_custom_filters format_negative Error formatting number : could not convert string to float: ''
ERROR 2025-09-27 08:48:07 rcms_custom_filters format_negative Error formatting number : could not convert string to float: ''
ERROR 2025-09-27 08:48:07 rcms_custom_filters format_negative Error formatting number : could not convert string to float: ''
ERROR 2025-09-27 08:48:07 rcms_custom_filters format_negative Error formatting number : could not convert string to float: ''
ERROR 2025-09-27 08:48:07 rcms_custom_filters format_negative Error formatting number : could not convert string to float: ''
ERROR 2025-09-27 08:48:07 rcms_custom_filters format_negative Error formatting number : could not convert string to float: ''
INFO 2025-09-27 08:48:07 middleware __call__ پاسخ برای /tankhah/factor/80/perform-action/ - کد وضعیت: 200
INFO 2025-09-27 08:48:17 models remove_inactive_users هیچ کاربر غیرفعالی برای حذف یافت نشد.
INFO 2025-09-27 08:48:17 middleware __call__ درخواست به: /tankhah/api/factor/80/transition/406/, کاربر: foad
INFO 2025-09-27 08:48:17 views_FactorDetail post API: Attempting transition '' on Factor 80 by user foad
ERROR 2025-09-27 08:48:17 models save ارسال اعلان فاکتور FAC-TNKH-14040701-HSarein-IPTV_Sarein-001-14040702-HSarein-0001 با send_notification ناموفق بود: 'function' object has no attribute 'all'
INFO 2025-09-27 08:48:17 views_FactorDetail post Factor 80 status changed from 'تأیید شده' to 'تأیید شده'.
INFO 2025-09-27 08:48:17 models save ApprovalLog PK=327 for مدیریت قسمت تنخواه و فاکتور | فاکتور ID=80 saved successfully.
INFO 2025-09-27 08:48:17 middleware __call__ پاسخ برای /tankhah/api/factor/80/transition/406/ - کد وضعیت: 200
INFO 2025-09-27 08:48:19 models remove_inactive_users هیچ کاربر غیرفعالی برای حذف یافت نشد.
INFO 2025-09-27 08:48:19 middleware __call__ درخواست به: /tankhah/factor/80/perform-action/, کاربر: foad
INFO 2025-09-27 08:48:19 PermissionBase has_required_permissions [PERM_CHECK] User foad has core organization → full access granted.
INFO 2025-09-27 08:48:19 PermissionBase dispatch [PERM_CHECK] User foad passed base permission check for /tankhah/factor/80/perform-action/
INFO 2025-09-27 08:48:19 PermissionBase get_user_active_organizations [PERM_CHECK] User foad active orgs: [1, 2, 3, 4, 5, 6, 7] (has_core: True)
INFO 2025-09-27 08:48:19 PermissionBase dispatch [PERM_ORG] User foad has access to organizations [1, 2, 3, 4, 5, 6, 7]
INFO 2025-09-27 08:48:19 budget_calculations get_committed_budget Calculated COMMITTED budget for Tankhah PK 20: 12000000.00
INFO 2025-09-27 08:48:19 budget_calculations get_committed_budget Calculated COMMITTED budget for Tankhah PK 20: 12000000.00
INFO 2025-09-27 08:48:19 budget_calculations get_available_budget Available budget for Tankhah PK 20: Initial(75000000.00) - Paid(0.00) - Committed(12000000.00) = 63000000.00
INFO 2025-09-27 08:48:19 PermissionBase get_user_active_organizations [PERM_CHECK] User foad active orgs: [1, 2, 3, 4, 5, 6, 7] (has_core: True)
INFO 2025-09-27 08:48:19 views_FactorDetail get_user_allowed_transitions User foad allowed transitions: ['رد', 'تأیید']
INFO 2025-09-27 08:48:19 views_FactorDetail get_context_data [FACTOR_DETAIL] factor=80 status=APPROVED org=1 path_len=1 allowed_len=2 next_users_steps=1
ERROR 2025-09-27 08:48:19 rcms_custom_filters format_negative Error formatting number : could not convert string to float: ''
ERROR 2025-09-27 08:48:19 rcms_custom_filters format_negative Error formatting number : could not convert string to float: ''
ERROR 2025-09-27 08:48:19 rcms_custom_filters format_negative Error formatting number : could not convert string to float: ''
ERROR 2025-09-27 08:48:19 rcms_custom_filters format_negative Error formatting number : could not convert string to float: ''
ERROR 2025-09-27 08:48:19 rcms_custom_filters format_negative Error formatting number : could not convert string to float: ''
ERROR 2025-09-27 08:48:19 rcms_custom_filters format_negative Error formatting number : could not convert string to float: ''
ERROR 2025-09-27 08:48:19 rcms_custom_filters format_negative Error formatting number : could not convert string to float: ''
ERROR 2025-09-27 08:48:19 rcms_custom_filters format_negative Error formatting number : could not convert string to float: ''
ERROR 2025-09-27 08:48:19 rcms_custom_filters format_negative Error formatting number : could not convert string to float: ''
ERROR 2025-09-27 08:48:19 rcms_custom_filters format_negative Error formatting number : could not convert string to float: ''
INFO 2025-09-27 08:48:19 middleware __call__ پاسخ برای /tankhah/factor/80/perform-action/ - کد وضعیت: 200
INFO 2025-09-27 08:48:24 models remove_inactive_users هیچ کاربر غیرفعالی برای حذف یافت نشد.
INFO 2025-09-27 08:48:24 middleware __call__ درخواست به: /accounts/logout/, کاربر: foad
INFO 2025-09-27 08:48:24 middleware __call__ کاربر  خارج شد
INFO 2025-09-27 08:48:24 models remove_inactive_users هیچ کاربر غیرفعالی برای حذف یافت نشد.
INFO 2025-09-27 08:48:24 middleware __call__ درخواست به: /accounts/login/, کاربر: AnonymousUser
INFO 2025-09-27 08:48:24 middleware __call__ پاسخ برای /accounts/login/ - کد وضعیت: 200
INFO 2025-09-27 08:48:34 models remove_inactive_users هیچ کاربر غیرفعالی برای حذف یافت نشد.
INFO 2025-09-27 08:48:34 middleware __call__ درخواست به: /accounts/login/, کاربر: AnonymousUser
INFO 2025-09-27 08:48:35 middleware __call__ پاسخ برای /accounts/login/ - کد وضعیت: 200
INFO 2025-09-27 08:48:48 models remove_inactive_users هیچ کاربر غیرفعالی برای حذف یافت نشد.
INFO 2025-09-27 08:48:48 middleware __call__ درخواست به: /, کاربر: admin
INFO 2025-09-27 08:48:49 middleware __call__ پاسخ برای / - کد وضعیت: 200
INFO 2025-09-27 08:48:53 models remove_inactive_users هیچ کاربر غیرفعالی برای حذف یافت نشد.
INFO 2025-09-27 08:48:53 middleware __call__ درخواست به: /accounts/admin_dashboard/, کاربر: admin
INFO 2025-09-27 08:48:54 middleware __call__ پاسخ برای /accounts/admin_dashboard/ - کد وضعیت: 200
INFO 2025-09-27 08:48:56 models remove_inactive_users هیچ کاربر غیرفعالی برای حذف یافت نشد.
INFO 2025-09-27 08:48:56 middleware __call__ درخواست به: /accounts/users/, کاربر: admin
INFO 2025-09-27 08:48:56 has_role_permission _wrapped_view کاربر سوپریوزر است، دسترسی کامل 👍
INFO 2025-09-27 08:48:56 middleware __call__ پاسخ برای /accounts/users/ - کد وضعیت: 200
INFO 2025-09-27 08:49:21 models remove_inactive_users هیچ کاربر غیرفعالی برای حذف یافت نشد.
INFO 2025-09-27 08:49:21 middleware __call__ درخواست به: /accounts/logout/, کاربر: AnonymousUser
INFO 2025-09-27 08:49:21 middleware __call__ کاربر لاگین نکرده - ریدایرکت به accounts:login
INFO 2025-09-27 08:49:21 models remove_inactive_users هیچ کاربر غیرفعالی برای حذف یافت نشد.
INFO 2025-09-27 08:49:21 middleware __call__ درخواست به: /accounts/login/, کاربر: AnonymousUser
INFO 2025-09-27 08:49:21 middleware __call__ پاسخ برای /accounts/login/ - کد وضعیت: 200
INFO 2025-09-27 08:49:24 models remove_inactive_users هیچ کاربر غیرفعالی برای حذف یافت نشد.
INFO 2025-09-27 08:49:24 middleware __call__ درخواست به: /accounts/login/, کاربر: AnonymousUser
INFO 2025-09-27 08:49:25 middleware __call__ پاسخ برای /accounts/login/ - کد وضعیت: 302
INFO 2025-09-27 08:49:25 models remove_inactive_users هیچ کاربر غیرفعالی برای حذف یافت نشد.
INFO 2025-09-27 08:49:25 middleware __call__ درخواست به: /, کاربر: p.bighash
INFO 2025-09-27 08:49:26 middleware __call__ پاسخ برای / - کد وضعیت: 200
INFO 2025-09-27 08:49:30 models remove_inactive_users هیچ کاربر غیرفعالی برای حذف یافت نشد.
INFO 2025-09-27 08:49:30 middleware __call__ درخواست به: /tankhah/factor/80/perform-action/, کاربر: p.bighash
INFO 2025-09-27 08:49:30 PermissionBase has_required_permissions [PERM_CHECK] User p.bighash has core organization → full access granted.
INFO 2025-09-27 08:49:30 PermissionBase dispatch [PERM_CHECK] User p.bighash passed base permission check for /tankhah/factor/80/perform-action/
INFO 2025-09-27 08:49:30 PermissionBase get_user_active_organizations [PERM_CHECK] User p.bighash active orgs: [1, 2, 3, 4, 5, 6, 7] (has_core: True)
INFO 2025-09-27 08:49:30 PermissionBase dispatch [PERM_ORG] User p.bighash has access to organizations [1, 2, 3, 4, 5, 6, 7]
INFO 2025-09-27 08:49:30 budget_calculations get_committed_budget Calculated COMMITTED budget for Tankhah PK 20: 12000000.00
INFO 2025-09-27 08:49:30 budget_calculations get_committed_budget Calculated COMMITTED budget for Tankhah PK 20: 12000000.00
INFO 2025-09-27 08:49:30 budget_calculations get_available_budget Available budget for Tankhah PK 20: Initial(75000000.00) - Paid(0.00) - Committed(12000000.00) = 63000000.00
INFO 2025-09-27 08:49:30 PermissionBase get_user_active_organizations [PERM_CHECK] User p.bighash active orgs: [1, 2, 3, 4, 5, 6, 7] (has_core: True)
INFO 2025-09-27 08:49:30 views_FactorDetail get_user_allowed_transitions User p.bighash allowed transitions: ['رد', 'تأیید']
INFO 2025-09-27 08:49:30 views_FactorDetail get_context_data [FACTOR_DETAIL] factor=80 status=APPROVED org=1 path_len=1 allowed_len=2 next_users_steps=1
ERROR 2025-09-27 08:49:30 rcms_custom_filters format_negative Error formatting number : could not convert string to float: ''
ERROR 2025-09-27 08:49:30 rcms_custom_filters format_negative Error formatting number : could not convert string to float: ''
ERROR 2025-09-27 08:49:30 rcms_custom_filters format_negative Error formatting number : could not convert string to float: ''
ERROR 2025-09-27 08:49:30 rcms_custom_filters format_negative Error formatting number : could not convert string to float: ''
ERROR 2025-09-27 08:49:30 rcms_custom_filters format_negative Error formatting number : could not convert string to float: ''
ERROR 2025-09-27 08:49:30 rcms_custom_filters format_negative Error formatting number : could not convert string to float: ''
ERROR 2025-09-27 08:49:30 rcms_custom_filters format_negative Error formatting number : could not convert string to float: ''
ERROR 2025-09-27 08:49:30 rcms_custom_filters format_negative Error formatting number : could not convert string to float: ''
ERROR 2025-09-27 08:49:30 rcms_custom_filters format_negative Error formatting number : could not convert string to float: ''
ERROR 2025-09-27 08:49:30 rcms_custom_filters format_negative Error formatting number : could not convert string to float: ''
INFO 2025-09-27 08:49:30 middleware __call__ پاسخ برای /tankhah/factor/80/perform-action/ - کد وضعیت: 200
INFO 2025-09-27 08:49:35 models remove_inactive_users هیچ کاربر غیرفعالی برای حذف یافت نشد.
INFO 2025-09-27 08:49:35 middleware __call__ درخواست به: /tankhah/api/factor/80/transition/406/, کاربر: p.bighash
INFO 2025-09-27 08:49:35 views_FactorDetail post API: Attempting transition '' on Factor 80 by user p.bighash
ERROR 2025-09-27 08:49:35 models save ارسال اعلان فاکتور FAC-TNKH-14040701-HSarein-IPTV_Sarein-001-14040702-HSarein-0001 با send_notification ناموفق بود: 'function' object has no attribute 'all'
INFO 2025-09-27 08:49:35 views_FactorDetail post Factor 80 status changed from 'تأیید شده' to 'تأیید شده'.
INFO 2025-09-27 08:49:35 models save ApprovalLog PK=328 for مدیریت قسمت تنخواه و فاکتور | فاکتور ID=80 saved successfully.
INFO 2025-09-27 08:49:35 middleware __call__ پاسخ برای /tankhah/api/factor/80/transition/406/ - کد وضعیت: 200
INFO 2025-09-27 08:49:36 models remove_inactive_users هیچ کاربر غیرفعالی برای حذف یافت نشد.
INFO 2025-09-27 08:49:36 middleware __call__ درخواست به: /tankhah/factor/80/perform-action/, کاربر: p.bighash
INFO 2025-09-27 08:49:36 PermissionBase has_required_permissions [PERM_CHECK] User p.bighash has core organization → full access granted.
INFO 2025-09-27 08:49:36 PermissionBase dispatch [PERM_CHECK] User p.bighash passed base permission check for /tankhah/factor/80/perform-action/
INFO 2025-09-27 08:49:36 PermissionBase get_user_active_organizations [PERM_CHECK] User p.bighash active orgs: [1, 2, 3, 4, 5, 6, 7] (has_core: True)
INFO 2025-09-27 08:49:36 PermissionBase dispatch [PERM_ORG] User p.bighash has access to organizations [1, 2, 3, 4, 5, 6, 7]
INFO 2025-09-27 08:49:36 budget_calculations get_committed_budget Calculated COMMITTED budget for Tankhah PK 20: 12000000.00
INFO 2025-09-27 08:49:36 budget_calculations get_committed_budget Calculated COMMITTED budget for Tankhah PK 20: 12000000.00
INFO 2025-09-27 08:49:36 budget_calculations get_available_budget Available budget for Tankhah PK 20: Initial(75000000.00) - Paid(0.00) - Committed(12000000.00) = 63000000.00
INFO 2025-09-27 08:49:37 PermissionBase get_user_active_organizations [PERM_CHECK] User p.bighash active orgs: [1, 2, 3, 4, 5, 6, 7] (has_core: True)
INFO 2025-09-27 08:49:37 views_FactorDetail get_user_allowed_transitions User p.bighash allowed transitions: ['رد', 'تأیید']
INFO 2025-09-27 08:49:37 views_FactorDetail get_context_data [FACTOR_DETAIL] factor=80 status=APPROVED org=1 path_len=1 allowed_len=2 next_users_steps=1
ERROR 2025-09-27 08:49:37 rcms_custom_filters format_negative Error formatting number : could not convert string to float: ''
ERROR 2025-09-27 08:49:37 rcms_custom_filters format_negative Error formatting number : could not convert string to float: ''
ERROR 2025-09-27 08:49:37 rcms_custom_filters format_negative Error formatting number : could not convert string to float: ''
ERROR 2025-09-27 08:49:37 rcms_custom_filters format_negative Error formatting number : could not convert string to float: ''
ERROR 2025-09-27 08:49:37 rcms_custom_filters format_negative Error formatting number : could not convert string to float: ''
ERROR 2025-09-27 08:49:37 rcms_custom_filters format_negative Error formatting number : could not convert string to float: ''
ERROR 2025-09-27 08:49:37 rcms_custom_filters format_negative Error formatting number : could not convert string to float: ''
ERROR 2025-09-27 08:49:37 rcms_custom_filters format_negative Error formatting number : could not convert string to float: ''
ERROR 2025-09-27 08:49:37 rcms_custom_filters format_negative Error formatting number : could not convert string to float: ''
ERROR 2025-09-27 08:49:37 rcms_custom_filters format_negative Error formatting number : could not convert string to float: ''
INFO 2025-09-27 08:49:37 middleware __call__ پاسخ برای /tankhah/factor/80/perform-action/ - کد وضعیت: 200
INFO 2025-09-27 08:50:05 models remove_inactive_users هیچ کاربر غیرفعالی برای حذف یافت نشد.
INFO 2025-09-27 08:50:05 middleware __call__ درخواست به: /accounts/logout/, کاربر: p.bighash
INFO 2025-09-27 08:50:05 middleware __call__ کاربر  خارج شد
INFO 2025-09-27 08:50:05 models remove_inactive_users هیچ کاربر غیرفعالی برای حذف یافت نشد.
INFO 2025-09-27 08:50:05 middleware __call__ درخواست به: /accounts/login/, کاربر: AnonymousUser
INFO 2025-09-27 08:50:05 middleware __call__ پاسخ برای /accounts/login/ - کد وضعیت: 200
INFO 2025-09-27 08:50:11 models remove_inactive_users هیچ کاربر غیرفعالی برای حذف یافت نشد.
INFO 2025-09-27 08:50:11 middleware __call__ درخواست به: /accounts/login/, کاربر: AnonymousUser
INFO 2025-09-27 08:50:12 middleware __call__ پاسخ برای /accounts/login/ - کد وضعیت: 302
INFO 2025-09-27 08:50:12 models remove_inactive_users هیچ کاربر غیرفعالی برای حذف یافت نشد.
INFO 2025-09-27 08:50:12 middleware __call__ درخواست به: /, کاربر: مدیرحسابداری
INFO 2025-09-27 08:50:12 middleware __call__ پاسخ برای / - کد وضعیت: 200
INFO 2025-09-27 08:50:14 models remove_inactive_users هیچ کاربر غیرفعالی برای حذف یافت نشد.
INFO 2025-09-27 08:50:14 middleware __call__ درخواست به: /tankhah/factors/, کاربر: مدیرحسابداری
INFO 2025-09-27 08:50:14 PermissionBase has_required_permissions [PERM_CHECK] User مدیرحسابداری has core organization → full access granted.
INFO 2025-09-27 08:50:14 PermissionBase dispatch [PERM_CHECK] User مدیرحسابداری passed base permission check for /tankhah/factors/
INFO 2025-09-27 08:50:14 PermissionBase get_user_active_organizations [PERM_CHECK] User مدیرحسابداری active orgs: [1, 2, 3, 4, 5, 6, 7] (has_core: True)
INFO 2025-09-27 08:50:14 PermissionBase dispatch [PERM_ORG] User مدیرحسابداری has access to organizations [1, 2, 3, 4, 5, 6, 7]
INFO 2025-09-27 08:50:14 View_Factor_list get_queryset [FACTOR_LIST] شروع دریافت لیست فاکتورها برای کاربر: مدیرحسابداری
INFO 2025-09-27 08:50:14 View_Factor_list get_queryset [FACTOR_LIST] کاربر مدیرحسابداری دسترسی محدود دارد. اعمال فیلتر سازمانی.
INFO 2025-09-27 08:50:14 PermissionBase get_queryset [PERM_CHECK] User مدیرحسابداری has core organization → full queryset access.
INFO 2025-09-27 08:50:14 View_Factor_list get_queryset [FACTOR_LIST] تعداد اولیه فاکتورها: 15
INFO 2025-09-27 08:50:14 View_Factor_list get_context_data [FACTOR_LIST_CONTEXT] شروع ایجاد context برای کاربر: مدیرحسابداری
INFO 2025-09-27 08:50:14 View_Factor_list get_context_data [FACTOR_LIST_CONTEXT] پردازش 15 فاکتور برای گروه‌بندی
INFO 2025-09-27 08:50:14 check_user_access check_user_factor_access کاربر مدیرحسابداری دسترسی کامل دارد.
ERROR 2025-09-27 08:50:14 check_user_access check_user_factor_access خطا در بررسی دسترسی کاربر مدیرحسابداری: name 'AccessRule' is not defined
INFO 2025-09-27 08:50:14 check_user_access check_user_factor_access کاربر مدیرحسابداری دسترسی کامل دارد.
ERROR 2025-09-27 08:50:14 check_user_access check_user_factor_access خطا در بررسی دسترسی کاربر مدیرحسابداری: name 'AccessRule' is not defined
INFO 2025-09-27 08:50:14 check_user_access check_user_factor_access کاربر مدیرحسابداری دسترسی کامل دارد.
ERROR 2025-09-27 08:50:14 check_user_access check_user_factor_access خطا در بررسی دسترسی کاربر مدیرحسابداری: name 'AccessRule' is not defined
INFO 2025-09-27 08:50:15 check_user_access check_user_factor_access کاربر مدیرحسابداری دسترسی کامل دارد.
ERROR 2025-09-27 08:50:15 check_user_access check_user_factor_access خطا در بررسی دسترسی کاربر مدیرحسابداری: name 'AccessRule' is not defined
INFO 2025-09-27 08:50:15 check_user_access check_user_factor_access کاربر مدیرحسابداری دسترسی کامل دارد.
ERROR 2025-09-27 08:50:15 check_user_access check_user_factor_access خطا در بررسی دسترسی کاربر مدیرحسابداری: name 'AccessRule' is not defined
INFO 2025-09-27 08:50:15 check_user_access check_user_factor_access کاربر مدیرحسابداری دسترسی کامل دارد.
ERROR 2025-09-27 08:50:15 check_user_access check_user_factor_access خطا در بررسی دسترسی کاربر مدیرحسابداری: name 'AccessRule' is not defined
INFO 2025-09-27 08:50:15 check_user_access check_user_factor_access کاربر مدیرحسابداری دسترسی کامل دارد.
ERROR 2025-09-27 08:50:15 check_user_access check_user_factor_access خطا در بررسی دسترسی کاربر مدیرحسابداری: name 'AccessRule' is not defined
INFO 2025-09-27 08:50:15 check_user_access check_user_factor_access کاربر مدیرحسابداری دسترسی کامل دارد.
ERROR 2025-09-27 08:50:15 check_user_access check_user_factor_access خطا در بررسی دسترسی کاربر مدیرحسابداری: name 'AccessRule' is not defined
INFO 2025-09-27 08:50:15 check_user_access check_user_factor_access کاربر مدیرحسابداری دسترسی کامل دارد.
ERROR 2025-09-27 08:50:15 check_user_access check_user_factor_access خطا در بررسی دسترسی کاربر مدیرحسابداری: name 'AccessRule' is not defined
INFO 2025-09-27 08:50:15 check_user_access check_user_factor_access کاربر مدیرحسابداری دسترسی کامل دارد.
ERROR 2025-09-27 08:50:15 check_user_access check_user_factor_access خطا در بررسی دسترسی کاربر مدیرحسابداری: name 'AccessRule' is not defined
INFO 2025-09-27 08:50:15 check_user_access check_user_factor_access کاربر مدیرحسابداری دسترسی کامل دارد.
ERROR 2025-09-27 08:50:15 check_user_access check_user_factor_access خطا در بررسی دسترسی کاربر مدیرحسابداری: name 'AccessRule' is not defined
INFO 2025-09-27 08:50:15 check_user_access check_user_factor_access کاربر مدیرحسابداری دسترسی کامل دارد.
ERROR 2025-09-27 08:50:15 check_user_access check_user_factor_access خطا در بررسی دسترسی کاربر مدیرحسابداری: name 'AccessRule' is not defined
ERROR 2025-09-27 08:50:15 View_Factor_list get_context_data [FACTOR_LIST_CONTEXT] خطا در پردازش فاکتور FAC-TNKH-14040518-HSarein-HSAR-Flor3-001-14040605-HSarein-0001: Payee matching query does not exist.
Traceback (most recent call last):
  File "D:\Design & Source Code\Source Coding\BudgetsSystem\venv\Lib\site-packages\django\db\models\fields\related_descriptors.py", line 239, in __get__
    rel_obj = self.field.get_cached_value(instance)
  File "D:\Design & Source Code\Source Coding\BudgetsSystem\venv\Lib\site-packages\django\db\models\fields\mixins.py", line 37, in get_cached_value
    return instance._state.fields_cache[self.cache_name]
           ~~~~~~~~~~~~~~~~~~~~~~~~~~~~^^^^^^^^^^^^^^^^^
KeyError: 'payee'

During handling of the above exception, another exception occurred:

Traceback (most recent call last):
  File "D:\Design & Source Code\Source Coding\BudgetsSystem\tankhah\Factor\View_Factor_list.py", line 249, in get_context_data
    payee = getattr(factor, 'payee', None)
  File "D:\Design & Source Code\Source Coding\BudgetsSystem\venv\Lib\site-packages\django\db\models\fields\related_descriptors.py", line 257, in __get__
    rel_obj = self.get_object(instance)
  File "D:\Design & Source Code\Source Coding\BudgetsSystem\venv\Lib\site-packages\django\db\models\fields\related_descriptors.py", line 220, in get_object
    return qs.get(self.field.get_reverse_related_filter(instance))
           ~~~~~~^^^^^^^^^^^^^^^^^^^^^^^^^^^^^^^^^^^^^^^^^^^^^^^^^
  File "D:\Design & Source Code\Source Coding\BudgetsSystem\venv\Lib\site-packages\django\db\models\query.py", line 649, in get
    raise self.model.DoesNotExist(
        "%s matching query does not exist." % self.model._meta.object_name
    )
budgets.models.Payee.DoesNotExist: Payee matching query does not exist.
INFO 2025-09-27 08:50:15 check_user_access check_user_factor_access کاربر مدیرحسابداری دسترسی کامل دارد.
ERROR 2025-09-27 08:50:15 check_user_access check_user_factor_access خطا در بررسی دسترسی کاربر مدیرحسابداری: name 'AccessRule' is not defined
ERROR 2025-09-27 08:50:15 View_Factor_list get_context_data [FACTOR_LIST_CONTEXT] خطا در پردازش فاکتور FAC-TNKH-14040518-HSarein-HSAR-Flor3-001-14040604-HSarein-0001: Payee matching query does not exist.
Traceback (most recent call last):
  File "D:\Design & Source Code\Source Coding\BudgetsSystem\venv\Lib\site-packages\django\db\models\fields\related_descriptors.py", line 239, in __get__
    rel_obj = self.field.get_cached_value(instance)
  File "D:\Design & Source Code\Source Coding\BudgetsSystem\venv\Lib\site-packages\django\db\models\fields\mixins.py", line 37, in get_cached_value
    return instance._state.fields_cache[self.cache_name]
           ~~~~~~~~~~~~~~~~~~~~~~~~~~~~^^^^^^^^^^^^^^^^^
KeyError: 'payee'

During handling of the above exception, another exception occurred:

Traceback (most recent call last):
  File "D:\Design & Source Code\Source Coding\BudgetsSystem\tankhah\Factor\View_Factor_list.py", line 249, in get_context_data
    payee = getattr(factor, 'payee', None)
  File "D:\Design & Source Code\Source Coding\BudgetsSystem\venv\Lib\site-packages\django\db\models\fields\related_descriptors.py", line 257, in __get__
    rel_obj = self.get_object(instance)
  File "D:\Design & Source Code\Source Coding\BudgetsSystem\venv\Lib\site-packages\django\db\models\fields\related_descriptors.py", line 220, in get_object
    return qs.get(self.field.get_reverse_related_filter(instance))
           ~~~~~~^^^^^^^^^^^^^^^^^^^^^^^^^^^^^^^^^^^^^^^^^^^^^^^^^
  File "D:\Design & Source Code\Source Coding\BudgetsSystem\venv\Lib\site-packages\django\db\models\query.py", line 649, in get
    raise self.model.DoesNotExist(
        "%s matching query does not exist." % self.model._meta.object_name
    )
budgets.models.Payee.DoesNotExist: Payee matching query does not exist.
INFO 2025-09-27 08:50:15 check_user_access check_user_factor_access کاربر مدیرحسابداری دسترسی کامل دارد.
ERROR 2025-09-27 08:50:15 check_user_access check_user_factor_access خطا در بررسی دسترسی کاربر مدیرحسابداری: name 'AccessRule' is not defined
INFO 2025-09-27 08:50:16 models remove_inactive_users هیچ کاربر غیرفعالی برای حذف یافت نشد.
INFO 2025-09-27 08:50:16 middleware __call__ درخواست به: /tankhah/factors/, کاربر: مدیرحسابداری
INFO 2025-09-27 08:50:16 check_user_access check_user_factor_access کاربر مدیرحسابداری دسترسی کامل دارد.
ERROR 2025-09-27 08:50:16 check_user_access check_user_factor_access خطا در بررسی دسترسی کاربر مدیرحسابداری: name 'AccessRule' is not defined
INFO 2025-09-27 08:50:16 PermissionBase has_required_permissions [PERM_CHECK] User مدیرحسابداری has core organization → full access granted.
INFO 2025-09-27 08:50:16 View_Factor_list get_context_data [FACTOR_LIST_CONTEXT] گروه‌بندی تکمیل شد. 1 سازمان، 15 فاکتور، مبلغ کل: 13321949.00
INFO 2025-09-27 08:50:16 PermissionBase dispatch [PERM_CHECK] User مدیرحسابداری passed base permission check for /tankhah/factors/
INFO 2025-09-27 08:50:16 PermissionBase get_user_active_organizations [PERM_CHECK] User مدیرحسابداری active orgs: [1, 2, 3, 4, 5, 6, 7] (has_core: True)
INFO 2025-09-27 08:50:16 PermissionBase dispatch [PERM_ORG] User مدیرحسابداری has access to organizations [1, 2, 3, 4, 5, 6, 7]
INFO 2025-09-27 08:50:16 View_Factor_list get_queryset [FACTOR_LIST] شروع دریافت لیست فاکتورها برای کاربر: مدیرحسابداری
INFO 2025-09-27 08:50:16 View_Factor_list get_queryset [FACTOR_LIST] کاربر مدیرحسابداری دسترسی محدود دارد. اعمال فیلتر سازمانی.
INFO 2025-09-27 08:50:16 PermissionBase get_queryset [PERM_CHECK] User مدیرحسابداری has core organization → full queryset access.
INFO 2025-09-27 08:50:16 View_Factor_list get_queryset [FACTOR_LIST] تعداد اولیه فاکتورها: 15
INFO 2025-09-27 08:50:16 View_Factor_list get_context_data [FACTOR_LIST_CONTEXT] شروع ایجاد context برای کاربر: مدیرحسابداری
ERROR 2025-09-27 08:50:16 rcms_custom_filters format_negative Error formatting number بدون کد ملی: could not convert string to float: 'بدون کد ملی'
ERROR 2025-09-27 08:50:16 rcms_custom_filters format_negative Error formatting number بدون کد ملی: could not convert string to float: 'بدون کد ملی'
INFO 2025-09-27 08:50:16 middleware __call__ پاسخ برای /tankhah/factors/ - کد وضعیت: 200
INFO 2025-09-27 08:50:16 View_Factor_list get_context_data [FACTOR_LIST_CONTEXT] پردازش 15 فاکتور برای گروه‌بندی
INFO 2025-09-27 08:50:16 check_user_access check_user_factor_access کاربر مدیرحسابداری دسترسی کامل دارد.
ERROR 2025-09-27 08:50:16 check_user_access check_user_factor_access خطا در بررسی دسترسی کاربر مدیرحسابداری: name 'AccessRule' is not defined
INFO 2025-09-27 08:50:16 check_user_access check_user_factor_access کاربر مدیرحسابداری دسترسی کامل دارد.
ERROR 2025-09-27 08:50:16 check_user_access check_user_factor_access خطا در بررسی دسترسی کاربر مدیرحسابداری: name 'AccessRule' is not defined
INFO 2025-09-27 08:50:16 check_user_access check_user_factor_access کاربر مدیرحسابداری دسترسی کامل دارد.
ERROR 2025-09-27 08:50:16 check_user_access check_user_factor_access خطا در بررسی دسترسی کاربر مدیرحسابداری: name 'AccessRule' is not defined
INFO 2025-09-27 08:50:16 check_user_access check_user_factor_access کاربر مدیرحسابداری دسترسی کامل دارد.
ERROR 2025-09-27 08:50:16 check_user_access check_user_factor_access خطا در بررسی دسترسی کاربر مدیرحسابداری: name 'AccessRule' is not defined
INFO 2025-09-27 08:50:16 check_user_access check_user_factor_access کاربر مدیرحسابداری دسترسی کامل دارد.
ERROR 2025-09-27 08:50:16 check_user_access check_user_factor_access خطا در بررسی دسترسی کاربر مدیرحسابداری: name 'AccessRule' is not defined
INFO 2025-09-27 08:50:16 check_user_access check_user_factor_access کاربر مدیرحسابداری دسترسی کامل دارد.
ERROR 2025-09-27 08:50:16 check_user_access check_user_factor_access خطا در بررسی دسترسی کاربر مدیرحسابداری: name 'AccessRule' is not defined
INFO 2025-09-27 08:50:16 check_user_access check_user_factor_access کاربر مدیرحسابداری دسترسی کامل دارد.
ERROR 2025-09-27 08:50:16 check_user_access check_user_factor_access خطا در بررسی دسترسی کاربر مدیرحسابداری: name 'AccessRule' is not defined
INFO 2025-09-27 08:50:16 check_user_access check_user_factor_access کاربر مدیرحسابداری دسترسی کامل دارد.
ERROR 2025-09-27 08:50:16 check_user_access check_user_factor_access خطا در بررسی دسترسی کاربر مدیرحسابداری: name 'AccessRule' is not defined
INFO 2025-09-27 08:50:16 check_user_access check_user_factor_access کاربر مدیرحسابداری دسترسی کامل دارد.
ERROR 2025-09-27 08:50:16 check_user_access check_user_factor_access خطا در بررسی دسترسی کاربر مدیرحسابداری: name 'AccessRule' is not defined
INFO 2025-09-27 08:50:16 check_user_access check_user_factor_access کاربر مدیرحسابداری دسترسی کامل دارد.
ERROR 2025-09-27 08:50:16 check_user_access check_user_factor_access خطا در بررسی دسترسی کاربر مدیرحسابداری: name 'AccessRule' is not defined
INFO 2025-09-27 08:50:17 check_user_access check_user_factor_access کاربر مدیرحسابداری دسترسی کامل دارد.
ERROR 2025-09-27 08:50:17 check_user_access check_user_factor_access خطا در بررسی دسترسی کاربر مدیرحسابداری: name 'AccessRule' is not defined
INFO 2025-09-27 08:50:17 check_user_access check_user_factor_access کاربر مدیرحسابداری دسترسی کامل دارد.
ERROR 2025-09-27 08:50:17 check_user_access check_user_factor_access خطا در بررسی دسترسی کاربر مدیرحسابداری: name 'AccessRule' is not defined
ERROR 2025-09-27 08:50:17 View_Factor_list get_context_data [FACTOR_LIST_CONTEXT] خطا در پردازش فاکتور FAC-TNKH-14040518-HSarein-HSAR-Flor3-001-14040605-HSarein-0001: Payee matching query does not exist.
Traceback (most recent call last):
  File "D:\Design & Source Code\Source Coding\BudgetsSystem\venv\Lib\site-packages\django\db\models\fields\related_descriptors.py", line 239, in __get__
    rel_obj = self.field.get_cached_value(instance)
  File "D:\Design & Source Code\Source Coding\BudgetsSystem\venv\Lib\site-packages\django\db\models\fields\mixins.py", line 37, in get_cached_value
    return instance._state.fields_cache[self.cache_name]
           ~~~~~~~~~~~~~~~~~~~~~~~~~~~~^^^^^^^^^^^^^^^^^
KeyError: 'payee'

During handling of the above exception, another exception occurred:

Traceback (most recent call last):
  File "D:\Design & Source Code\Source Coding\BudgetsSystem\tankhah\Factor\View_Factor_list.py", line 249, in get_context_data
    payee = getattr(factor, 'payee', None)
  File "D:\Design & Source Code\Source Coding\BudgetsSystem\venv\Lib\site-packages\django\db\models\fields\related_descriptors.py", line 257, in __get__
    rel_obj = self.get_object(instance)
  File "D:\Design & Source Code\Source Coding\BudgetsSystem\venv\Lib\site-packages\django\db\models\fields\related_descriptors.py", line 220, in get_object
    return qs.get(self.field.get_reverse_related_filter(instance))
           ~~~~~~^^^^^^^^^^^^^^^^^^^^^^^^^^^^^^^^^^^^^^^^^^^^^^^^^
  File "D:\Design & Source Code\Source Coding\BudgetsSystem\venv\Lib\site-packages\django\db\models\query.py", line 649, in get
    raise self.model.DoesNotExist(
        "%s matching query does not exist." % self.model._meta.object_name
    )
budgets.models.Payee.DoesNotExist: Payee matching query does not exist.
INFO 2025-09-27 08:50:17 check_user_access check_user_factor_access کاربر مدیرحسابداری دسترسی کامل دارد.
ERROR 2025-09-27 08:50:17 check_user_access check_user_factor_access خطا در بررسی دسترسی کاربر مدیرحسابداری: name 'AccessRule' is not defined
ERROR 2025-09-27 08:50:17 View_Factor_list get_context_data [FACTOR_LIST_CONTEXT] خطا در پردازش فاکتور FAC-TNKH-14040518-HSarein-HSAR-Flor3-001-14040604-HSarein-0001: Payee matching query does not exist.
Traceback (most recent call last):
  File "D:\Design & Source Code\Source Coding\BudgetsSystem\venv\Lib\site-packages\django\db\models\fields\related_descriptors.py", line 239, in __get__
    rel_obj = self.field.get_cached_value(instance)
  File "D:\Design & Source Code\Source Coding\BudgetsSystem\venv\Lib\site-packages\django\db\models\fields\mixins.py", line 37, in get_cached_value
    return instance._state.fields_cache[self.cache_name]
           ~~~~~~~~~~~~~~~~~~~~~~~~~~~~^^^^^^^^^^^^^^^^^
KeyError: 'payee'

During handling of the above exception, another exception occurred:

Traceback (most recent call last):
  File "D:\Design & Source Code\Source Coding\BudgetsSystem\tankhah\Factor\View_Factor_list.py", line 249, in get_context_data
    payee = getattr(factor, 'payee', None)
  File "D:\Design & Source Code\Source Coding\BudgetsSystem\venv\Lib\site-packages\django\db\models\fields\related_descriptors.py", line 257, in __get__
    rel_obj = self.get_object(instance)
  File "D:\Design & Source Code\Source Coding\BudgetsSystem\venv\Lib\site-packages\django\db\models\fields\related_descriptors.py", line 220, in get_object
    return qs.get(self.field.get_reverse_related_filter(instance))
           ~~~~~~^^^^^^^^^^^^^^^^^^^^^^^^^^^^^^^^^^^^^^^^^^^^^^^^^
  File "D:\Design & Source Code\Source Coding\BudgetsSystem\venv\Lib\site-packages\django\db\models\query.py", line 649, in get
    raise self.model.DoesNotExist(
        "%s matching query does not exist." % self.model._meta.object_name
    )
budgets.models.Payee.DoesNotExist: Payee matching query does not exist.
INFO 2025-09-27 08:50:17 check_user_access check_user_factor_access کاربر مدیرحسابداری دسترسی کامل دارد.
ERROR 2025-09-27 08:50:17 check_user_access check_user_factor_access خطا در بررسی دسترسی کاربر مدیرحسابداری: name 'AccessRule' is not defined
INFO 2025-09-27 08:50:17 check_user_access check_user_factor_access کاربر مدیرحسابداری دسترسی کامل دارد.
ERROR 2025-09-27 08:50:17 check_user_access check_user_factor_access خطا در بررسی دسترسی کاربر مدیرحسابداری: name 'AccessRule' is not defined
INFO 2025-09-27 08:50:17 View_Factor_list get_context_data [FACTOR_LIST_CONTEXT] گروه‌بندی تکمیل شد. 1 سازمان، 15 فاکتور، مبلغ کل: 13321949.00
ERROR 2025-09-27 08:50:17 rcms_custom_filters format_negative Error formatting number بدون کد ملی: could not convert string to float: 'بدون کد ملی'
ERROR 2025-09-27 08:50:17 rcms_custom_filters format_negative Error formatting number بدون کد ملی: could not convert string to float: 'بدون کد ملی'
INFO 2025-09-27 08:50:17 middleware __call__ پاسخ برای /tankhah/factors/ - کد وضعیت: 200
INFO 2025-09-27 08:50:21 models remove_inactive_users هیچ کاربر غیرفعالی برای حذف یافت نشد.
INFO 2025-09-27 08:50:21 middleware __call__ درخواست به: /tankhah/factor/80/perform-action/, کاربر: مدیرحسابداری
INFO 2025-09-27 08:50:21 PermissionBase has_required_permissions [PERM_CHECK] User مدیرحسابداری has core organization → full access granted.
INFO 2025-09-27 08:50:21 PermissionBase dispatch [PERM_CHECK] User مدیرحسابداری passed base permission check for /tankhah/factor/80/perform-action/
INFO 2025-09-27 08:50:21 PermissionBase get_user_active_organizations [PERM_CHECK] User مدیرحسابداری active orgs: [1, 2, 3, 4, 5, 6, 7] (has_core: True)
INFO 2025-09-27 08:50:21 PermissionBase dispatch [PERM_ORG] User مدیرحسابداری has access to organizations [1, 2, 3, 4, 5, 6, 7]
INFO 2025-09-27 08:50:21 budget_calculations get_committed_budget Calculated COMMITTED budget for Tankhah PK 20: 12000000.00
INFO 2025-09-27 08:50:21 budget_calculations get_committed_budget Calculated COMMITTED budget for Tankhah PK 20: 12000000.00
INFO 2025-09-27 08:50:21 budget_calculations get_available_budget Available budget for Tankhah PK 20: Initial(75000000.00) - Paid(0.00) - Committed(12000000.00) = 63000000.00
INFO 2025-09-27 08:50:21 PermissionBase get_user_active_organizations [PERM_CHECK] User مدیرحسابداری active orgs: [1, 2, 3, 4, 5, 6, 7] (has_core: True)
INFO 2025-09-27 08:50:21 views_FactorDetail get_user_allowed_transitions User مدیرحسابداری blocked by higher-level action (strict order enforced). user_min_level=3
INFO 2025-09-27 08:50:21 views_FactorDetail get_context_data [FACTOR_DETAIL] factor=80 status=APPROVED org=1 path_len=1 allowed_len=0 next_users_steps=1
ERROR 2025-09-27 08:50:21 rcms_custom_filters format_negative Error formatting number : could not convert string to float: ''
ERROR 2025-09-27 08:50:21 rcms_custom_filters format_negative Error formatting number : could not convert string to float: ''
ERROR 2025-09-27 08:50:21 rcms_custom_filters format_negative Error formatting number : could not convert string to float: ''
ERROR 2025-09-27 08:50:21 rcms_custom_filters format_negative Error formatting number : could not convert string to float: ''
ERROR 2025-09-27 08:50:21 rcms_custom_filters format_negative Error formatting number : could not convert string to float: ''
ERROR 2025-09-27 08:50:21 rcms_custom_filters format_negative Error formatting number : could not convert string to float: ''
ERROR 2025-09-27 08:50:21 rcms_custom_filters format_negative Error formatting number : could not convert string to float: ''
ERROR 2025-09-27 08:50:21 rcms_custom_filters format_negative Error formatting number : could not convert string to float: ''
ERROR 2025-09-27 08:50:21 rcms_custom_filters format_negative Error formatting number : could not convert string to float: ''
ERROR 2025-09-27 08:50:21 rcms_custom_filters format_negative Error formatting number : could not convert string to float: ''
INFO 2025-09-27 08:50:21 middleware __call__ پاسخ برای /tankhah/factor/80/perform-action/ - کد وضعیت: 200
INFO 2025-09-27 08:55:51 models remove_inactive_users هیچ کاربر غیرفعالی برای حذف یافت نشد.
INFO 2025-09-27 08:55:51 middleware __call__ درخواست به: /tankhah/factor/80/perform-action/, کاربر: مدیرحسابداری
INFO 2025-09-27 08:55:51 PermissionBase has_required_permissions [PERM_CHECK] User مدیرحسابداری has core organization → full access granted.
INFO 2025-09-27 08:55:51 PermissionBase dispatch [PERM_CHECK] User مدیرحسابداری passed base permission check for /tankhah/factor/80/perform-action/
INFO 2025-09-27 08:55:51 PermissionBase get_user_active_organizations [PERM_CHECK] User مدیرحسابداری active orgs: [1, 2, 3, 4, 5, 6, 7] (has_core: True)
INFO 2025-09-27 08:55:51 PermissionBase dispatch [PERM_ORG] User مدیرحسابداری has access to organizations [1, 2, 3, 4, 5, 6, 7]
INFO 2025-09-27 08:55:51 budget_calculations get_committed_budget Calculated COMMITTED budget for Tankhah PK 20: 12000000.00
INFO 2025-09-27 08:55:51 budget_calculations get_committed_budget Calculated COMMITTED budget for Tankhah PK 20: 12000000.00
INFO 2025-09-27 08:55:51 budget_calculations get_available_budget Available budget for Tankhah PK 20: Initial(75000000.00) - Paid(0.00) - Committed(12000000.00) = 63000000.00
INFO 2025-09-27 08:55:51 PermissionBase get_user_active_organizations [PERM_CHECK] User مدیرحسابداری active orgs: [1, 2, 3, 4, 5, 6, 7] (has_core: True)
INFO 2025-09-27 08:55:51 views_FactorDetail get_user_allowed_transitions User مدیرحسابداری blocked by higher-level action (strict order enforced). user_min_level=3
INFO 2025-09-27 08:55:51 views_FactorDetail get_context_data [FACTOR_DETAIL] factor=80 status=APPROVED org=1 path_len=1 allowed_len=0 next_users_steps=1
ERROR 2025-09-27 08:55:51 rcms_custom_filters format_negative Error formatting number : could not convert string to float: ''
ERROR 2025-09-27 08:55:51 rcms_custom_filters format_negative Error formatting number : could not convert string to float: ''
ERROR 2025-09-27 08:55:51 rcms_custom_filters format_negative Error formatting number : could not convert string to float: ''
ERROR 2025-09-27 08:55:51 rcms_custom_filters format_negative Error formatting number : could not convert string to float: ''
ERROR 2025-09-27 08:55:51 rcms_custom_filters format_negative Error formatting number : could not convert string to float: ''
ERROR 2025-09-27 08:55:52 rcms_custom_filters format_negative Error formatting number : could not convert string to float: ''
ERROR 2025-09-27 08:55:52 rcms_custom_filters format_negative Error formatting number : could not convert string to float: ''
ERROR 2025-09-27 08:55:52 rcms_custom_filters format_negative Error formatting number : could not convert string to float: ''
ERROR 2025-09-27 08:55:52 rcms_custom_filters format_negative Error formatting number : could not convert string to float: ''
ERROR 2025-09-27 08:55:52 rcms_custom_filters format_negative Error formatting number : could not convert string to float: ''
INFO 2025-09-27 08:55:52 middleware __call__ پاسخ برای /tankhah/factor/80/perform-action/ - کد وضعیت: 200
INFO 2025-09-27 08:56:00 models remove_inactive_users هیچ کاربر غیرفعالی برای حذف یافت نشد.
INFO 2025-09-27 08:56:00 middleware __call__ درخواست به: /tankhah/factor/80/perform-action/, کاربر: مدیرحسابداری
INFO 2025-09-27 08:56:00 PermissionBase has_required_permissions [PERM_CHECK] User مدیرحسابداری has core organization → full access granted.
INFO 2025-09-27 08:56:00 PermissionBase dispatch [PERM_CHECK] User مدیرحسابداری passed base permission check for /tankhah/factor/80/perform-action/
INFO 2025-09-27 08:56:00 PermissionBase get_user_active_organizations [PERM_CHECK] User مدیرحسابداری active orgs: [1, 2, 3, 4, 5, 6, 7] (has_core: True)
INFO 2025-09-27 08:56:00 PermissionBase dispatch [PERM_ORG] User مدیرحسابداری has access to organizations [1, 2, 3, 4, 5, 6, 7]
INFO 2025-09-27 08:56:00 budget_calculations get_committed_budget Calculated COMMITTED budget for Tankhah PK 20: 12000000.00
INFO 2025-09-27 08:56:00 budget_calculations get_committed_budget Calculated COMMITTED budget for Tankhah PK 20: 12000000.00
INFO 2025-09-27 08:56:00 budget_calculations get_available_budget Available budget for Tankhah PK 20: Initial(75000000.00) - Paid(0.00) - Committed(12000000.00) = 63000000.00
INFO 2025-09-27 08:56:00 PermissionBase get_user_active_organizations [PERM_CHECK] User مدیرحسابداری active orgs: [1, 2, 3, 4, 5, 6, 7] (has_core: True)
INFO 2025-09-27 08:56:00 views_FactorDetail get_user_allowed_transitions User مدیرحسابداری blocked by higher-level action (strict order enforced). user_min_level=3
INFO 2025-09-27 08:56:00 views_FactorDetail get_context_data [FACTOR_DETAIL] factor=80 status=APPROVED org=1 path_len=1 allowed_len=0 next_users_steps=1
ERROR 2025-09-27 08:56:00 rcms_custom_filters format_negative Error formatting number : could not convert string to float: ''
ERROR 2025-09-27 08:56:00 rcms_custom_filters format_negative Error formatting number : could not convert string to float: ''
ERROR 2025-09-27 08:56:00 rcms_custom_filters format_negative Error formatting number : could not convert string to float: ''
ERROR 2025-09-27 08:56:00 rcms_custom_filters format_negative Error formatting number : could not convert string to float: ''
ERROR 2025-09-27 08:56:00 rcms_custom_filters format_negative Error formatting number : could not convert string to float: ''
ERROR 2025-09-27 08:56:00 rcms_custom_filters format_negative Error formatting number : could not convert string to float: ''
ERROR 2025-09-27 08:56:00 rcms_custom_filters format_negative Error formatting number : could not convert string to float: ''
ERROR 2025-09-27 08:56:00 rcms_custom_filters format_negative Error formatting number : could not convert string to float: ''
ERROR 2025-09-27 08:56:00 rcms_custom_filters format_negative Error formatting number : could not convert string to float: ''
ERROR 2025-09-27 08:56:00 rcms_custom_filters format_negative Error formatting number : could not convert string to float: ''
INFO 2025-09-27 08:56:00 middleware __call__ پاسخ برای /tankhah/factor/80/perform-action/ - کد وضعیت: 200
INFO 2025-09-27 08:57:22 models remove_inactive_users هیچ کاربر غیرفعالی برای حذف یافت نشد.
INFO 2025-09-27 08:57:22 middleware __call__ درخواست به: /tankhah/factor/80/perform-action/, کاربر: مدیرحسابداری
INFO 2025-09-27 08:57:22 PermissionBase has_required_permissions [PERM_CHECK] User مدیرحسابداری has core organization → full access granted.
INFO 2025-09-27 08:57:22 PermissionBase dispatch [PERM_CHECK] User مدیرحسابداری passed base permission check for /tankhah/factor/80/perform-action/
INFO 2025-09-27 08:57:22 PermissionBase get_user_active_organizations [PERM_CHECK] User مدیرحسابداری active orgs: [1, 2, 3, 4, 5, 6, 7] (has_core: True)
INFO 2025-09-27 08:57:22 PermissionBase dispatch [PERM_ORG] User مدیرحسابداری has access to organizations [1, 2, 3, 4, 5, 6, 7]
INFO 2025-09-27 08:57:22 budget_calculations get_committed_budget Calculated COMMITTED budget for Tankhah PK 20: 12000000.00
INFO 2025-09-27 08:57:22 budget_calculations get_committed_budget Calculated COMMITTED budget for Tankhah PK 20: 12000000.00
INFO 2025-09-27 08:57:22 budget_calculations get_available_budget Available budget for Tankhah PK 20: Initial(75000000.00) - Paid(0.00) - Committed(12000000.00) = 63000000.00
INFO 2025-09-27 08:57:22 PermissionBase get_user_active_organizations [PERM_CHECK] User مدیرحسابداری active orgs: [1, 2, 3, 4, 5, 6, 7] (has_core: True)
INFO 2025-09-27 08:57:23 views_FactorDetail get_user_allowed_transitions User مدیرحسابداری blocked by higher-level action (strict order enforced). user_min_level=3
INFO 2025-09-27 08:57:23 views_FactorDetail get_context_data [FACTOR_DETAIL] factor=80 status=APPROVED org=1 path_len=1 allowed_len=0 next_users_steps=1
ERROR 2025-09-27 08:57:23 rcms_custom_filters format_negative Error formatting number : could not convert string to float: ''
ERROR 2025-09-27 08:57:23 rcms_custom_filters format_negative Error formatting number : could not convert string to float: ''
ERROR 2025-09-27 08:57:23 rcms_custom_filters format_negative Error formatting number : could not convert string to float: ''
ERROR 2025-09-27 08:57:23 rcms_custom_filters format_negative Error formatting number : could not convert string to float: ''
ERROR 2025-09-27 08:57:23 rcms_custom_filters format_negative Error formatting number : could not convert string to float: ''
ERROR 2025-09-27 08:57:23 rcms_custom_filters format_negative Error formatting number : could not convert string to float: ''
ERROR 2025-09-27 08:57:23 rcms_custom_filters format_negative Error formatting number : could not convert string to float: ''
ERROR 2025-09-27 08:57:23 rcms_custom_filters format_negative Error formatting number : could not convert string to float: ''
ERROR 2025-09-27 08:57:23 rcms_custom_filters format_negative Error formatting number : could not convert string to float: ''
ERROR 2025-09-27 08:57:23 rcms_custom_filters format_negative Error formatting number : could not convert string to float: ''
INFO 2025-09-27 08:57:23 middleware __call__ پاسخ برای /tankhah/factor/80/perform-action/ - کد وضعیت: 200
INFO 2025-09-27 08:57:35 models remove_inactive_users هیچ کاربر غیرفعالی برای حذف یافت نشد.
INFO 2025-09-27 08:57:35 middleware __call__ درخواست به: /, کاربر: admin
INFO 2025-09-27 08:57:36 middleware __call__ پاسخ برای / - کد وضعیت: 200
INFO 2025-09-27 08:57:44 models remove_inactive_users هیچ کاربر غیرفعالی برای حذف یافت نشد.
INFO 2025-09-27 08:57:44 middleware __call__ درخواست به: /posts/, کاربر: admin
INFO 2025-09-27 08:57:44 PermissionBase has_required_permissions [PERM_CHECK] User admin is superuser → full access granted.
INFO 2025-09-27 08:57:44 PermissionBase dispatch [PERM_CHECK] User admin passed base permission check for /posts/
INFO 2025-09-27 08:57:44 PermissionBase get_queryset [PERM_CHECK] User admin is superuser → full queryset access.
INFO 2025-09-27 08:57:44 views get_queryset Sorting posts from low to high level
INFO 2025-09-27 08:57:44 middleware __call__ پاسخ برای /posts/ - کد وضعیت: 200
INFO 2025-09-27 08:57:47 models remove_inactive_users هیچ کاربر غیرفعالی برای حذف یافت نشد.
INFO 2025-09-27 08:57:47 middleware __call__ درخواست به: /posts/, کاربر: admin
INFO 2025-09-27 08:57:47 PermissionBase has_required_permissions [PERM_CHECK] User admin is superuser → full access granted.
INFO 2025-09-27 08:57:47 PermissionBase dispatch [PERM_CHECK] User admin passed base permission check for /posts/
INFO 2025-09-27 08:57:47 PermissionBase get_queryset [PERM_CHECK] User admin is superuser → full queryset access.
INFO 2025-09-27 08:57:47 views get_queryset Filtering posts by branch: 1
INFO 2025-09-27 08:57:47 views get_queryset Sorting posts from low to high level
INFO 2025-09-27 08:57:48 middleware __call__ پاسخ برای /posts/ - کد وضعیت: 200
INFO 2025-09-27 08:57:50 models remove_inactive_users هیچ کاربر غیرفعالی برای حذف یافت نشد.
INFO 2025-09-27 08:57:50 middleware __call__ درخواست به: /posts/, کاربر: admin
INFO 2025-09-27 08:57:50 PermissionBase has_required_permissions [PERM_CHECK] User admin is superuser → full access granted.
INFO 2025-09-27 08:57:50 PermissionBase dispatch [PERM_CHECK] User admin passed base permission check for /posts/
INFO 2025-09-27 08:57:50 PermissionBase get_queryset [PERM_CHECK] User admin is superuser → full queryset access.
INFO 2025-09-27 08:57:50 views get_queryset Filtering posts by organization: 7
INFO 2025-09-27 08:57:50 views get_queryset Filtering posts by branch: 1
INFO 2025-09-27 08:57:50 views get_queryset Sorting posts from low to high level
INFO 2025-09-27 08:57:50 middleware __call__ پاسخ برای /posts/ - کد وضعیت: 200
INFO 2025-09-27 08:57:55 models remove_inactive_users هیچ کاربر غیرفعالی برای حذف یافت نشد.
INFO 2025-09-27 08:57:55 middleware __call__ درخواست به: /posts/, کاربر: admin
INFO 2025-09-27 08:57:55 PermissionBase has_required_permissions [PERM_CHECK] User admin is superuser → full access granted.
INFO 2025-09-27 08:57:55 PermissionBase dispatch [PERM_CHECK] User admin passed base permission check for /posts/
INFO 2025-09-27 08:57:55 PermissionBase get_queryset [PERM_CHECK] User admin is superuser → full queryset access.
INFO 2025-09-27 08:57:55 views get_queryset Filtering posts by organization: 7
INFO 2025-09-27 08:57:55 views get_queryset Sorting posts from low to high level
INFO 2025-09-27 08:57:55 middleware __call__ پاسخ برای /posts/ - کد وضعیت: 200
INFO 2025-09-27 08:57:59 models remove_inactive_users هیچ کاربر غیرفعالی برای حذف یافت نشد.
INFO 2025-09-27 08:57:59 middleware __call__ درخواست به: /posts/, کاربر: admin
INFO 2025-09-27 08:57:59 PermissionBase has_required_permissions [PERM_CHECK] User admin is superuser → full access granted.
INFO 2025-09-27 08:57:59 PermissionBase dispatch [PERM_CHECK] User admin passed base permission check for /posts/
INFO 2025-09-27 08:57:59 PermissionBase get_queryset [PERM_CHECK] User admin is superuser → full queryset access.
INFO 2025-09-27 08:57:59 views get_queryset Sorting posts from low to high level
INFO 2025-09-27 08:57:59 middleware __call__ پاسخ برای /posts/ - کد وضعیت: 200
INFO 2025-09-27 08:58:05 models remove_inactive_users هیچ کاربر غیرفعالی برای حذف یافت نشد.
INFO 2025-09-27 08:58:05 middleware __call__ درخواست به: /posts/22/update/, کاربر: admin
INFO 2025-09-27 08:58:05 PermissionBase has_required_permissions [PERM_CHECK] User admin is superuser → full access granted.
INFO 2025-09-27 08:58:05 PermissionBase dispatch [PERM_CHECK] User admin passed base permission check for /posts/22/update/
INFO 2025-09-27 08:58:05 PermissionBase get_queryset [PERM_CHECK] User admin is superuser → full queryset access.
INFO 2025-09-27 08:58:05 middleware __call__ پاسخ برای /posts/22/update/ - کد وضعیت: 200
INFO 2025-09-27 08:58:13 models remove_inactive_users هیچ کاربر غیرفعالی برای حذف یافت نشد.
INFO 2025-09-27 08:58:13 middleware __call__ درخواست به: /posts/22/update/, کاربر: admin
INFO 2025-09-27 08:58:13 PermissionBase has_required_permissions [PERM_CHECK] User admin is superuser → full access granted.
INFO 2025-09-27 08:58:13 PermissionBase dispatch [PERM_CHECK] User admin passed base permission check for /posts/22/update/
INFO 2025-09-27 08:58:13 PermissionBase get_queryset [PERM_CHECK] User admin is superuser → full queryset access.
INFO 2025-09-27 08:58:13 middleware __call__ پاسخ برای /posts/22/update/ - کد وضعیت: 200
INFO 2025-09-27 08:58:19 models remove_inactive_users هیچ کاربر غیرفعالی برای حذف یافت نشد.
INFO 2025-09-27 08:58:19 middleware __call__ درخواست به: /posts/, کاربر: admin
INFO 2025-09-27 08:58:19 PermissionBase has_required_permissions [PERM_CHECK] User admin is superuser → full access granted.
INFO 2025-09-27 08:58:19 PermissionBase dispatch [PERM_CHECK] User admin passed base permission check for /posts/
INFO 2025-09-27 08:58:19 PermissionBase get_queryset [PERM_CHECK] User admin is superuser → full queryset access.
INFO 2025-09-27 08:58:19 views get_queryset Sorting posts from low to high level
INFO 2025-09-27 08:58:19 middleware __call__ پاسخ برای /posts/ - کد وضعیت: 200
INFO 2025-09-27 08:58:23 models remove_inactive_users هیچ کاربر غیرفعالی برای حذف یافت نشد.
INFO 2025-09-27 08:58:23 middleware __call__ درخواست به: /posts/19/update/, کاربر: admin
INFO 2025-09-27 08:58:23 PermissionBase has_required_permissions [PERM_CHECK] User admin is superuser → full access granted.
INFO 2025-09-27 08:58:23 PermissionBase dispatch [PERM_CHECK] User admin passed base permission check for /posts/19/update/
INFO 2025-09-27 08:58:23 PermissionBase get_queryset [PERM_CHECK] User admin is superuser → full queryset access.
INFO 2025-09-27 08:58:23 middleware __call__ پاسخ برای /posts/19/update/ - کد وضعیت: 200
INFO 2025-09-27 08:58:26 models remove_inactive_users هیچ کاربر غیرفعالی برای حذف یافت نشد.
INFO 2025-09-27 08:58:26 middleware __call__ درخواست به: /posts/19/update/, کاربر: admin
INFO 2025-09-27 08:58:26 PermissionBase has_required_permissions [PERM_CHECK] User admin is superuser → full access granted.
INFO 2025-09-27 08:58:26 PermissionBase dispatch [PERM_CHECK] User admin passed base permission check for /posts/19/update/
INFO 2025-09-27 08:58:26 PermissionBase get_queryset [PERM_CHECK] User admin is superuser → full queryset access.
INFO 2025-09-27 08:58:26 middleware __call__ پاسخ برای /posts/19/update/ - کد وضعیت: 302
INFO 2025-09-27 08:58:26 models remove_inactive_users هیچ کاربر غیرفعالی برای حذف یافت نشد.
INFO 2025-09-27 08:58:26 middleware __call__ درخواست به: /posts/, کاربر: admin
INFO 2025-09-27 08:58:26 PermissionBase has_required_permissions [PERM_CHECK] User admin is superuser → full access granted.
INFO 2025-09-27 08:58:26 PermissionBase dispatch [PERM_CHECK] User admin passed base permission check for /posts/
INFO 2025-09-27 08:58:26 PermissionBase get_queryset [PERM_CHECK] User admin is superuser → full queryset access.
INFO 2025-09-27 08:58:26 views get_queryset Sorting posts from low to high level
INFO 2025-09-27 08:58:26 middleware __call__ پاسخ برای /posts/ - کد وضعیت: 200
INFO 2025-09-27 08:58:29 models remove_inactive_users هیچ کاربر غیرفعالی برای حذف یافت نشد.
INFO 2025-09-27 08:58:29 middleware __call__ درخواست به: /posts/18/update/, کاربر: admin
INFO 2025-09-27 08:58:29 PermissionBase has_required_permissions [PERM_CHECK] User admin is superuser → full access granted.
INFO 2025-09-27 08:58:29 PermissionBase dispatch [PERM_CHECK] User admin passed base permission check for /posts/18/update/
INFO 2025-09-27 08:58:29 PermissionBase get_queryset [PERM_CHECK] User admin is superuser → full queryset access.
INFO 2025-09-27 08:58:29 middleware __call__ پاسخ برای /posts/18/update/ - کد وضعیت: 200
INFO 2025-09-27 08:58:35 models remove_inactive_users هیچ کاربر غیرفعالی برای حذف یافت نشد.
INFO 2025-09-27 08:58:35 middleware __call__ درخواست به: /posts/18/update/, کاربر: admin
INFO 2025-09-27 08:58:35 PermissionBase has_required_permissions [PERM_CHECK] User admin is superuser → full access granted.
INFO 2025-09-27 08:58:35 PermissionBase dispatch [PERM_CHECK] User admin passed base permission check for /posts/18/update/
INFO 2025-09-27 08:58:35 PermissionBase get_queryset [PERM_CHECK] User admin is superuser → full queryset access.
INFO 2025-09-27 08:58:35 middleware __call__ پاسخ برای /posts/18/update/ - کد وضعیت: 302
INFO 2025-09-27 08:58:35 models remove_inactive_users هیچ کاربر غیرفعالی برای حذف یافت نشد.
INFO 2025-09-27 08:58:35 middleware __call__ درخواست به: /posts/, کاربر: admin
INFO 2025-09-27 08:58:35 PermissionBase has_required_permissions [PERM_CHECK] User admin is superuser → full access granted.
INFO 2025-09-27 08:58:35 PermissionBase dispatch [PERM_CHECK] User admin passed base permission check for /posts/
INFO 2025-09-27 08:58:35 PermissionBase get_queryset [PERM_CHECK] User admin is superuser → full queryset access.
INFO 2025-09-27 08:58:35 views get_queryset Sorting posts from low to high level
INFO 2025-09-27 08:58:35 middleware __call__ پاسخ برای /posts/ - کد وضعیت: 200
INFO 2025-09-27 08:58:39 models remove_inactive_users هیچ کاربر غیرفعالی برای حذف یافت نشد.
INFO 2025-09-27 08:58:39 middleware __call__ درخواست به: /posts/43/update/, کاربر: admin
INFO 2025-09-27 08:58:39 PermissionBase has_required_permissions [PERM_CHECK] User admin is superuser → full access granted.
INFO 2025-09-27 08:58:39 PermissionBase dispatch [PERM_CHECK] User admin passed base permission check for /posts/43/update/
INFO 2025-09-27 08:58:39 PermissionBase get_queryset [PERM_CHECK] User admin is superuser → full queryset access.
INFO 2025-09-27 08:58:39 middleware __call__ پاسخ برای /posts/43/update/ - کد وضعیت: 200
INFO 2025-09-27 08:58:42 models remove_inactive_users هیچ کاربر غیرفعالی برای حذف یافت نشد.
INFO 2025-09-27 08:58:42 middleware __call__ درخواست به: /posts/43/update/, کاربر: admin
INFO 2025-09-27 08:58:42 PermissionBase has_required_permissions [PERM_CHECK] User admin is superuser → full access granted.
INFO 2025-09-27 08:58:42 PermissionBase dispatch [PERM_CHECK] User admin passed base permission check for /posts/43/update/
INFO 2025-09-27 08:58:42 PermissionBase get_queryset [PERM_CHECK] User admin is superuser → full queryset access.
INFO 2025-09-27 08:58:42 middleware __call__ پاسخ برای /posts/43/update/ - کد وضعیت: 302
INFO 2025-09-27 08:58:42 models remove_inactive_users هیچ کاربر غیرفعالی برای حذف یافت نشد.
INFO 2025-09-27 08:58:42 middleware __call__ درخواست به: /posts/, کاربر: admin
INFO 2025-09-27 08:58:42 PermissionBase has_required_permissions [PERM_CHECK] User admin is superuser → full access granted.
INFO 2025-09-27 08:58:42 PermissionBase dispatch [PERM_CHECK] User admin passed base permission check for /posts/
INFO 2025-09-27 08:58:42 PermissionBase get_queryset [PERM_CHECK] User admin is superuser → full queryset access.
INFO 2025-09-27 08:58:42 views get_queryset Sorting posts from low to high level
INFO 2025-09-27 08:58:43 middleware __call__ پاسخ برای /posts/ - کد وضعیت: 200
INFO 2025-09-27 08:58:45 models remove_inactive_users هیچ کاربر غیرفعالی برای حذف یافت نشد.
INFO 2025-09-27 08:58:45 middleware __call__ درخواست به: /posts/1/update/, کاربر: admin
INFO 2025-09-27 08:58:45 PermissionBase has_required_permissions [PERM_CHECK] User admin is superuser → full access granted.
INFO 2025-09-27 08:58:45 PermissionBase dispatch [PERM_CHECK] User admin passed base permission check for /posts/1/update/
INFO 2025-09-27 08:58:45 PermissionBase get_queryset [PERM_CHECK] User admin is superuser → full queryset access.
INFO 2025-09-27 08:58:46 middleware __call__ پاسخ برای /posts/1/update/ - کد وضعیت: 200
INFO 2025-09-27 08:58:49 models remove_inactive_users هیچ کاربر غیرفعالی برای حذف یافت نشد.
INFO 2025-09-27 08:58:49 middleware __call__ درخواست به: /posts/1/update/, کاربر: admin
INFO 2025-09-27 08:58:49 PermissionBase has_required_permissions [PERM_CHECK] User admin is superuser → full access granted.
INFO 2025-09-27 08:58:49 PermissionBase dispatch [PERM_CHECK] User admin passed base permission check for /posts/1/update/
INFO 2025-09-27 08:58:49 PermissionBase get_queryset [PERM_CHECK] User admin is superuser → full queryset access.
INFO 2025-09-27 08:58:49 middleware __call__ پاسخ برای /posts/1/update/ - کد وضعیت: 302
INFO 2025-09-27 08:58:49 models remove_inactive_users هیچ کاربر غیرفعالی برای حذف یافت نشد.
INFO 2025-09-27 08:58:49 middleware __call__ درخواست به: /posts/, کاربر: admin
INFO 2025-09-27 08:58:49 PermissionBase has_required_permissions [PERM_CHECK] User admin is superuser → full access granted.
INFO 2025-09-27 08:58:49 PermissionBase dispatch [PERM_CHECK] User admin passed base permission check for /posts/
INFO 2025-09-27 08:58:49 PermissionBase get_queryset [PERM_CHECK] User admin is superuser → full queryset access.
INFO 2025-09-27 08:58:49 views get_queryset Sorting posts from low to high level
INFO 2025-09-27 08:58:50 middleware __call__ پاسخ برای /posts/ - کد وضعیت: 200
INFO 2025-09-27 08:58:52 models remove_inactive_users هیچ کاربر غیرفعالی برای حذف یافت نشد.
INFO 2025-09-27 08:58:52 middleware __call__ درخواست به: /posts/, کاربر: admin
INFO 2025-09-27 08:58:52 PermissionBase has_required_permissions [PERM_CHECK] User admin is superuser → full access granted.
INFO 2025-09-27 08:58:52 PermissionBase dispatch [PERM_CHECK] User admin passed base permission check for /posts/
INFO 2025-09-27 08:58:52 PermissionBase get_queryset [PERM_CHECK] User admin is superuser → full queryset access.
INFO 2025-09-27 08:58:52 views get_queryset Sorting posts from low to high level
INFO 2025-09-27 08:58:53 middleware __call__ پاسخ برای /posts/ - کد وضعیت: 200
INFO 2025-09-27 08:58:56 models remove_inactive_users هیچ کاربر غیرفعالی برای حذف یافت نشد.
INFO 2025-09-27 08:58:56 middleware __call__ درخواست به: /posts/, کاربر: admin
INFO 2025-09-27 08:58:56 PermissionBase has_required_permissions [PERM_CHECK] User admin is superuser → full access granted.
INFO 2025-09-27 08:58:56 PermissionBase dispatch [PERM_CHECK] User admin passed base permission check for /posts/
INFO 2025-09-27 08:58:56 PermissionBase get_queryset [PERM_CHECK] User admin is superuser → full queryset access.
INFO 2025-09-27 08:58:56 views get_queryset Sorting posts from low to high level
INFO 2025-09-27 08:58:56 middleware __call__ پاسخ برای /posts/ - کد وضعیت: 200
INFO 2025-09-27 08:58:59 models remove_inactive_users هیچ کاربر غیرفعالی برای حذف یافت نشد.
INFO 2025-09-27 08:58:59 middleware __call__ درخواست به: /posts/, کاربر: admin
INFO 2025-09-27 08:58:59 PermissionBase has_required_permissions [PERM_CHECK] User admin is superuser → full access granted.
INFO 2025-09-27 08:58:59 PermissionBase dispatch [PERM_CHECK] User admin passed base permission check for /posts/
INFO 2025-09-27 08:58:59 PermissionBase get_queryset [PERM_CHECK] User admin is superuser → full queryset access.
INFO 2025-09-27 08:58:59 views get_queryset Sorting posts from low to high level
INFO 2025-09-27 08:58:59 middleware __call__ پاسخ برای /posts/ - کد وضعیت: 200
INFO 2025-09-27 08:59:02 models remove_inactive_users هیچ کاربر غیرفعالی برای حذف یافت نشد.
INFO 2025-09-27 08:59:02 middleware __call__ درخواست به: /posts/, کاربر: admin
INFO 2025-09-27 08:59:02 PermissionBase has_required_permissions [PERM_CHECK] User admin is superuser → full access granted.
INFO 2025-09-27 08:59:02 PermissionBase dispatch [PERM_CHECK] User admin passed base permission check for /posts/
INFO 2025-09-27 08:59:02 PermissionBase get_queryset [PERM_CHECK] User admin is superuser → full queryset access.
INFO 2025-09-27 08:59:02 views get_queryset Sorting posts from low to high level
INFO 2025-09-27 08:59:02 middleware __call__ پاسخ برای /posts/ - کد وضعیت: 200
INFO 2025-09-27 08:59:10 models remove_inactive_users هیچ کاربر غیرفعالی برای حذف یافت نشد.
INFO 2025-09-27 08:59:11 middleware __call__ درخواست به: /posts/1/update/, کاربر: admin
INFO 2025-09-27 08:59:11 PermissionBase has_required_permissions [PERM_CHECK] User admin is superuser → full access granted.
INFO 2025-09-27 08:59:11 PermissionBase dispatch [PERM_CHECK] User admin passed base permission check for /posts/1/update/
INFO 2025-09-27 08:59:11 PermissionBase get_queryset [PERM_CHECK] User admin is superuser → full queryset access.
INFO 2025-09-27 08:59:11 middleware __call__ پاسخ برای /posts/1/update/ - کد وضعیت: 200
INFO 2025-09-27 08:59:18 models remove_inactive_users هیچ کاربر غیرفعالی برای حذف یافت نشد.
INFO 2025-09-27 08:59:18 middleware __call__ درخواست به: /posts/1/update/, کاربر: admin
INFO 2025-09-27 08:59:18 PermissionBase has_required_permissions [PERM_CHECK] User admin is superuser → full access granted.
INFO 2025-09-27 08:59:18 PermissionBase dispatch [PERM_CHECK] User admin passed base permission check for /posts/1/update/
INFO 2025-09-27 08:59:18 PermissionBase get_queryset [PERM_CHECK] User admin is superuser → full queryset access.
INFO 2025-09-27 08:59:18 middleware __call__ پاسخ برای /posts/1/update/ - کد وضعیت: 302
INFO 2025-09-27 08:59:18 models remove_inactive_users هیچ کاربر غیرفعالی برای حذف یافت نشد.
INFO 2025-09-27 08:59:18 middleware __call__ درخواست به: /posts/, کاربر: admin
INFO 2025-09-27 08:59:18 PermissionBase has_required_permissions [PERM_CHECK] User admin is superuser → full access granted.
INFO 2025-09-27 08:59:18 PermissionBase dispatch [PERM_CHECK] User admin passed base permission check for /posts/
INFO 2025-09-27 08:59:18 PermissionBase get_queryset [PERM_CHECK] User admin is superuser → full queryset access.
INFO 2025-09-27 08:59:18 views get_queryset Sorting posts from low to high level
INFO 2025-09-27 08:59:18 middleware __call__ پاسخ برای /posts/ - کد وضعیت: 200
INFO 2025-09-27 08:59:23 models remove_inactive_users هیچ کاربر غیرفعالی برای حذف یافت نشد.
INFO 2025-09-27 08:59:23 middleware __call__ درخواست به: /posts/, کاربر: admin
INFO 2025-09-27 08:59:23 PermissionBase has_required_permissions [PERM_CHECK] User admin is superuser → full access granted.
INFO 2025-09-27 08:59:23 PermissionBase dispatch [PERM_CHECK] User admin passed base permission check for /posts/
INFO 2025-09-27 08:59:23 PermissionBase get_queryset [PERM_CHECK] User admin is superuser → full queryset access.
INFO 2025-09-27 08:59:23 views get_queryset Sorting posts from low to high level
INFO 2025-09-27 08:59:23 middleware __call__ پاسخ برای /posts/ - کد وضعیت: 200
INFO 2025-09-27 08:59:26 models remove_inactive_users هیچ کاربر غیرفعالی برای حذف یافت نشد.
INFO 2025-09-27 08:59:26 middleware __call__ درخواست به: /posts/22/update/, کاربر: admin
INFO 2025-09-27 08:59:26 PermissionBase has_required_permissions [PERM_CHECK] User admin is superuser → full access granted.
INFO 2025-09-27 08:59:26 PermissionBase dispatch [PERM_CHECK] User admin passed base permission check for /posts/22/update/
INFO 2025-09-27 08:59:26 PermissionBase get_queryset [PERM_CHECK] User admin is superuser → full queryset access.
INFO 2025-09-27 08:59:26 middleware __call__ پاسخ برای /posts/22/update/ - کد وضعیت: 200
INFO 2025-09-27 08:59:30 models remove_inactive_users هیچ کاربر غیرفعالی برای حذف یافت نشد.
INFO 2025-09-27 08:59:30 middleware __call__ درخواست به: /posts/, کاربر: admin
INFO 2025-09-27 08:59:31 PermissionBase has_required_permissions [PERM_CHECK] User admin is superuser → full access granted.
INFO 2025-09-27 08:59:31 PermissionBase dispatch [PERM_CHECK] User admin passed base permission check for /posts/
INFO 2025-09-27 08:59:31 PermissionBase get_queryset [PERM_CHECK] User admin is superuser → full queryset access.
INFO 2025-09-27 08:59:31 views get_queryset Sorting posts from low to high level
INFO 2025-09-27 08:59:31 middleware __call__ پاسخ برای /posts/ - کد وضعیت: 200
INFO 2025-09-27 08:59:37 models remove_inactive_users هیچ کاربر غیرفعالی برای حذف یافت نشد.
INFO 2025-09-27 08:59:37 middleware __call__ درخواست به: /tankhah/factors/, کاربر: AnonymousUser
INFO 2025-09-27 08:59:37 middleware __call__ کاربر لاگین نکرده - ریدایرکت به accounts:login
INFO 2025-09-27 08:59:37 models remove_inactive_users هیچ کاربر غیرفعالی برای حذف یافت نشد.
INFO 2025-09-27 08:59:37 middleware __call__ درخواست به: /accounts/login/, کاربر: AnonymousUser
INFO 2025-09-27 08:59:37 middleware __call__ پاسخ برای /accounts/login/ - کد وضعیت: 200
INFO 2025-09-27 08:59:44 models remove_inactive_users هیچ کاربر غیرفعالی برای حذف یافت نشد.
INFO 2025-09-27 08:59:44 middleware __call__ درخواست به: /tankhah/factor/80/perform-action/, کاربر: مدیرحسابداری
INFO 2025-09-27 08:59:44 PermissionBase has_required_permissions [PERM_CHECK] User مدیرحسابداری has core organization → full access granted.
INFO 2025-09-27 08:59:44 PermissionBase dispatch [PERM_CHECK] User مدیرحسابداری passed base permission check for /tankhah/factor/80/perform-action/
INFO 2025-09-27 08:59:44 PermissionBase get_user_active_organizations [PERM_CHECK] User مدیرحسابداری active orgs: [1, 2, 3, 4, 5, 6, 7] (has_core: True)
INFO 2025-09-27 08:59:44 PermissionBase dispatch [PERM_ORG] User مدیرحسابداری has access to organizations [1, 2, 3, 4, 5, 6, 7]
INFO 2025-09-27 08:59:44 budget_calculations get_committed_budget Calculated COMMITTED budget for Tankhah PK 20: 12000000.00
INFO 2025-09-27 08:59:44 budget_calculations get_committed_budget Calculated COMMITTED budget for Tankhah PK 20: 12000000.00
INFO 2025-09-27 08:59:44 budget_calculations get_available_budget Available budget for Tankhah PK 20: Initial(75000000.00) - Paid(0.00) - Committed(12000000.00) = 63000000.00
INFO 2025-09-27 08:59:44 PermissionBase get_user_active_organizations [PERM_CHECK] User مدیرحسابداری active orgs: [1, 2, 3, 4, 5, 6, 7] (has_core: True)
INFO 2025-09-27 08:59:44 views_FactorDetail get_user_allowed_transitions User مدیرحسابداری blocked by higher-level action (strict order enforced). user_min_level=3
INFO 2025-09-27 08:59:44 views_FactorDetail get_context_data [FACTOR_DETAIL] factor=80 status=APPROVED org=1 path_len=1 allowed_len=0 next_users_steps=1
ERROR 2025-09-27 08:59:45 rcms_custom_filters format_negative Error formatting number : could not convert string to float: ''
ERROR 2025-09-27 08:59:45 rcms_custom_filters format_negative Error formatting number : could not convert string to float: ''
ERROR 2025-09-27 08:59:45 rcms_custom_filters format_negative Error formatting number : could not convert string to float: ''
ERROR 2025-09-27 08:59:45 rcms_custom_filters format_negative Error formatting number : could not convert string to float: ''
ERROR 2025-09-27 08:59:45 rcms_custom_filters format_negative Error formatting number : could not convert string to float: ''
ERROR 2025-09-27 08:59:45 rcms_custom_filters format_negative Error formatting number : could not convert string to float: ''
ERROR 2025-09-27 08:59:45 rcms_custom_filters format_negative Error formatting number : could not convert string to float: ''
ERROR 2025-09-27 08:59:45 rcms_custom_filters format_negative Error formatting number : could not convert string to float: ''
ERROR 2025-09-27 08:59:45 rcms_custom_filters format_negative Error formatting number : could not convert string to float: ''
ERROR 2025-09-27 08:59:45 rcms_custom_filters format_negative Error formatting number : could not convert string to float: ''
INFO 2025-09-27 08:59:45 middleware __call__ پاسخ برای /tankhah/factor/80/perform-action/ - کد وضعیت: 200
INFO 2025-09-27 09:05:58 models remove_inactive_users هیچ کاربر غیرفعالی برای حذف یافت نشد.
INFO 2025-09-27 09:05:58 middleware __call__ درخواست به: /tankhah/factor/80/perform-action/, کاربر: مدیرحسابداری
INFO 2025-09-27 09:05:58 PermissionBase has_required_permissions [PERM_CHECK] User مدیرحسابداری has core organization → full access granted.
INFO 2025-09-27 09:05:58 PermissionBase dispatch [PERM_CHECK] User مدیرحسابداری passed base permission check for /tankhah/factor/80/perform-action/
INFO 2025-09-27 09:05:58 PermissionBase get_user_active_organizations [PERM_CHECK] User مدیرحسابداری active orgs: [1, 2, 3, 4, 5, 6, 7] (has_core: True)
INFO 2025-09-27 09:05:58 PermissionBase dispatch [PERM_ORG] User مدیرحسابداری has access to organizations [1, 2, 3, 4, 5, 6, 7]
INFO 2025-09-27 09:05:58 budget_calculations get_committed_budget Calculated COMMITTED budget for Tankhah PK 20: 12000000.00
INFO 2025-09-27 09:05:58 budget_calculations get_committed_budget Calculated COMMITTED budget for Tankhah PK 20: 12000000.00
INFO 2025-09-27 09:05:58 budget_calculations get_available_budget Available budget for Tankhah PK 20: Initial(75000000.00) - Paid(0.00) - Committed(12000000.00) = 63000000.00
INFO 2025-09-27 09:05:58 PermissionBase get_user_active_organizations [PERM_CHECK] User مدیرحسابداری active orgs: [1, 2, 3, 4, 5, 6, 7] (has_core: True)
INFO 2025-09-27 09:05:58 views_FactorDetail get_user_allowed_transitions User مدیرحسابداری blocked by higher-level action (strict order enforced). user_min_level=3
INFO 2025-09-27 09:05:58 views_FactorDetail get_context_data [FACTOR_DETAIL] factor=80 status=APPROVED org=1 path_len=1 allowed_len=0 next_users_steps=1
ERROR 2025-09-27 09:05:58 rcms_custom_filters format_negative Error formatting number : could not convert string to float: ''
ERROR 2025-09-27 09:05:58 rcms_custom_filters format_negative Error formatting number : could not convert string to float: ''
ERROR 2025-09-27 09:05:58 rcms_custom_filters format_negative Error formatting number : could not convert string to float: ''
ERROR 2025-09-27 09:05:58 rcms_custom_filters format_negative Error formatting number : could not convert string to float: ''
ERROR 2025-09-27 09:05:58 rcms_custom_filters format_negative Error formatting number : could not convert string to float: ''
ERROR 2025-09-27 09:05:58 rcms_custom_filters format_negative Error formatting number : could not convert string to float: ''
ERROR 2025-09-27 09:05:58 rcms_custom_filters format_negative Error formatting number : could not convert string to float: ''
ERROR 2025-09-27 09:05:58 rcms_custom_filters format_negative Error formatting number : could not convert string to float: ''
ERROR 2025-09-27 09:05:58 rcms_custom_filters format_negative Error formatting number : could not convert string to float: ''
ERROR 2025-09-27 09:05:58 rcms_custom_filters format_negative Error formatting number : could not convert string to float: ''
INFO 2025-09-27 09:05:58 middleware __call__ پاسخ برای /tankhah/factor/80/perform-action/ - کد وضعیت: 200
INFO 2025-09-27 09:06:03 models remove_inactive_users هیچ کاربر غیرفعالی برای حذف یافت نشد.
INFO 2025-09-27 09:06:03 middleware __call__ درخواست به: /tankhah/factor/80/perform-action/, کاربر: مدیرحسابداری
INFO 2025-09-27 09:06:03 PermissionBase has_required_permissions [PERM_CHECK] User مدیرحسابداری has core organization → full access granted.
INFO 2025-09-27 09:06:03 PermissionBase dispatch [PERM_CHECK] User مدیرحسابداری passed base permission check for /tankhah/factor/80/perform-action/
INFO 2025-09-27 09:06:03 PermissionBase get_user_active_organizations [PERM_CHECK] User مدیرحسابداری active orgs: [1, 2, 3, 4, 5, 6, 7] (has_core: True)
INFO 2025-09-27 09:06:03 PermissionBase dispatch [PERM_ORG] User مدیرحسابداری has access to organizations [1, 2, 3, 4, 5, 6, 7]
INFO 2025-09-27 09:06:03 budget_calculations get_committed_budget Calculated COMMITTED budget for Tankhah PK 20: 12000000.00
INFO 2025-09-27 09:06:03 budget_calculations get_committed_budget Calculated COMMITTED budget for Tankhah PK 20: 12000000.00
INFO 2025-09-27 09:06:03 budget_calculations get_available_budget Available budget for Tankhah PK 20: Initial(75000000.00) - Paid(0.00) - Committed(12000000.00) = 63000000.00
INFO 2025-09-27 09:06:03 PermissionBase get_user_active_organizations [PERM_CHECK] User مدیرحسابداری active orgs: [1, 2, 3, 4, 5, 6, 7] (has_core: True)
INFO 2025-09-27 09:06:03 views_FactorDetail get_user_allowed_transitions User مدیرحسابداری blocked by higher-level action (strict order enforced). user_min_level=3
INFO 2025-09-27 09:06:03 views_FactorDetail get_context_data [FACTOR_DETAIL] factor=80 status=APPROVED org=1 path_len=1 allowed_len=0 next_users_steps=1
ERROR 2025-09-27 09:06:03 rcms_custom_filters format_negative Error formatting number : could not convert string to float: ''
ERROR 2025-09-27 09:06:03 rcms_custom_filters format_negative Error formatting number : could not convert string to float: ''
ERROR 2025-09-27 09:06:03 rcms_custom_filters format_negative Error formatting number : could not convert string to float: ''
ERROR 2025-09-27 09:06:03 rcms_custom_filters format_negative Error formatting number : could not convert string to float: ''
ERROR 2025-09-27 09:06:03 rcms_custom_filters format_negative Error formatting number : could not convert string to float: ''
ERROR 2025-09-27 09:06:03 rcms_custom_filters format_negative Error formatting number : could not convert string to float: ''
ERROR 2025-09-27 09:06:03 rcms_custom_filters format_negative Error formatting number : could not convert string to float: ''
ERROR 2025-09-27 09:06:03 rcms_custom_filters format_negative Error formatting number : could not convert string to float: ''
ERROR 2025-09-27 09:06:03 rcms_custom_filters format_negative Error formatting number : could not convert string to float: ''
ERROR 2025-09-27 09:06:03 rcms_custom_filters format_negative Error formatting number : could not convert string to float: ''
INFO 2025-09-27 09:06:03 middleware __call__ پاسخ برای /tankhah/factor/80/perform-action/ - کد وضعیت: 200
INFO 2025-09-27 09:08:14 models remove_inactive_users هیچ کاربر غیرفعالی برای حذف یافت نشد.
INFO 2025-09-27 09:08:14 middleware __call__ درخواست به: /tankhah/factor/80/perform-action/, کاربر: مدیرحسابداری
INFO 2025-09-27 09:08:15 PermissionBase has_required_permissions [PERM_CHECK] User مدیرحسابداری has core organization → full access granted.
INFO 2025-09-27 09:08:15 PermissionBase dispatch [PERM_CHECK] User مدیرحسابداری passed base permission check for /tankhah/factor/80/perform-action/
INFO 2025-09-27 09:08:15 PermissionBase get_user_active_organizations [PERM_CHECK] User مدیرحسابداری active orgs: [1, 2, 3, 4, 5, 6, 7] (has_core: True)
INFO 2025-09-27 09:08:15 PermissionBase dispatch [PERM_ORG] User مدیرحسابداری has access to organizations [1, 2, 3, 4, 5, 6, 7]
INFO 2025-09-27 09:08:15 budget_calculations get_committed_budget Calculated COMMITTED budget for Tankhah PK 20: 12000000.00
INFO 2025-09-27 09:08:15 budget_calculations get_committed_budget Calculated COMMITTED budget for Tankhah PK 20: 12000000.00
INFO 2025-09-27 09:08:15 budget_calculations get_available_budget Available budget for Tankhah PK 20: Initial(75000000.00) - Paid(0.00) - Committed(12000000.00) = 63000000.00
INFO 2025-09-27 09:08:15 PermissionBase get_user_active_organizations [PERM_CHECK] User مدیرحسابداری active orgs: [1, 2, 3, 4, 5, 6, 7] (has_core: True)
INFO 2025-09-27 09:08:15 views_FactorDetail get_user_allowed_transitions User مدیرحسابداری blocked by higher-level action (strict order enforced). user_min_level=3
INFO 2025-09-27 09:08:15 views_FactorDetail get_context_data [FACTOR_DETAIL] factor=80 status=APPROVED org=1 path_len=1 allowed_len=0 next_users_steps=1
ERROR 2025-09-27 09:08:15 rcms_custom_filters format_negative Error formatting number : could not convert string to float: ''
ERROR 2025-09-27 09:08:15 rcms_custom_filters format_negative Error formatting number : could not convert string to float: ''
ERROR 2025-09-27 09:08:15 rcms_custom_filters format_negative Error formatting number : could not convert string to float: ''
ERROR 2025-09-27 09:08:15 rcms_custom_filters format_negative Error formatting number : could not convert string to float: ''
ERROR 2025-09-27 09:08:15 rcms_custom_filters format_negative Error formatting number : could not convert string to float: ''
ERROR 2025-09-27 09:08:15 rcms_custom_filters format_negative Error formatting number : could not convert string to float: ''
ERROR 2025-09-27 09:08:15 rcms_custom_filters format_negative Error formatting number : could not convert string to float: ''
ERROR 2025-09-27 09:08:15 rcms_custom_filters format_negative Error formatting number : could not convert string to float: ''
ERROR 2025-09-27 09:08:15 rcms_custom_filters format_negative Error formatting number : could not convert string to float: ''
ERROR 2025-09-27 09:08:15 rcms_custom_filters format_negative Error formatting number : could not convert string to float: ''
INFO 2025-09-27 09:08:15 middleware __call__ پاسخ برای /tankhah/factor/80/perform-action/ - کد وضعیت: 200
INFO 2025-09-27 09:08:17 models remove_inactive_users هیچ کاربر غیرفعالی برای حذف یافت نشد.
INFO 2025-09-27 09:08:17 middleware __call__ درخواست به: /tankhah/factor/80/perform-action/, کاربر: مدیرحسابداری
INFO 2025-09-27 09:08:17 PermissionBase has_required_permissions [PERM_CHECK] User مدیرحسابداری has core organization → full access granted.
INFO 2025-09-27 09:08:17 PermissionBase dispatch [PERM_CHECK] User مدیرحسابداری passed base permission check for /tankhah/factor/80/perform-action/
INFO 2025-09-27 09:08:17 PermissionBase get_user_active_organizations [PERM_CHECK] User مدیرحسابداری active orgs: [1, 2, 3, 4, 5, 6, 7] (has_core: True)
INFO 2025-09-27 09:08:17 PermissionBase dispatch [PERM_ORG] User مدیرحسابداری has access to organizations [1, 2, 3, 4, 5, 6, 7]
INFO 2025-09-27 09:08:17 budget_calculations get_committed_budget Calculated COMMITTED budget for Tankhah PK 20: 12000000.00
INFO 2025-09-27 09:08:17 budget_calculations get_committed_budget Calculated COMMITTED budget for Tankhah PK 20: 12000000.00
INFO 2025-09-27 09:08:17 budget_calculations get_available_budget Available budget for Tankhah PK 20: Initial(75000000.00) - Paid(0.00) - Committed(12000000.00) = 63000000.00
INFO 2025-09-27 09:08:17 PermissionBase get_user_active_organizations [PERM_CHECK] User مدیرحسابداری active orgs: [1, 2, 3, 4, 5, 6, 7] (has_core: True)
INFO 2025-09-27 09:08:17 views_FactorDetail get_user_allowed_transitions User مدیرحسابداری blocked by higher-level action (strict order enforced). user_min_level=3
INFO 2025-09-27 09:08:17 views_FactorDetail get_context_data [FACTOR_DETAIL] factor=80 status=APPROVED org=1 path_len=1 allowed_len=0 next_users_steps=1
ERROR 2025-09-27 09:08:17 rcms_custom_filters format_negative Error formatting number : could not convert string to float: ''
ERROR 2025-09-27 09:08:17 rcms_custom_filters format_negative Error formatting number : could not convert string to float: ''
ERROR 2025-09-27 09:08:17 rcms_custom_filters format_negative Error formatting number : could not convert string to float: ''
ERROR 2025-09-27 09:08:17 rcms_custom_filters format_negative Error formatting number : could not convert string to float: ''
ERROR 2025-09-27 09:08:17 rcms_custom_filters format_negative Error formatting number : could not convert string to float: ''
ERROR 2025-09-27 09:08:17 rcms_custom_filters format_negative Error formatting number : could not convert string to float: ''
ERROR 2025-09-27 09:08:17 rcms_custom_filters format_negative Error formatting number : could not convert string to float: ''
ERROR 2025-09-27 09:08:17 rcms_custom_filters format_negative Error formatting number : could not convert string to float: ''
ERROR 2025-09-27 09:08:17 rcms_custom_filters format_negative Error formatting number : could not convert string to float: ''
ERROR 2025-09-27 09:08:17 rcms_custom_filters format_negative Error formatting number : could not convert string to float: ''
INFO 2025-09-27 09:08:17 middleware __call__ پاسخ برای /tankhah/factor/80/perform-action/ - کد وضعیت: 200
INFO 2025-09-27 09:08:18 models remove_inactive_users هیچ کاربر غیرفعالی برای حذف یافت نشد.
INFO 2025-09-27 09:08:18 middleware __call__ درخواست به: /tankhah/factor/80/perform-action/, کاربر: مدیرحسابداری
INFO 2025-09-27 09:08:18 PermissionBase has_required_permissions [PERM_CHECK] User مدیرحسابداری has core organization → full access granted.
INFO 2025-09-27 09:08:18 PermissionBase dispatch [PERM_CHECK] User مدیرحسابداری passed base permission check for /tankhah/factor/80/perform-action/
INFO 2025-09-27 09:08:18 PermissionBase get_user_active_organizations [PERM_CHECK] User مدیرحسابداری active orgs: [1, 2, 3, 4, 5, 6, 7] (has_core: True)
INFO 2025-09-27 09:08:18 PermissionBase dispatch [PERM_ORG] User مدیرحسابداری has access to organizations [1, 2, 3, 4, 5, 6, 7]
INFO 2025-09-27 09:08:18 budget_calculations get_committed_budget Calculated COMMITTED budget for Tankhah PK 20: 12000000.00
INFO 2025-09-27 09:08:18 budget_calculations get_committed_budget Calculated COMMITTED budget for Tankhah PK 20: 12000000.00
INFO 2025-09-27 09:08:18 budget_calculations get_available_budget Available budget for Tankhah PK 20: Initial(75000000.00) - Paid(0.00) - Committed(12000000.00) = 63000000.00
INFO 2025-09-27 09:08:18 PermissionBase get_user_active_organizations [PERM_CHECK] User مدیرحسابداری active orgs: [1, 2, 3, 4, 5, 6, 7] (has_core: True)
INFO 2025-09-27 09:08:18 views_FactorDetail get_user_allowed_transitions User مدیرحسابداری blocked by higher-level action (strict order enforced). user_min_level=3
INFO 2025-09-27 09:08:18 views_FactorDetail get_context_data [FACTOR_DETAIL] factor=80 status=APPROVED org=1 path_len=1 allowed_len=0 next_users_steps=1
ERROR 2025-09-27 09:08:18 rcms_custom_filters format_negative Error formatting number : could not convert string to float: ''
ERROR 2025-09-27 09:08:18 rcms_custom_filters format_negative Error formatting number : could not convert string to float: ''
ERROR 2025-09-27 09:08:18 rcms_custom_filters format_negative Error formatting number : could not convert string to float: ''
ERROR 2025-09-27 09:08:18 rcms_custom_filters format_negative Error formatting number : could not convert string to float: ''
ERROR 2025-09-27 09:08:18 rcms_custom_filters format_negative Error formatting number : could not convert string to float: ''
ERROR 2025-09-27 09:08:18 rcms_custom_filters format_negative Error formatting number : could not convert string to float: ''
ERROR 2025-09-27 09:08:18 rcms_custom_filters format_negative Error formatting number : could not convert string to float: ''
ERROR 2025-09-27 09:08:18 rcms_custom_filters format_negative Error formatting number : could not convert string to float: ''
ERROR 2025-09-27 09:08:18 rcms_custom_filters format_negative Error formatting number : could not convert string to float: ''
ERROR 2025-09-27 09:08:18 rcms_custom_filters format_negative Error formatting number : could not convert string to float: ''
INFO 2025-09-27 09:08:18 middleware __call__ پاسخ برای /tankhah/factor/80/perform-action/ - کد وضعیت: 200
INFO 2025-09-27 09:08:35 models remove_inactive_users هیچ کاربر غیرفعالی برای حذف یافت نشد.
INFO 2025-09-27 09:08:35 middleware __call__ درخواست به: /tankhah/factor/80/perform-action/, کاربر: admin
INFO 2025-09-27 09:08:35 PermissionBase has_required_permissions [PERM_CHECK] User admin is superuser → full access granted.
INFO 2025-09-27 09:08:35 PermissionBase dispatch [PERM_CHECK] User admin passed base permission check for /tankhah/factor/80/perform-action/
INFO 2025-09-27 09:08:35 PermissionBase dispatch [PERM_ORG] User admin has access to organizations [1, 2, 3, 4, 5, 6, 7]
INFO 2025-09-27 09:08:35 budget_calculations get_committed_budget Calculated COMMITTED budget for Tankhah PK 20: 12000000.00
INFO 2025-09-27 09:08:35 budget_calculations get_committed_budget Calculated COMMITTED budget for Tankhah PK 20: 12000000.00
INFO 2025-09-27 09:08:35 budget_calculations get_available_budget Available budget for Tankhah PK 20: Initial(75000000.00) - Paid(0.00) - Committed(12000000.00) = 63000000.00
INFO 2025-09-27 09:08:36 views_FactorDetail get_user_allowed_transitions User admin allowed transitions: []
INFO 2025-09-27 09:08:36 views_FactorDetail get_context_data [FACTOR_DETAIL] factor=80 status=APPROVED org=1 path_len=1 allowed_len=0 next_users_steps=1
ERROR 2025-09-27 09:08:36 rcms_custom_filters format_negative Error formatting number : could not convert string to float: ''
ERROR 2025-09-27 09:08:36 rcms_custom_filters format_negative Error formatting number : could not convert string to float: ''
ERROR 2025-09-27 09:08:36 rcms_custom_filters format_negative Error formatting number : could not convert string to float: ''
ERROR 2025-09-27 09:08:36 rcms_custom_filters format_negative Error formatting number : could not convert string to float: ''
ERROR 2025-09-27 09:08:36 rcms_custom_filters format_negative Error formatting number : could not convert string to float: ''
ERROR 2025-09-27 09:08:36 rcms_custom_filters format_negative Error formatting number : could not convert string to float: ''
ERROR 2025-09-27 09:08:36 rcms_custom_filters format_negative Error formatting number : could not convert string to float: ''
ERROR 2025-09-27 09:08:36 rcms_custom_filters format_negative Error formatting number : could not convert string to float: ''
ERROR 2025-09-27 09:08:36 rcms_custom_filters format_negative Error formatting number : could not convert string to float: ''
ERROR 2025-09-27 09:08:36 rcms_custom_filters format_negative Error formatting number : could not convert string to float: ''
INFO 2025-09-27 09:08:36 middleware __call__ پاسخ برای /tankhah/factor/80/perform-action/ - کد وضعیت: 200
INFO 2025-09-27 09:08:49 models remove_inactive_users هیچ کاربر غیرفعالی برای حذف یافت نشد.
INFO 2025-09-27 09:08:49 middleware __call__ درخواست به: /tankhah/factor/80/perform-action/, کاربر: admin
INFO 2025-09-27 09:08:49 PermissionBase has_required_permissions [PERM_CHECK] User admin is superuser → full access granted.
INFO 2025-09-27 09:08:49 PermissionBase dispatch [PERM_CHECK] User admin passed base permission check for /tankhah/factor/80/perform-action/
INFO 2025-09-27 09:08:49 PermissionBase dispatch [PERM_ORG] User admin has access to organizations [1, 2, 3, 4, 5, 6, 7]
INFO 2025-09-27 09:08:49 budget_calculations get_committed_budget Calculated COMMITTED budget for Tankhah PK 20: 12000000.00
INFO 2025-09-27 09:08:49 budget_calculations get_committed_budget Calculated COMMITTED budget for Tankhah PK 20: 12000000.00
INFO 2025-09-27 09:08:49 budget_calculations get_available_budget Available budget for Tankhah PK 20: Initial(75000000.00) - Paid(0.00) - Committed(12000000.00) = 63000000.00
INFO 2025-09-27 09:08:49 views_FactorDetail get_user_allowed_transitions User admin allowed transitions: []
INFO 2025-09-27 09:08:49 views_FactorDetail get_context_data [FACTOR_DETAIL] factor=80 status=APPROVED org=1 path_len=1 allowed_len=0 next_users_steps=1
ERROR 2025-09-27 09:08:49 rcms_custom_filters format_negative Error formatting number : could not convert string to float: ''
ERROR 2025-09-27 09:08:49 rcms_custom_filters format_negative Error formatting number : could not convert string to float: ''
ERROR 2025-09-27 09:08:49 rcms_custom_filters format_negative Error formatting number : could not convert string to float: ''
ERROR 2025-09-27 09:08:49 rcms_custom_filters format_negative Error formatting number : could not convert string to float: ''
ERROR 2025-09-27 09:08:49 rcms_custom_filters format_negative Error formatting number : could not convert string to float: ''
ERROR 2025-09-27 09:08:49 rcms_custom_filters format_negative Error formatting number : could not convert string to float: ''
ERROR 2025-09-27 09:08:49 rcms_custom_filters format_negative Error formatting number : could not convert string to float: ''
ERROR 2025-09-27 09:08:49 rcms_custom_filters format_negative Error formatting number : could not convert string to float: ''
ERROR 2025-09-27 09:08:49 rcms_custom_filters format_negative Error formatting number : could not convert string to float: ''
ERROR 2025-09-27 09:08:49 rcms_custom_filters format_negative Error formatting number : could not convert string to float: ''
INFO 2025-09-27 09:08:49 middleware __call__ پاسخ برای /tankhah/factor/80/perform-action/ - کد وضعیت: 200
INFO 2025-09-27 09:08:52 models remove_inactive_users هیچ کاربر غیرفعالی برای حذف یافت نشد.
INFO 2025-09-27 09:08:52 middleware __call__ درخواست به: /tankhah/factor/80/perform-action/, کاربر: admin
INFO 2025-09-27 09:08:52 PermissionBase has_required_permissions [PERM_CHECK] User admin is superuser → full access granted.
INFO 2025-09-27 09:08:52 PermissionBase dispatch [PERM_CHECK] User admin passed base permission check for /tankhah/factor/80/perform-action/
INFO 2025-09-27 09:08:52 PermissionBase dispatch [PERM_ORG] User admin has access to organizations [1, 2, 3, 4, 5, 6, 7]
INFO 2025-09-27 09:08:52 budget_calculations get_committed_budget Calculated COMMITTED budget for Tankhah PK 20: 12000000.00
INFO 2025-09-27 09:08:52 budget_calculations get_committed_budget Calculated COMMITTED budget for Tankhah PK 20: 12000000.00
INFO 2025-09-27 09:08:52 budget_calculations get_available_budget Available budget for Tankhah PK 20: Initial(75000000.00) - Paid(0.00) - Committed(12000000.00) = 63000000.00
INFO 2025-09-27 09:08:52 views_FactorDetail get_user_allowed_transitions User admin allowed transitions: []
INFO 2025-09-27 09:08:53 views_FactorDetail get_context_data [FACTOR_DETAIL] factor=80 status=APPROVED org=1 path_len=1 allowed_len=0 next_users_steps=1
ERROR 2025-09-27 09:08:53 rcms_custom_filters format_negative Error formatting number : could not convert string to float: ''
ERROR 2025-09-27 09:08:53 rcms_custom_filters format_negative Error formatting number : could not convert string to float: ''
ERROR 2025-09-27 09:08:53 rcms_custom_filters format_negative Error formatting number : could not convert string to float: ''
ERROR 2025-09-27 09:08:53 rcms_custom_filters format_negative Error formatting number : could not convert string to float: ''
ERROR 2025-09-27 09:08:53 rcms_custom_filters format_negative Error formatting number : could not convert string to float: ''
ERROR 2025-09-27 09:08:53 rcms_custom_filters format_negative Error formatting number : could not convert string to float: ''
ERROR 2025-09-27 09:08:53 rcms_custom_filters format_negative Error formatting number : could not convert string to float: ''
ERROR 2025-09-27 09:08:53 rcms_custom_filters format_negative Error formatting number : could not convert string to float: ''
ERROR 2025-09-27 09:08:53 rcms_custom_filters format_negative Error formatting number : could not convert string to float: ''
ERROR 2025-09-27 09:08:53 rcms_custom_filters format_negative Error formatting number : could not convert string to float: ''
INFO 2025-09-27 09:08:53 middleware __call__ پاسخ برای /tankhah/factor/80/perform-action/ - کد وضعیت: 200
INFO 2025-09-27 09:09:17 models remove_inactive_users هیچ کاربر غیرفعالی برای حذف یافت نشد.
INFO 2025-09-27 09:09:17 middleware __call__ درخواست به: /tankhah/factor/80/perform-action/, کاربر: admin
INFO 2025-09-27 09:09:17 PermissionBase has_required_permissions [PERM_CHECK] User admin is superuser → full access granted.
INFO 2025-09-27 09:09:17 PermissionBase dispatch [PERM_CHECK] User admin passed base permission check for /tankhah/factor/80/perform-action/
INFO 2025-09-27 09:09:17 PermissionBase dispatch [PERM_ORG] User admin has access to organizations [1, 2, 3, 4, 5, 6, 7]
INFO 2025-09-27 09:09:17 budget_calculations get_committed_budget Calculated COMMITTED budget for Tankhah PK 20: 12000000.00
INFO 2025-09-27 09:09:17 budget_calculations get_committed_budget Calculated COMMITTED budget for Tankhah PK 20: 12000000.00
INFO 2025-09-27 09:09:17 budget_calculations get_available_budget Available budget for Tankhah PK 20: Initial(75000000.00) - Paid(0.00) - Committed(12000000.00) = 63000000.00
INFO 2025-09-27 09:09:17 views_FactorDetail get_user_allowed_transitions User admin allowed transitions: []
INFO 2025-09-27 09:09:17 views_FactorDetail get_context_data [FACTOR_DETAIL] factor=80 status=APPROVED org=1 path_len=1 allowed_len=0 next_users_steps=1
ERROR 2025-09-27 09:09:17 rcms_custom_filters format_negative Error formatting number : could not convert string to float: ''
ERROR 2025-09-27 09:09:17 rcms_custom_filters format_negative Error formatting number : could not convert string to float: ''
ERROR 2025-09-27 09:09:17 rcms_custom_filters format_negative Error formatting number : could not convert string to float: ''
ERROR 2025-09-27 09:09:17 rcms_custom_filters format_negative Error formatting number : could not convert string to float: ''
ERROR 2025-09-27 09:09:17 rcms_custom_filters format_negative Error formatting number : could not convert string to float: ''
ERROR 2025-09-27 09:09:17 rcms_custom_filters format_negative Error formatting number : could not convert string to float: ''
ERROR 2025-09-27 09:09:17 rcms_custom_filters format_negative Error formatting number : could not convert string to float: ''
ERROR 2025-09-27 09:09:17 rcms_custom_filters format_negative Error formatting number : could not convert string to float: ''
ERROR 2025-09-27 09:09:17 rcms_custom_filters format_negative Error formatting number : could not convert string to float: ''
ERROR 2025-09-27 09:09:17 rcms_custom_filters format_negative Error formatting number : could not convert string to float: ''
INFO 2025-09-27 09:09:17 middleware __call__ پاسخ برای /tankhah/factor/80/perform-action/ - کد وضعیت: 200
INFO 2025-09-27 09:11:56 models remove_inactive_users هیچ کاربر غیرفعالی برای حذف یافت نشد.
INFO 2025-09-27 09:11:56 middleware __call__ درخواست به: /tankhah/factor/80/perform-action/, کاربر: admin
INFO 2025-09-27 09:11:56 PermissionBase has_required_permissions [PERM_CHECK] User admin is superuser → full access granted.
INFO 2025-09-27 09:11:56 PermissionBase dispatch [PERM_CHECK] User admin passed base permission check for /tankhah/factor/80/perform-action/
INFO 2025-09-27 09:11:56 PermissionBase dispatch [PERM_ORG] User admin has access to organizations [1, 2, 3, 4, 5, 6, 7]
INFO 2025-09-27 09:11:56 budget_calculations get_committed_budget Calculated COMMITTED budget for Tankhah PK 20: 12000000.00
INFO 2025-09-27 09:11:56 budget_calculations get_committed_budget Calculated COMMITTED budget for Tankhah PK 20: 12000000.00
INFO 2025-09-27 09:11:56 budget_calculations get_available_budget Available budget for Tankhah PK 20: Initial(75000000.00) - Paid(0.00) - Committed(12000000.00) = 63000000.00
INFO 2025-09-27 09:11:56 views_FactorDetail get_user_allowed_transitions User admin allowed transitions: []
INFO 2025-09-27 09:11:56 views_FactorDetail get_context_data [FACTOR_DETAIL] factor=80 status=APPROVED org=1 path_len=1 allowed_len=0 next_users_steps=1
ERROR 2025-09-27 09:11:56 rcms_custom_filters format_negative Error formatting number : could not convert string to float: ''
ERROR 2025-09-27 09:11:56 rcms_custom_filters format_negative Error formatting number : could not convert string to float: ''
ERROR 2025-09-27 09:11:56 rcms_custom_filters format_negative Error formatting number : could not convert string to float: ''
ERROR 2025-09-27 09:11:56 rcms_custom_filters format_negative Error formatting number : could not convert string to float: ''
ERROR 2025-09-27 09:11:56 rcms_custom_filters format_negative Error formatting number : could not convert string to float: ''
ERROR 2025-09-27 09:11:56 rcms_custom_filters format_negative Error formatting number : could not convert string to float: ''
ERROR 2025-09-27 09:11:56 rcms_custom_filters format_negative Error formatting number : could not convert string to float: ''
ERROR 2025-09-27 09:11:56 rcms_custom_filters format_negative Error formatting number : could not convert string to float: ''
ERROR 2025-09-27 09:11:56 rcms_custom_filters format_negative Error formatting number : could not convert string to float: ''
ERROR 2025-09-27 09:11:56 rcms_custom_filters format_negative Error formatting number : could not convert string to float: ''
INFO 2025-09-27 09:11:56 middleware __call__ پاسخ برای /tankhah/factor/80/perform-action/ - کد وضعیت: 200
INFO 2025-09-27 09:11:59 models remove_inactive_users هیچ کاربر غیرفعالی برای حذف یافت نشد.
INFO 2025-09-27 09:11:59 middleware __call__ درخواست به: /tankhah/factor/80/perform-action/, کاربر: admin
INFO 2025-09-27 09:11:59 PermissionBase has_required_permissions [PERM_CHECK] User admin is superuser → full access granted.
INFO 2025-09-27 09:11:59 PermissionBase dispatch [PERM_CHECK] User admin passed base permission check for /tankhah/factor/80/perform-action/
INFO 2025-09-27 09:11:59 PermissionBase dispatch [PERM_ORG] User admin has access to organizations [1, 2, 3, 4, 5, 6, 7]
INFO 2025-09-27 09:11:59 budget_calculations get_committed_budget Calculated COMMITTED budget for Tankhah PK 20: 12000000.00
INFO 2025-09-27 09:11:59 budget_calculations get_committed_budget Calculated COMMITTED budget for Tankhah PK 20: 12000000.00
INFO 2025-09-27 09:11:59 budget_calculations get_available_budget Available budget for Tankhah PK 20: Initial(75000000.00) - Paid(0.00) - Committed(12000000.00) = 63000000.00
INFO 2025-09-27 09:12:00 views_FactorDetail get_user_allowed_transitions User admin allowed transitions: []
INFO 2025-09-27 09:12:00 views_FactorDetail get_context_data [FACTOR_DETAIL] factor=80 status=APPROVED org=1 path_len=1 allowed_len=0 next_users_steps=1
ERROR 2025-09-27 09:12:00 rcms_custom_filters format_negative Error formatting number : could not convert string to float: ''
ERROR 2025-09-27 09:12:00 rcms_custom_filters format_negative Error formatting number : could not convert string to float: ''
ERROR 2025-09-27 09:12:00 rcms_custom_filters format_negative Error formatting number : could not convert string to float: ''
ERROR 2025-09-27 09:12:00 rcms_custom_filters format_negative Error formatting number : could not convert string to float: ''
ERROR 2025-09-27 09:12:00 rcms_custom_filters format_negative Error formatting number : could not convert string to float: ''
ERROR 2025-09-27 09:12:00 rcms_custom_filters format_negative Error formatting number : could not convert string to float: ''
ERROR 2025-09-27 09:12:00 rcms_custom_filters format_negative Error formatting number : could not convert string to float: ''
ERROR 2025-09-27 09:12:00 rcms_custom_filters format_negative Error formatting number : could not convert string to float: ''
ERROR 2025-09-27 09:12:00 rcms_custom_filters format_negative Error formatting number : could not convert string to float: ''
ERROR 2025-09-27 09:12:00 rcms_custom_filters format_negative Error formatting number : could not convert string to float: ''
INFO 2025-09-27 09:12:00 middleware __call__ پاسخ برای /tankhah/factor/80/perform-action/ - کد وضعیت: 200
INFO 2025-09-27 09:12:02 models remove_inactive_users هیچ کاربر غیرفعالی برای حذف یافت نشد.
INFO 2025-09-27 09:12:02 middleware __call__ درخواست به: /tankhah/factor/80/perform-action/, کاربر: مدیرحسابداری
INFO 2025-09-27 09:12:02 PermissionBase has_required_permissions [PERM_CHECK] User مدیرحسابداری has core organization → full access granted.
INFO 2025-09-27 09:12:02 PermissionBase dispatch [PERM_CHECK] User مدیرحسابداری passed base permission check for /tankhah/factor/80/perform-action/
INFO 2025-09-27 09:12:02 PermissionBase get_user_active_organizations [PERM_CHECK] User مدیرحسابداری active orgs: [1, 2, 3, 4, 5, 6, 7] (has_core: True)
INFO 2025-09-27 09:12:02 PermissionBase dispatch [PERM_ORG] User مدیرحسابداری has access to organizations [1, 2, 3, 4, 5, 6, 7]
INFO 2025-09-27 09:12:02 budget_calculations get_committed_budget Calculated COMMITTED budget for Tankhah PK 20: 12000000.00
INFO 2025-09-27 09:12:02 budget_calculations get_committed_budget Calculated COMMITTED budget for Tankhah PK 20: 12000000.00
INFO 2025-09-27 09:12:02 budget_calculations get_available_budget Available budget for Tankhah PK 20: Initial(75000000.00) - Paid(0.00) - Committed(12000000.00) = 63000000.00
INFO 2025-09-27 09:12:02 PermissionBase get_user_active_organizations [PERM_CHECK] User مدیرحسابداری active orgs: [1, 2, 3, 4, 5, 6, 7] (has_core: True)
INFO 2025-09-27 09:12:02 views_FactorDetail get_user_allowed_transitions User مدیرحسابداری blocked by higher-level action (strict order enforced). user_min_level=3
INFO 2025-09-27 09:12:02 views_FactorDetail get_context_data [FACTOR_DETAIL] factor=80 status=APPROVED org=1 path_len=1 allowed_len=0 next_users_steps=1
ERROR 2025-09-27 09:12:02 rcms_custom_filters format_negative Error formatting number : could not convert string to float: ''
ERROR 2025-09-27 09:12:02 rcms_custom_filters format_negative Error formatting number : could not convert string to float: ''
ERROR 2025-09-27 09:12:02 rcms_custom_filters format_negative Error formatting number : could not convert string to float: ''
ERROR 2025-09-27 09:12:02 rcms_custom_filters format_negative Error formatting number : could not convert string to float: ''
ERROR 2025-09-27 09:12:02 rcms_custom_filters format_negative Error formatting number : could not convert string to float: ''
ERROR 2025-09-27 09:12:02 rcms_custom_filters format_negative Error formatting number : could not convert string to float: ''
ERROR 2025-09-27 09:12:02 rcms_custom_filters format_negative Error formatting number : could not convert string to float: ''
ERROR 2025-09-27 09:12:02 rcms_custom_filters format_negative Error formatting number : could not convert string to float: ''
ERROR 2025-09-27 09:12:02 rcms_custom_filters format_negative Error formatting number : could not convert string to float: ''
ERROR 2025-09-27 09:12:02 rcms_custom_filters format_negative Error formatting number : could not convert string to float: ''
INFO 2025-09-27 09:12:02 middleware __call__ پاسخ برای /tankhah/factor/80/perform-action/ - کد وضعیت: 200
INFO 2025-09-27 09:12:05 models remove_inactive_users هیچ کاربر غیرفعالی برای حذف یافت نشد.
INFO 2025-09-27 09:12:05 middleware __call__ درخواست به: /tankhah/factor/80/perform-action/, کاربر: مدیرحسابداری
INFO 2025-09-27 09:12:05 PermissionBase has_required_permissions [PERM_CHECK] User مدیرحسابداری has core organization → full access granted.
INFO 2025-09-27 09:12:05 PermissionBase dispatch [PERM_CHECK] User مدیرحسابداری passed base permission check for /tankhah/factor/80/perform-action/
INFO 2025-09-27 09:12:05 PermissionBase get_user_active_organizations [PERM_CHECK] User مدیرحسابداری active orgs: [1, 2, 3, 4, 5, 6, 7] (has_core: True)
INFO 2025-09-27 09:12:05 PermissionBase dispatch [PERM_ORG] User مدیرحسابداری has access to organizations [1, 2, 3, 4, 5, 6, 7]
INFO 2025-09-27 09:12:05 budget_calculations get_committed_budget Calculated COMMITTED budget for Tankhah PK 20: 12000000.00
INFO 2025-09-27 09:12:05 budget_calculations get_committed_budget Calculated COMMITTED budget for Tankhah PK 20: 12000000.00
INFO 2025-09-27 09:12:05 budget_calculations get_available_budget Available budget for Tankhah PK 20: Initial(75000000.00) - Paid(0.00) - Committed(12000000.00) = 63000000.00
INFO 2025-09-27 09:12:05 PermissionBase get_user_active_organizations [PERM_CHECK] User مدیرحسابداری active orgs: [1, 2, 3, 4, 5, 6, 7] (has_core: True)
INFO 2025-09-27 09:12:05 views_FactorDetail get_user_allowed_transitions User مدیرحسابداری blocked by higher-level action (strict order enforced). user_min_level=3
INFO 2025-09-27 09:12:05 views_FactorDetail get_context_data [FACTOR_DETAIL] factor=80 status=APPROVED org=1 path_len=1 allowed_len=0 next_users_steps=1
ERROR 2025-09-27 09:12:05 rcms_custom_filters format_negative Error formatting number : could not convert string to float: ''
ERROR 2025-09-27 09:12:05 rcms_custom_filters format_negative Error formatting number : could not convert string to float: ''
ERROR 2025-09-27 09:12:05 rcms_custom_filters format_negative Error formatting number : could not convert string to float: ''
ERROR 2025-09-27 09:12:05 rcms_custom_filters format_negative Error formatting number : could not convert string to float: ''
ERROR 2025-09-27 09:12:05 rcms_custom_filters format_negative Error formatting number : could not convert string to float: ''
ERROR 2025-09-27 09:12:05 rcms_custom_filters format_negative Error formatting number : could not convert string to float: ''
ERROR 2025-09-27 09:12:05 rcms_custom_filters format_negative Error formatting number : could not convert string to float: ''
ERROR 2025-09-27 09:12:05 rcms_custom_filters format_negative Error formatting number : could not convert string to float: ''
ERROR 2025-09-27 09:12:05 rcms_custom_filters format_negative Error formatting number : could not convert string to float: ''
ERROR 2025-09-27 09:12:05 rcms_custom_filters format_negative Error formatting number : could not convert string to float: ''
INFO 2025-09-27 09:12:05 middleware __call__ پاسخ برای /tankhah/factor/80/perform-action/ - کد وضعیت: 200
INFO 2025-09-27 09:12:06 models remove_inactive_users هیچ کاربر غیرفعالی برای حذف یافت نشد.
INFO 2025-09-27 09:12:06 middleware __call__ درخواست به: /tankhah/factor/80/perform-action/, کاربر: مدیرحسابداری
INFO 2025-09-27 09:12:06 PermissionBase has_required_permissions [PERM_CHECK] User مدیرحسابداری has core organization → full access granted.
INFO 2025-09-27 09:12:06 PermissionBase dispatch [PERM_CHECK] User مدیرحسابداری passed base permission check for /tankhah/factor/80/perform-action/
INFO 2025-09-27 09:12:06 PermissionBase get_user_active_organizations [PERM_CHECK] User مدیرحسابداری active orgs: [1, 2, 3, 4, 5, 6, 7] (has_core: True)
INFO 2025-09-27 09:12:06 PermissionBase dispatch [PERM_ORG] User مدیرحسابداری has access to organizations [1, 2, 3, 4, 5, 6, 7]
INFO 2025-09-27 09:12:06 budget_calculations get_committed_budget Calculated COMMITTED budget for Tankhah PK 20: 12000000.00
INFO 2025-09-27 09:12:06 budget_calculations get_committed_budget Calculated COMMITTED budget for Tankhah PK 20: 12000000.00
INFO 2025-09-27 09:12:06 budget_calculations get_available_budget Available budget for Tankhah PK 20: Initial(75000000.00) - Paid(0.00) - Committed(12000000.00) = 63000000.00
INFO 2025-09-27 09:12:06 PermissionBase get_user_active_organizations [PERM_CHECK] User مدیرحسابداری active orgs: [1, 2, 3, 4, 5, 6, 7] (has_core: True)
INFO 2025-09-27 09:12:06 views_FactorDetail get_user_allowed_transitions User مدیرحسابداری blocked by higher-level action (strict order enforced). user_min_level=3
INFO 2025-09-27 09:12:06 views_FactorDetail get_context_data [FACTOR_DETAIL] factor=80 status=APPROVED org=1 path_len=1 allowed_len=0 next_users_steps=1
ERROR 2025-09-27 09:12:06 rcms_custom_filters format_negative Error formatting number : could not convert string to float: ''
ERROR 2025-09-27 09:12:06 rcms_custom_filters format_negative Error formatting number : could not convert string to float: ''
ERROR 2025-09-27 09:12:06 rcms_custom_filters format_negative Error formatting number : could not convert string to float: ''
ERROR 2025-09-27 09:12:06 rcms_custom_filters format_negative Error formatting number : could not convert string to float: ''
ERROR 2025-09-27 09:12:06 rcms_custom_filters format_negative Error formatting number : could not convert string to float: ''
ERROR 2025-09-27 09:12:06 rcms_custom_filters format_negative Error formatting number : could not convert string to float: ''
ERROR 2025-09-27 09:12:06 rcms_custom_filters format_negative Error formatting number : could not convert string to float: ''
ERROR 2025-09-27 09:12:06 rcms_custom_filters format_negative Error formatting number : could not convert string to float: ''
ERROR 2025-09-27 09:12:06 rcms_custom_filters format_negative Error formatting number : could not convert string to float: ''
ERROR 2025-09-27 09:12:06 rcms_custom_filters format_negative Error formatting number : could not convert string to float: ''
INFO 2025-09-27 09:12:06 middleware __call__ پاسخ برای /tankhah/factor/80/perform-action/ - کد وضعیت: 200
INFO 2025-09-27 09:12:16 models remove_inactive_users هیچ کاربر غیرفعالی برای حذف یافت نشد.
INFO 2025-09-27 09:12:16 middleware __call__ درخواست به: /tankhah/factor/78/perform-action/, کاربر: admin
INFO 2025-09-27 09:12:16 PermissionBase has_required_permissions [PERM_CHECK] User admin is superuser → full access granted.
INFO 2025-09-27 09:12:16 PermissionBase dispatch [PERM_CHECK] User admin passed base permission check for /tankhah/factor/78/perform-action/
INFO 2025-09-27 09:12:16 PermissionBase dispatch [PERM_ORG] User admin has access to organizations [1, 2, 3, 4, 5, 6, 7]
INFO 2025-09-27 09:12:16 budget_calculations get_committed_budget Calculated COMMITTED budget for Tankhah PK 15: 245.00
INFO 2025-09-27 09:12:16 budget_calculations get_committed_budget Calculated COMMITTED budget for Tankhah PK 15: 245.00
INFO 2025-09-27 09:12:16 budget_calculations get_available_budget Available budget for Tankhah PK 15: Initial(674215000.00) - Paid(0.00) - Committed(245.00) = 674214755.00
INFO 2025-09-27 09:12:16 views_FactorDetail get_user_allowed_transitions User admin allowed transitions: []
INFO 2025-09-27 09:12:16 views_FactorDetail get_context_data [FACTOR_DETAIL] factor=78 status=PENDING org=1 path_len=2 allowed_len=0 next_users_steps=2
ERROR 2025-09-27 09:12:16 rcms_custom_filters format_negative Error formatting number : could not convert string to float: ''
ERROR 2025-09-27 09:12:16 rcms_custom_filters format_negative Error formatting number : could not convert string to float: ''
ERROR 2025-09-27 09:12:16 rcms_custom_filters format_negative Error formatting number : could not convert string to float: ''
ERROR 2025-09-27 09:12:16 rcms_custom_filters format_negative Error formatting number : could not convert string to float: ''
INFO 2025-09-27 09:12:16 middleware __call__ پاسخ برای /tankhah/factor/78/perform-action/ - کد وضعیت: 200
INFO 2025-09-27 09:12:22 models remove_inactive_users هیچ کاربر غیرفعالی برای حذف یافت نشد.
INFO 2025-09-27 09:12:22 middleware __call__ درخواست به: /tankhah/factor/80/perform-action/, کاربر: مدیرحسابداری
INFO 2025-09-27 09:12:22 PermissionBase has_required_permissions [PERM_CHECK] User مدیرحسابداری has core organization → full access granted.
INFO 2025-09-27 09:12:22 PermissionBase dispatch [PERM_CHECK] User مدیرحسابداری passed base permission check for /tankhah/factor/80/perform-action/
INFO 2025-09-27 09:12:22 PermissionBase get_user_active_organizations [PERM_CHECK] User مدیرحسابداری active orgs: [1, 2, 3, 4, 5, 6, 7] (has_core: True)
INFO 2025-09-27 09:12:22 PermissionBase dispatch [PERM_ORG] User مدیرحسابداری has access to organizations [1, 2, 3, 4, 5, 6, 7]
INFO 2025-09-27 09:12:22 budget_calculations get_committed_budget Calculated COMMITTED budget for Tankhah PK 20: 12000000.00
INFO 2025-09-27 09:12:22 budget_calculations get_committed_budget Calculated COMMITTED budget for Tankhah PK 20: 12000000.00
INFO 2025-09-27 09:12:22 budget_calculations get_available_budget Available budget for Tankhah PK 20: Initial(75000000.00) - Paid(0.00) - Committed(12000000.00) = 63000000.00
INFO 2025-09-27 09:12:22 PermissionBase get_user_active_organizations [PERM_CHECK] User مدیرحسابداری active orgs: [1, 2, 3, 4, 5, 6, 7] (has_core: True)
INFO 2025-09-27 09:12:22 views_FactorDetail get_user_allowed_transitions User مدیرحسابداری blocked by higher-level action (strict order enforced). user_min_level=3
INFO 2025-09-27 09:12:22 views_FactorDetail get_context_data [FACTOR_DETAIL] factor=80 status=APPROVED org=1 path_len=1 allowed_len=0 next_users_steps=1
ERROR 2025-09-27 09:12:22 rcms_custom_filters format_negative Error formatting number : could not convert string to float: ''
ERROR 2025-09-27 09:12:22 rcms_custom_filters format_negative Error formatting number : could not convert string to float: ''
ERROR 2025-09-27 09:12:22 rcms_custom_filters format_negative Error formatting number : could not convert string to float: ''
ERROR 2025-09-27 09:12:22 rcms_custom_filters format_negative Error formatting number : could not convert string to float: ''
ERROR 2025-09-27 09:12:22 rcms_custom_filters format_negative Error formatting number : could not convert string to float: ''
ERROR 2025-09-27 09:12:22 rcms_custom_filters format_negative Error formatting number : could not convert string to float: ''
ERROR 2025-09-27 09:12:22 rcms_custom_filters format_negative Error formatting number : could not convert string to float: ''
ERROR 2025-09-27 09:12:22 rcms_custom_filters format_negative Error formatting number : could not convert string to float: ''
ERROR 2025-09-27 09:12:22 rcms_custom_filters format_negative Error formatting number : could not convert string to float: ''
ERROR 2025-09-27 09:12:22 rcms_custom_filters format_negative Error formatting number : could not convert string to float: ''
INFO 2025-09-27 09:12:22 middleware __call__ پاسخ برای /tankhah/factor/80/perform-action/ - کد وضعیت: 200
INFO 2025-09-27 09:16:14 models remove_inactive_users هیچ کاربر غیرفعالی برای حذف یافت نشد.
INFO 2025-09-27 09:16:14 middleware __call__ درخواست به: /tankhah/factor/80/perform-action/, کاربر: مدیرحسابداری
INFO 2025-09-27 09:16:14 PermissionBase has_required_permissions [PERM_CHECK] User مدیرحسابداری has core organization → full access granted.
INFO 2025-09-27 09:16:14 PermissionBase dispatch [PERM_CHECK] User مدیرحسابداری passed base permission check for /tankhah/factor/80/perform-action/
INFO 2025-09-27 09:16:14 PermissionBase get_user_active_organizations [PERM_CHECK] User مدیرحسابداری active orgs: [1, 2, 3, 4, 5, 6, 7] (has_core: True)
INFO 2025-09-27 09:16:14 PermissionBase dispatch [PERM_ORG] User مدیرحسابداری has access to organizations [1, 2, 3, 4, 5, 6, 7]
INFO 2025-09-27 09:16:14 budget_calculations get_committed_budget Calculated COMMITTED budget for Tankhah PK 20: 12000000.00
INFO 2025-09-27 09:16:14 budget_calculations get_committed_budget Calculated COMMITTED budget for Tankhah PK 20: 12000000.00
INFO 2025-09-27 09:16:14 budget_calculations get_available_budget Available budget for Tankhah PK 20: Initial(75000000.00) - Paid(0.00) - Committed(12000000.00) = 63000000.00
INFO 2025-09-27 09:16:14 PermissionBase get_user_active_organizations [PERM_CHECK] User مدیرحسابداری active orgs: [1, 2, 3, 4, 5, 6, 7] (has_core: True)
INFO 2025-09-27 09:16:14 views_FactorDetail get_user_allowed_transitions User مدیرحسابداری blocked by higher-level action (strict order enforced). user_min_level=3
INFO 2025-09-27 09:16:14 views_FactorDetail get_context_data [FACTOR_DETAIL] factor=80 status=APPROVED org=1 path_len=1 allowed_len=0 next_users_steps=1
ERROR 2025-09-27 09:16:14 rcms_custom_filters format_negative Error formatting number : could not convert string to float: ''
ERROR 2025-09-27 09:16:14 rcms_custom_filters format_negative Error formatting number : could not convert string to float: ''
ERROR 2025-09-27 09:16:14 rcms_custom_filters format_negative Error formatting number : could not convert string to float: ''
ERROR 2025-09-27 09:16:14 rcms_custom_filters format_negative Error formatting number : could not convert string to float: ''
ERROR 2025-09-27 09:16:14 rcms_custom_filters format_negative Error formatting number : could not convert string to float: ''
ERROR 2025-09-27 09:16:14 rcms_custom_filters format_negative Error formatting number : could not convert string to float: ''
ERROR 2025-09-27 09:16:14 rcms_custom_filters format_negative Error formatting number : could not convert string to float: ''
ERROR 2025-09-27 09:16:14 rcms_custom_filters format_negative Error formatting number : could not convert string to float: ''
ERROR 2025-09-27 09:16:14 rcms_custom_filters format_negative Error formatting number : could not convert string to float: ''
ERROR 2025-09-27 09:16:14 rcms_custom_filters format_negative Error formatting number : could not convert string to float: ''
INFO 2025-09-27 09:16:14 middleware __call__ پاسخ برای /tankhah/factor/80/perform-action/ - کد وضعیت: 200
