ERROR 2025-06-09 23:28:12 log log_response Internal Server Error: /budgets/budget-return/76/
Traceback (most recent call last):
  File "D:\Design & Source Code\Source Coding\Tanbakhsystem\venv\Lib\site-packages\django\urls\base.py", line 71, in reverse
    extra, resolver = resolver.namespace_dict[ns]
                      ~~~~~~~~~~~~~~~~~~~~~~~^^^^
KeyError: 'budgets'

During handling of the above exception, another exception occurred:

Traceback (most recent call last):
  File "D:\Design & Source Code\Source Coding\Tanbakhsystem\venv\Lib\site-packages\django\core\handlers\exception.py", line 55, in inner
    response = get_response(request)
  File "D:\Design & Source Code\Source Coding\Tanbakhsystem\venv\Lib\site-packages\django\core\handlers\base.py", line 197, in _get_response
    response = wrapped_callback(request, *callback_args, **callback_kwargs)
  File "D:\Design & Source Code\Source Coding\Tanbakhsystem\venv\Lib\site-packages\django\views\generic\base.py", line 104, in view
    return self.dispatch(request, *args, **kwargs)
           ~~~~~~~~~~~~~^^^^^^^^^^^^^^^^^^^^^^^^^^
  File "D:\Design & Source Code\Source Coding\Tanbakhsystem\budgets\BudgetReturn\view_BudgetReturn.py", line 320, in dispatch
    return super().dispatch(request, *args, **kwargs)
           ~~~~~~~~~~~~~~~~^^^^^^^^^^^^^^^^^^^^^^^^^^
  File "D:\Design & Source Code\Source Coding\Tanbakhsystem\core\PermissionBase.py", line 109, in dispatch
    return super().dispatch(request, *args, **kwargs)
           ~~~~~~~~~~~~~~~~^^^^^^^^^^^^^^^^^^^^^^^^^^
  File "D:\Design & Source Code\Source Coding\Tanbakhsystem\venv\Lib\site-packages\django\contrib\auth\mixins.py", line 73, in dispatch
    return super().dispatch(request, *args, **kwargs)
           ~~~~~~~~~~~~~~~~^^^^^^^^^^^^^^^^^^^^^^^^^^
  File "D:\Design & Source Code\Source Coding\Tanbakhsystem\venv\Lib\site-packages\django\views\generic\base.py", line 143, in dispatch
    return handler(request, *args, **kwargs)
  File "D:\Design & Source Code\Source Coding\Tanbakhsystem\venv\Lib\site-packages\django\views\generic\edit.py", line 182, in post
    return super().post(request, *args, **kwargs)
           ~~~~~~~~~~~~^^^^^^^^^^^^^^^^^^^^^^^^^^
  File "D:\Design & Source Code\Source Coding\Tanbakhsystem\venv\Lib\site-packages\django\views\generic\edit.py", line 151, in post
    return self.form_valid(form)
           ~~~~~~~~~~~~~~~^^^^^^
  File "D:\Design & Source Code\Source Coding\Tanbakhsystem\budgets\BudgetReturn\view_BudgetReturn.py", line 368, in form_valid
    return super().form_valid(form)
           ~~~~~~~~~~~~~~~~~~^^^^^^
  File "D:\Design & Source Code\Source Coding\Tanbakhsystem\venv\Lib\site-packages\django\views\generic\edit.py", line 134, in form_valid
    return super().form_valid(form)
           ~~~~~~~~~~~~~~~~~~^^^^^^
  File "D:\Design & Source Code\Source Coding\Tanbakhsystem\venv\Lib\site-packages\django\views\generic\edit.py", line 63, in form_valid
    return HttpResponseRedirect(self.get_success_url())
  File "D:\Design & Source Code\Source Coding\Tanbakhsystem\venv\Lib\site-packages\django\http\response.py", line 618, in __init__
    self["Location"] = iri_to_uri(redirect_to)
                       ~~~~~~~~~~^^^^^^^^^^^^^
  File "D:\Design & Source Code\Source Coding\Tanbakhsystem\venv\Lib\site-packages\django\utils\encoding.py", line 134, in iri_to_uri
    iri = str(iri)
  File "D:\Design & Source Code\Source Coding\Tanbakhsystem\venv\Lib\site-packages\django\utils\functional.py", line 119, in __str__
    return str(self.__cast())
               ~~~~~~~~~~~^^
  File "D:\Design & Source Code\Source Coding\Tanbakhsystem\venv\Lib\site-packages\django\utils\functional.py", line 110, in __cast
    return func(*self._args, **self._kw)
  File "D:\Design & Source Code\Source Coding\Tanbakhsystem\venv\Lib\site-packages\django\urls\base.py", line 82, in reverse
    raise NoReverseMatch("%s is not a registered namespace" % key)
django.urls.exceptions.NoReverseMatch: 'budgets' is not a registered namespace
ERROR 2025-06-09 23:28:12 basehttp log_message "POST /budgets/budget-return/76/ HTTP/1.1" 500 153586
ERROR 2025-06-09 23:50:51 log log_response Internal Server Error: /budgets/budget-return/74/
Traceback (most recent call last):
  File "D:\Design & Source Code\Source Coding\Tanbakhsystem\venv\Lib\site-packages\django\core\handlers\exception.py", line 55, in inner
    response = get_response(request)
  File "D:\Design & Source Code\Source Coding\Tanbakhsystem\venv\Lib\site-packages\django\core\handlers\base.py", line 197, in _get_response
    response = wrapped_callback(request, *callback_args, **callback_kwargs)
  File "D:\Design & Source Code\Source Coding\Tanbakhsystem\venv\Lib\site-packages\django\views\generic\base.py", line 104, in view
    return self.dispatch(request, *args, **kwargs)
           ~~~~~~~~~~~~~^^^^^^^^^^^^^^^^^^^^^^^^^^
  File "D:\Design & Source Code\Source Coding\Tanbakhsystem\budgets\BudgetReturn\view_BudgetReturn.py", line 189, in dispatch
    return super().dispatch(request, *args, **kwargs)
           ~~~~~~~~~~~~~~~~^^^^^^^^^^^^^^^^^^^^^^^^^^
  File "D:\Design & Source Code\Source Coding\Tanbakhsystem\core\PermissionBase.py", line 109, in dispatch
    return super().dispatch(request, *args, **kwargs)
           ~~~~~~~~~~~~~~~~^^^^^^^^^^^^^^^^^^^^^^^^^^
  File "D:\Design & Source Code\Source Coding\Tanbakhsystem\venv\Lib\site-packages\django\contrib\auth\mixins.py", line 73, in dispatch
    return super().dispatch(request, *args, **kwargs)
           ~~~~~~~~~~~~~~~~^^^^^^^^^^^^^^^^^^^^^^^^^^
  File "D:\Design & Source Code\Source Coding\Tanbakhsystem\venv\Lib\site-packages\django\views\generic\base.py", line 143, in dispatch
    return handler(request, *args, **kwargs)
  File "D:\Design & Source Code\Source Coding\Tanbakhsystem\venv\Lib\site-packages\django\views\generic\edit.py", line 178, in get
    return super().get(request, *args, **kwargs)
           ~~~~~~~~~~~^^^^^^^^^^^^^^^^^^^^^^^^^^
  File "D:\Design & Source Code\Source Coding\Tanbakhsystem\venv\Lib\site-packages\django\views\generic\edit.py", line 142, in get
    return self.render_to_response(self.get_context_data())
                                   ~~~~~~~~~~~~~~~~~~~~~^^
  File "D:\Design & Source Code\Source Coding\Tanbakhsystem\budgets\BudgetReturn\view_BudgetReturn.py", line 205, in get_context_data
    context = super().get_context_data(**kwargs)
  File "D:\Design & Source Code\Source Coding\Tanbakhsystem\venv\Lib\site-packages\django\views\generic\edit.py", line 72, in get_context_data
    kwargs["form"] = self.get_form()
                     ~~~~~~~~~~~~~^^
  File "D:\Design & Source Code\Source Coding\Tanbakhsystem\venv\Lib\site-packages\django\views\generic\edit.py", line 37, in get_form
    return form_class(**self.get_form_kwargs())
  File "D:\Design & Source Code\Source Coding\Tanbakhsystem\budgets\BudgetReturn\froms_BudgetTransferForm.py", line 237, in __init__
    super().__init__(*args, **kwargs)
    ~~~~~~~~~~~~~~~~^^^^^^^^^^^^^^^^^
TypeError: BaseForm.__init__() got an unexpected keyword argument 'instance'
ERROR 2025-06-09 23:50:51 basehttp log_message "GET /budgets/budget-return/74/ HTTP/1.1" 500 128652
ERROR 2025-06-09 23:50:53 log log_response Internal Server Error: /budgets/budget-return/74/
Traceback (most recent call last):
  File "D:\Design & Source Code\Source Coding\Tanbakhsystem\venv\Lib\site-packages\django\core\handlers\exception.py", line 55, in inner
    response = get_response(request)
  File "D:\Design & Source Code\Source Coding\Tanbakhsystem\venv\Lib\site-packages\django\core\handlers\base.py", line 197, in _get_response
    response = wrapped_callback(request, *callback_args, **callback_kwargs)
  File "D:\Design & Source Code\Source Coding\Tanbakhsystem\venv\Lib\site-packages\django\views\generic\base.py", line 104, in view
    return self.dispatch(request, *args, **kwargs)
           ~~~~~~~~~~~~~^^^^^^^^^^^^^^^^^^^^^^^^^^
  File "D:\Design & Source Code\Source Coding\Tanbakhsystem\budgets\BudgetReturn\view_BudgetReturn.py", line 189, in dispatch
    return super().dispatch(request, *args, **kwargs)
           ~~~~~~~~~~~~~~~~^^^^^^^^^^^^^^^^^^^^^^^^^^
  File "D:\Design & Source Code\Source Coding\Tanbakhsystem\core\PermissionBase.py", line 109, in dispatch
    return super().dispatch(request, *args, **kwargs)
           ~~~~~~~~~~~~~~~~^^^^^^^^^^^^^^^^^^^^^^^^^^
  File "D:\Design & Source Code\Source Coding\Tanbakhsystem\venv\Lib\site-packages\django\contrib\auth\mixins.py", line 73, in dispatch
    return super().dispatch(request, *args, **kwargs)
           ~~~~~~~~~~~~~~~~^^^^^^^^^^^^^^^^^^^^^^^^^^
  File "D:\Design & Source Code\Source Coding\Tanbakhsystem\venv\Lib\site-packages\django\views\generic\base.py", line 143, in dispatch
    return handler(request, *args, **kwargs)
  File "D:\Design & Source Code\Source Coding\Tanbakhsystem\venv\Lib\site-packages\django\views\generic\edit.py", line 178, in get
    return super().get(request, *args, **kwargs)
           ~~~~~~~~~~~^^^^^^^^^^^^^^^^^^^^^^^^^^
  File "D:\Design & Source Code\Source Coding\Tanbakhsystem\venv\Lib\site-packages\django\views\generic\edit.py", line 142, in get
    return self.render_to_response(self.get_context_data())
                                   ~~~~~~~~~~~~~~~~~~~~~^^
  File "D:\Design & Source Code\Source Coding\Tanbakhsystem\budgets\BudgetReturn\view_BudgetReturn.py", line 205, in get_context_data
    context = super().get_context_data(**kwargs)
  File "D:\Design & Source Code\Source Coding\Tanbakhsystem\venv\Lib\site-packages\django\views\generic\edit.py", line 72, in get_context_data
    kwargs["form"] = self.get_form()
                     ~~~~~~~~~~~~~^^
  File "D:\Design & Source Code\Source Coding\Tanbakhsystem\venv\Lib\site-packages\django\views\generic\edit.py", line 37, in get_form
    return form_class(**self.get_form_kwargs())
  File "D:\Design & Source Code\Source Coding\Tanbakhsystem\budgets\BudgetReturn\froms_BudgetTransferForm.py", line 237, in __init__
    super().__init__(*args, **kwargs)
    ~~~~~~~~~~~~~~~~^^^^^^^^^^^^^^^^^
TypeError: BaseForm.__init__() got an unexpected keyword argument 'instance'
ERROR 2025-06-09 23:50:53 basehttp log_message "GET /budgets/budget-return/74/ HTTP/1.1" 500 128652
ERROR 2025-06-09 23:51:28 log log_response Internal Server Error: /budgets/budget-return/74/
Traceback (most recent call last):
  File "D:\Design & Source Code\Source Coding\Tanbakhsystem\venv\Lib\site-packages\django\core\handlers\exception.py", line 55, in inner
    response = get_response(request)
  File "D:\Design & Source Code\Source Coding\Tanbakhsystem\venv\Lib\site-packages\django\core\handlers\base.py", line 197, in _get_response
    response = wrapped_callback(request, *callback_args, **callback_kwargs)
  File "D:\Design & Source Code\Source Coding\Tanbakhsystem\venv\Lib\site-packages\django\views\generic\base.py", line 104, in view
    return self.dispatch(request, *args, **kwargs)
           ~~~~~~~~~~~~~^^^^^^^^^^^^^^^^^^^^^^^^^^
  File "D:\Design & Source Code\Source Coding\Tanbakhsystem\budgets\BudgetReturn\view_BudgetReturn.py", line 189, in dispatch
    return super().dispatch(request, *args, **kwargs)
           ~~~~~~~~~~~~~~~~^^^^^^^^^^^^^^^^^^^^^^^^^^
  File "D:\Design & Source Code\Source Coding\Tanbakhsystem\core\PermissionBase.py", line 109, in dispatch
    return super().dispatch(request, *args, **kwargs)
           ~~~~~~~~~~~~~~~~^^^^^^^^^^^^^^^^^^^^^^^^^^
  File "D:\Design & Source Code\Source Coding\Tanbakhsystem\venv\Lib\site-packages\django\contrib\auth\mixins.py", line 73, in dispatch
    return super().dispatch(request, *args, **kwargs)
           ~~~~~~~~~~~~~~~~^^^^^^^^^^^^^^^^^^^^^^^^^^
  File "D:\Design & Source Code\Source Coding\Tanbakhsystem\venv\Lib\site-packages\django\views\generic\base.py", line 143, in dispatch
    return handler(request, *args, **kwargs)
  File "D:\Design & Source Code\Source Coding\Tanbakhsystem\venv\Lib\site-packages\django\views\generic\edit.py", line 178, in get
    return super().get(request, *args, **kwargs)
           ~~~~~~~~~~~^^^^^^^^^^^^^^^^^^^^^^^^^^
  File "D:\Design & Source Code\Source Coding\Tanbakhsystem\venv\Lib\site-packages\django\views\generic\edit.py", line 142, in get
    return self.render_to_response(self.get_context_data())
                                   ~~~~~~~~~~~~~~~~~~~~~^^
  File "D:\Design & Source Code\Source Coding\Tanbakhsystem\budgets\BudgetReturn\view_BudgetReturn.py", line 205, in get_context_data
    context = super().get_context_data(**kwargs)
  File "D:\Design & Source Code\Source Coding\Tanbakhsystem\venv\Lib\site-packages\django\views\generic\edit.py", line 72, in get_context_data
    kwargs["form"] = self.get_form()
                     ~~~~~~~~~~~~~^^
  File "D:\Design & Source Code\Source Coding\Tanbakhsystem\venv\Lib\site-packages\django\views\generic\edit.py", line 37, in get_form
    return form_class(**self.get_form_kwargs())
  File "D:\Design & Source Code\Source Coding\Tanbakhsystem\budgets\BudgetReturn\froms_BudgetTransferForm.py", line 237, in __init__
    super().__init__(*args, **kwargs)
    ~~~~~~~~~~~~~~~~^^^^^^^^^^^^^^^^^
TypeError: BaseForm.__init__() got an unexpected keyword argument 'instance'
ERROR 2025-06-09 23:51:28 basehttp log_message "GET /budgets/budget-return/74/ HTTP/1.1" 500 128652
ERROR 2025-06-09 23:51:45 log log_response Internal Server Error: /budgets/budget-return/74/
Traceback (most recent call last):
  File "D:\Design & Source Code\Source Coding\Tanbakhsystem\venv\Lib\site-packages\django\core\handlers\exception.py", line 55, in inner
    response = get_response(request)
  File "D:\Design & Source Code\Source Coding\Tanbakhsystem\venv\Lib\site-packages\django\core\handlers\base.py", line 197, in _get_response
    response = wrapped_callback(request, *callback_args, **callback_kwargs)
  File "D:\Design & Source Code\Source Coding\Tanbakhsystem\venv\Lib\site-packages\django\views\generic\base.py", line 104, in view
    return self.dispatch(request, *args, **kwargs)
           ~~~~~~~~~~~~~^^^^^^^^^^^^^^^^^^^^^^^^^^
  File "D:\Design & Source Code\Source Coding\Tanbakhsystem\budgets\BudgetReturn\view_BudgetReturn.py", line 189, in dispatch
    return super().dispatch(request, *args, **kwargs)
           ~~~~~~~~~~~~~~~~^^^^^^^^^^^^^^^^^^^^^^^^^^
  File "D:\Design & Source Code\Source Coding\Tanbakhsystem\core\PermissionBase.py", line 109, in dispatch
    return super().dispatch(request, *args, **kwargs)
           ~~~~~~~~~~~~~~~~^^^^^^^^^^^^^^^^^^^^^^^^^^
  File "D:\Design & Source Code\Source Coding\Tanbakhsystem\venv\Lib\site-packages\django\contrib\auth\mixins.py", line 73, in dispatch
    return super().dispatch(request, *args, **kwargs)
           ~~~~~~~~~~~~~~~~^^^^^^^^^^^^^^^^^^^^^^^^^^
  File "D:\Design & Source Code\Source Coding\Tanbakhsystem\venv\Lib\site-packages\django\views\generic\base.py", line 143, in dispatch
    return handler(request, *args, **kwargs)
  File "D:\Design & Source Code\Source Coding\Tanbakhsystem\venv\Lib\site-packages\django\views\generic\edit.py", line 178, in get
    return super().get(request, *args, **kwargs)
           ~~~~~~~~~~~^^^^^^^^^^^^^^^^^^^^^^^^^^
  File "D:\Design & Source Code\Source Coding\Tanbakhsystem\venv\Lib\site-packages\django\views\generic\edit.py", line 142, in get
    return self.render_to_response(self.get_context_data())
                                   ~~~~~~~~~~~~~~~~~~~~~^^
  File "D:\Design & Source Code\Source Coding\Tanbakhsystem\budgets\BudgetReturn\view_BudgetReturn.py", line 228, in get_context_data
    'budget_details': get_budget_details(entity=project) if project else {},
                      ^^^^^^^^^^^^^^^^^^
NameError: name 'get_budget_details' is not defined
ERROR 2025-06-09 23:51:45 basehttp log_message "GET /budgets/budget-return/74/ HTTP/1.1" 500 117043
ERROR 2025-06-10 00:09:46 log log_response Internal Server Error: /budgets/budget-return/76/
Traceback (most recent call last):
  File "D:\Design & Source Code\Source Coding\Tanbakhsystem\venv\Lib\site-packages\django\template\defaulttags.py", line 1035, in find_library
    return parser.libraries[name]
           ~~~~~~~~~~~~~~~~^^^^^^
KeyError: 'widget_tweaks'

During handling of the above exception, another exception occurred:

Traceback (most recent call last):
  File "D:\Design & Source Code\Source Coding\Tanbakhsystem\venv\Lib\site-packages\django\core\handlers\exception.py", line 55, in inner
    response = get_response(request)
  File "D:\Design & Source Code\Source Coding\Tanbakhsystem\venv\Lib\site-packages\django\core\handlers\base.py", line 220, in _get_response
    response = response.render()
  File "D:\Design & Source Code\Source Coding\Tanbakhsystem\venv\Lib\site-packages\django\template\response.py", line 114, in render
    self.content = self.rendered_content
                   ^^^^^^^^^^^^^^^^^^^^^
  File "D:\Design & Source Code\Source Coding\Tanbakhsystem\venv\Lib\site-packages\django\template\response.py", line 90, in rendered_content
    template = self.resolve_template(self.template_name)
  File "D:\Design & Source Code\Source Coding\Tanbakhsystem\venv\Lib\site-packages\django\template\response.py", line 72, in resolve_template
    return select_template(template, using=self.using)
  File "D:\Design & Source Code\Source Coding\Tanbakhsystem\venv\Lib\site-packages\django\template\loader.py", line 42, in select_template
    return engine.get_template(template_name)
           ~~~~~~~~~~~~~~~~~~~^^^^^^^^^^^^^^^
  File "D:\Design & Source Code\Source Coding\Tanbakhsystem\venv\Lib\site-packages\django\template\backends\django.py", line 79, in get_template
    return Template(self.engine.get_template(template_name), self)
                    ~~~~~~~~~~~~~~~~~~~~~~~~^^^^^^^^^^^^^^^
  File "D:\Design & Source Code\Source Coding\Tanbakhsystem\venv\Lib\site-packages\django\template\engine.py", line 177, in get_template
    template, origin = self.find_template(template_name)
                       ~~~~~~~~~~~~~~~~~~^^^^^^^^^^^^^^^
  File "D:\Design & Source Code\Source Coding\Tanbakhsystem\venv\Lib\site-packages\django\template\engine.py", line 159, in find_template
    template = loader.get_template(name, skip=skip)
  File "D:\Design & Source Code\Source Coding\Tanbakhsystem\venv\Lib\site-packages\django\template\loaders\cached.py", line 57, in get_template
    template = super().get_template(template_name, skip)
  File "D:\Design & Source Code\Source Coding\Tanbakhsystem\venv\Lib\site-packages\django\template\loaders\base.py", line 28, in get_template
    return Template(
        contents,
    ...<2 lines>...
        self.engine,
    )
  File "D:\Design & Source Code\Source Coding\Tanbakhsystem\venv\Lib\site-packages\django\template\base.py", line 154, in __init__
    self.nodelist = self.compile_nodelist()
                    ~~~~~~~~~~~~~~~~~~~~~^^
  File "D:\Design & Source Code\Source Coding\Tanbakhsystem\venv\Lib\site-packages\django\template\base.py", line 196, in compile_nodelist
    nodelist = parser.parse()
  File "D:\Design & Source Code\Source Coding\Tanbakhsystem\venv\Lib\site-packages\django\template\base.py", line 518, in parse
    raise self.error(token, e)
  File "D:\Design & Source Code\Source Coding\Tanbakhsystem\venv\Lib\site-packages\django\template\base.py", line 516, in parse
    compiled_result = compile_func(self, token)
  File "D:\Design & Source Code\Source Coding\Tanbakhsystem\venv\Lib\site-packages\django\template\loader_tags.py", line 295, in do_extends
    nodelist = parser.parse()
  File "D:\Design & Source Code\Source Coding\Tanbakhsystem\venv\Lib\site-packages\django\template\base.py", line 518, in parse
    raise self.error(token, e)
  File "D:\Design & Source Code\Source Coding\Tanbakhsystem\venv\Lib\site-packages\django\template\base.py", line 516, in parse
    compiled_result = compile_func(self, token)
  File "D:\Design & Source Code\Source Coding\Tanbakhsystem\venv\Lib\site-packages\django\template\defaulttags.py", line 1097, in load
    lib = find_library(parser, name)
  File "D:\Design & Source Code\Source Coding\Tanbakhsystem\venv\Lib\site-packages\django\template\defaulttags.py", line 1037, in find_library
    raise TemplateSyntaxError(
    ...<5 lines>...
    )
django.template.exceptions.TemplateSyntaxError: 'widget_tweaks' is not a registered tag library. Must be one of:
access_filter
active_users_tags
admin_list
admin_modify
admin_urls
cache
custome_filter_permissions
factor_tags
file_tags
humanize
i18n
jalali_tags
jformat
l10n
log
notifications_tags
rcms_custom_filters
rest_framework
static
tanbakh_tags
tz
version_tags
ERROR 2025-06-10 00:09:46 basehttp log_message "GET /budgets/budget-return/76/ HTTP/1.1" 500 247948
ERROR 2025-06-10 00:10:14 log log_response Internal Server Error: /budgets/budget-return/76/
Traceback (most recent call last):
  File "D:\Design & Source Code\Source Coding\Tanbakhsystem\venv\Lib\site-packages\django\template\base.py", line 510, in parse
    compile_func = self.tags[command]
                   ~~~~~~~~~^^^^^^^^^
KeyError: 'render_field'

During handling of the above exception, another exception occurred:

Traceback (most recent call last):
  File "D:\Design & Source Code\Source Coding\Tanbakhsystem\venv\Lib\site-packages\django\core\handlers\exception.py", line 55, in inner
    response = get_response(request)
  File "D:\Design & Source Code\Source Coding\Tanbakhsystem\venv\Lib\site-packages\django\core\handlers\base.py", line 220, in _get_response
    response = response.render()
  File "D:\Design & Source Code\Source Coding\Tanbakhsystem\venv\Lib\site-packages\django\template\response.py", line 114, in render
    self.content = self.rendered_content
                   ^^^^^^^^^^^^^^^^^^^^^
  File "D:\Design & Source Code\Source Coding\Tanbakhsystem\venv\Lib\site-packages\django\template\response.py", line 90, in rendered_content
    template = self.resolve_template(self.template_name)
  File "D:\Design & Source Code\Source Coding\Tanbakhsystem\venv\Lib\site-packages\django\template\response.py", line 72, in resolve_template
    return select_template(template, using=self.using)
  File "D:\Design & Source Code\Source Coding\Tanbakhsystem\venv\Lib\site-packages\django\template\loader.py", line 42, in select_template
    return engine.get_template(template_name)
           ~~~~~~~~~~~~~~~~~~~^^^^^^^^^^^^^^^
  File "D:\Design & Source Code\Source Coding\Tanbakhsystem\venv\Lib\site-packages\django\template\backends\django.py", line 79, in get_template
    return Template(self.engine.get_template(template_name), self)
                    ~~~~~~~~~~~~~~~~~~~~~~~~^^^^^^^^^^^^^^^
  File "D:\Design & Source Code\Source Coding\Tanbakhsystem\venv\Lib\site-packages\django\template\engine.py", line 177, in get_template
    template, origin = self.find_template(template_name)
                       ~~~~~~~~~~~~~~~~~~^^^^^^^^^^^^^^^
  File "D:\Design & Source Code\Source Coding\Tanbakhsystem\venv\Lib\site-packages\django\template\engine.py", line 159, in find_template
    template = loader.get_template(name, skip=skip)
  File "D:\Design & Source Code\Source Coding\Tanbakhsystem\venv\Lib\site-packages\django\template\loaders\cached.py", line 57, in get_template
    template = super().get_template(template_name, skip)
  File "D:\Design & Source Code\Source Coding\Tanbakhsystem\venv\Lib\site-packages\django\template\loaders\base.py", line 28, in get_template
    return Template(
        contents,
    ...<2 lines>...
        self.engine,
    )
  File "D:\Design & Source Code\Source Coding\Tanbakhsystem\venv\Lib\site-packages\django\template\base.py", line 154, in __init__
    self.nodelist = self.compile_nodelist()
                    ~~~~~~~~~~~~~~~~~~~~~^^
  File "D:\Design & Source Code\Source Coding\Tanbakhsystem\venv\Lib\site-packages\django\template\base.py", line 196, in compile_nodelist
    nodelist = parser.parse()
  File "D:\Design & Source Code\Source Coding\Tanbakhsystem\venv\Lib\site-packages\django\template\base.py", line 518, in parse
    raise self.error(token, e)
  File "D:\Design & Source Code\Source Coding\Tanbakhsystem\venv\Lib\site-packages\django\template\base.py", line 516, in parse
    compiled_result = compile_func(self, token)
  File "D:\Design & Source Code\Source Coding\Tanbakhsystem\venv\Lib\site-packages\django\template\loader_tags.py", line 295, in do_extends
    nodelist = parser.parse()
  File "D:\Design & Source Code\Source Coding\Tanbakhsystem\venv\Lib\site-packages\django\template\base.py", line 518, in parse
    raise self.error(token, e)
  File "D:\Design & Source Code\Source Coding\Tanbakhsystem\venv\Lib\site-packages\django\template\base.py", line 516, in parse
    compiled_result = compile_func(self, token)
  File "D:\Design & Source Code\Source Coding\Tanbakhsystem\venv\Lib\site-packages\django\template\loader_tags.py", line 234, in do_block
    nodelist = parser.parse(("endblock",))
  File "D:\Design & Source Code\Source Coding\Tanbakhsystem\venv\Lib\site-packages\django\template\base.py", line 512, in parse
    self.invalid_block_tag(token, command, parse_until)
    ~~~~~~~~~~~~~~~~~~~~~~^^^^^^^^^^^^^^^^^^^^^^^^^^^^^
  File "D:\Design & Source Code\Source Coding\Tanbakhsystem\venv\Lib\site-packages\django\template\base.py", line 563, in invalid_block_tag
    raise self.error(
    ...<8 lines>...
    )
django.template.exceptions.TemplateSyntaxError: Invalid block tag on line 142: 'render_field', expected 'endblock'. Did you forget to register or load this tag?
ERROR 2025-06-10 00:10:14 basehttp log_message "GET /budgets/budget-return/76/ HTTP/1.1" 500 231638
ERROR 2025-06-10 00:29:51 log log_response Internal Server Error: /budgets/budget-return/76/
Traceback (most recent call last):
  File "D:\Design & Source Code\Source Coding\Tanbakhsystem\venv\Lib\site-packages\django\core\handlers\exception.py", line 55, in inner
    response = get_response(request)
  File "D:\Design & Source Code\Source Coding\Tanbakhsystem\venv\Lib\site-packages\django\core\handlers\base.py", line 220, in _get_response
    response = response.render()
  File "D:\Design & Source Code\Source Coding\Tanbakhsystem\venv\Lib\site-packages\django\template\response.py", line 114, in render
    self.content = self.rendered_content
                   ^^^^^^^^^^^^^^^^^^^^^
  File "D:\Design & Source Code\Source Coding\Tanbakhsystem\venv\Lib\site-packages\django\template\response.py", line 90, in rendered_content
    template = self.resolve_template(self.template_name)
  File "D:\Design & Source Code\Source Coding\Tanbakhsystem\venv\Lib\site-packages\django\template\response.py", line 72, in resolve_template
    return select_template(template, using=self.using)
  File "D:\Design & Source Code\Source Coding\Tanbakhsystem\venv\Lib\site-packages\django\template\loader.py", line 42, in select_template
    return engine.get_template(template_name)
           ~~~~~~~~~~~~~~~~~~~^^^^^^^^^^^^^^^
  File "D:\Design & Source Code\Source Coding\Tanbakhsystem\venv\Lib\site-packages\django\template\backends\django.py", line 79, in get_template
    return Template(self.engine.get_template(template_name), self)
                    ~~~~~~~~~~~~~~~~~~~~~~~~^^^^^^^^^^^^^^^
  File "D:\Design & Source Code\Source Coding\Tanbakhsystem\venv\Lib\site-packages\django\template\engine.py", line 177, in get_template
    template, origin = self.find_template(template_name)
                       ~~~~~~~~~~~~~~~~~~^^^^^^^^^^^^^^^
  File "D:\Design & Source Code\Source Coding\Tanbakhsystem\venv\Lib\site-packages\django\template\engine.py", line 159, in find_template
    template = loader.get_template(name, skip=skip)
  File "D:\Design & Source Code\Source Coding\Tanbakhsystem\venv\Lib\site-packages\django\template\loaders\cached.py", line 57, in get_template
    template = super().get_template(template_name, skip)
  File "D:\Design & Source Code\Source Coding\Tanbakhsystem\venv\Lib\site-packages\django\template\loaders\base.py", line 28, in get_template
    return Template(
        contents,
    ...<2 lines>...
        self.engine,
    )
  File "D:\Design & Source Code\Source Coding\Tanbakhsystem\venv\Lib\site-packages\django\template\base.py", line 154, in __init__
    self.nodelist = self.compile_nodelist()
                    ~~~~~~~~~~~~~~~~~~~~~^^
  File "D:\Design & Source Code\Source Coding\Tanbakhsystem\venv\Lib\site-packages\django\template\base.py", line 196, in compile_nodelist
    nodelist = parser.parse()
  File "D:\Design & Source Code\Source Coding\Tanbakhsystem\venv\Lib\site-packages\django\template\base.py", line 518, in parse
    raise self.error(token, e)
  File "D:\Design & Source Code\Source Coding\Tanbakhsystem\venv\Lib\site-packages\django\template\base.py", line 516, in parse
    compiled_result = compile_func(self, token)
  File "D:\Design & Source Code\Source Coding\Tanbakhsystem\venv\Lib\site-packages\django\template\loader_tags.py", line 295, in do_extends
    nodelist = parser.parse()
  File "D:\Design & Source Code\Source Coding\Tanbakhsystem\venv\Lib\site-packages\django\template\base.py", line 518, in parse
    raise self.error(token, e)
  File "D:\Design & Source Code\Source Coding\Tanbakhsystem\venv\Lib\site-packages\django\template\base.py", line 516, in parse
    compiled_result = compile_func(self, token)
  File "D:\Design & Source Code\Source Coding\Tanbakhsystem\venv\Lib\site-packages\django\template\loader_tags.py", line 234, in do_block
    nodelist = parser.parse(("endblock",))
  File "D:\Design & Source Code\Source Coding\Tanbakhsystem\venv\Lib\site-packages\django\template\base.py", line 518, in parse
    raise self.error(token, e)
  File "D:\Design & Source Code\Source Coding\Tanbakhsystem\venv\Lib\site-packages\django\template\base.py", line 516, in parse
    compiled_result = compile_func(self, token)
  File "D:\Design & Source Code\Source Coding\Tanbakhsystem\venv\Lib\site-packages\django\template\defaulttags.py", line 1540, in do_with
    nodelist = parser.parse(("endwith",))
  File "D:\Design & Source Code\Source Coding\Tanbakhsystem\venv\Lib\site-packages\django\template\base.py", line 518, in parse
    raise self.error(token, e)
  File "D:\Design & Source Code\Source Coding\Tanbakhsystem\venv\Lib\site-packages\django\template\base.py", line 516, in parse
    compiled_result = compile_func(self, token)
  File "D:\Design & Source Code\Source Coding\Tanbakhsystem\venv\Lib\site-packages\django\template\defaulttags.py", line 1531, in do_with
    extra_context = token_kwargs(remaining_bits, parser, support_legacy=True)
  File "D:\Design & Source Code\Source Coding\Tanbakhsystem\venv\Lib\site-packages\django\template\base.py", line 1119, in token_kwargs
    kwargs[key] = parser.compile_filter(value)
                  ~~~~~~~~~~~~~~~~~~~~~^^^^^^^
  File "D:\Design & Source Code\Source Coding\Tanbakhsystem\venv\Lib\site-packages\django\template\base.py", line 605, in compile_filter
    return FilterExpression(token, self)
  File "D:\Design & Source Code\Source Coding\Tanbakhsystem\venv\Lib\site-packages\django\template\base.py", line 701, in __init__
    filter_func = parser.find_filter(filter_name)
  File "D:\Design & Source Code\Source Coding\Tanbakhsystem\venv\Lib\site-packages\django\template\base.py", line 611, in find_filter
    raise TemplateSyntaxError("Invalid filter: '%s'" % filter_name)
django.template.exceptions.TemplateSyntaxError: Invalid filter: 'percentage_of'
ERROR 2025-06-10 00:29:51 basehttp log_message "GET /budgets/budget-return/76/ HTTP/1.1" 500 308583
ERROR 2025-06-10 00:34:52 log log_response Internal Server Error: /budgets/budget-return/76/
Traceback (most recent call last):
  File "D:\Design & Source Code\Source Coding\Tanbakhsystem\venv\Lib\site-packages\django\core\handlers\exception.py", line 55, in inner
    response = get_response(request)
  File "D:\Design & Source Code\Source Coding\Tanbakhsystem\venv\Lib\site-packages\django\core\handlers\base.py", line 197, in _get_response
    response = wrapped_callback(request, *callback_args, **callback_kwargs)
  File "D:\Design & Source Code\Source Coding\Tanbakhsystem\venv\Lib\site-packages\django\views\generic\base.py", line 104, in view
    return self.dispatch(request, *args, **kwargs)
           ~~~~~~~~~~~~~^^^^^^^^^^^^^^^^^^^^^^^^^^
  File "D:\Design & Source Code\Source Coding\Tanbakhsystem\budgets\BudgetReturn\view_BudgetReturn.py", line 357, in dispatch
    return super().dispatch(request, *args, **kwargs)
           ~~~~~~~~~~~~~~~~^^^^^^^^^^^^^^^^^^^^^^^^^^
  File "D:\Design & Source Code\Source Coding\Tanbakhsystem\core\PermissionBase.py", line 109, in dispatch
    return super().dispatch(request, *args, **kwargs)
           ~~~~~~~~~~~~~~~~^^^^^^^^^^^^^^^^^^^^^^^^^^
  File "D:\Design & Source Code\Source Coding\Tanbakhsystem\venv\Lib\site-packages\django\contrib\auth\mixins.py", line 73, in dispatch
    return super().dispatch(request, *args, **kwargs)
           ~~~~~~~~~~~~~~~~^^^^^^^^^^^^^^^^^^^^^^^^^^
  File "D:\Design & Source Code\Source Coding\Tanbakhsystem\venv\Lib\site-packages\django\views\generic\base.py", line 143, in dispatch
    return handler(request, *args, **kwargs)
  File "D:\Design & Source Code\Source Coding\Tanbakhsystem\venv\Lib\site-packages\django\views\generic\edit.py", line 178, in get
    return super().get(request, *args, **kwargs)
           ~~~~~~~~~~~^^^^^^^^^^^^^^^^^^^^^^^^^^
  File "D:\Design & Source Code\Source Coding\Tanbakhsystem\venv\Lib\site-packages\django\views\generic\edit.py", line 142, in get
    return self.render_to_response(self.get_context_data())
                                   ~~~~~~~~~~~~~~~~~~~~~^^
  File "D:\Design & Source Code\Source Coding\Tanbakhsystem\budgets\BudgetReturn\view_BudgetReturn.py", line 393, in get_context_data
    consumed_amount = allocation.calculate_total_consumed()
                      ^^^^^^^^^^^^^^^^^^^^^^^^^^^^^^^^^^^
AttributeError: 'BudgetAllocation' object has no attribute 'calculate_total_consumed'
ERROR 2025-06-10 00:34:52 basehttp log_message "GET /budgets/budget-return/76/ HTTP/1.1" 500 118175
ERROR 2025-06-10 00:35:46 log log_response Internal Server Error: /budgets/budget-return/76/
Traceback (most recent call last):
  File "D:\Design & Source Code\Source Coding\Tanbakhsystem\venv\Lib\site-packages\django\core\handlers\exception.py", line 55, in inner
    response = get_response(request)
  File "D:\Design & Source Code\Source Coding\Tanbakhsystem\venv\Lib\site-packages\django\core\handlers\base.py", line 220, in _get_response
    response = response.render()
  File "D:\Design & Source Code\Source Coding\Tanbakhsystem\venv\Lib\site-packages\django\template\response.py", line 114, in render
    self.content = self.rendered_content
                   ^^^^^^^^^^^^^^^^^^^^^
  File "D:\Design & Source Code\Source Coding\Tanbakhsystem\venv\Lib\site-packages\django\template\response.py", line 90, in rendered_content
    template = self.resolve_template(self.template_name)
  File "D:\Design & Source Code\Source Coding\Tanbakhsystem\venv\Lib\site-packages\django\template\response.py", line 72, in resolve_template
    return select_template(template, using=self.using)
  File "D:\Design & Source Code\Source Coding\Tanbakhsystem\venv\Lib\site-packages\django\template\loader.py", line 42, in select_template
    return engine.get_template(template_name)
           ~~~~~~~~~~~~~~~~~~~^^^^^^^^^^^^^^^
  File "D:\Design & Source Code\Source Coding\Tanbakhsystem\venv\Lib\site-packages\django\template\backends\django.py", line 79, in get_template
    return Template(self.engine.get_template(template_name), self)
                    ~~~~~~~~~~~~~~~~~~~~~~~~^^^^^^^^^^^^^^^
  File "D:\Design & Source Code\Source Coding\Tanbakhsystem\venv\Lib\site-packages\django\template\engine.py", line 177, in get_template
    template, origin = self.find_template(template_name)
                       ~~~~~~~~~~~~~~~~~~^^^^^^^^^^^^^^^
  File "D:\Design & Source Code\Source Coding\Tanbakhsystem\venv\Lib\site-packages\django\template\engine.py", line 159, in find_template
    template = loader.get_template(name, skip=skip)
  File "D:\Design & Source Code\Source Coding\Tanbakhsystem\venv\Lib\site-packages\django\template\loaders\cached.py", line 57, in get_template
    template = super().get_template(template_name, skip)
  File "D:\Design & Source Code\Source Coding\Tanbakhsystem\venv\Lib\site-packages\django\template\loaders\base.py", line 28, in get_template
    return Template(
        contents,
    ...<2 lines>...
        self.engine,
    )
  File "D:\Design & Source Code\Source Coding\Tanbakhsystem\venv\Lib\site-packages\django\template\base.py", line 154, in __init__
    self.nodelist = self.compile_nodelist()
                    ~~~~~~~~~~~~~~~~~~~~~^^
  File "D:\Design & Source Code\Source Coding\Tanbakhsystem\venv\Lib\site-packages\django\template\base.py", line 196, in compile_nodelist
    nodelist = parser.parse()
  File "D:\Design & Source Code\Source Coding\Tanbakhsystem\venv\Lib\site-packages\django\template\base.py", line 518, in parse
    raise self.error(token, e)
  File "D:\Design & Source Code\Source Coding\Tanbakhsystem\venv\Lib\site-packages\django\template\base.py", line 516, in parse
    compiled_result = compile_func(self, token)
  File "D:\Design & Source Code\Source Coding\Tanbakhsystem\venv\Lib\site-packages\django\template\loader_tags.py", line 295, in do_extends
    nodelist = parser.parse()
  File "D:\Design & Source Code\Source Coding\Tanbakhsystem\venv\Lib\site-packages\django\template\base.py", line 518, in parse
    raise self.error(token, e)
  File "D:\Design & Source Code\Source Coding\Tanbakhsystem\venv\Lib\site-packages\django\template\base.py", line 516, in parse
    compiled_result = compile_func(self, token)
  File "D:\Design & Source Code\Source Coding\Tanbakhsystem\venv\Lib\site-packages\django\template\loader_tags.py", line 228, in do_block
    raise TemplateSyntaxError(
        "'%s' tag with name '%s' appears more than once" % (bits[0], block_name)
    )
django.template.exceptions.TemplateSyntaxError: 'block' tag with name 'extra_js' appears more than once
ERROR 2025-06-10 00:35:46 basehttp log_message "GET /budgets/budget-return/76/ HTTP/1.1" 500 201625
ERROR 2025-06-10 00:36:13 log log_response Internal Server Error: /budgets/budget-return/76/
Traceback (most recent call last):
  File "D:\Design & Source Code\Source Coding\Tanbakhsystem\venv\Lib\site-packages\django\core\handlers\exception.py", line 55, in inner
    response = get_response(request)
  File "D:\Design & Source Code\Source Coding\Tanbakhsystem\venv\Lib\site-packages\django\core\handlers\base.py", line 220, in _get_response
    response = response.render()
  File "D:\Design & Source Code\Source Coding\Tanbakhsystem\venv\Lib\site-packages\django\template\response.py", line 114, in render
    self.content = self.rendered_content
                   ^^^^^^^^^^^^^^^^^^^^^
  File "D:\Design & Source Code\Source Coding\Tanbakhsystem\venv\Lib\site-packages\django\template\response.py", line 90, in rendered_content
    template = self.resolve_template(self.template_name)
  File "D:\Design & Source Code\Source Coding\Tanbakhsystem\venv\Lib\site-packages\django\template\response.py", line 72, in resolve_template
    return select_template(template, using=self.using)
  File "D:\Design & Source Code\Source Coding\Tanbakhsystem\venv\Lib\site-packages\django\template\loader.py", line 42, in select_template
    return engine.get_template(template_name)
           ~~~~~~~~~~~~~~~~~~~^^^^^^^^^^^^^^^
  File "D:\Design & Source Code\Source Coding\Tanbakhsystem\venv\Lib\site-packages\django\template\backends\django.py", line 79, in get_template
    return Template(self.engine.get_template(template_name), self)
                    ~~~~~~~~~~~~~~~~~~~~~~~~^^^^^^^^^^^^^^^
  File "D:\Design & Source Code\Source Coding\Tanbakhsystem\venv\Lib\site-packages\django\template\engine.py", line 177, in get_template
    template, origin = self.find_template(template_name)
                       ~~~~~~~~~~~~~~~~~~^^^^^^^^^^^^^^^
  File "D:\Design & Source Code\Source Coding\Tanbakhsystem\venv\Lib\site-packages\django\template\engine.py", line 159, in find_template
    template = loader.get_template(name, skip=skip)
  File "D:\Design & Source Code\Source Coding\Tanbakhsystem\venv\Lib\site-packages\django\template\loaders\cached.py", line 57, in get_template
    template = super().get_template(template_name, skip)
  File "D:\Design & Source Code\Source Coding\Tanbakhsystem\venv\Lib\site-packages\django\template\loaders\base.py", line 28, in get_template
    return Template(
        contents,
    ...<2 lines>...
        self.engine,
    )
  File "D:\Design & Source Code\Source Coding\Tanbakhsystem\venv\Lib\site-packages\django\template\base.py", line 154, in __init__
    self.nodelist = self.compile_nodelist()
                    ~~~~~~~~~~~~~~~~~~~~~^^
  File "D:\Design & Source Code\Source Coding\Tanbakhsystem\venv\Lib\site-packages\django\template\base.py", line 196, in compile_nodelist
    nodelist = parser.parse()
  File "D:\Design & Source Code\Source Coding\Tanbakhsystem\venv\Lib\site-packages\django\template\base.py", line 518, in parse
    raise self.error(token, e)
  File "D:\Design & Source Code\Source Coding\Tanbakhsystem\venv\Lib\site-packages\django\template\base.py", line 516, in parse
    compiled_result = compile_func(self, token)
  File "D:\Design & Source Code\Source Coding\Tanbakhsystem\venv\Lib\site-packages\django\template\loader_tags.py", line 295, in do_extends
    nodelist = parser.parse()
  File "D:\Design & Source Code\Source Coding\Tanbakhsystem\venv\Lib\site-packages\django\template\base.py", line 518, in parse
    raise self.error(token, e)
  File "D:\Design & Source Code\Source Coding\Tanbakhsystem\venv\Lib\site-packages\django\template\base.py", line 516, in parse
    compiled_result = compile_func(self, token)
  File "D:\Design & Source Code\Source Coding\Tanbakhsystem\venv\Lib\site-packages\django\template\loader_tags.py", line 228, in do_block
    raise TemplateSyntaxError(
        "'%s' tag with name '%s' appears more than once" % (bits[0], block_name)
    )
django.template.exceptions.TemplateSyntaxError: 'block' tag with name 'extra_js' appears more than once
ERROR 2025-06-10 00:36:13 basehttp log_message "GET /budgets/budget-return/76/ HTTP/1.1" 500 201629
ERROR 2025-06-10 00:36:14 log log_response Internal Server Error: /budgets/budget-return/76/
Traceback (most recent call last):
  File "D:\Design & Source Code\Source Coding\Tanbakhsystem\venv\Lib\site-packages\django\core\handlers\exception.py", line 55, in inner
    response = get_response(request)
  File "D:\Design & Source Code\Source Coding\Tanbakhsystem\venv\Lib\site-packages\django\core\handlers\base.py", line 220, in _get_response
    response = response.render()
  File "D:\Design & Source Code\Source Coding\Tanbakhsystem\venv\Lib\site-packages\django\template\response.py", line 114, in render
    self.content = self.rendered_content
                   ^^^^^^^^^^^^^^^^^^^^^
  File "D:\Design & Source Code\Source Coding\Tanbakhsystem\venv\Lib\site-packages\django\template\response.py", line 90, in rendered_content
    template = self.resolve_template(self.template_name)
  File "D:\Design & Source Code\Source Coding\Tanbakhsystem\venv\Lib\site-packages\django\template\response.py", line 72, in resolve_template
    return select_template(template, using=self.using)
  File "D:\Design & Source Code\Source Coding\Tanbakhsystem\venv\Lib\site-packages\django\template\loader.py", line 42, in select_template
    return engine.get_template(template_name)
           ~~~~~~~~~~~~~~~~~~~^^^^^^^^^^^^^^^
  File "D:\Design & Source Code\Source Coding\Tanbakhsystem\venv\Lib\site-packages\django\template\backends\django.py", line 79, in get_template
    return Template(self.engine.get_template(template_name), self)
                    ~~~~~~~~~~~~~~~~~~~~~~~~^^^^^^^^^^^^^^^
  File "D:\Design & Source Code\Source Coding\Tanbakhsystem\venv\Lib\site-packages\django\template\engine.py", line 177, in get_template
    template, origin = self.find_template(template_name)
                       ~~~~~~~~~~~~~~~~~~^^^^^^^^^^^^^^^
  File "D:\Design & Source Code\Source Coding\Tanbakhsystem\venv\Lib\site-packages\django\template\engine.py", line 159, in find_template
    template = loader.get_template(name, skip=skip)
  File "D:\Design & Source Code\Source Coding\Tanbakhsystem\venv\Lib\site-packages\django\template\loaders\cached.py", line 57, in get_template
    template = super().get_template(template_name, skip)
  File "D:\Design & Source Code\Source Coding\Tanbakhsystem\venv\Lib\site-packages\django\template\loaders\base.py", line 28, in get_template
    return Template(
        contents,
    ...<2 lines>...
        self.engine,
    )
  File "D:\Design & Source Code\Source Coding\Tanbakhsystem\venv\Lib\site-packages\django\template\base.py", line 154, in __init__
    self.nodelist = self.compile_nodelist()
                    ~~~~~~~~~~~~~~~~~~~~~^^
  File "D:\Design & Source Code\Source Coding\Tanbakhsystem\venv\Lib\site-packages\django\template\base.py", line 196, in compile_nodelist
    nodelist = parser.parse()
  File "D:\Design & Source Code\Source Coding\Tanbakhsystem\venv\Lib\site-packages\django\template\base.py", line 518, in parse
    raise self.error(token, e)
  File "D:\Design & Source Code\Source Coding\Tanbakhsystem\venv\Lib\site-packages\django\template\base.py", line 516, in parse
    compiled_result = compile_func(self, token)
  File "D:\Design & Source Code\Source Coding\Tanbakhsystem\venv\Lib\site-packages\django\template\loader_tags.py", line 295, in do_extends
    nodelist = parser.parse()
  File "D:\Design & Source Code\Source Coding\Tanbakhsystem\venv\Lib\site-packages\django\template\base.py", line 518, in parse
    raise self.error(token, e)
  File "D:\Design & Source Code\Source Coding\Tanbakhsystem\venv\Lib\site-packages\django\template\base.py", line 516, in parse
    compiled_result = compile_func(self, token)
  File "D:\Design & Source Code\Source Coding\Tanbakhsystem\venv\Lib\site-packages\django\template\loader_tags.py", line 228, in do_block
    raise TemplateSyntaxError(
        "'%s' tag with name '%s' appears more than once" % (bits[0], block_name)
    )
django.template.exceptions.TemplateSyntaxError: 'block' tag with name 'extra_js' appears more than once
ERROR 2025-06-10 00:36:14 basehttp log_message "GET /budgets/budget-return/76/ HTTP/1.1" 500 201629
ERROR 2025-06-10 00:36:15 log log_response Internal Server Error: /budgets/budget-return/76/
Traceback (most recent call last):
  File "D:\Design & Source Code\Source Coding\Tanbakhsystem\venv\Lib\site-packages\django\core\handlers\exception.py", line 55, in inner
    response = get_response(request)
  File "D:\Design & Source Code\Source Coding\Tanbakhsystem\venv\Lib\site-packages\django\core\handlers\base.py", line 220, in _get_response
    response = response.render()
  File "D:\Design & Source Code\Source Coding\Tanbakhsystem\venv\Lib\site-packages\django\template\response.py", line 114, in render
    self.content = self.rendered_content
                   ^^^^^^^^^^^^^^^^^^^^^
  File "D:\Design & Source Code\Source Coding\Tanbakhsystem\venv\Lib\site-packages\django\template\response.py", line 90, in rendered_content
    template = self.resolve_template(self.template_name)
  File "D:\Design & Source Code\Source Coding\Tanbakhsystem\venv\Lib\site-packages\django\template\response.py", line 72, in resolve_template
    return select_template(template, using=self.using)
  File "D:\Design & Source Code\Source Coding\Tanbakhsystem\venv\Lib\site-packages\django\template\loader.py", line 42, in select_template
    return engine.get_template(template_name)
           ~~~~~~~~~~~~~~~~~~~^^^^^^^^^^^^^^^
  File "D:\Design & Source Code\Source Coding\Tanbakhsystem\venv\Lib\site-packages\django\template\backends\django.py", line 79, in get_template
    return Template(self.engine.get_template(template_name), self)
                    ~~~~~~~~~~~~~~~~~~~~~~~~^^^^^^^^^^^^^^^
  File "D:\Design & Source Code\Source Coding\Tanbakhsystem\venv\Lib\site-packages\django\template\engine.py", line 177, in get_template
    template, origin = self.find_template(template_name)
                       ~~~~~~~~~~~~~~~~~~^^^^^^^^^^^^^^^
  File "D:\Design & Source Code\Source Coding\Tanbakhsystem\venv\Lib\site-packages\django\template\engine.py", line 159, in find_template
    template = loader.get_template(name, skip=skip)
  File "D:\Design & Source Code\Source Coding\Tanbakhsystem\venv\Lib\site-packages\django\template\loaders\cached.py", line 57, in get_template
    template = super().get_template(template_name, skip)
  File "D:\Design & Source Code\Source Coding\Tanbakhsystem\venv\Lib\site-packages\django\template\loaders\base.py", line 28, in get_template
    return Template(
        contents,
    ...<2 lines>...
        self.engine,
    )
  File "D:\Design & Source Code\Source Coding\Tanbakhsystem\venv\Lib\site-packages\django\template\base.py", line 154, in __init__
    self.nodelist = self.compile_nodelist()
                    ~~~~~~~~~~~~~~~~~~~~~^^
  File "D:\Design & Source Code\Source Coding\Tanbakhsystem\venv\Lib\site-packages\django\template\base.py", line 196, in compile_nodelist
    nodelist = parser.parse()
  File "D:\Design & Source Code\Source Coding\Tanbakhsystem\venv\Lib\site-packages\django\template\base.py", line 518, in parse
    raise self.error(token, e)
  File "D:\Design & Source Code\Source Coding\Tanbakhsystem\venv\Lib\site-packages\django\template\base.py", line 516, in parse
    compiled_result = compile_func(self, token)
  File "D:\Design & Source Code\Source Coding\Tanbakhsystem\venv\Lib\site-packages\django\template\loader_tags.py", line 295, in do_extends
    nodelist = parser.parse()
  File "D:\Design & Source Code\Source Coding\Tanbakhsystem\venv\Lib\site-packages\django\template\base.py", line 518, in parse
    raise self.error(token, e)
  File "D:\Design & Source Code\Source Coding\Tanbakhsystem\venv\Lib\site-packages\django\template\base.py", line 516, in parse
    compiled_result = compile_func(self, token)
  File "D:\Design & Source Code\Source Coding\Tanbakhsystem\venv\Lib\site-packages\django\template\loader_tags.py", line 228, in do_block
    raise TemplateSyntaxError(
        "'%s' tag with name '%s' appears more than once" % (bits[0], block_name)
    )
django.template.exceptions.TemplateSyntaxError: 'block' tag with name 'extra_js' appears more than once
ERROR 2025-06-10 00:36:15 basehttp log_message "GET /budgets/budget-return/76/ HTTP/1.1" 500 201629
ERROR 2025-06-10 00:37:41 log log_response Internal Server Error: /budgets/budget-return/76/
Traceback (most recent call last):
  File "D:\Design & Source Code\Source Coding\Tanbakhsystem\venv\Lib\site-packages\django\template\defaulttags.py", line 1035, in find_library
    return parser.libraries[name]
           ~~~~~~~~~~~~~~~~^^^^^^
KeyError: 'widget_tweaks'

During handling of the above exception, another exception occurred:

Traceback (most recent call last):
  File "D:\Design & Source Code\Source Coding\Tanbakhsystem\venv\Lib\site-packages\django\core\handlers\exception.py", line 55, in inner
    response = get_response(request)
  File "D:\Design & Source Code\Source Coding\Tanbakhsystem\venv\Lib\site-packages\django\core\handlers\base.py", line 220, in _get_response
    response = response.render()
  File "D:\Design & Source Code\Source Coding\Tanbakhsystem\venv\Lib\site-packages\django\template\response.py", line 114, in render
    self.content = self.rendered_content
                   ^^^^^^^^^^^^^^^^^^^^^
  File "D:\Design & Source Code\Source Coding\Tanbakhsystem\venv\Lib\site-packages\django\template\response.py", line 90, in rendered_content
    template = self.resolve_template(self.template_name)
  File "D:\Design & Source Code\Source Coding\Tanbakhsystem\venv\Lib\site-packages\django\template\response.py", line 72, in resolve_template
    return select_template(template, using=self.using)
  File "D:\Design & Source Code\Source Coding\Tanbakhsystem\venv\Lib\site-packages\django\template\loader.py", line 42, in select_template
    return engine.get_template(template_name)
           ~~~~~~~~~~~~~~~~~~~^^^^^^^^^^^^^^^
  File "D:\Design & Source Code\Source Coding\Tanbakhsystem\venv\Lib\site-packages\django\template\backends\django.py", line 79, in get_template
    return Template(self.engine.get_template(template_name), self)
                    ~~~~~~~~~~~~~~~~~~~~~~~~^^^^^^^^^^^^^^^
  File "D:\Design & Source Code\Source Coding\Tanbakhsystem\venv\Lib\site-packages\django\template\engine.py", line 177, in get_template
    template, origin = self.find_template(template_name)
                       ~~~~~~~~~~~~~~~~~~^^^^^^^^^^^^^^^
  File "D:\Design & Source Code\Source Coding\Tanbakhsystem\venv\Lib\site-packages\django\template\engine.py", line 159, in find_template
    template = loader.get_template(name, skip=skip)
  File "D:\Design & Source Code\Source Coding\Tanbakhsystem\venv\Lib\site-packages\django\template\loaders\cached.py", line 57, in get_template
    template = super().get_template(template_name, skip)
  File "D:\Design & Source Code\Source Coding\Tanbakhsystem\venv\Lib\site-packages\django\template\loaders\base.py", line 28, in get_template
    return Template(
        contents,
    ...<2 lines>...
        self.engine,
    )
  File "D:\Design & Source Code\Source Coding\Tanbakhsystem\venv\Lib\site-packages\django\template\base.py", line 154, in __init__
    self.nodelist = self.compile_nodelist()
                    ~~~~~~~~~~~~~~~~~~~~~^^
  File "D:\Design & Source Code\Source Coding\Tanbakhsystem\venv\Lib\site-packages\django\template\base.py", line 196, in compile_nodelist
    nodelist = parser.parse()
  File "D:\Design & Source Code\Source Coding\Tanbakhsystem\venv\Lib\site-packages\django\template\base.py", line 518, in parse
    raise self.error(token, e)
  File "D:\Design & Source Code\Source Coding\Tanbakhsystem\venv\Lib\site-packages\django\template\base.py", line 516, in parse
    compiled_result = compile_func(self, token)
  File "D:\Design & Source Code\Source Coding\Tanbakhsystem\venv\Lib\site-packages\django\template\loader_tags.py", line 295, in do_extends
    nodelist = parser.parse()
  File "D:\Design & Source Code\Source Coding\Tanbakhsystem\venv\Lib\site-packages\django\template\base.py", line 518, in parse
    raise self.error(token, e)
  File "D:\Design & Source Code\Source Coding\Tanbakhsystem\venv\Lib\site-packages\django\template\base.py", line 516, in parse
    compiled_result = compile_func(self, token)
  File "D:\Design & Source Code\Source Coding\Tanbakhsystem\venv\Lib\site-packages\django\template\defaulttags.py", line 1097, in load
    lib = find_library(parser, name)
  File "D:\Design & Source Code\Source Coding\Tanbakhsystem\venv\Lib\site-packages\django\template\defaulttags.py", line 1037, in find_library
    raise TemplateSyntaxError(
    ...<5 lines>...
    )
django.template.exceptions.TemplateSyntaxError: 'widget_tweaks' is not a registered tag library. Must be one of:
access_filter
active_users_tags
admin_list
admin_modify
admin_urls
cache
custome_filter_permissions
factor_tags
file_tags
humanize
i18n
jalali_tags
jformat
l10n
log
notifications_tags
rcms_custom_filters
rest_framework
static
tanbakh_tags
tz
version_tags
ERROR 2025-06-10 00:37:41 basehttp log_message "GET /budgets/budget-return/76/ HTTP/1.1" 500 247622
ERROR 2025-06-10 00:38:18 log log_response Internal Server Error: /budgets/budget-return/76/
Traceback (most recent call last):
  File "D:\Design & Source Code\Source Coding\Tanbakhsystem\venv\Lib\site-packages\django\template\defaulttags.py", line 1035, in find_library
    return parser.libraries[name]
           ~~~~~~~~~~~~~~~~^^^^^^
KeyError: 'widget_tweaks'

During handling of the above exception, another exception occurred:

Traceback (most recent call last):
  File "D:\Design & Source Code\Source Coding\Tanbakhsystem\venv\Lib\site-packages\django\core\handlers\exception.py", line 55, in inner
    response = get_response(request)
  File "D:\Design & Source Code\Source Coding\Tanbakhsystem\venv\Lib\site-packages\django\core\handlers\base.py", line 220, in _get_response
    response = response.render()
  File "D:\Design & Source Code\Source Coding\Tanbakhsystem\venv\Lib\site-packages\django\template\response.py", line 114, in render
    self.content = self.rendered_content
                   ^^^^^^^^^^^^^^^^^^^^^
  File "D:\Design & Source Code\Source Coding\Tanbakhsystem\venv\Lib\site-packages\django\template\response.py", line 90, in rendered_content
    template = self.resolve_template(self.template_name)
  File "D:\Design & Source Code\Source Coding\Tanbakhsystem\venv\Lib\site-packages\django\template\response.py", line 72, in resolve_template
    return select_template(template, using=self.using)
  File "D:\Design & Source Code\Source Coding\Tanbakhsystem\venv\Lib\site-packages\django\template\loader.py", line 42, in select_template
    return engine.get_template(template_name)
           ~~~~~~~~~~~~~~~~~~~^^^^^^^^^^^^^^^
  File "D:\Design & Source Code\Source Coding\Tanbakhsystem\venv\Lib\site-packages\django\template\backends\django.py", line 79, in get_template
    return Template(self.engine.get_template(template_name), self)
                    ~~~~~~~~~~~~~~~~~~~~~~~~^^^^^^^^^^^^^^^
  File "D:\Design & Source Code\Source Coding\Tanbakhsystem\venv\Lib\site-packages\django\template\engine.py", line 177, in get_template
    template, origin = self.find_template(template_name)
                       ~~~~~~~~~~~~~~~~~~^^^^^^^^^^^^^^^
  File "D:\Design & Source Code\Source Coding\Tanbakhsystem\venv\Lib\site-packages\django\template\engine.py", line 159, in find_template
    template = loader.get_template(name, skip=skip)
  File "D:\Design & Source Code\Source Coding\Tanbakhsystem\venv\Lib\site-packages\django\template\loaders\cached.py", line 57, in get_template
    template = super().get_template(template_name, skip)
  File "D:\Design & Source Code\Source Coding\Tanbakhsystem\venv\Lib\site-packages\django\template\loaders\base.py", line 28, in get_template
    return Template(
        contents,
    ...<2 lines>...
        self.engine,
    )
  File "D:\Design & Source Code\Source Coding\Tanbakhsystem\venv\Lib\site-packages\django\template\base.py", line 154, in __init__
    self.nodelist = self.compile_nodelist()
                    ~~~~~~~~~~~~~~~~~~~~~^^
  File "D:\Design & Source Code\Source Coding\Tanbakhsystem\venv\Lib\site-packages\django\template\base.py", line 196, in compile_nodelist
    nodelist = parser.parse()
  File "D:\Design & Source Code\Source Coding\Tanbakhsystem\venv\Lib\site-packages\django\template\base.py", line 518, in parse
    raise self.error(token, e)
  File "D:\Design & Source Code\Source Coding\Tanbakhsystem\venv\Lib\site-packages\django\template\base.py", line 516, in parse
    compiled_result = compile_func(self, token)
  File "D:\Design & Source Code\Source Coding\Tanbakhsystem\venv\Lib\site-packages\django\template\loader_tags.py", line 295, in do_extends
    nodelist = parser.parse()
  File "D:\Design & Source Code\Source Coding\Tanbakhsystem\venv\Lib\site-packages\django\template\base.py", line 518, in parse
    raise self.error(token, e)
  File "D:\Design & Source Code\Source Coding\Tanbakhsystem\venv\Lib\site-packages\django\template\base.py", line 516, in parse
    compiled_result = compile_func(self, token)
  File "D:\Design & Source Code\Source Coding\Tanbakhsystem\venv\Lib\site-packages\django\template\defaulttags.py", line 1097, in load
    lib = find_library(parser, name)
  File "D:\Design & Source Code\Source Coding\Tanbakhsystem\venv\Lib\site-packages\django\template\defaulttags.py", line 1037, in find_library
    raise TemplateSyntaxError(
    ...<5 lines>...
    )
django.template.exceptions.TemplateSyntaxError: 'widget_tweaks' is not a registered tag library. Must be one of:
access_filter
active_users_tags
admin_list
admin_modify
admin_urls
cache
custome_filter_permissions
factor_tags
file_tags
humanize
i18n
jalali_tags
jformat
l10n
log
notifications_tags
rcms_custom_filters
rest_framework
static
tanbakh_tags
tz
version_tags
ERROR 2025-06-10 00:38:18 basehttp log_message "GET /budgets/budget-return/76/ HTTP/1.1" 500 247622
ERROR 2025-06-10 00:39:59 log log_response Internal Server Error: /budgets/budget-return/76/
Traceback (most recent call last):
  File "D:\Design & Source Code\Source Coding\Tanbakhsystem\venv\Lib\site-packages\django\template\defaulttags.py", line 1035, in find_library
    return parser.libraries[name]
           ~~~~~~~~~~~~~~~~^^^^^^
KeyError: 'budget_filters'

During handling of the above exception, another exception occurred:

Traceback (most recent call last):
  File "D:\Design & Source Code\Source Coding\Tanbakhsystem\venv\Lib\site-packages\django\core\handlers\exception.py", line 55, in inner
    response = get_response(request)
  File "D:\Design & Source Code\Source Coding\Tanbakhsystem\venv\Lib\site-packages\django\core\handlers\base.py", line 220, in _get_response
    response = response.render()
  File "D:\Design & Source Code\Source Coding\Tanbakhsystem\venv\Lib\site-packages\django\template\response.py", line 114, in render
    self.content = self.rendered_content
                   ^^^^^^^^^^^^^^^^^^^^^
  File "D:\Design & Source Code\Source Coding\Tanbakhsystem\venv\Lib\site-packages\django\template\response.py", line 90, in rendered_content
    template = self.resolve_template(self.template_name)
  File "D:\Design & Source Code\Source Coding\Tanbakhsystem\venv\Lib\site-packages\django\template\response.py", line 72, in resolve_template
    return select_template(template, using=self.using)
  File "D:\Design & Source Code\Source Coding\Tanbakhsystem\venv\Lib\site-packages\django\template\loader.py", line 42, in select_template
    return engine.get_template(template_name)
           ~~~~~~~~~~~~~~~~~~~^^^^^^^^^^^^^^^
  File "D:\Design & Source Code\Source Coding\Tanbakhsystem\venv\Lib\site-packages\django\template\backends\django.py", line 79, in get_template
    return Template(self.engine.get_template(template_name), self)
                    ~~~~~~~~~~~~~~~~~~~~~~~~^^^^^^^^^^^^^^^
  File "D:\Design & Source Code\Source Coding\Tanbakhsystem\venv\Lib\site-packages\django\template\engine.py", line 177, in get_template
    template, origin = self.find_template(template_name)
                       ~~~~~~~~~~~~~~~~~~^^^^^^^^^^^^^^^
  File "D:\Design & Source Code\Source Coding\Tanbakhsystem\venv\Lib\site-packages\django\template\engine.py", line 159, in find_template
    template = loader.get_template(name, skip=skip)
  File "D:\Design & Source Code\Source Coding\Tanbakhsystem\venv\Lib\site-packages\django\template\loaders\cached.py", line 57, in get_template
    template = super().get_template(template_name, skip)
  File "D:\Design & Source Code\Source Coding\Tanbakhsystem\venv\Lib\site-packages\django\template\loaders\base.py", line 28, in get_template
    return Template(
        contents,
    ...<2 lines>...
        self.engine,
    )
  File "D:\Design & Source Code\Source Coding\Tanbakhsystem\venv\Lib\site-packages\django\template\base.py", line 154, in __init__
    self.nodelist = self.compile_nodelist()
                    ~~~~~~~~~~~~~~~~~~~~~^^
  File "D:\Design & Source Code\Source Coding\Tanbakhsystem\venv\Lib\site-packages\django\template\base.py", line 196, in compile_nodelist
    nodelist = parser.parse()
  File "D:\Design & Source Code\Source Coding\Tanbakhsystem\venv\Lib\site-packages\django\template\base.py", line 518, in parse
    raise self.error(token, e)
  File "D:\Design & Source Code\Source Coding\Tanbakhsystem\venv\Lib\site-packages\django\template\base.py", line 516, in parse
    compiled_result = compile_func(self, token)
  File "D:\Design & Source Code\Source Coding\Tanbakhsystem\venv\Lib\site-packages\django\template\loader_tags.py", line 295, in do_extends
    nodelist = parser.parse()
  File "D:\Design & Source Code\Source Coding\Tanbakhsystem\venv\Lib\site-packages\django\template\base.py", line 518, in parse
    raise self.error(token, e)
  File "D:\Design & Source Code\Source Coding\Tanbakhsystem\venv\Lib\site-packages\django\template\base.py", line 516, in parse
    compiled_result = compile_func(self, token)
  File "D:\Design & Source Code\Source Coding\Tanbakhsystem\venv\Lib\site-packages\django\template\defaulttags.py", line 1097, in load
    lib = find_library(parser, name)
  File "D:\Design & Source Code\Source Coding\Tanbakhsystem\venv\Lib\site-packages\django\template\defaulttags.py", line 1037, in find_library
    raise TemplateSyntaxError(
    ...<5 lines>...
    )
django.template.exceptions.TemplateSyntaxError: 'budget_filters' is not a registered tag library. Must be one of:
access_filter
active_users_tags
admin_list
admin_modify
admin_urls
cache
custome_filter_permissions
factor_tags
file_tags
humanize
i18n
jalali_tags
jformat
l10n
log
notifications_tags
rcms_custom_filters
rest_framework
static
tanbakh_tags
tz
version_tags
ERROR 2025-06-10 00:39:59 basehttp log_message "GET /budgets/budget-return/76/ HTTP/1.1" 500 249379
ERROR 2025-06-10 00:40:00 log log_response Internal Server Error: /budgets/budget-return/76/
Traceback (most recent call last):
  File "D:\Design & Source Code\Source Coding\Tanbakhsystem\venv\Lib\site-packages\django\template\defaulttags.py", line 1035, in find_library
    return parser.libraries[name]
           ~~~~~~~~~~~~~~~~^^^^^^
KeyError: 'budget_filters'

During handling of the above exception, another exception occurred:

Traceback (most recent call last):
  File "D:\Design & Source Code\Source Coding\Tanbakhsystem\venv\Lib\site-packages\django\core\handlers\exception.py", line 55, in inner
    response = get_response(request)
  File "D:\Design & Source Code\Source Coding\Tanbakhsystem\venv\Lib\site-packages\django\core\handlers\base.py", line 220, in _get_response
    response = response.render()
  File "D:\Design & Source Code\Source Coding\Tanbakhsystem\venv\Lib\site-packages\django\template\response.py", line 114, in render
    self.content = self.rendered_content
                   ^^^^^^^^^^^^^^^^^^^^^
  File "D:\Design & Source Code\Source Coding\Tanbakhsystem\venv\Lib\site-packages\django\template\response.py", line 90, in rendered_content
    template = self.resolve_template(self.template_name)
  File "D:\Design & Source Code\Source Coding\Tanbakhsystem\venv\Lib\site-packages\django\template\response.py", line 72, in resolve_template
    return select_template(template, using=self.using)
  File "D:\Design & Source Code\Source Coding\Tanbakhsystem\venv\Lib\site-packages\django\template\loader.py", line 42, in select_template
    return engine.get_template(template_name)
           ~~~~~~~~~~~~~~~~~~~^^^^^^^^^^^^^^^
  File "D:\Design & Source Code\Source Coding\Tanbakhsystem\venv\Lib\site-packages\django\template\backends\django.py", line 79, in get_template
    return Template(self.engine.get_template(template_name), self)
                    ~~~~~~~~~~~~~~~~~~~~~~~~^^^^^^^^^^^^^^^
  File "D:\Design & Source Code\Source Coding\Tanbakhsystem\venv\Lib\site-packages\django\template\engine.py", line 177, in get_template
    template, origin = self.find_template(template_name)
                       ~~~~~~~~~~~~~~~~~~^^^^^^^^^^^^^^^
  File "D:\Design & Source Code\Source Coding\Tanbakhsystem\venv\Lib\site-packages\django\template\engine.py", line 159, in find_template
    template = loader.get_template(name, skip=skip)
  File "D:\Design & Source Code\Source Coding\Tanbakhsystem\venv\Lib\site-packages\django\template\loaders\cached.py", line 57, in get_template
    template = super().get_template(template_name, skip)
  File "D:\Design & Source Code\Source Coding\Tanbakhsystem\venv\Lib\site-packages\django\template\loaders\base.py", line 28, in get_template
    return Template(
        contents,
    ...<2 lines>...
        self.engine,
    )
  File "D:\Design & Source Code\Source Coding\Tanbakhsystem\venv\Lib\site-packages\django\template\base.py", line 154, in __init__
    self.nodelist = self.compile_nodelist()
                    ~~~~~~~~~~~~~~~~~~~~~^^
  File "D:\Design & Source Code\Source Coding\Tanbakhsystem\venv\Lib\site-packages\django\template\base.py", line 196, in compile_nodelist
    nodelist = parser.parse()
  File "D:\Design & Source Code\Source Coding\Tanbakhsystem\venv\Lib\site-packages\django\template\base.py", line 518, in parse
    raise self.error(token, e)
  File "D:\Design & Source Code\Source Coding\Tanbakhsystem\venv\Lib\site-packages\django\template\base.py", line 516, in parse
    compiled_result = compile_func(self, token)
  File "D:\Design & Source Code\Source Coding\Tanbakhsystem\venv\Lib\site-packages\django\template\loader_tags.py", line 295, in do_extends
    nodelist = parser.parse()
  File "D:\Design & Source Code\Source Coding\Tanbakhsystem\venv\Lib\site-packages\django\template\base.py", line 518, in parse
    raise self.error(token, e)
  File "D:\Design & Source Code\Source Coding\Tanbakhsystem\venv\Lib\site-packages\django\template\base.py", line 516, in parse
    compiled_result = compile_func(self, token)
  File "D:\Design & Source Code\Source Coding\Tanbakhsystem\venv\Lib\site-packages\django\template\defaulttags.py", line 1097, in load
    lib = find_library(parser, name)
  File "D:\Design & Source Code\Source Coding\Tanbakhsystem\venv\Lib\site-packages\django\template\defaulttags.py", line 1037, in find_library
    raise TemplateSyntaxError(
    ...<5 lines>...
    )
django.template.exceptions.TemplateSyntaxError: 'budget_filters' is not a registered tag library. Must be one of:
access_filter
active_users_tags
admin_list
admin_modify
admin_urls
cache
custome_filter_permissions
factor_tags
file_tags
humanize
i18n
jalali_tags
jformat
l10n
log
notifications_tags
rcms_custom_filters
rest_framework
static
tanbakh_tags
tz
version_tags
ERROR 2025-06-10 00:40:00 basehttp log_message "GET /budgets/budget-return/76/ HTTP/1.1" 500 249379
ERROR 2025-06-10 00:43:16 log log_response Internal Server Error: /budgets/budget-return/76/
Traceback (most recent call last):
  File "D:\Design & Source Code\Source Coding\Tanbakhsystem\venv\Lib\site-packages\django\template\defaulttags.py", line 1035, in find_library
    return parser.libraries[name]
           ~~~~~~~~~~~~~~~~^^^^^^
KeyError: 'widget_tweaks'

During handling of the above exception, another exception occurred:

Traceback (most recent call last):
  File "D:\Design & Source Code\Source Coding\Tanbakhsystem\venv\Lib\site-packages\django\core\handlers\exception.py", line 55, in inner
    response = get_response(request)
  File "D:\Design & Source Code\Source Coding\Tanbakhsystem\venv\Lib\site-packages\django\core\handlers\base.py", line 220, in _get_response
    response = response.render()
  File "D:\Design & Source Code\Source Coding\Tanbakhsystem\venv\Lib\site-packages\django\template\response.py", line 114, in render
    self.content = self.rendered_content
                   ^^^^^^^^^^^^^^^^^^^^^
  File "D:\Design & Source Code\Source Coding\Tanbakhsystem\venv\Lib\site-packages\django\template\response.py", line 90, in rendered_content
    template = self.resolve_template(self.template_name)
  File "D:\Design & Source Code\Source Coding\Tanbakhsystem\venv\Lib\site-packages\django\template\response.py", line 72, in resolve_template
    return select_template(template, using=self.using)
  File "D:\Design & Source Code\Source Coding\Tanbakhsystem\venv\Lib\site-packages\django\template\loader.py", line 42, in select_template
    return engine.get_template(template_name)
           ~~~~~~~~~~~~~~~~~~~^^^^^^^^^^^^^^^
  File "D:\Design & Source Code\Source Coding\Tanbakhsystem\venv\Lib\site-packages\django\template\backends\django.py", line 79, in get_template
    return Template(self.engine.get_template(template_name), self)
                    ~~~~~~~~~~~~~~~~~~~~~~~~^^^^^^^^^^^^^^^
  File "D:\Design & Source Code\Source Coding\Tanbakhsystem\venv\Lib\site-packages\django\template\engine.py", line 177, in get_template
    template, origin = self.find_template(template_name)
                       ~~~~~~~~~~~~~~~~~~^^^^^^^^^^^^^^^
  File "D:\Design & Source Code\Source Coding\Tanbakhsystem\venv\Lib\site-packages\django\template\engine.py", line 159, in find_template
    template = loader.get_template(name, skip=skip)
  File "D:\Design & Source Code\Source Coding\Tanbakhsystem\venv\Lib\site-packages\django\template\loaders\cached.py", line 57, in get_template
    template = super().get_template(template_name, skip)
  File "D:\Design & Source Code\Source Coding\Tanbakhsystem\venv\Lib\site-packages\django\template\loaders\base.py", line 28, in get_template
    return Template(
        contents,
    ...<2 lines>...
        self.engine,
    )
  File "D:\Design & Source Code\Source Coding\Tanbakhsystem\venv\Lib\site-packages\django\template\base.py", line 154, in __init__
    self.nodelist = self.compile_nodelist()
                    ~~~~~~~~~~~~~~~~~~~~~^^
  File "D:\Design & Source Code\Source Coding\Tanbakhsystem\venv\Lib\site-packages\django\template\base.py", line 196, in compile_nodelist
    nodelist = parser.parse()
  File "D:\Design & Source Code\Source Coding\Tanbakhsystem\venv\Lib\site-packages\django\template\base.py", line 518, in parse
    raise self.error(token, e)
  File "D:\Design & Source Code\Source Coding\Tanbakhsystem\venv\Lib\site-packages\django\template\base.py", line 516, in parse
    compiled_result = compile_func(self, token)
  File "D:\Design & Source Code\Source Coding\Tanbakhsystem\venv\Lib\site-packages\django\template\loader_tags.py", line 295, in do_extends
    nodelist = parser.parse()
  File "D:\Design & Source Code\Source Coding\Tanbakhsystem\venv\Lib\site-packages\django\template\base.py", line 518, in parse
    raise self.error(token, e)
  File "D:\Design & Source Code\Source Coding\Tanbakhsystem\venv\Lib\site-packages\django\template\base.py", line 516, in parse
    compiled_result = compile_func(self, token)
  File "D:\Design & Source Code\Source Coding\Tanbakhsystem\venv\Lib\site-packages\django\template\defaulttags.py", line 1097, in load
    lib = find_library(parser, name)
  File "D:\Design & Source Code\Source Coding\Tanbakhsystem\venv\Lib\site-packages\django\template\defaulttags.py", line 1037, in find_library
    raise TemplateSyntaxError(
    ...<5 lines>...
    )
django.template.exceptions.TemplateSyntaxError: 'widget_tweaks' is not a registered tag library. Must be one of:
access_filter
active_users_tags
admin_list
admin_modify
admin_urls
cache
custome_filter_permissions
factor_tags
file_tags
humanize
i18n
jalali_tags
jformat
l10n
log
notifications_tags
rcms_custom_filters
rest_framework
static
tanbakh_tags
tz
version_tags
ERROR 2025-06-10 00:43:16 basehttp log_message "GET /budgets/budget-return/76/ HTTP/1.1" 500 250390
ERROR 2025-06-10 00:43:28 log log_response Internal Server Error: /budgets/budget-return/76/
Traceback (most recent call last):
  File "D:\Design & Source Code\Source Coding\Tanbakhsystem\venv\Lib\site-packages\django\template\base.py", line 510, in parse
    compile_func = self.tags[command]
                   ~~~~~~~~~^^^^^^^^^
KeyError: 'render_field'

During handling of the above exception, another exception occurred:

Traceback (most recent call last):
  File "D:\Design & Source Code\Source Coding\Tanbakhsystem\venv\Lib\site-packages\django\core\handlers\exception.py", line 55, in inner
    response = get_response(request)
  File "D:\Design & Source Code\Source Coding\Tanbakhsystem\venv\Lib\site-packages\django\core\handlers\base.py", line 220, in _get_response
    response = response.render()
  File "D:\Design & Source Code\Source Coding\Tanbakhsystem\venv\Lib\site-packages\django\template\response.py", line 114, in render
    self.content = self.rendered_content
                   ^^^^^^^^^^^^^^^^^^^^^
  File "D:\Design & Source Code\Source Coding\Tanbakhsystem\venv\Lib\site-packages\django\template\response.py", line 90, in rendered_content
    template = self.resolve_template(self.template_name)
  File "D:\Design & Source Code\Source Coding\Tanbakhsystem\venv\Lib\site-packages\django\template\response.py", line 72, in resolve_template
    return select_template(template, using=self.using)
  File "D:\Design & Source Code\Source Coding\Tanbakhsystem\venv\Lib\site-packages\django\template\loader.py", line 42, in select_template
    return engine.get_template(template_name)
           ~~~~~~~~~~~~~~~~~~~^^^^^^^^^^^^^^^
  File "D:\Design & Source Code\Source Coding\Tanbakhsystem\venv\Lib\site-packages\django\template\backends\django.py", line 79, in get_template
    return Template(self.engine.get_template(template_name), self)
                    ~~~~~~~~~~~~~~~~~~~~~~~~^^^^^^^^^^^^^^^
  File "D:\Design & Source Code\Source Coding\Tanbakhsystem\venv\Lib\site-packages\django\template\engine.py", line 177, in get_template
    template, origin = self.find_template(template_name)
                       ~~~~~~~~~~~~~~~~~~^^^^^^^^^^^^^^^
  File "D:\Design & Source Code\Source Coding\Tanbakhsystem\venv\Lib\site-packages\django\template\engine.py", line 159, in find_template
    template = loader.get_template(name, skip=skip)
  File "D:\Design & Source Code\Source Coding\Tanbakhsystem\venv\Lib\site-packages\django\template\loaders\cached.py", line 57, in get_template
    template = super().get_template(template_name, skip)
  File "D:\Design & Source Code\Source Coding\Tanbakhsystem\venv\Lib\site-packages\django\template\loaders\base.py", line 28, in get_template
    return Template(
        contents,
    ...<2 lines>...
        self.engine,
    )
  File "D:\Design & Source Code\Source Coding\Tanbakhsystem\venv\Lib\site-packages\django\template\base.py", line 154, in __init__
    self.nodelist = self.compile_nodelist()
                    ~~~~~~~~~~~~~~~~~~~~~^^
  File "D:\Design & Source Code\Source Coding\Tanbakhsystem\venv\Lib\site-packages\django\template\base.py", line 196, in compile_nodelist
    nodelist = parser.parse()
  File "D:\Design & Source Code\Source Coding\Tanbakhsystem\venv\Lib\site-packages\django\template\base.py", line 518, in parse
    raise self.error(token, e)
  File "D:\Design & Source Code\Source Coding\Tanbakhsystem\venv\Lib\site-packages\django\template\base.py", line 516, in parse
    compiled_result = compile_func(self, token)
  File "D:\Design & Source Code\Source Coding\Tanbakhsystem\venv\Lib\site-packages\django\template\loader_tags.py", line 295, in do_extends
    nodelist = parser.parse()
  File "D:\Design & Source Code\Source Coding\Tanbakhsystem\venv\Lib\site-packages\django\template\base.py", line 518, in parse
    raise self.error(token, e)
  File "D:\Design & Source Code\Source Coding\Tanbakhsystem\venv\Lib\site-packages\django\template\base.py", line 516, in parse
    compiled_result = compile_func(self, token)
  File "D:\Design & Source Code\Source Coding\Tanbakhsystem\venv\Lib\site-packages\django\template\loader_tags.py", line 234, in do_block
    nodelist = parser.parse(("endblock",))
  File "D:\Design & Source Code\Source Coding\Tanbakhsystem\venv\Lib\site-packages\django\template\base.py", line 518, in parse
    raise self.error(token, e)
  File "D:\Design & Source Code\Source Coding\Tanbakhsystem\venv\Lib\site-packages\django\template\base.py", line 516, in parse
    compiled_result = compile_func(self, token)
  File "D:\Design & Source Code\Source Coding\Tanbakhsystem\venv\Lib\site-packages\django\template\defaulttags.py", line 962, in do_if
    nodelist = parser.parse(("elif", "else", "endif"))
  File "D:\Design & Source Code\Source Coding\Tanbakhsystem\venv\Lib\site-packages\django\template\base.py", line 512, in parse
    self.invalid_block_tag(token, command, parse_until)
    ~~~~~~~~~~~~~~~~~~~~~~^^^^^^^^^^^^^^^^^^^^^^^^^^^^^
  File "D:\Design & Source Code\Source Coding\Tanbakhsystem\venv\Lib\site-packages\django\template\base.py", line 563, in invalid_block_tag
    raise self.error(
    ...<8 lines>...
    )
django.template.exceptions.TemplateSyntaxError: Invalid block tag on line 169: 'render_field', expected 'elif', 'else' or 'endif'. Did you forget to register or load this tag?
ERROR 2025-06-10 00:43:28 basehttp log_message "GET /budgets/budget-return/76/ HTTP/1.1" 500 308175
ERROR 2025-06-10 00:43:28 log log_response Internal Server Error: /budgets/budget-return/76/
Traceback (most recent call last):
  File "D:\Design & Source Code\Source Coding\Tanbakhsystem\venv\Lib\site-packages\django\template\base.py", line 510, in parse
    compile_func = self.tags[command]
                   ~~~~~~~~~^^^^^^^^^
KeyError: 'render_field'

During handling of the above exception, another exception occurred:

Traceback (most recent call last):
  File "D:\Design & Source Code\Source Coding\Tanbakhsystem\venv\Lib\site-packages\django\core\handlers\exception.py", line 55, in inner
    response = get_response(request)
  File "D:\Design & Source Code\Source Coding\Tanbakhsystem\venv\Lib\site-packages\django\core\handlers\base.py", line 220, in _get_response
    response = response.render()
  File "D:\Design & Source Code\Source Coding\Tanbakhsystem\venv\Lib\site-packages\django\template\response.py", line 114, in render
    self.content = self.rendered_content
                   ^^^^^^^^^^^^^^^^^^^^^
  File "D:\Design & Source Code\Source Coding\Tanbakhsystem\venv\Lib\site-packages\django\template\response.py", line 90, in rendered_content
    template = self.resolve_template(self.template_name)
  File "D:\Design & Source Code\Source Coding\Tanbakhsystem\venv\Lib\site-packages\django\template\response.py", line 72, in resolve_template
    return select_template(template, using=self.using)
  File "D:\Design & Source Code\Source Coding\Tanbakhsystem\venv\Lib\site-packages\django\template\loader.py", line 42, in select_template
    return engine.get_template(template_name)
           ~~~~~~~~~~~~~~~~~~~^^^^^^^^^^^^^^^
  File "D:\Design & Source Code\Source Coding\Tanbakhsystem\venv\Lib\site-packages\django\template\backends\django.py", line 79, in get_template
    return Template(self.engine.get_template(template_name), self)
                    ~~~~~~~~~~~~~~~~~~~~~~~~^^^^^^^^^^^^^^^
  File "D:\Design & Source Code\Source Coding\Tanbakhsystem\venv\Lib\site-packages\django\template\engine.py", line 177, in get_template
    template, origin = self.find_template(template_name)
                       ~~~~~~~~~~~~~~~~~~^^^^^^^^^^^^^^^
  File "D:\Design & Source Code\Source Coding\Tanbakhsystem\venv\Lib\site-packages\django\template\engine.py", line 159, in find_template
    template = loader.get_template(name, skip=skip)
  File "D:\Design & Source Code\Source Coding\Tanbakhsystem\venv\Lib\site-packages\django\template\loaders\cached.py", line 57, in get_template
    template = super().get_template(template_name, skip)
  File "D:\Design & Source Code\Source Coding\Tanbakhsystem\venv\Lib\site-packages\django\template\loaders\base.py", line 28, in get_template
    return Template(
        contents,
    ...<2 lines>...
        self.engine,
    )
  File "D:\Design & Source Code\Source Coding\Tanbakhsystem\venv\Lib\site-packages\django\template\base.py", line 154, in __init__
    self.nodelist = self.compile_nodelist()
                    ~~~~~~~~~~~~~~~~~~~~~^^
  File "D:\Design & Source Code\Source Coding\Tanbakhsystem\venv\Lib\site-packages\django\template\base.py", line 196, in compile_nodelist
    nodelist = parser.parse()
  File "D:\Design & Source Code\Source Coding\Tanbakhsystem\venv\Lib\site-packages\django\template\base.py", line 518, in parse
    raise self.error(token, e)
  File "D:\Design & Source Code\Source Coding\Tanbakhsystem\venv\Lib\site-packages\django\template\base.py", line 516, in parse
    compiled_result = compile_func(self, token)
  File "D:\Design & Source Code\Source Coding\Tanbakhsystem\venv\Lib\site-packages\django\template\loader_tags.py", line 295, in do_extends
    nodelist = parser.parse()
  File "D:\Design & Source Code\Source Coding\Tanbakhsystem\venv\Lib\site-packages\django\template\base.py", line 518, in parse
    raise self.error(token, e)
  File "D:\Design & Source Code\Source Coding\Tanbakhsystem\venv\Lib\site-packages\django\template\base.py", line 516, in parse
    compiled_result = compile_func(self, token)
  File "D:\Design & Source Code\Source Coding\Tanbakhsystem\venv\Lib\site-packages\django\template\loader_tags.py", line 234, in do_block
    nodelist = parser.parse(("endblock",))
  File "D:\Design & Source Code\Source Coding\Tanbakhsystem\venv\Lib\site-packages\django\template\base.py", line 518, in parse
    raise self.error(token, e)
  File "D:\Design & Source Code\Source Coding\Tanbakhsystem\venv\Lib\site-packages\django\template\base.py", line 516, in parse
    compiled_result = compile_func(self, token)
  File "D:\Design & Source Code\Source Coding\Tanbakhsystem\venv\Lib\site-packages\django\template\defaulttags.py", line 962, in do_if
    nodelist = parser.parse(("elif", "else", "endif"))
  File "D:\Design & Source Code\Source Coding\Tanbakhsystem\venv\Lib\site-packages\django\template\base.py", line 512, in parse
    self.invalid_block_tag(token, command, parse_until)
    ~~~~~~~~~~~~~~~~~~~~~~^^^^^^^^^^^^^^^^^^^^^^^^^^^^^
  File "D:\Design & Source Code\Source Coding\Tanbakhsystem\venv\Lib\site-packages\django\template\base.py", line 563, in invalid_block_tag
    raise self.error(
    ...<8 lines>...
    )
django.template.exceptions.TemplateSyntaxError: Invalid block tag on line 169: 'render_field', expected 'elif', 'else' or 'endif'. Did you forget to register or load this tag?
ERROR 2025-06-10 00:43:28 basehttp log_message "GET /budgets/budget-return/76/ HTTP/1.1" 500 308175
ERROR 2025-06-10 00:43:29 log log_response Internal Server Error: /budgets/budget-return/76/
Traceback (most recent call last):
  File "D:\Design & Source Code\Source Coding\Tanbakhsystem\venv\Lib\site-packages\django\template\base.py", line 510, in parse
    compile_func = self.tags[command]
                   ~~~~~~~~~^^^^^^^^^
KeyError: 'render_field'

During handling of the above exception, another exception occurred:

Traceback (most recent call last):
  File "D:\Design & Source Code\Source Coding\Tanbakhsystem\venv\Lib\site-packages\django\core\handlers\exception.py", line 55, in inner
    response = get_response(request)
  File "D:\Design & Source Code\Source Coding\Tanbakhsystem\venv\Lib\site-packages\django\core\handlers\base.py", line 220, in _get_response
    response = response.render()
  File "D:\Design & Source Code\Source Coding\Tanbakhsystem\venv\Lib\site-packages\django\template\response.py", line 114, in render
    self.content = self.rendered_content
                   ^^^^^^^^^^^^^^^^^^^^^
  File "D:\Design & Source Code\Source Coding\Tanbakhsystem\venv\Lib\site-packages\django\template\response.py", line 90, in rendered_content
    template = self.resolve_template(self.template_name)
  File "D:\Design & Source Code\Source Coding\Tanbakhsystem\venv\Lib\site-packages\django\template\response.py", line 72, in resolve_template
    return select_template(template, using=self.using)
  File "D:\Design & Source Code\Source Coding\Tanbakhsystem\venv\Lib\site-packages\django\template\loader.py", line 42, in select_template
    return engine.get_template(template_name)
           ~~~~~~~~~~~~~~~~~~~^^^^^^^^^^^^^^^
  File "D:\Design & Source Code\Source Coding\Tanbakhsystem\venv\Lib\site-packages\django\template\backends\django.py", line 79, in get_template
    return Template(self.engine.get_template(template_name), self)
                    ~~~~~~~~~~~~~~~~~~~~~~~~^^^^^^^^^^^^^^^
  File "D:\Design & Source Code\Source Coding\Tanbakhsystem\venv\Lib\site-packages\django\template\engine.py", line 177, in get_template
    template, origin = self.find_template(template_name)
                       ~~~~~~~~~~~~~~~~~~^^^^^^^^^^^^^^^
  File "D:\Design & Source Code\Source Coding\Tanbakhsystem\venv\Lib\site-packages\django\template\engine.py", line 159, in find_template
    template = loader.get_template(name, skip=skip)
  File "D:\Design & Source Code\Source Coding\Tanbakhsystem\venv\Lib\site-packages\django\template\loaders\cached.py", line 57, in get_template
    template = super().get_template(template_name, skip)
  File "D:\Design & Source Code\Source Coding\Tanbakhsystem\venv\Lib\site-packages\django\template\loaders\base.py", line 28, in get_template
    return Template(
        contents,
    ...<2 lines>...
        self.engine,
    )
  File "D:\Design & Source Code\Source Coding\Tanbakhsystem\venv\Lib\site-packages\django\template\base.py", line 154, in __init__
    self.nodelist = self.compile_nodelist()
                    ~~~~~~~~~~~~~~~~~~~~~^^
  File "D:\Design & Source Code\Source Coding\Tanbakhsystem\venv\Lib\site-packages\django\template\base.py", line 196, in compile_nodelist
    nodelist = parser.parse()
  File "D:\Design & Source Code\Source Coding\Tanbakhsystem\venv\Lib\site-packages\django\template\base.py", line 518, in parse
    raise self.error(token, e)
  File "D:\Design & Source Code\Source Coding\Tanbakhsystem\venv\Lib\site-packages\django\template\base.py", line 516, in parse
    compiled_result = compile_func(self, token)
  File "D:\Design & Source Code\Source Coding\Tanbakhsystem\venv\Lib\site-packages\django\template\loader_tags.py", line 295, in do_extends
    nodelist = parser.parse()
  File "D:\Design & Source Code\Source Coding\Tanbakhsystem\venv\Lib\site-packages\django\template\base.py", line 518, in parse
    raise self.error(token, e)
  File "D:\Design & Source Code\Source Coding\Tanbakhsystem\venv\Lib\site-packages\django\template\base.py", line 516, in parse
    compiled_result = compile_func(self, token)
  File "D:\Design & Source Code\Source Coding\Tanbakhsystem\venv\Lib\site-packages\django\template\loader_tags.py", line 234, in do_block
    nodelist = parser.parse(("endblock",))
  File "D:\Design & Source Code\Source Coding\Tanbakhsystem\venv\Lib\site-packages\django\template\base.py", line 518, in parse
    raise self.error(token, e)
  File "D:\Design & Source Code\Source Coding\Tanbakhsystem\venv\Lib\site-packages\django\template\base.py", line 516, in parse
    compiled_result = compile_func(self, token)
  File "D:\Design & Source Code\Source Coding\Tanbakhsystem\venv\Lib\site-packages\django\template\defaulttags.py", line 962, in do_if
    nodelist = parser.parse(("elif", "else", "endif"))
  File "D:\Design & Source Code\Source Coding\Tanbakhsystem\venv\Lib\site-packages\django\template\base.py", line 512, in parse
    self.invalid_block_tag(token, command, parse_until)
    ~~~~~~~~~~~~~~~~~~~~~~^^^^^^^^^^^^^^^^^^^^^^^^^^^^^
  File "D:\Design & Source Code\Source Coding\Tanbakhsystem\venv\Lib\site-packages\django\template\base.py", line 563, in invalid_block_tag
    raise self.error(
    ...<8 lines>...
    )
django.template.exceptions.TemplateSyntaxError: Invalid block tag on line 169: 'render_field', expected 'elif', 'else' or 'endif'. Did you forget to register or load this tag?
ERROR 2025-06-10 00:43:29 basehttp log_message "GET /budgets/budget-return/76/ HTTP/1.1" 500 308175
ERROR 2025-06-10 00:50:15 log log_response Internal Server Error: /reports/api/budget-items-for-org-period/21/1/
ERROR 2025-06-10 00:50:15 basehttp log_message "GET /reports/api/budget-items-for-org-period/21/1/ HTTP/1.1" 500 300
ERROR 2025-06-10 00:55:23 log log_response Internal Server Error: /budgets/budget-return/76/
Traceback (most recent call last):
  File "D:\Design & Source Code\Source Coding\Tanbakhsystem\venv\Lib\site-packages\django\core\handlers\exception.py", line 55, in inner
    response = get_response(request)
  File "D:\Design & Source Code\Source Coding\Tanbakhsystem\venv\Lib\site-packages\django\core\handlers\base.py", line 220, in _get_response
    response = response.render()
  File "D:\Design & Source Code\Source Coding\Tanbakhsystem\venv\Lib\site-packages\django\template\response.py", line 114, in render
    self.content = self.rendered_content
                   ^^^^^^^^^^^^^^^^^^^^^
  File "D:\Design & Source Code\Source Coding\Tanbakhsystem\venv\Lib\site-packages\django\template\response.py", line 92, in rendered_content
    return template.render(context, self._request)
           ~~~~~~~~~~~~~~~^^^^^^^^^^^^^^^^^^^^^^^^
  File "D:\Design & Source Code\Source Coding\Tanbakhsystem\venv\Lib\site-packages\django\template\backends\django.py", line 107, in render
    return self.template.render(context)
           ~~~~~~~~~~~~~~~~~~~~^^^^^^^^^
  File "D:\Design & Source Code\Source Coding\Tanbakhsystem\venv\Lib\site-packages\django\template\base.py", line 171, in render
    return self._render(context)
           ~~~~~~~~~~~~^^^^^^^^^
  File "D:\Design & Source Code\Source Coding\Tanbakhsystem\venv\Lib\site-packages\django\template\base.py", line 163, in _render
    return self.nodelist.render(context)
           ~~~~~~~~~~~~~~~~~~~~^^^^^^^^^
  File "D:\Design & Source Code\Source Coding\Tanbakhsystem\venv\Lib\site-packages\django\template\base.py", line 1008, in render
    return SafeString("".join([node.render_annotated(context) for node in self]))
                               ~~~~~~~~~~~~~~~~~~~~~^^^^^^^^^
  File "D:\Design & Source Code\Source Coding\Tanbakhsystem\venv\Lib\site-packages\django\template\base.py", line 969, in render_annotated
    return self.render(context)
           ~~~~~~~~~~~^^^^^^^^^
  File "D:\Design & Source Code\Source Coding\Tanbakhsystem\venv\Lib\site-packages\django\template\loader_tags.py", line 159, in render
    return compiled_parent._render(context)
           ~~~~~~~~~~~~~~~~~~~~~~~^^^^^^^^^
  File "D:\Design & Source Code\Source Coding\Tanbakhsystem\venv\Lib\site-packages\django\template\base.py", line 163, in _render
    return self.nodelist.render(context)
           ~~~~~~~~~~~~~~~~~~~~^^^^^^^^^
  File "D:\Design & Source Code\Source Coding\Tanbakhsystem\venv\Lib\site-packages\django\template\base.py", line 1008, in render
    return SafeString("".join([node.render_annotated(context) for node in self]))
                               ~~~~~~~~~~~~~~~~~~~~~^^^^^^^^^
  File "D:\Design & Source Code\Source Coding\Tanbakhsystem\venv\Lib\site-packages\django\template\base.py", line 969, in render_annotated
    return self.render(context)
           ~~~~~~~~~~~^^^^^^^^^
  File "D:\Design & Source Code\Source Coding\Tanbakhsystem\venv\Lib\site-packages\django\template\loader_tags.py", line 65, in render
    result = block.nodelist.render(context)
  File "D:\Design & Source Code\Source Coding\Tanbakhsystem\venv\Lib\site-packages\django\template\base.py", line 1008, in render
    return SafeString("".join([node.render_annotated(context) for node in self]))
                               ~~~~~~~~~~~~~~~~~~~~~^^^^^^^^^
  File "D:\Design & Source Code\Source Coding\Tanbakhsystem\venv\Lib\site-packages\django\template\base.py", line 969, in render_annotated
    return self.render(context)
           ~~~~~~~~~~~^^^^^^^^^
  File "D:\Design & Source Code\Source Coding\Tanbakhsystem\venv\Lib\site-packages\django\template\defaulttags.py", line 550, in render
    return self.nodelist.render(context)
           ~~~~~~~~~~~~~~~~~~~~^^^^^^^^^
  File "D:\Design & Source Code\Source Coding\Tanbakhsystem\venv\Lib\site-packages\django\template\base.py", line 1008, in render
    return SafeString("".join([node.render_annotated(context) for node in self]))
                               ~~~~~~~~~~~~~~~~~~~~~^^^^^^^^^
  File "D:\Design & Source Code\Source Coding\Tanbakhsystem\venv\Lib\site-packages\django\template\base.py", line 969, in render_annotated
    return self.render(context)
           ~~~~~~~~~~~^^^^^^^^^
  File "D:\Design & Source Code\Source Coding\Tanbakhsystem\venv\Lib\site-packages\django\template\defaulttags.py", line 548, in render
    values = {key: val.resolve(context) for key, val in self.extra_context.items()}
                   ~~~~~~~~~~~^^^^^^^^^
  File "D:\Design & Source Code\Source Coding\Tanbakhsystem\venv\Lib\site-packages\django\template\base.py", line 745, in resolve
    new_obj = func(obj, *arg_vals)
  File "D:\Design & Source Code\Source Coding\Tanbakhsystem\core\templatetags\rcms_custom_filters.py", line 270, in div
    value = Decimal(value)
decimal.InvalidOperation: [<class 'decimal.ConversionSyntax'>]
ERROR 2025-06-10 00:55:23 basehttp log_message "GET /budgets/budget-return/76/ HTTP/1.1" 500 209377
ERROR 2025-06-10 00:55:24 log log_response Internal Server Error: /budgets/budget-return/76/
Traceback (most recent call last):
  File "D:\Design & Source Code\Source Coding\Tanbakhsystem\venv\Lib\site-packages\django\core\handlers\exception.py", line 55, in inner
    response = get_response(request)
  File "D:\Design & Source Code\Source Coding\Tanbakhsystem\venv\Lib\site-packages\django\core\handlers\base.py", line 220, in _get_response
    response = response.render()
  File "D:\Design & Source Code\Source Coding\Tanbakhsystem\venv\Lib\site-packages\django\template\response.py", line 114, in render
    self.content = self.rendered_content
                   ^^^^^^^^^^^^^^^^^^^^^
  File "D:\Design & Source Code\Source Coding\Tanbakhsystem\venv\Lib\site-packages\django\template\response.py", line 92, in rendered_content
    return template.render(context, self._request)
           ~~~~~~~~~~~~~~~^^^^^^^^^^^^^^^^^^^^^^^^
  File "D:\Design & Source Code\Source Coding\Tanbakhsystem\venv\Lib\site-packages\django\template\backends\django.py", line 107, in render
    return self.template.render(context)
           ~~~~~~~~~~~~~~~~~~~~^^^^^^^^^
  File "D:\Design & Source Code\Source Coding\Tanbakhsystem\venv\Lib\site-packages\django\template\base.py", line 171, in render
    return self._render(context)
           ~~~~~~~~~~~~^^^^^^^^^
  File "D:\Design & Source Code\Source Coding\Tanbakhsystem\venv\Lib\site-packages\django\template\base.py", line 163, in _render
    return self.nodelist.render(context)
           ~~~~~~~~~~~~~~~~~~~~^^^^^^^^^
  File "D:\Design & Source Code\Source Coding\Tanbakhsystem\venv\Lib\site-packages\django\template\base.py", line 1008, in render
    return SafeString("".join([node.render_annotated(context) for node in self]))
                               ~~~~~~~~~~~~~~~~~~~~~^^^^^^^^^
  File "D:\Design & Source Code\Source Coding\Tanbakhsystem\venv\Lib\site-packages\django\template\base.py", line 969, in render_annotated
    return self.render(context)
           ~~~~~~~~~~~^^^^^^^^^
  File "D:\Design & Source Code\Source Coding\Tanbakhsystem\venv\Lib\site-packages\django\template\loader_tags.py", line 159, in render
    return compiled_parent._render(context)
           ~~~~~~~~~~~~~~~~~~~~~~~^^^^^^^^^
  File "D:\Design & Source Code\Source Coding\Tanbakhsystem\venv\Lib\site-packages\django\template\base.py", line 163, in _render
    return self.nodelist.render(context)
           ~~~~~~~~~~~~~~~~~~~~^^^^^^^^^
  File "D:\Design & Source Code\Source Coding\Tanbakhsystem\venv\Lib\site-packages\django\template\base.py", line 1008, in render
    return SafeString("".join([node.render_annotated(context) for node in self]))
                               ~~~~~~~~~~~~~~~~~~~~~^^^^^^^^^
  File "D:\Design & Source Code\Source Coding\Tanbakhsystem\venv\Lib\site-packages\django\template\base.py", line 969, in render_annotated
    return self.render(context)
           ~~~~~~~~~~~^^^^^^^^^
  File "D:\Design & Source Code\Source Coding\Tanbakhsystem\venv\Lib\site-packages\django\template\loader_tags.py", line 65, in render
    result = block.nodelist.render(context)
  File "D:\Design & Source Code\Source Coding\Tanbakhsystem\venv\Lib\site-packages\django\template\base.py", line 1008, in render
    return SafeString("".join([node.render_annotated(context) for node in self]))
                               ~~~~~~~~~~~~~~~~~~~~~^^^^^^^^^
  File "D:\Design & Source Code\Source Coding\Tanbakhsystem\venv\Lib\site-packages\django\template\base.py", line 969, in render_annotated
    return self.render(context)
           ~~~~~~~~~~~^^^^^^^^^
  File "D:\Design & Source Code\Source Coding\Tanbakhsystem\venv\Lib\site-packages\django\template\defaulttags.py", line 550, in render
    return self.nodelist.render(context)
           ~~~~~~~~~~~~~~~~~~~~^^^^^^^^^
  File "D:\Design & Source Code\Source Coding\Tanbakhsystem\venv\Lib\site-packages\django\template\base.py", line 1008, in render
    return SafeString("".join([node.render_annotated(context) for node in self]))
                               ~~~~~~~~~~~~~~~~~~~~~^^^^^^^^^
  File "D:\Design & Source Code\Source Coding\Tanbakhsystem\venv\Lib\site-packages\django\template\base.py", line 969, in render_annotated
    return self.render(context)
           ~~~~~~~~~~~^^^^^^^^^
  File "D:\Design & Source Code\Source Coding\Tanbakhsystem\venv\Lib\site-packages\django\template\defaulttags.py", line 548, in render
    values = {key: val.resolve(context) for key, val in self.extra_context.items()}
                   ~~~~~~~~~~~^^^^^^^^^
  File "D:\Design & Source Code\Source Coding\Tanbakhsystem\venv\Lib\site-packages\django\template\base.py", line 745, in resolve
    new_obj = func(obj, *arg_vals)
  File "D:\Design & Source Code\Source Coding\Tanbakhsystem\core\templatetags\rcms_custom_filters.py", line 270, in div
    value = Decimal(value)
decimal.InvalidOperation: [<class 'decimal.ConversionSyntax'>]
ERROR 2025-06-10 00:55:24 basehttp log_message "GET /budgets/budget-return/76/ HTTP/1.1" 500 209377
ERROR 2025-06-10 01:08:42 log log_response Internal Server Error: /budgets/budget-return/76/
Traceback (most recent call last):
  File "D:\Design & Source Code\Source Coding\Tanbakhsystem\venv\Lib\site-packages\django\core\handlers\exception.py", line 55, in inner
    response = get_response(request)
  File "D:\Design & Source Code\Source Coding\Tanbakhsystem\venv\Lib\site-packages\django\core\handlers\base.py", line 220, in _get_response
    response = response.render()
  File "D:\Design & Source Code\Source Coding\Tanbakhsystem\venv\Lib\site-packages\django\template\response.py", line 114, in render
    self.content = self.rendered_content
                   ^^^^^^^^^^^^^^^^^^^^^
  File "D:\Design & Source Code\Source Coding\Tanbakhsystem\venv\Lib\site-packages\django\template\response.py", line 92, in rendered_content
    return template.render(context, self._request)
           ~~~~~~~~~~~~~~~^^^^^^^^^^^^^^^^^^^^^^^^
  File "D:\Design & Source Code\Source Coding\Tanbakhsystem\venv\Lib\site-packages\django\template\backends\django.py", line 107, in render
    return self.template.render(context)
           ~~~~~~~~~~~~~~~~~~~~^^^^^^^^^
  File "D:\Design & Source Code\Source Coding\Tanbakhsystem\venv\Lib\site-packages\django\template\base.py", line 171, in render
    return self._render(context)
           ~~~~~~~~~~~~^^^^^^^^^
  File "D:\Design & Source Code\Source Coding\Tanbakhsystem\venv\Lib\site-packages\django\template\base.py", line 163, in _render
    return self.nodelist.render(context)
           ~~~~~~~~~~~~~~~~~~~~^^^^^^^^^
  File "D:\Design & Source Code\Source Coding\Tanbakhsystem\venv\Lib\site-packages\django\template\base.py", line 1008, in render
    return SafeString("".join([node.render_annotated(context) for node in self]))
                               ~~~~~~~~~~~~~~~~~~~~~^^^^^^^^^
  File "D:\Design & Source Code\Source Coding\Tanbakhsystem\venv\Lib\site-packages\django\template\base.py", line 969, in render_annotated
    return self.render(context)
           ~~~~~~~~~~~^^^^^^^^^
  File "D:\Design & Source Code\Source Coding\Tanbakhsystem\venv\Lib\site-packages\django\template\loader_tags.py", line 159, in render
    return compiled_parent._render(context)
           ~~~~~~~~~~~~~~~~~~~~~~~^^^^^^^^^
  File "D:\Design & Source Code\Source Coding\Tanbakhsystem\venv\Lib\site-packages\django\template\base.py", line 163, in _render
    return self.nodelist.render(context)
           ~~~~~~~~~~~~~~~~~~~~^^^^^^^^^
  File "D:\Design & Source Code\Source Coding\Tanbakhsystem\venv\Lib\site-packages\django\template\base.py", line 1008, in render
    return SafeString("".join([node.render_annotated(context) for node in self]))
                               ~~~~~~~~~~~~~~~~~~~~~^^^^^^^^^
  File "D:\Design & Source Code\Source Coding\Tanbakhsystem\venv\Lib\site-packages\django\template\base.py", line 969, in render_annotated
    return self.render(context)
           ~~~~~~~~~~~^^^^^^^^^
  File "D:\Design & Source Code\Source Coding\Tanbakhsystem\venv\Lib\site-packages\django\template\loader_tags.py", line 65, in render
    result = block.nodelist.render(context)
  File "D:\Design & Source Code\Source Coding\Tanbakhsystem\venv\Lib\site-packages\django\template\base.py", line 1008, in render
    return SafeString("".join([node.render_annotated(context) for node in self]))
                               ~~~~~~~~~~~~~~~~~~~~~^^^^^^^^^
  File "D:\Design & Source Code\Source Coding\Tanbakhsystem\venv\Lib\site-packages\django\template\base.py", line 969, in render_annotated
    return self.render(context)
           ~~~~~~~~~~~^^^^^^^^^
  File "D:\Design & Source Code\Source Coding\Tanbakhsystem\venv\Lib\site-packages\django\template\defaulttags.py", line 550, in render
    return self.nodelist.render(context)
           ~~~~~~~~~~~~~~~~~~~~^^^^^^^^^
  File "D:\Design & Source Code\Source Coding\Tanbakhsystem\venv\Lib\site-packages\django\template\base.py", line 1008, in render
    return SafeString("".join([node.render_annotated(context) for node in self]))
                               ~~~~~~~~~~~~~~~~~~~~~^^^^^^^^^
  File "D:\Design & Source Code\Source Coding\Tanbakhsystem\venv\Lib\site-packages\django\template\base.py", line 969, in render_annotated
    return self.render(context)
           ~~~~~~~~~~~^^^^^^^^^
  File "D:\Design & Source Code\Source Coding\Tanbakhsystem\venv\Lib\site-packages\django\template\defaulttags.py", line 548, in render
    values = {key: val.resolve(context) for key, val in self.extra_context.items()}
                   ~~~~~~~~~~~^^^^^^^^^
  File "D:\Design & Source Code\Source Coding\Tanbakhsystem\venv\Lib\site-packages\django\template\base.py", line 745, in resolve
    new_obj = func(obj, *arg_vals)
  File "D:\Design & Source Code\Source Coding\Tanbakhsystem\core\templatetags\rcms_custom_filters.py", line 270, in div
    value = Decimal(value)
decimal.InvalidOperation: [<class 'decimal.ConversionSyntax'>]
ERROR 2025-06-10 01:08:42 basehttp log_message "GET /budgets/budget-return/76/ HTTP/1.1" 500 209624
ERROR 2025-06-10 01:08:46 log log_response Internal Server Error: /budgets/budget-return/76/
Traceback (most recent call last):
  File "D:\Design & Source Code\Source Coding\Tanbakhsystem\venv\Lib\site-packages\django\core\handlers\exception.py", line 55, in inner
    response = get_response(request)
  File "D:\Design & Source Code\Source Coding\Tanbakhsystem\venv\Lib\site-packages\django\core\handlers\base.py", line 220, in _get_response
    response = response.render()
  File "D:\Design & Source Code\Source Coding\Tanbakhsystem\venv\Lib\site-packages\django\template\response.py", line 114, in render
    self.content = self.rendered_content
                   ^^^^^^^^^^^^^^^^^^^^^
  File "D:\Design & Source Code\Source Coding\Tanbakhsystem\venv\Lib\site-packages\django\template\response.py", line 92, in rendered_content
    return template.render(context, self._request)
           ~~~~~~~~~~~~~~~^^^^^^^^^^^^^^^^^^^^^^^^
  File "D:\Design & Source Code\Source Coding\Tanbakhsystem\venv\Lib\site-packages\django\template\backends\django.py", line 107, in render
    return self.template.render(context)
           ~~~~~~~~~~~~~~~~~~~~^^^^^^^^^
  File "D:\Design & Source Code\Source Coding\Tanbakhsystem\venv\Lib\site-packages\django\template\base.py", line 171, in render
    return self._render(context)
           ~~~~~~~~~~~~^^^^^^^^^
  File "D:\Design & Source Code\Source Coding\Tanbakhsystem\venv\Lib\site-packages\django\template\base.py", line 163, in _render
    return self.nodelist.render(context)
           ~~~~~~~~~~~~~~~~~~~~^^^^^^^^^
  File "D:\Design & Source Code\Source Coding\Tanbakhsystem\venv\Lib\site-packages\django\template\base.py", line 1008, in render
    return SafeString("".join([node.render_annotated(context) for node in self]))
                               ~~~~~~~~~~~~~~~~~~~~~^^^^^^^^^
  File "D:\Design & Source Code\Source Coding\Tanbakhsystem\venv\Lib\site-packages\django\template\base.py", line 969, in render_annotated
    return self.render(context)
           ~~~~~~~~~~~^^^^^^^^^
  File "D:\Design & Source Code\Source Coding\Tanbakhsystem\venv\Lib\site-packages\django\template\loader_tags.py", line 159, in render
    return compiled_parent._render(context)
           ~~~~~~~~~~~~~~~~~~~~~~~^^^^^^^^^
  File "D:\Design & Source Code\Source Coding\Tanbakhsystem\venv\Lib\site-packages\django\template\base.py", line 163, in _render
    return self.nodelist.render(context)
           ~~~~~~~~~~~~~~~~~~~~^^^^^^^^^
  File "D:\Design & Source Code\Source Coding\Tanbakhsystem\venv\Lib\site-packages\django\template\base.py", line 1008, in render
    return SafeString("".join([node.render_annotated(context) for node in self]))
                               ~~~~~~~~~~~~~~~~~~~~~^^^^^^^^^
  File "D:\Design & Source Code\Source Coding\Tanbakhsystem\venv\Lib\site-packages\django\template\base.py", line 969, in render_annotated
    return self.render(context)
           ~~~~~~~~~~~^^^^^^^^^
  File "D:\Design & Source Code\Source Coding\Tanbakhsystem\venv\Lib\site-packages\django\template\loader_tags.py", line 65, in render
    result = block.nodelist.render(context)
  File "D:\Design & Source Code\Source Coding\Tanbakhsystem\venv\Lib\site-packages\django\template\base.py", line 1008, in render
    return SafeString("".join([node.render_annotated(context) for node in self]))
                               ~~~~~~~~~~~~~~~~~~~~~^^^^^^^^^
  File "D:\Design & Source Code\Source Coding\Tanbakhsystem\venv\Lib\site-packages\django\template\base.py", line 969, in render_annotated
    return self.render(context)
           ~~~~~~~~~~~^^^^^^^^^
  File "D:\Design & Source Code\Source Coding\Tanbakhsystem\venv\Lib\site-packages\django\template\defaulttags.py", line 550, in render
    return self.nodelist.render(context)
           ~~~~~~~~~~~~~~~~~~~~^^^^^^^^^
  File "D:\Design & Source Code\Source Coding\Tanbakhsystem\venv\Lib\site-packages\django\template\base.py", line 1008, in render
    return SafeString("".join([node.render_annotated(context) for node in self]))
                               ~~~~~~~~~~~~~~~~~~~~~^^^^^^^^^
  File "D:\Design & Source Code\Source Coding\Tanbakhsystem\venv\Lib\site-packages\django\template\base.py", line 969, in render_annotated
    return self.render(context)
           ~~~~~~~~~~~^^^^^^^^^
  File "D:\Design & Source Code\Source Coding\Tanbakhsystem\venv\Lib\site-packages\django\template\defaulttags.py", line 548, in render
    values = {key: val.resolve(context) for key, val in self.extra_context.items()}
                   ~~~~~~~~~~~^^^^^^^^^
  File "D:\Design & Source Code\Source Coding\Tanbakhsystem\venv\Lib\site-packages\django\template\base.py", line 745, in resolve
    new_obj = func(obj, *arg_vals)
  File "D:\Design & Source Code\Source Coding\Tanbakhsystem\core\templatetags\rcms_custom_filters.py", line 270, in div
    value = Decimal(value)
decimal.InvalidOperation: [<class 'decimal.ConversionSyntax'>]
ERROR 2025-06-10 01:08:46 basehttp log_message "GET /budgets/budget-return/76/ HTTP/1.1" 500 209496
ERROR 2025-06-10 01:17:38 log log_response Internal Server Error: /budgets/budget-return/76/
Traceback (most recent call last):
  File "D:\Design & Source Code\Source Coding\Tanbakhsystem\venv\Lib\site-packages\django\template\defaulttags.py", line 1035, in find_library
    return parser.libraries[name]
           ~~~~~~~~~~~~~~~~^^^^^^
KeyError: 'widget_tweaks'

During handling of the above exception, another exception occurred:

Traceback (most recent call last):
  File "D:\Design & Source Code\Source Coding\Tanbakhsystem\venv\Lib\site-packages\django\core\handlers\exception.py", line 55, in inner
    response = get_response(request)
  File "D:\Design & Source Code\Source Coding\Tanbakhsystem\venv\Lib\site-packages\django\core\handlers\base.py", line 220, in _get_response
    response = response.render()
  File "D:\Design & Source Code\Source Coding\Tanbakhsystem\venv\Lib\site-packages\django\template\response.py", line 114, in render
    self.content = self.rendered_content
                   ^^^^^^^^^^^^^^^^^^^^^
  File "D:\Design & Source Code\Source Coding\Tanbakhsystem\venv\Lib\site-packages\django\template\response.py", line 90, in rendered_content
    template = self.resolve_template(self.template_name)
  File "D:\Design & Source Code\Source Coding\Tanbakhsystem\venv\Lib\site-packages\django\template\response.py", line 72, in resolve_template
    return select_template(template, using=self.using)
  File "D:\Design & Source Code\Source Coding\Tanbakhsystem\venv\Lib\site-packages\django\template\loader.py", line 42, in select_template
    return engine.get_template(template_name)
           ~~~~~~~~~~~~~~~~~~~^^^^^^^^^^^^^^^
  File "D:\Design & Source Code\Source Coding\Tanbakhsystem\venv\Lib\site-packages\django\template\backends\django.py", line 79, in get_template
    return Template(self.engine.get_template(template_name), self)
                    ~~~~~~~~~~~~~~~~~~~~~~~~^^^^^^^^^^^^^^^
  File "D:\Design & Source Code\Source Coding\Tanbakhsystem\venv\Lib\site-packages\django\template\engine.py", line 177, in get_template
    template, origin = self.find_template(template_name)
                       ~~~~~~~~~~~~~~~~~~^^^^^^^^^^^^^^^
  File "D:\Design & Source Code\Source Coding\Tanbakhsystem\venv\Lib\site-packages\django\template\engine.py", line 159, in find_template
    template = loader.get_template(name, skip=skip)
  File "D:\Design & Source Code\Source Coding\Tanbakhsystem\venv\Lib\site-packages\django\template\loaders\cached.py", line 57, in get_template
    template = super().get_template(template_name, skip)
  File "D:\Design & Source Code\Source Coding\Tanbakhsystem\venv\Lib\site-packages\django\template\loaders\base.py", line 28, in get_template
    return Template(
        contents,
    ...<2 lines>...
        self.engine,
    )
  File "D:\Design & Source Code\Source Coding\Tanbakhsystem\venv\Lib\site-packages\django\template\base.py", line 154, in __init__
    self.nodelist = self.compile_nodelist()
                    ~~~~~~~~~~~~~~~~~~~~~^^
  File "D:\Design & Source Code\Source Coding\Tanbakhsystem\venv\Lib\site-packages\django\template\base.py", line 196, in compile_nodelist
    nodelist = parser.parse()
  File "D:\Design & Source Code\Source Coding\Tanbakhsystem\venv\Lib\site-packages\django\template\base.py", line 518, in parse
    raise self.error(token, e)
  File "D:\Design & Source Code\Source Coding\Tanbakhsystem\venv\Lib\site-packages\django\template\base.py", line 516, in parse
    compiled_result = compile_func(self, token)
  File "D:\Design & Source Code\Source Coding\Tanbakhsystem\venv\Lib\site-packages\django\template\loader_tags.py", line 295, in do_extends
    nodelist = parser.parse()
  File "D:\Design & Source Code\Source Coding\Tanbakhsystem\venv\Lib\site-packages\django\template\base.py", line 518, in parse
    raise self.error(token, e)
  File "D:\Design & Source Code\Source Coding\Tanbakhsystem\venv\Lib\site-packages\django\template\base.py", line 516, in parse
    compiled_result = compile_func(self, token)
  File "D:\Design & Source Code\Source Coding\Tanbakhsystem\venv\Lib\site-packages\django\template\defaulttags.py", line 1097, in load
    lib = find_library(parser, name)
  File "D:\Design & Source Code\Source Coding\Tanbakhsystem\venv\Lib\site-packages\django\template\defaulttags.py", line 1037, in find_library
    raise TemplateSyntaxError(
    ...<5 lines>...
    )
django.template.exceptions.TemplateSyntaxError: 'widget_tweaks' is not a registered tag library. Must be one of:
access_filter
active_users_tags
admin_list
admin_modify
admin_urls
cache
custome_filter_permissions
factor_tags
file_tags
humanize
i18n
jalali_tags
jformat
l10n
log
notifications_tags
rcms_custom_filters
rest_framework
static
tanbakh_tags
tz
version_tags
ERROR 2025-06-10 01:17:38 log log_response Internal Server Error: /budgets/budget-return/76/
Traceback (most recent call last):
  File "D:\Design & Source Code\Source Coding\Tanbakhsystem\venv\Lib\site-packages\django\template\defaulttags.py", line 1035, in find_library
    return parser.libraries[name]
           ~~~~~~~~~~~~~~~~^^^^^^
KeyError: 'widget_tweaks'

During handling of the above exception, another exception occurred:

Traceback (most recent call last):
  File "D:\Design & Source Code\Source Coding\Tanbakhsystem\venv\Lib\site-packages\django\core\handlers\exception.py", line 55, in inner
    response = get_response(request)
  File "D:\Design & Source Code\Source Coding\Tanbakhsystem\venv\Lib\site-packages\django\core\handlers\base.py", line 220, in _get_response
    response = response.render()
  File "D:\Design & Source Code\Source Coding\Tanbakhsystem\venv\Lib\site-packages\django\template\response.py", line 114, in render
    self.content = self.rendered_content
                   ^^^^^^^^^^^^^^^^^^^^^
  File "D:\Design & Source Code\Source Coding\Tanbakhsystem\venv\Lib\site-packages\django\template\response.py", line 90, in rendered_content
    template = self.resolve_template(self.template_name)
  File "D:\Design & Source Code\Source Coding\Tanbakhsystem\venv\Lib\site-packages\django\template\response.py", line 72, in resolve_template
    return select_template(template, using=self.using)
  File "D:\Design & Source Code\Source Coding\Tanbakhsystem\venv\Lib\site-packages\django\template\loader.py", line 42, in select_template
    return engine.get_template(template_name)
           ~~~~~~~~~~~~~~~~~~~^^^^^^^^^^^^^^^
  File "D:\Design & Source Code\Source Coding\Tanbakhsystem\venv\Lib\site-packages\django\template\backends\django.py", line 79, in get_template
    return Template(self.engine.get_template(template_name), self)
                    ~~~~~~~~~~~~~~~~~~~~~~~~^^^^^^^^^^^^^^^
  File "D:\Design & Source Code\Source Coding\Tanbakhsystem\venv\Lib\site-packages\django\template\engine.py", line 177, in get_template
    template, origin = self.find_template(template_name)
                       ~~~~~~~~~~~~~~~~~~^^^^^^^^^^^^^^^
  File "D:\Design & Source Code\Source Coding\Tanbakhsystem\venv\Lib\site-packages\django\template\engine.py", line 159, in find_template
    template = loader.get_template(name, skip=skip)
  File "D:\Design & Source Code\Source Coding\Tanbakhsystem\venv\Lib\site-packages\django\template\loaders\cached.py", line 57, in get_template
    template = super().get_template(template_name, skip)
  File "D:\Design & Source Code\Source Coding\Tanbakhsystem\venv\Lib\site-packages\django\template\loaders\base.py", line 28, in get_template
    return Template(
        contents,
    ...<2 lines>...
        self.engine,
    )
  File "D:\Design & Source Code\Source Coding\Tanbakhsystem\venv\Lib\site-packages\django\template\base.py", line 154, in __init__
    self.nodelist = self.compile_nodelist()
                    ~~~~~~~~~~~~~~~~~~~~~^^
  File "D:\Design & Source Code\Source Coding\Tanbakhsystem\venv\Lib\site-packages\django\template\base.py", line 196, in compile_nodelist
    nodelist = parser.parse()
  File "D:\Design & Source Code\Source Coding\Tanbakhsystem\venv\Lib\site-packages\django\template\base.py", line 518, in parse
    raise self.error(token, e)
  File "D:\Design & Source Code\Source Coding\Tanbakhsystem\venv\Lib\site-packages\django\template\base.py", line 516, in parse
    compiled_result = compile_func(self, token)
  File "D:\Design & Source Code\Source Coding\Tanbakhsystem\venv\Lib\site-packages\django\template\loader_tags.py", line 295, in do_extends
    nodelist = parser.parse()
  File "D:\Design & Source Code\Source Coding\Tanbakhsystem\venv\Lib\site-packages\django\template\base.py", line 518, in parse
    raise self.error(token, e)
  File "D:\Design & Source Code\Source Coding\Tanbakhsystem\venv\Lib\site-packages\django\template\base.py", line 516, in parse
    compiled_result = compile_func(self, token)
  File "D:\Design & Source Code\Source Coding\Tanbakhsystem\venv\Lib\site-packages\django\template\defaulttags.py", line 1097, in load
    lib = find_library(parser, name)
  File "D:\Design & Source Code\Source Coding\Tanbakhsystem\venv\Lib\site-packages\django\template\defaulttags.py", line 1037, in find_library
    raise TemplateSyntaxError(
    ...<5 lines>...
    )
django.template.exceptions.TemplateSyntaxError: 'widget_tweaks' is not a registered tag library. Must be one of:
access_filter
active_users_tags
admin_list
admin_modify
admin_urls
cache
custome_filter_permissions
factor_tags
file_tags
humanize
i18n
jalali_tags
jformat
l10n
log
notifications_tags
rcms_custom_filters
rest_framework
static
tanbakh_tags
tz
version_tags
ERROR 2025-06-10 01:17:38 basehttp log_message "GET /budgets/budget-return/76/ HTTP/1.1" 500 248671
ERROR 2025-06-10 01:17:38 basehttp log_message "POST /budgets/budget-return/76/ HTTP/1.1" 500 249805
ERROR 2025-06-10 01:17:53 log log_response Internal Server Error: /budgets/budget-return/76/
Traceback (most recent call last):
  File "D:\Design & Source Code\Source Coding\Tanbakhsystem\venv\Lib\site-packages\django\core\handlers\exception.py", line 55, in inner
    response = get_response(request)
  File "D:\Design & Source Code\Source Coding\Tanbakhsystem\venv\Lib\site-packages\django\core\handlers\base.py", line 220, in _get_response
    response = response.render()
  File "D:\Design & Source Code\Source Coding\Tanbakhsystem\venv\Lib\site-packages\django\template\response.py", line 114, in render
    self.content = self.rendered_content
                   ^^^^^^^^^^^^^^^^^^^^^
  File "D:\Design & Source Code\Source Coding\Tanbakhsystem\venv\Lib\site-packages\django\template\response.py", line 90, in rendered_content
    template = self.resolve_template(self.template_name)
  File "D:\Design & Source Code\Source Coding\Tanbakhsystem\venv\Lib\site-packages\django\template\response.py", line 72, in resolve_template
    return select_template(template, using=self.using)
  File "D:\Design & Source Code\Source Coding\Tanbakhsystem\venv\Lib\site-packages\django\template\loader.py", line 42, in select_template
    return engine.get_template(template_name)
           ~~~~~~~~~~~~~~~~~~~^^^^^^^^^^^^^^^
  File "D:\Design & Source Code\Source Coding\Tanbakhsystem\venv\Lib\site-packages\django\template\backends\django.py", line 79, in get_template
    return Template(self.engine.get_template(template_name), self)
                    ~~~~~~~~~~~~~~~~~~~~~~~~^^^^^^^^^^^^^^^
  File "D:\Design & Source Code\Source Coding\Tanbakhsystem\venv\Lib\site-packages\django\template\engine.py", line 177, in get_template
    template, origin = self.find_template(template_name)
                       ~~~~~~~~~~~~~~~~~~^^^^^^^^^^^^^^^
  File "D:\Design & Source Code\Source Coding\Tanbakhsystem\venv\Lib\site-packages\django\template\engine.py", line 159, in find_template
    template = loader.get_template(name, skip=skip)
  File "D:\Design & Source Code\Source Coding\Tanbakhsystem\venv\Lib\site-packages\django\template\loaders\cached.py", line 57, in get_template
    template = super().get_template(template_name, skip)
  File "D:\Design & Source Code\Source Coding\Tanbakhsystem\venv\Lib\site-packages\django\template\loaders\base.py", line 28, in get_template
    return Template(
        contents,
    ...<2 lines>...
        self.engine,
    )
  File "D:\Design & Source Code\Source Coding\Tanbakhsystem\venv\Lib\site-packages\django\template\base.py", line 154, in __init__
    self.nodelist = self.compile_nodelist()
                    ~~~~~~~~~~~~~~~~~~~~~^^
  File "D:\Design & Source Code\Source Coding\Tanbakhsystem\venv\Lib\site-packages\django\template\base.py", line 196, in compile_nodelist
    nodelist = parser.parse()
  File "D:\Design & Source Code\Source Coding\Tanbakhsystem\venv\Lib\site-packages\django\template\base.py", line 518, in parse
    raise self.error(token, e)
  File "D:\Design & Source Code\Source Coding\Tanbakhsystem\venv\Lib\site-packages\django\template\base.py", line 516, in parse
    compiled_result = compile_func(self, token)
  File "D:\Design & Source Code\Source Coding\Tanbakhsystem\venv\Lib\site-packages\django\template\loader_tags.py", line 295, in do_extends
    nodelist = parser.parse()
  File "D:\Design & Source Code\Source Coding\Tanbakhsystem\venv\Lib\site-packages\django\template\base.py", line 518, in parse
    raise self.error(token, e)
  File "D:\Design & Source Code\Source Coding\Tanbakhsystem\venv\Lib\site-packages\django\template\base.py", line 516, in parse
    compiled_result = compile_func(self, token)
  File "D:\Design & Source Code\Source Coding\Tanbakhsystem\venv\Lib\site-packages\django\template\loader_tags.py", line 234, in do_block
    nodelist = parser.parse(("endblock",))
  File "D:\Design & Source Code\Source Coding\Tanbakhsystem\venv\Lib\site-packages\django\template\base.py", line 489, in parse
    raise self.error(token, e)
  File "D:\Design & Source Code\Source Coding\Tanbakhsystem\venv\Lib\site-packages\django\template\base.py", line 487, in parse
    filter_expression = self.compile_filter(token.contents)
  File "D:\Design & Source Code\Source Coding\Tanbakhsystem\venv\Lib\site-packages\django\template\base.py", line 605, in compile_filter
    return FilterExpression(token, self)
  File "D:\Design & Source Code\Source Coding\Tanbakhsystem\venv\Lib\site-packages\django\template\base.py", line 701, in __init__
    filter_func = parser.find_filter(filter_name)
  File "D:\Design & Source Code\Source Coding\Tanbakhsystem\venv\Lib\site-packages\django\template\base.py", line 611, in find_filter
    raise TemplateSyntaxError("Invalid filter: '%s'" % filter_name)
django.template.exceptions.TemplateSyntaxError: Invalid filter: 'unlocalize'
ERROR 2025-06-10 01:17:53 basehttp log_message "POST /budgets/budget-return/76/ HTTP/1.1" 500 227336
ERROR 2025-06-10 01:24:52 log log_response Internal Server Error: /budgets/budget-return/76/
Traceback (most recent call last):
  File "D:\Design & Source Code\Source Coding\Tanbakhsystem\venv\Lib\site-packages\django\core\handlers\exception.py", line 55, in inner
    response = get_response(request)
  File "D:\Design & Source Code\Source Coding\Tanbakhsystem\venv\Lib\site-packages\django\core\handlers\base.py", line 220, in _get_response
    response = response.render()
  File "D:\Design & Source Code\Source Coding\Tanbakhsystem\venv\Lib\site-packages\django\template\response.py", line 114, in render
    self.content = self.rendered_content
                   ^^^^^^^^^^^^^^^^^^^^^
  File "D:\Design & Source Code\Source Coding\Tanbakhsystem\venv\Lib\site-packages\django\template\response.py", line 90, in rendered_content
    template = self.resolve_template(self.template_name)
  File "D:\Design & Source Code\Source Coding\Tanbakhsystem\venv\Lib\site-packages\django\template\response.py", line 72, in resolve_template
    return select_template(template, using=self.using)
  File "D:\Design & Source Code\Source Coding\Tanbakhsystem\venv\Lib\site-packages\django\template\loader.py", line 42, in select_template
    return engine.get_template(template_name)
           ~~~~~~~~~~~~~~~~~~~^^^^^^^^^^^^^^^
  File "D:\Design & Source Code\Source Coding\Tanbakhsystem\venv\Lib\site-packages\django\template\backends\django.py", line 79, in get_template
    return Template(self.engine.get_template(template_name), self)
                    ~~~~~~~~~~~~~~~~~~~~~~~~^^^^^^^^^^^^^^^
  File "D:\Design & Source Code\Source Coding\Tanbakhsystem\venv\Lib\site-packages\django\template\engine.py", line 177, in get_template
    template, origin = self.find_template(template_name)
                       ~~~~~~~~~~~~~~~~~~^^^^^^^^^^^^^^^
  File "D:\Design & Source Code\Source Coding\Tanbakhsystem\venv\Lib\site-packages\django\template\engine.py", line 159, in find_template
    template = loader.get_template(name, skip=skip)
  File "D:\Design & Source Code\Source Coding\Tanbakhsystem\venv\Lib\site-packages\django\template\loaders\cached.py", line 57, in get_template
    template = super().get_template(template_name, skip)
  File "D:\Design & Source Code\Source Coding\Tanbakhsystem\venv\Lib\site-packages\django\template\loaders\base.py", line 28, in get_template
    return Template(
        contents,
    ...<2 lines>...
        self.engine,
    )
  File "D:\Design & Source Code\Source Coding\Tanbakhsystem\venv\Lib\site-packages\django\template\base.py", line 154, in __init__
    self.nodelist = self.compile_nodelist()
                    ~~~~~~~~~~~~~~~~~~~~~^^
  File "D:\Design & Source Code\Source Coding\Tanbakhsystem\venv\Lib\site-packages\django\template\base.py", line 196, in compile_nodelist
    nodelist = parser.parse()
  File "D:\Design & Source Code\Source Coding\Tanbakhsystem\venv\Lib\site-packages\django\template\base.py", line 518, in parse
    raise self.error(token, e)
  File "D:\Design & Source Code\Source Coding\Tanbakhsystem\venv\Lib\site-packages\django\template\base.py", line 516, in parse
    compiled_result = compile_func(self, token)
  File "D:\Design & Source Code\Source Coding\Tanbakhsystem\venv\Lib\site-packages\django\template\loader_tags.py", line 295, in do_extends
    nodelist = parser.parse()
  File "D:\Design & Source Code\Source Coding\Tanbakhsystem\venv\Lib\site-packages\django\template\base.py", line 518, in parse
    raise self.error(token, e)
  File "D:\Design & Source Code\Source Coding\Tanbakhsystem\venv\Lib\site-packages\django\template\base.py", line 516, in parse
    compiled_result = compile_func(self, token)
  File "D:\Design & Source Code\Source Coding\Tanbakhsystem\venv\Lib\site-packages\django\template\loader_tags.py", line 234, in do_block
    nodelist = parser.parse(("endblock",))
  File "D:\Design & Source Code\Source Coding\Tanbakhsystem\venv\Lib\site-packages\django\template\base.py", line 489, in parse
    raise self.error(token, e)
  File "D:\Design & Source Code\Source Coding\Tanbakhsystem\venv\Lib\site-packages\django\template\base.py", line 487, in parse
    filter_expression = self.compile_filter(token.contents)
  File "D:\Design & Source Code\Source Coding\Tanbakhsystem\venv\Lib\site-packages\django\template\base.py", line 605, in compile_filter
    return FilterExpression(token, self)
  File "D:\Design & Source Code\Source Coding\Tanbakhsystem\venv\Lib\site-packages\django\template\base.py", line 701, in __init__
    filter_func = parser.find_filter(filter_name)
  File "D:\Design & Source Code\Source Coding\Tanbakhsystem\venv\Lib\site-packages\django\template\base.py", line 611, in find_filter
    raise TemplateSyntaxError("Invalid filter: '%s'" % filter_name)
django.template.exceptions.TemplateSyntaxError: Invalid filter: 'unlocalize'
ERROR 2025-06-10 01:24:52 basehttp log_message "GET /budgets/budget-return/76/ HTTP/1.1" 500 294494
ERROR 2025-06-10 01:24:53 log log_response Internal Server Error: /budgets/budget-return/76/
Traceback (most recent call last):
  File "D:\Design & Source Code\Source Coding\Tanbakhsystem\venv\Lib\site-packages\django\core\handlers\exception.py", line 55, in inner
    response = get_response(request)
  File "D:\Design & Source Code\Source Coding\Tanbakhsystem\venv\Lib\site-packages\django\core\handlers\base.py", line 220, in _get_response
    response = response.render()
  File "D:\Design & Source Code\Source Coding\Tanbakhsystem\venv\Lib\site-packages\django\template\response.py", line 114, in render
    self.content = self.rendered_content
                   ^^^^^^^^^^^^^^^^^^^^^
  File "D:\Design & Source Code\Source Coding\Tanbakhsystem\venv\Lib\site-packages\django\template\response.py", line 90, in rendered_content
    template = self.resolve_template(self.template_name)
  File "D:\Design & Source Code\Source Coding\Tanbakhsystem\venv\Lib\site-packages\django\template\response.py", line 72, in resolve_template
    return select_template(template, using=self.using)
  File "D:\Design & Source Code\Source Coding\Tanbakhsystem\venv\Lib\site-packages\django\template\loader.py", line 42, in select_template
    return engine.get_template(template_name)
           ~~~~~~~~~~~~~~~~~~~^^^^^^^^^^^^^^^
  File "D:\Design & Source Code\Source Coding\Tanbakhsystem\venv\Lib\site-packages\django\template\backends\django.py", line 79, in get_template
    return Template(self.engine.get_template(template_name), self)
                    ~~~~~~~~~~~~~~~~~~~~~~~~^^^^^^^^^^^^^^^
  File "D:\Design & Source Code\Source Coding\Tanbakhsystem\venv\Lib\site-packages\django\template\engine.py", line 177, in get_template
    template, origin = self.find_template(template_name)
                       ~~~~~~~~~~~~~~~~~~^^^^^^^^^^^^^^^
  File "D:\Design & Source Code\Source Coding\Tanbakhsystem\venv\Lib\site-packages\django\template\engine.py", line 159, in find_template
    template = loader.get_template(name, skip=skip)
  File "D:\Design & Source Code\Source Coding\Tanbakhsystem\venv\Lib\site-packages\django\template\loaders\cached.py", line 57, in get_template
    template = super().get_template(template_name, skip)
  File "D:\Design & Source Code\Source Coding\Tanbakhsystem\venv\Lib\site-packages\django\template\loaders\base.py", line 28, in get_template
    return Template(
        contents,
    ...<2 lines>...
        self.engine,
    )
  File "D:\Design & Source Code\Source Coding\Tanbakhsystem\venv\Lib\site-packages\django\template\base.py", line 154, in __init__
    self.nodelist = self.compile_nodelist()
                    ~~~~~~~~~~~~~~~~~~~~~^^
  File "D:\Design & Source Code\Source Coding\Tanbakhsystem\venv\Lib\site-packages\django\template\base.py", line 196, in compile_nodelist
    nodelist = parser.parse()
  File "D:\Design & Source Code\Source Coding\Tanbakhsystem\venv\Lib\site-packages\django\template\base.py", line 518, in parse
    raise self.error(token, e)
  File "D:\Design & Source Code\Source Coding\Tanbakhsystem\venv\Lib\site-packages\django\template\base.py", line 516, in parse
    compiled_result = compile_func(self, token)
  File "D:\Design & Source Code\Source Coding\Tanbakhsystem\venv\Lib\site-packages\django\template\loader_tags.py", line 295, in do_extends
    nodelist = parser.parse()
  File "D:\Design & Source Code\Source Coding\Tanbakhsystem\venv\Lib\site-packages\django\template\base.py", line 518, in parse
    raise self.error(token, e)
  File "D:\Design & Source Code\Source Coding\Tanbakhsystem\venv\Lib\site-packages\django\template\base.py", line 516, in parse
    compiled_result = compile_func(self, token)
  File "D:\Design & Source Code\Source Coding\Tanbakhsystem\venv\Lib\site-packages\django\template\loader_tags.py", line 234, in do_block
    nodelist = parser.parse(("endblock",))
  File "D:\Design & Source Code\Source Coding\Tanbakhsystem\venv\Lib\site-packages\django\template\base.py", line 489, in parse
    raise self.error(token, e)
  File "D:\Design & Source Code\Source Coding\Tanbakhsystem\venv\Lib\site-packages\django\template\base.py", line 487, in parse
    filter_expression = self.compile_filter(token.contents)
  File "D:\Design & Source Code\Source Coding\Tanbakhsystem\venv\Lib\site-packages\django\template\base.py", line 605, in compile_filter
    return FilterExpression(token, self)
  File "D:\Design & Source Code\Source Coding\Tanbakhsystem\venv\Lib\site-packages\django\template\base.py", line 701, in __init__
    filter_func = parser.find_filter(filter_name)
  File "D:\Design & Source Code\Source Coding\Tanbakhsystem\venv\Lib\site-packages\django\template\base.py", line 611, in find_filter
    raise TemplateSyntaxError("Invalid filter: '%s'" % filter_name)
django.template.exceptions.TemplateSyntaxError: Invalid filter: 'unlocalize'
ERROR 2025-06-10 01:24:53 basehttp log_message "GET /budgets/budget-return/76/ HTTP/1.1" 500 294366
ERROR 2025-06-10 01:24:54 log log_response Internal Server Error: /budgets/budget-return/76/
Traceback (most recent call last):
  File "D:\Design & Source Code\Source Coding\Tanbakhsystem\venv\Lib\site-packages\django\core\handlers\exception.py", line 55, in inner
    response = get_response(request)
  File "D:\Design & Source Code\Source Coding\Tanbakhsystem\venv\Lib\site-packages\django\core\handlers\base.py", line 220, in _get_response
    response = response.render()
  File "D:\Design & Source Code\Source Coding\Tanbakhsystem\venv\Lib\site-packages\django\template\response.py", line 114, in render
    self.content = self.rendered_content
                   ^^^^^^^^^^^^^^^^^^^^^
  File "D:\Design & Source Code\Source Coding\Tanbakhsystem\venv\Lib\site-packages\django\template\response.py", line 90, in rendered_content
    template = self.resolve_template(self.template_name)
  File "D:\Design & Source Code\Source Coding\Tanbakhsystem\venv\Lib\site-packages\django\template\response.py", line 72, in resolve_template
    return select_template(template, using=self.using)
  File "D:\Design & Source Code\Source Coding\Tanbakhsystem\venv\Lib\site-packages\django\template\loader.py", line 42, in select_template
    return engine.get_template(template_name)
           ~~~~~~~~~~~~~~~~~~~^^^^^^^^^^^^^^^
  File "D:\Design & Source Code\Source Coding\Tanbakhsystem\venv\Lib\site-packages\django\template\backends\django.py", line 79, in get_template
    return Template(self.engine.get_template(template_name), self)
                    ~~~~~~~~~~~~~~~~~~~~~~~~^^^^^^^^^^^^^^^
  File "D:\Design & Source Code\Source Coding\Tanbakhsystem\venv\Lib\site-packages\django\template\engine.py", line 177, in get_template
    template, origin = self.find_template(template_name)
                       ~~~~~~~~~~~~~~~~~~^^^^^^^^^^^^^^^
  File "D:\Design & Source Code\Source Coding\Tanbakhsystem\venv\Lib\site-packages\django\template\engine.py", line 159, in find_template
    template = loader.get_template(name, skip=skip)
  File "D:\Design & Source Code\Source Coding\Tanbakhsystem\venv\Lib\site-packages\django\template\loaders\cached.py", line 57, in get_template
    template = super().get_template(template_name, skip)
  File "D:\Design & Source Code\Source Coding\Tanbakhsystem\venv\Lib\site-packages\django\template\loaders\base.py", line 28, in get_template
    return Template(
        contents,
    ...<2 lines>...
        self.engine,
    )
  File "D:\Design & Source Code\Source Coding\Tanbakhsystem\venv\Lib\site-packages\django\template\base.py", line 154, in __init__
    self.nodelist = self.compile_nodelist()
                    ~~~~~~~~~~~~~~~~~~~~~^^
  File "D:\Design & Source Code\Source Coding\Tanbakhsystem\venv\Lib\site-packages\django\template\base.py", line 196, in compile_nodelist
    nodelist = parser.parse()
  File "D:\Design & Source Code\Source Coding\Tanbakhsystem\venv\Lib\site-packages\django\template\base.py", line 518, in parse
    raise self.error(token, e)
  File "D:\Design & Source Code\Source Coding\Tanbakhsystem\venv\Lib\site-packages\django\template\base.py", line 516, in parse
    compiled_result = compile_func(self, token)
  File "D:\Design & Source Code\Source Coding\Tanbakhsystem\venv\Lib\site-packages\django\template\loader_tags.py", line 295, in do_extends
    nodelist = parser.parse()
  File "D:\Design & Source Code\Source Coding\Tanbakhsystem\venv\Lib\site-packages\django\template\base.py", line 518, in parse
    raise self.error(token, e)
  File "D:\Design & Source Code\Source Coding\Tanbakhsystem\venv\Lib\site-packages\django\template\base.py", line 516, in parse
    compiled_result = compile_func(self, token)
  File "D:\Design & Source Code\Source Coding\Tanbakhsystem\venv\Lib\site-packages\django\template\loader_tags.py", line 234, in do_block
    nodelist = parser.parse(("endblock",))
  File "D:\Design & Source Code\Source Coding\Tanbakhsystem\venv\Lib\site-packages\django\template\base.py", line 489, in parse
    raise self.error(token, e)
  File "D:\Design & Source Code\Source Coding\Tanbakhsystem\venv\Lib\site-packages\django\template\base.py", line 487, in parse
    filter_expression = self.compile_filter(token.contents)
  File "D:\Design & Source Code\Source Coding\Tanbakhsystem\venv\Lib\site-packages\django\template\base.py", line 605, in compile_filter
    return FilterExpression(token, self)
  File "D:\Design & Source Code\Source Coding\Tanbakhsystem\venv\Lib\site-packages\django\template\base.py", line 701, in __init__
    filter_func = parser.find_filter(filter_name)
  File "D:\Design & Source Code\Source Coding\Tanbakhsystem\venv\Lib\site-packages\django\template\base.py", line 611, in find_filter
    raise TemplateSyntaxError("Invalid filter: '%s'" % filter_name)
django.template.exceptions.TemplateSyntaxError: Invalid filter: 'unlocalize'
ERROR 2025-06-10 01:24:54 basehttp log_message "GET /budgets/budget-return/76/ HTTP/1.1" 500 294366
ERROR 2025-06-10 01:25:35 log log_response Internal Server Error: /budgets/budget-return/76/
Traceback (most recent call last):
  File "D:\Design & Source Code\Source Coding\Tanbakhsystem\venv\Lib\site-packages\django\core\handlers\exception.py", line 55, in inner
    response = get_response(request)
  File "D:\Design & Source Code\Source Coding\Tanbakhsystem\venv\Lib\site-packages\django\core\handlers\base.py", line 220, in _get_response
    response = response.render()
  File "D:\Design & Source Code\Source Coding\Tanbakhsystem\venv\Lib\site-packages\django\template\response.py", line 114, in render
    self.content = self.rendered_content
                   ^^^^^^^^^^^^^^^^^^^^^
  File "D:\Design & Source Code\Source Coding\Tanbakhsystem\venv\Lib\site-packages\django\template\response.py", line 90, in rendered_content
    template = self.resolve_template(self.template_name)
  File "D:\Design & Source Code\Source Coding\Tanbakhsystem\venv\Lib\site-packages\django\template\response.py", line 72, in resolve_template
    return select_template(template, using=self.using)
  File "D:\Design & Source Code\Source Coding\Tanbakhsystem\venv\Lib\site-packages\django\template\loader.py", line 42, in select_template
    return engine.get_template(template_name)
           ~~~~~~~~~~~~~~~~~~~^^^^^^^^^^^^^^^
  File "D:\Design & Source Code\Source Coding\Tanbakhsystem\venv\Lib\site-packages\django\template\backends\django.py", line 79, in get_template
    return Template(self.engine.get_template(template_name), self)
                    ~~~~~~~~~~~~~~~~~~~~~~~~^^^^^^^^^^^^^^^
  File "D:\Design & Source Code\Source Coding\Tanbakhsystem\venv\Lib\site-packages\django\template\engine.py", line 177, in get_template
    template, origin = self.find_template(template_name)
                       ~~~~~~~~~~~~~~~~~~^^^^^^^^^^^^^^^
  File "D:\Design & Source Code\Source Coding\Tanbakhsystem\venv\Lib\site-packages\django\template\engine.py", line 159, in find_template
    template = loader.get_template(name, skip=skip)
  File "D:\Design & Source Code\Source Coding\Tanbakhsystem\venv\Lib\site-packages\django\template\loaders\cached.py", line 57, in get_template
    template = super().get_template(template_name, skip)
  File "D:\Design & Source Code\Source Coding\Tanbakhsystem\venv\Lib\site-packages\django\template\loaders\base.py", line 28, in get_template
    return Template(
        contents,
    ...<2 lines>...
        self.engine,
    )
  File "D:\Design & Source Code\Source Coding\Tanbakhsystem\venv\Lib\site-packages\django\template\base.py", line 154, in __init__
    self.nodelist = self.compile_nodelist()
                    ~~~~~~~~~~~~~~~~~~~~~^^
  File "D:\Design & Source Code\Source Coding\Tanbakhsystem\venv\Lib\site-packages\django\template\base.py", line 196, in compile_nodelist
    nodelist = parser.parse()
  File "D:\Design & Source Code\Source Coding\Tanbakhsystem\venv\Lib\site-packages\django\template\base.py", line 518, in parse
    raise self.error(token, e)
  File "D:\Design & Source Code\Source Coding\Tanbakhsystem\venv\Lib\site-packages\django\template\base.py", line 516, in parse
    compiled_result = compile_func(self, token)
  File "D:\Design & Source Code\Source Coding\Tanbakhsystem\venv\Lib\site-packages\django\template\loader_tags.py", line 295, in do_extends
    nodelist = parser.parse()
  File "D:\Design & Source Code\Source Coding\Tanbakhsystem\venv\Lib\site-packages\django\template\base.py", line 518, in parse
    raise self.error(token, e)
  File "D:\Design & Source Code\Source Coding\Tanbakhsystem\venv\Lib\site-packages\django\template\base.py", line 516, in parse
    compiled_result = compile_func(self, token)
  File "D:\Design & Source Code\Source Coding\Tanbakhsystem\venv\Lib\site-packages\django\template\loader_tags.py", line 234, in do_block
    nodelist = parser.parse(("endblock",))
  File "D:\Design & Source Code\Source Coding\Tanbakhsystem\venv\Lib\site-packages\django\template\base.py", line 489, in parse
    raise self.error(token, e)
  File "D:\Design & Source Code\Source Coding\Tanbakhsystem\venv\Lib\site-packages\django\template\base.py", line 487, in parse
    filter_expression = self.compile_filter(token.contents)
  File "D:\Design & Source Code\Source Coding\Tanbakhsystem\venv\Lib\site-packages\django\template\base.py", line 605, in compile_filter
    return FilterExpression(token, self)
  File "D:\Design & Source Code\Source Coding\Tanbakhsystem\venv\Lib\site-packages\django\template\base.py", line 701, in __init__
    filter_func = parser.find_filter(filter_name)
  File "D:\Design & Source Code\Source Coding\Tanbakhsystem\venv\Lib\site-packages\django\template\base.py", line 611, in find_filter
    raise TemplateSyntaxError("Invalid filter: '%s'" % filter_name)
django.template.exceptions.TemplateSyntaxError: Invalid filter: 'unlocalize'
ERROR 2025-06-10 01:25:35 basehttp log_message "GET /budgets/budget-return/76/ HTTP/1.1" 500 294366
ERROR 2025-06-10 01:25:36 log log_response Internal Server Error: /budgets/budget-return/76/
Traceback (most recent call last):
  File "D:\Design & Source Code\Source Coding\Tanbakhsystem\venv\Lib\site-packages\django\core\handlers\exception.py", line 55, in inner
    response = get_response(request)
  File "D:\Design & Source Code\Source Coding\Tanbakhsystem\venv\Lib\site-packages\django\core\handlers\base.py", line 220, in _get_response
    response = response.render()
  File "D:\Design & Source Code\Source Coding\Tanbakhsystem\venv\Lib\site-packages\django\template\response.py", line 114, in render
    self.content = self.rendered_content
                   ^^^^^^^^^^^^^^^^^^^^^
  File "D:\Design & Source Code\Source Coding\Tanbakhsystem\venv\Lib\site-packages\django\template\response.py", line 90, in rendered_content
    template = self.resolve_template(self.template_name)
  File "D:\Design & Source Code\Source Coding\Tanbakhsystem\venv\Lib\site-packages\django\template\response.py", line 72, in resolve_template
    return select_template(template, using=self.using)
  File "D:\Design & Source Code\Source Coding\Tanbakhsystem\venv\Lib\site-packages\django\template\loader.py", line 42, in select_template
    return engine.get_template(template_name)
           ~~~~~~~~~~~~~~~~~~~^^^^^^^^^^^^^^^
  File "D:\Design & Source Code\Source Coding\Tanbakhsystem\venv\Lib\site-packages\django\template\backends\django.py", line 79, in get_template
    return Template(self.engine.get_template(template_name), self)
                    ~~~~~~~~~~~~~~~~~~~~~~~~^^^^^^^^^^^^^^^
  File "D:\Design & Source Code\Source Coding\Tanbakhsystem\venv\Lib\site-packages\django\template\engine.py", line 177, in get_template
    template, origin = self.find_template(template_name)
                       ~~~~~~~~~~~~~~~~~~^^^^^^^^^^^^^^^
  File "D:\Design & Source Code\Source Coding\Tanbakhsystem\venv\Lib\site-packages\django\template\engine.py", line 159, in find_template
    template = loader.get_template(name, skip=skip)
  File "D:\Design & Source Code\Source Coding\Tanbakhsystem\venv\Lib\site-packages\django\template\loaders\cached.py", line 57, in get_template
    template = super().get_template(template_name, skip)
  File "D:\Design & Source Code\Source Coding\Tanbakhsystem\venv\Lib\site-packages\django\template\loaders\base.py", line 28, in get_template
    return Template(
        contents,
    ...<2 lines>...
        self.engine,
    )
  File "D:\Design & Source Code\Source Coding\Tanbakhsystem\venv\Lib\site-packages\django\template\base.py", line 154, in __init__
    self.nodelist = self.compile_nodelist()
                    ~~~~~~~~~~~~~~~~~~~~~^^
  File "D:\Design & Source Code\Source Coding\Tanbakhsystem\venv\Lib\site-packages\django\template\base.py", line 196, in compile_nodelist
    nodelist = parser.parse()
  File "D:\Design & Source Code\Source Coding\Tanbakhsystem\venv\Lib\site-packages\django\template\base.py", line 518, in parse
    raise self.error(token, e)
  File "D:\Design & Source Code\Source Coding\Tanbakhsystem\venv\Lib\site-packages\django\template\base.py", line 516, in parse
    compiled_result = compile_func(self, token)
  File "D:\Design & Source Code\Source Coding\Tanbakhsystem\venv\Lib\site-packages\django\template\loader_tags.py", line 295, in do_extends
    nodelist = parser.parse()
  File "D:\Design & Source Code\Source Coding\Tanbakhsystem\venv\Lib\site-packages\django\template\base.py", line 518, in parse
    raise self.error(token, e)
  File "D:\Design & Source Code\Source Coding\Tanbakhsystem\venv\Lib\site-packages\django\template\base.py", line 516, in parse
    compiled_result = compile_func(self, token)
  File "D:\Design & Source Code\Source Coding\Tanbakhsystem\venv\Lib\site-packages\django\template\loader_tags.py", line 234, in do_block
    nodelist = parser.parse(("endblock",))
  File "D:\Design & Source Code\Source Coding\Tanbakhsystem\venv\Lib\site-packages\django\template\base.py", line 489, in parse
    raise self.error(token, e)
  File "D:\Design & Source Code\Source Coding\Tanbakhsystem\venv\Lib\site-packages\django\template\base.py", line 487, in parse
    filter_expression = self.compile_filter(token.contents)
  File "D:\Design & Source Code\Source Coding\Tanbakhsystem\venv\Lib\site-packages\django\template\base.py", line 605, in compile_filter
    return FilterExpression(token, self)
  File "D:\Design & Source Code\Source Coding\Tanbakhsystem\venv\Lib\site-packages\django\template\base.py", line 701, in __init__
    filter_func = parser.find_filter(filter_name)
  File "D:\Design & Source Code\Source Coding\Tanbakhsystem\venv\Lib\site-packages\django\template\base.py", line 611, in find_filter
    raise TemplateSyntaxError("Invalid filter: '%s'" % filter_name)
django.template.exceptions.TemplateSyntaxError: Invalid filter: 'unlocalize'
ERROR 2025-06-10 01:25:36 basehttp log_message "GET /budgets/budget-return/76/ HTTP/1.1" 500 294366
ERROR 2025-06-10 01:25:38 log log_response Internal Server Error: /budgets/budget-return/76/
Traceback (most recent call last):
  File "D:\Design & Source Code\Source Coding\Tanbakhsystem\venv\Lib\site-packages\django\core\handlers\exception.py", line 55, in inner
    response = get_response(request)
  File "D:\Design & Source Code\Source Coding\Tanbakhsystem\venv\Lib\site-packages\django\core\handlers\base.py", line 220, in _get_response
    response = response.render()
  File "D:\Design & Source Code\Source Coding\Tanbakhsystem\venv\Lib\site-packages\django\template\response.py", line 114, in render
    self.content = self.rendered_content
                   ^^^^^^^^^^^^^^^^^^^^^
  File "D:\Design & Source Code\Source Coding\Tanbakhsystem\venv\Lib\site-packages\django\template\response.py", line 90, in rendered_content
    template = self.resolve_template(self.template_name)
  File "D:\Design & Source Code\Source Coding\Tanbakhsystem\venv\Lib\site-packages\django\template\response.py", line 72, in resolve_template
    return select_template(template, using=self.using)
  File "D:\Design & Source Code\Source Coding\Tanbakhsystem\venv\Lib\site-packages\django\template\loader.py", line 42, in select_template
    return engine.get_template(template_name)
           ~~~~~~~~~~~~~~~~~~~^^^^^^^^^^^^^^^
  File "D:\Design & Source Code\Source Coding\Tanbakhsystem\venv\Lib\site-packages\django\template\backends\django.py", line 79, in get_template
    return Template(self.engine.get_template(template_name), self)
                    ~~~~~~~~~~~~~~~~~~~~~~~~^^^^^^^^^^^^^^^
  File "D:\Design & Source Code\Source Coding\Tanbakhsystem\venv\Lib\site-packages\django\template\engine.py", line 177, in get_template
    template, origin = self.find_template(template_name)
                       ~~~~~~~~~~~~~~~~~~^^^^^^^^^^^^^^^
  File "D:\Design & Source Code\Source Coding\Tanbakhsystem\venv\Lib\site-packages\django\template\engine.py", line 159, in find_template
    template = loader.get_template(name, skip=skip)
  File "D:\Design & Source Code\Source Coding\Tanbakhsystem\venv\Lib\site-packages\django\template\loaders\cached.py", line 57, in get_template
    template = super().get_template(template_name, skip)
  File "D:\Design & Source Code\Source Coding\Tanbakhsystem\venv\Lib\site-packages\django\template\loaders\base.py", line 28, in get_template
    return Template(
        contents,
    ...<2 lines>...
        self.engine,
    )
  File "D:\Design & Source Code\Source Coding\Tanbakhsystem\venv\Lib\site-packages\django\template\base.py", line 154, in __init__
    self.nodelist = self.compile_nodelist()
                    ~~~~~~~~~~~~~~~~~~~~~^^
  File "D:\Design & Source Code\Source Coding\Tanbakhsystem\venv\Lib\site-packages\django\template\base.py", line 196, in compile_nodelist
    nodelist = parser.parse()
  File "D:\Design & Source Code\Source Coding\Tanbakhsystem\venv\Lib\site-packages\django\template\base.py", line 518, in parse
    raise self.error(token, e)
  File "D:\Design & Source Code\Source Coding\Tanbakhsystem\venv\Lib\site-packages\django\template\base.py", line 516, in parse
    compiled_result = compile_func(self, token)
  File "D:\Design & Source Code\Source Coding\Tanbakhsystem\venv\Lib\site-packages\django\template\loader_tags.py", line 295, in do_extends
    nodelist = parser.parse()
  File "D:\Design & Source Code\Source Coding\Tanbakhsystem\venv\Lib\site-packages\django\template\base.py", line 518, in parse
    raise self.error(token, e)
  File "D:\Design & Source Code\Source Coding\Tanbakhsystem\venv\Lib\site-packages\django\template\base.py", line 516, in parse
    compiled_result = compile_func(self, token)
  File "D:\Design & Source Code\Source Coding\Tanbakhsystem\venv\Lib\site-packages\django\template\loader_tags.py", line 234, in do_block
    nodelist = parser.parse(("endblock",))
  File "D:\Design & Source Code\Source Coding\Tanbakhsystem\venv\Lib\site-packages\django\template\base.py", line 489, in parse
    raise self.error(token, e)
  File "D:\Design & Source Code\Source Coding\Tanbakhsystem\venv\Lib\site-packages\django\template\base.py", line 487, in parse
    filter_expression = self.compile_filter(token.contents)
  File "D:\Design & Source Code\Source Coding\Tanbakhsystem\venv\Lib\site-packages\django\template\base.py", line 605, in compile_filter
    return FilterExpression(token, self)
  File "D:\Design & Source Code\Source Coding\Tanbakhsystem\venv\Lib\site-packages\django\template\base.py", line 701, in __init__
    filter_func = parser.find_filter(filter_name)
  File "D:\Design & Source Code\Source Coding\Tanbakhsystem\venv\Lib\site-packages\django\template\base.py", line 611, in find_filter
    raise TemplateSyntaxError("Invalid filter: '%s'" % filter_name)
django.template.exceptions.TemplateSyntaxError: Invalid filter: 'unlocalize'
ERROR 2025-06-10 01:25:38 basehttp log_message "GET /budgets/budget-return/76/ HTTP/1.1" 500 294366
